['DRAMcopy15.py', 'true', 'true', 'true', 'true', 'true', 'true', 'model_runs/move_attn/classify_log.csv', 'model_runs/move_attn/classifymodel_0.ckpt', 'model_runs/move_attn/classifymodel_', 'model_runs/move_attn/zzzdraw_data_5000.npy', 'false', 'true', 'false', 'false', 'true']
2017-08-03 15:27:28.753462: W tensorflow/core/platform/cpu_feature_guard.cc:45] The TensorFlow library wasn't compiled to use SSE4.1 instructions, but these are available on your machine and could speed up CPU computations.
2017-08-03 15:27:28.753511: W tensorflow/core/platform/cpu_feature_guard.cc:45] The TensorFlow library wasn't compiled to use SSE4.2 instructions, but these are available on your machine and could speed up CPU computations.
2017-08-03 15:27:28.753519: W tensorflow/core/platform/cpu_feature_guard.cc:45] The TensorFlow library wasn't compiled to use AVX instructions, but these are available on your machine and could speed up CPU computations.
2017-08-03 15:27:28.753526: W tensorflow/core/platform/cpu_feature_guard.cc:45] The TensorFlow library wasn't compiled to use AVX2 instructions, but these are available on your machine and could speed up CPU computations.
2017-08-03 15:27:28.753532: W tensorflow/core/platform/cpu_feature_guard.cc:45] The TensorFlow library wasn't compiled to use FMA instructions, but these are available on your machine and could speed up CPU computations.
iter=0 : Reward: -488.250000
Predict x average: -463.547943
Target x average: 132.687500
ACCURACY: -492.574409984
Model saved in file: model_runs/move_attn/classifymodel_0.ckpt
--- 81.42437299999983 CPU seconds ---
iter=100 : Reward: -497.193878
Predict x average: 181.903473
Target x average: 95.687500
iter=200 : Reward: -414.756073
Predict x average: -184.159775
Target x average: 86.875000
iter=300 : Reward: -418.495178
Predict x average: -149.976898
Target x average: 90.875000
iter=400 : Reward: -387.742706
Predict x average: -230.779510
Target x average: 87.062500
iter=500 : Reward: -526.033264
Predict x average: 94.467850
Target x average: 45.125000
iter=600 : Reward: -428.495026
Predict x average: -468.607422
Target x average: 81.687500
iter=700 : Reward: -401.753967
Predict x average: -540.530151
Target x average: 139.875000
iter=800 : Reward: -402.192566
Predict x average: 896.609192
Target x average: 99.812500
iter=900 : Reward: -361.413696
Predict x average: 194.219849
Target x average: 96.375000
iter=1000 : Reward: -426.748474
Predict x average: 476.170258
Target x average: 110.500000
ACCURACY: -375.551176931
Model saved in file: model_runs/move_attn/classifymodel_1000.ckpt
--- 15798.763350000001 CPU seconds ---
iter=1100 : Reward: -450.132507
Predict x average: 300.130859
Target x average: 28.937500
iter=1200 : Reward: -390.964478
Predict x average: 96.026764
Target x average: 71.187500
iter=1300 : Reward: -401.217316
Predict x average: -36.679264
Target x average: 54.875000
iter=1400 : Reward: -313.326843
Predict x average: 253.165146
Target x average: 150.000000
iter=1500 : Reward: -394.723114
Predict x average: -111.726761
Target x average: 93.500000
iter=1600 : Reward: -311.629181
Predict x average: 42.176331
Target x average: 152.250000
iter=1700 : Reward: -317.311676
Predict x average: 41.555973
Target x average: 144.500000
iter=1800 : Reward: -299.446381
Predict x average: 81.736771
Target x average: 145.250000
iter=1900 : Reward: -286.445465
Predict x average: -7.413574
Target x average: 156.937500
iter=2000 : Reward: -306.041046
Predict x average: 215.874634
Target x average: 71.250000
ACCURACY: -303.871887755
Model saved in file: model_runs/move_attn/classifymodel_2000.ckpt
--- 31534.460574999997 CPU seconds ---
iter=2100 : Reward: -328.962372
Predict x average: -36.484169
Target x average: 15.687500
iter=2200 : Reward: -257.509949
Predict x average: 64.512527
Target x average: 56.750000
iter=2300 : Reward: -310.842438
Predict x average: 99.024475
Target x average: 90.562500
iter=2400 : Reward: -316.293060
Predict x average: 470.687164
Target x average: 67.000000
iter=2500 : Reward: -256.245605
Predict x average: -284.593872
Target x average: 149.375000
iter=2600 : Reward: -245.789108
Predict x average: 74.271729
Target x average: 66.812500
iter=2700 : Reward: -259.991516
Predict x average: 169.719116
Target x average: 111.625000
iter=2800 : Reward: -195.832611
Predict x average: 283.228729
Target x average: 91.437500
iter=2900 : Reward: -221.886917
Predict x average: 503.755981
Target x average: 165.812500
iter=3000 : Reward: -224.065994
Predict x average: 310.137634
Target x average: 134.375000
ACCURACY: -247.795835914
Model saved in file: model_runs/move_attn/classifymodel_3000.ckpt
--- 47541.96926699999 CPU seconds ---
iter=3100 : Reward: -278.688263
Predict x average: -63.626480
Target x average: 41.125000
iter=3200 : Reward: -194.221649
Predict x average: -13.069992
Target x average: 130.625000
iter=3300 : Reward: -242.124496
Predict x average: 338.654053
Target x average: 135.125000
iter=3400 : Reward: -239.459106
Predict x average: -103.851570
Target x average: 45.187500
iter=3500 : Reward: -290.534485
Predict x average: 176.465942
Target x average: 97.687500
iter=3600 : Reward: -233.732529
Predict x average: 187.644974
Target x average: 78.437500
iter=3700 : Reward: -230.614014
Predict x average: 272.106659
Target x average: 114.687500
iter=3800 : Reward: -244.250809
Predict x average: 80.932922
Target x average: 63.625000
iter=3900 : Reward: -218.964844
Predict x average: 217.422363
Target x average: 100.937500
iter=4000 : Reward: -193.887146
Predict x average: -7.066200
Target x average: 72.250000
ACCURACY: -197.614287522
Model saved in file: model_runs/move_attn/classifymodel_4000.ckpt
--- 63423.40292699999 CPU seconds ---
iter=4100 : Reward: -204.080551
Predict x average: -310.751831
Target x average: 96.000000
iter=4200 : Reward: -177.074448
Predict x average: 104.130142
Target x average: 133.062500
iter=4300 : Reward: -139.939865
Predict x average: -45.926281
Target x average: 86.750000
iter=4400 : Reward: -166.795517
Predict x average: -84.533218
Target x average: 126.687500
iter=4500 : Reward: -168.891708
Predict x average: 323.842316
Target x average: 50.937500
iter=4600 : Reward: -153.037979
Predict x average: 355.782776
Target x average: 45.437500
iter=4700 : Reward: -140.974792
Predict x average: 35.374596
Target x average: 62.187500
iter=4800 : Reward: -195.018646
Predict x average: 406.106232
Target x average: 69.625000
iter=4900 : Reward: -165.481339
Predict x average: 326.364502
Target x average: 65.375000
iter=5000 : Reward: -119.535172
Predict x average: -100.512123
Target x average: 134.375000
ACCURACY: -161.823239019
Model saved in file: model_runs/move_attn/classifymodel_5000.ckpt
--- 78958.65841399999 CPU seconds ---
iter=5100 : Reward: -143.750443
Predict x average: -207.584702
Target x average: 88.875000
iter=5200 : Reward: -167.097687
Predict x average: 356.262543
Target x average: 44.062500
iter=5300 : Reward: -156.136169
Predict x average: 485.538116
Target x average: 145.437500
iter=5400 : Reward: -143.705048
Predict x average: 59.389050
Target x average: 161.875000
iter=5500 : Reward: -129.960510
Predict x average: 428.870178
Target x average: 74.750000
iter=5600 : Reward: -141.871201
Predict x average: 156.674500
Target x average: 44.750000
iter=5700 : Reward: -146.839386
Predict x average: 424.829834
Target x average: 133.687500
iter=5800 : Reward: -118.448662
Predict x average: 371.735260
Target x average: 67.000000
iter=5900 : Reward: -163.593399
Predict x average: 165.949249
Target x average: 79.750000
iter=6000 : Reward: -139.590881
Predict x average: -25.408520
Target x average: 74.812500
ACCURACY: -137.635393444
Model saved in file: model_runs/move_attn/classifymodel_6000.ckpt
--- 94536.28437799998 CPU seconds ---
iter=6100 : Reward: -118.714226
Predict x average: 396.460693
Target x average: 117.750000
iter=6200 : Reward: -141.548264
Predict x average: 14.832348
Target x average: 65.000000
iter=6300 : Reward: -149.285004
Predict x average: 50.755142
Target x average: 142.500000
iter=6400 : Reward: -144.482910
Predict x average: 85.377670
Target x average: 81.875000
iter=6500 : Reward: -115.477371
Predict x average: -126.500740
Target x average: 63.750000
iter=6600 : Reward: -120.510803
Predict x average: 157.618744
Target x average: 160.437500
iter=6700 : Reward: -138.444778
Predict x average: 199.006454
Target x average: 108.875000
iter=6800 : Reward: -108.955215
Predict x average: -78.405373
Target x average: 69.687500
iter=6900 : Reward: -124.022247
Predict x average: 439.157562
Target x average: 82.750000
iter=7000 : Reward: -153.938583
Predict x average: -144.507751
Target x average: 87.625000
ACCURACY: -120.8785811
Model saved in file: model_runs/move_attn/classifymodel_7000.ckpt
--- 109990.961091 CPU seconds ---
iter=7100 : Reward: -118.053535
Predict x average: -55.869686
Target x average: 130.750000
iter=7200 : Reward: -108.062256
Predict x average: -52.400410
Target x average: 123.875000
iter=7300 : Reward: -89.524429
Predict x average: -347.750732
Target x average: 57.437500
iter=7400 : Reward: -96.603607
Predict x average: 408.947784
Target x average: 115.750000
iter=7500 : Reward: -115.576691
Predict x average: -183.224396
Target x average: 72.562500
iter=7600 : Reward: -112.342278
Predict x average: 324.482056
Target x average: 99.625000
iter=7700 : Reward: -88.742325
Predict x average: 123.191010
Target x average: 136.875000
iter=7800 : Reward: -103.876106
Predict x average: 82.136902
Target x average: 147.187500
iter=7900 : Reward: -123.944016
Predict x average: 258.447296
Target x average: 128.875000
iter=8000 : Reward: -86.578423
Predict x average: -17.861252
Target x average: 148.750000
ACCURACY: -104.12946869
Model saved in file: model_runs/move_attn/classifymodel_8000.ckpt
--- 125505.53567400004 CPU seconds ---
iter=8100 : Reward: -99.486275
Predict x average: 162.216827
Target x average: 141.562500
iter=8200 : Reward: -94.079216
Predict x average: 305.037445
Target x average: 112.937500
iter=8300 : Reward: -120.314323
Predict x average: -79.545074
Target x average: 126.812500
iter=8400 : Reward: -106.567444
Predict x average: 153.177582
Target x average: 48.562500
iter=8500 : Reward: -108.208809
Predict x average: 379.455994
Target x average: 122.687500
iter=8600 : Reward: -100.365692
Predict x average: 126.062958
Target x average: 20.062500
iter=8700 : Reward: -112.805984
Predict x average: -136.715439
Target x average: 17.187500
iter=8800 : Reward: -100.533760
Predict x average: 346.088959
Target x average: 131.500000
iter=8900 : Reward: -101.081177
Predict x average: 86.610031
Target x average: 149.937500
iter=9000 : Reward: -114.771637
Predict x average: 413.087555
Target x average: 75.437500
ACCURACY: -94.5961970891
Model saved in file: model_runs/move_attn/classifymodel_9000.ckpt
--- 141089.93372200005 CPU seconds ---
iter=9100 : Reward: -100.717850
Predict x average: -9.400772
Target x average: 110.500000
iter=9200 : Reward: -94.133408
Predict x average: 333.935120
Target x average: 66.625000
iter=9300 : Reward: -80.705048
Predict x average: 192.704773
Target x average: 42.187500
iter=9400 : Reward: -78.877716
Predict x average: -168.502472
Target x average: 115.125000
iter=9500 : Reward: -88.717674
Predict x average: 182.580246
Target x average: 117.687500
iter=9600 : Reward: -99.812599
Predict x average: 105.410477
Target x average: 165.687500
iter=9700 : Reward: -87.533218
Predict x average: 8.980019
Target x average: 86.250000
iter=9800 : Reward: -109.613068
Predict x average: -100.242844
Target x average: 79.812500
iter=9900 : Reward: -95.216087
Predict x average: -54.137222
Target x average: 47.062500
iter=10000 : Reward: -73.449913
Predict x average: -37.724468
Target x average: 85.562500
ACCURACY: -85.3447008096
Model saved in file: model_runs/move_attn/classifymodel_10000.ckpt
--- 156696.79250700003 CPU seconds ---
iter=10100 : Reward: -84.557732
Predict x average: -52.410831
Target x average: 122.687500
iter=10200 : Reward: -113.742920
Predict x average: 110.205856
Target x average: 67.687500
iter=10300 : Reward: -75.720200
Predict x average: 256.436737
Target x average: 39.875000
iter=10400 : Reward: -69.372879
Predict x average: -9.273861
Target x average: 99.187500
iter=10500 : Reward: -72.626686
Predict x average: 47.967171
Target x average: 54.375000
iter=10600 : Reward: -85.552719
Predict x average: 97.299187
Target x average: 163.625000
iter=10700 : Reward: -79.394905
Predict x average: 138.745209
Target x average: 150.375000
iter=10800 : Reward: -83.621666
Predict x average: 227.038605
Target x average: 155.812500
iter=10900 : Reward: -97.512657
Predict x average: 171.244598
Target x average: 126.500000
iter=11000 : Reward: -86.804855
Predict x average: 147.669617
Target x average: 113.125000
ACCURACY: -79.0828820132
Model saved in file: model_runs/move_attn/classifymodel_11000.ckpt
--- 172148.89165700006 CPU seconds ---
iter=11100 : Reward: -74.370033
Predict x average: 109.494736
Target x average: 123.062500
iter=11200 : Reward: -72.835396
Predict x average: 407.523438
Target x average: 160.562500
iter=11300 : Reward: -76.285812
Predict x average: -124.714088
Target x average: 106.125000
iter=11400 : Reward: -77.017311
Predict x average: -181.869904
Target x average: 69.187500
iter=11500 : Reward: -74.841476
Predict x average: 364.458344
Target x average: 41.312500
iter=11600 : Reward: -67.255592
Predict x average: 12.673428
Target x average: 114.750000
iter=11700 : Reward: -76.907471
Predict x average: 406.949066
Target x average: 139.750000
iter=11800 : Reward: -65.042130
Predict x average: 260.287842
Target x average: 169.625000
iter=11900 : Reward: -62.009651
Predict x average: 118.950851
Target x average: 162.500000
iter=12000 : Reward: -62.099358
Predict x average: 176.255707
Target x average: 116.937500
ACCURACY: -72.3024446123
Model saved in file: model_runs/move_attn/classifymodel_12000.ckpt
--- 187673.89643100006 CPU seconds ---
iter=12100 : Reward: -62.830902
Predict x average: 178.928665
Target x average: 114.500000
iter=12200 : Reward: -83.220261
Predict x average: 388.389252
Target x average: 74.750000
iter=12300 : Reward: -89.565926
Predict x average: 206.472961
Target x average: 64.062500
iter=12400 : Reward: -69.237427
Predict x average: 212.586609
Target x average: 122.687500
iter=12500 : Reward: -76.865791
Predict x average: 23.320946
Target x average: 128.437500
iter=12600 : Reward: -80.062607
Predict x average: 104.699341
Target x average: 48.562500
iter=12700 : Reward: -55.108353
Predict x average: 342.675232
Target x average: 123.750000
iter=12800 : Reward: -55.425514
Predict x average: 48.779869
Target x average: 58.625000
iter=12900 : Reward: -77.764206
Predict x average: 266.101013
Target x average: 131.625000
iter=13000 : Reward: -59.781784
Predict x average: -40.832981
Target x average: 55.375000
ACCURACY: -67.3587053884
Model saved in file: model_runs/move_attn/classifymodel_13000.ckpt
--- 203323.18469000002 CPU seconds ---
iter=13100 : Reward: -89.481964
Predict x average: 52.349781
Target x average: 67.500000
iter=13200 : Reward: -64.434250
Predict x average: -122.737122
Target x average: 130.187500
iter=13300 : Reward: -78.142525
Predict x average: 67.987335
Target x average: 88.375000
iter=13400 : Reward: -58.026913
Predict x average: 206.127014
Target x average: 118.500000
iter=13500 : Reward: -69.224968
Predict x average: 64.331673
Target x average: 116.187500
iter=13600 : Reward: -63.334854
Predict x average: 38.629089
Target x average: 165.125000
iter=13700 : Reward: -57.475838
Predict x average: 220.994827
Target x average: 53.562500
iter=13800 : Reward: -68.951279
Predict x average: 71.504250
Target x average: 71.125000
iter=13900 : Reward: -65.488747
Predict x average: 184.219467
Target x average: 142.812500
iter=14000 : Reward: -63.589382
Predict x average: 40.287540
Target x average: 124.500000
ACCURACY: -62.7866209175
Model saved in file: model_runs/move_attn/classifymodel_14000.ckpt
--- 218936.483653 CPU seconds ---
iter=14100 : Reward: -63.942280
Predict x average: 129.957733
Target x average: 140.187500
iter=14200 : Reward: -53.756508
Predict x average: -313.798615
Target x average: 91.875000
iter=14300 : Reward: -55.617676
Predict x average: 188.013260
Target x average: 50.500000
iter=14400 : Reward: -67.515533
Predict x average: 363.965302
Target x average: 90.375000
iter=14500 : Reward: -69.400917
Predict x average: 205.320328
Target x average: 167.062500
iter=14600 : Reward: -79.034172
Predict x average: 287.308990
Target x average: 70.000000
iter=14700 : Reward: -67.820709
Predict x average: 292.832489
Target x average: 168.687500
iter=14800 : Reward: -56.429447
Predict x average: 229.577850
Target x average: 73.312500
iter=14900 : Reward: -53.368660
Predict x average: 152.678436
Target x average: 125.437500
iter=15000 : Reward: -69.037430
Predict x average: -36.566719
Target x average: 134.750000
ACCURACY: -60.2830523367
Model saved in file: model_runs/move_attn/classifymodel_15000.ckpt
--- 234570.38663699996 CPU seconds ---
iter=15100 : Reward: -53.208946
Predict x average: 166.901810
Target x average: 124.312500
iter=15200 : Reward: -45.937302
Predict x average: -229.412582
Target x average: 40.562500
iter=15300 : Reward: -53.258854
Predict x average: 71.146027
Target x average: 134.187500
iter=15400 : Reward: -66.824471
Predict x average: -106.549988
Target x average: 129.375000
iter=15500 : Reward: -50.821892
Predict x average: 161.595001
Target x average: 102.125000
iter=15600 : Reward: -63.079487
Predict x average: 145.741943
Target x average: 94.375000
iter=15700 : Reward: -55.223431
Predict x average: -36.185398
Target x average: 29.937500
iter=15800 : Reward: -57.625648
Predict x average: -85.643188
Target x average: 70.687500
iter=15900 : Reward: -55.694653
Predict x average: 62.982494
Target x average: 54.750000
iter=16000 : Reward: -46.552742
Predict x average: 45.306080
Target x average: 21.375000
ACCURACY: -56.6185027063
Model saved in file: model_runs/move_attn/classifymodel_16000.ckpt
--- 250157.69838399993 CPU seconds ---
iter=16100 : Reward: -61.458656
Predict x average: 290.469604
Target x average: 144.125000
iter=16200 : Reward: -54.623074
Predict x average: 235.023056
Target x average: 65.812500
iter=16300 : Reward: -62.782764
Predict x average: 182.497833
Target x average: 142.312500
iter=16400 : Reward: -55.740959
Predict x average: -0.736927
Target x average: 48.812500
iter=16500 : Reward: -44.628654
Predict x average: 86.948898
Target x average: 48.250000
iter=16600 : Reward: -54.151608
Predict x average: 44.980591
Target x average: 45.312500
iter=16700 : Reward: -42.654579
Predict x average: 158.280426
Target x average: 138.000000
iter=16800 : Reward: -45.459404
Predict x average: -51.909107
Target x average: 58.750000
iter=16900 : Reward: -51.927856
Predict x average: 180.124680
Target x average: 78.937500
iter=17000 : Reward: -53.701462
Predict x average: 40.028580
Target x average: 71.625000
ACCURACY: -51.9948823094
Model saved in file: model_runs/move_attn/classifymodel_17000.ckpt
--- 265778.22239899996 CPU seconds ---
iter=17100 : Reward: -54.898388
Predict x average: 64.573456
Target x average: 136.312500
iter=17200 : Reward: -44.427719
Predict x average: 109.220879
Target x average: 165.562500
iter=17300 : Reward: -43.331100
Predict x average: 99.549545
Target x average: 56.437500
iter=17400 : Reward: -54.210632
Predict x average: 3.089355
Target x average: 123.375000
iter=17500 : Reward: -49.686531
Predict x average: 102.752563
Target x average: 144.625000
iter=17600 : Reward: -36.934151
Predict x average: 134.066467
Target x average: 110.000000
iter=17700 : Reward: -51.929642
Predict x average: 179.287292
Target x average: 132.000000
iter=17800 : Reward: -55.244926
Predict x average: -21.228786
Target x average: 66.687500
iter=17900 : Reward: -48.272213
Predict x average: 145.190063
Target x average: 69.812500
iter=18000 : Reward: -52.301559
Predict x average: 137.213837
Target x average: 31.312500
ACCURACY: -50.0256222418
Model saved in file: model_runs/move_attn/classifymodel_18000.ckpt
--- 281376.543922 CPU seconds ---
iter=18100 : Reward: -54.368317
Predict x average: 77.432205
Target x average: 128.375000
iter=18200 : Reward: -48.528072
Predict x average: 370.273956
Target x average: 112.250000
iter=18300 : Reward: -56.913670
Predict x average: 105.730377
Target x average: 115.000000
iter=18400 : Reward: -53.101460
Predict x average: 110.099190
Target x average: 102.562500
iter=18500 : Reward: -48.951111
Predict x average: 118.300049
Target x average: 134.187500
iter=18600 : Reward: -33.637020
Predict x average: 163.933548
Target x average: 94.000000
iter=18700 : Reward: -58.318539
Predict x average: 35.006565
Target x average: 140.125000
iter=18800 : Reward: -46.107662
Predict x average: 124.590179
Target x average: 105.187500
iter=18900 : Reward: -45.386642
Predict x average: 124.310783
Target x average: 162.437500
iter=19000 : Reward: -56.139698
Predict x average: 141.671860
Target x average: 98.875000
ACCURACY: -46.8339819094
Model saved in file: model_runs/move_attn/classifymodel_19000.ckpt
--- 297004.563233 CPU seconds ---
iter=19100 : Reward: -38.396667
Predict x average: 8.491978
Target x average: 90.312500
iter=19200 : Reward: -52.270458
Predict x average: 38.613380
Target x average: 78.812500
iter=19300 : Reward: -47.350368
Predict x average: 109.900490
Target x average: 90.125000
iter=19400 : Reward: -35.467834
Predict x average: -25.392456
Target x average: 62.812500
iter=19500 : Reward: -43.025810
Predict x average: 117.582932
Target x average: 119.562500
iter=19600 : Reward: -49.683468
Predict x average: 312.275085
Target x average: 45.937500
iter=19700 : Reward: -51.879791
Predict x average: 176.386658
Target x average: 40.437500
iter=19800 : Reward: -48.772587
Predict x average: 231.685547
Target x average: 141.500000
iter=19900 : Reward: -42.306198
Predict x average: 84.006172
Target x average: 147.500000
iter=20000 : Reward: -47.036983
Predict x average: 86.234810
Target x average: 102.375000
ACCURACY: -44.3373734128
Model saved in file: model_runs/move_attn/classifymodel_20000.ckpt
--- 312661.27521 CPU seconds ---
iter=20100 : Reward: -42.199821
Predict x average: 92.535629
Target x average: 57.812500
iter=20200 : Reward: -59.618057
Predict x average: 293.333313
Target x average: 168.062500
iter=20300 : Reward: -49.400448
Predict x average: 166.523178
Target x average: 58.437500
iter=20400 : Reward: -36.377796
Predict x average: -50.832333
Target x average: 40.187500
iter=20500 : Reward: -41.223511
Predict x average: 192.845734
Target x average: 97.125000
iter=20600 : Reward: -50.245720
Predict x average: -11.802856
Target x average: 75.062500
iter=20700 : Reward: -50.083408
Predict x average: 23.948645
Target x average: 57.500000
iter=20800 : Reward: -37.910748
Predict x average: 121.995041
Target x average: 52.750000
iter=20900 : Reward: -53.092033
Predict x average: 114.148293
Target x average: 63.312500
iter=21000 : Reward: -34.694565
Predict x average: 202.648224
Target x average: 154.062500
ACCURACY: -42.3855638431
Model saved in file: model_runs/move_attn/classifymodel_21000.ckpt
--- 328280.45780100004 CPU seconds ---
iter=21100 : Reward: -41.161736
Predict x average: -99.101067
Target x average: 79.062500
iter=21200 : Reward: -42.912144
Predict x average: -15.739006
Target x average: 132.687500
iter=21300 : Reward: -49.803249
Predict x average: 114.231308
Target x average: 142.500000
iter=21400 : Reward: -39.424324
Predict x average: 112.905373
Target x average: 140.625000
iter=21500 : Reward: -33.550621
Predict x average: 169.036270
Target x average: 151.437500
iter=21600 : Reward: -40.681442
Predict x average: 196.754242
Target x average: 89.312500
iter=21700 : Reward: -37.099602
Predict x average: -51.819912
Target x average: 61.062500
iter=21800 : Reward: -49.127155
Predict x average: 209.573318
Target x average: 170.562500
iter=21900 : Reward: -35.514297
Predict x average: 197.127502
Target x average: 90.812500
iter=22000 : Reward: -38.021343
Predict x average: -0.043674
Target x average: 126.750000
ACCURACY: -39.9296397306
Model saved in file: model_runs/move_attn/classifymodel_22000.ckpt
--- 343863.289039 CPU seconds ---
iter=22100 : Reward: -30.238895
Predict x average: 69.450897
Target x average: 140.187500
iter=22200 : Reward: -37.089283
Predict x average: 102.782852
Target x average: 138.750000
iter=22300 : Reward: -33.120594
Predict x average: 177.288391
Target x average: 81.750000
iter=22400 : Reward: -34.658756
Predict x average: 108.673492
Target x average: 120.812500
iter=22500 : Reward: -32.036518
Predict x average: 14.064129
Target x average: 64.312500
iter=22600 : Reward: -31.605961
Predict x average: 131.396484
Target x average: 118.500000
iter=22700 : Reward: -30.527014
Predict x average: 75.068947
Target x average: 132.062500
iter=22800 : Reward: -28.413048
Predict x average: 46.082695
Target x average: 104.812500
iter=22900 : Reward: -39.072830
Predict x average: 32.443787
Target x average: 72.187500
iter=23000 : Reward: -33.775608
Predict x average: 407.914398
Target x average: 115.187500
ACCURACY: -38.5571599882
Model saved in file: model_runs/move_attn/classifymodel_23000.ckpt
--- 359443.22819700005 CPU seconds ---
iter=23100 : Reward: -51.196983
Predict x average: 163.910736
Target x average: 118.250000
iter=23200 : Reward: -40.502487
Predict x average: -74.019135
Target x average: 95.187500
iter=23300 : Reward: -35.007938
Predict x average: -0.830566
Target x average: 38.625000
iter=23400 : Reward: -31.112282
Predict x average: 220.938629
Target x average: 133.000000
iter=23500 : Reward: -38.260761
Predict x average: 94.378876
Target x average: 87.812500
iter=23600 : Reward: -38.546074
Predict x average: 426.325562
Target x average: 75.125000
iter=23700 : Reward: -35.831631
Predict x average: -138.654892
Target x average: 102.125000
iter=23800 : Reward: -38.918812
Predict x average: 157.098450
Target x average: 117.375000
iter=23900 : Reward: -40.032410
Predict x average: 266.657104
Target x average: 102.937500
iter=24000 : Reward: -37.516888
Predict x average: 139.382660
Target x average: 123.562500
ACCURACY: -36.0685396611
Model saved in file: model_runs/move_attn/classifymodel_24000.ckpt
--- 375043.69942600006 CPU seconds ---
iter=24100 : Reward: -28.299349
Predict x average: -94.916718
Target x average: 126.000000
iter=24200 : Reward: -33.826496
Predict x average: 195.941193
Target x average: 181.562500
iter=24300 : Reward: -36.059029
Predict x average: -5.825214
Target x average: 56.937500
iter=24400 : Reward: -34.970631
Predict x average: -0.510162
Target x average: 109.750000
iter=24500 : Reward: -26.376036
Predict x average: 159.198822
Target x average: 115.937500
iter=24600 : Reward: -28.625637
Predict x average: 218.670471
Target x average: 112.437500
iter=24700 : Reward: -35.337296
Predict x average: 266.998322
Target x average: 119.625000
iter=24800 : Reward: -26.220264
Predict x average: 30.380054
Target x average: 43.687500
iter=24900 : Reward: -23.401829
Predict x average: 201.071289
Target x average: 68.187500
iter=25000 : Reward: -29.875694
Predict x average: 91.709892
Target x average: 101.250000
ACCURACY: -34.7320063717
Model saved in file: model_runs/move_attn/classifymodel_25000.ckpt
--- 390626.71193900006 CPU seconds ---
iter=25100 : Reward: -40.580933
Predict x average: 127.259232
Target x average: 37.437500
iter=25200 : Reward: -39.817703
Predict x average: 51.086140
Target x average: 84.437500
iter=25300 : Reward: -38.271317
Predict x average: 8.257418
Target x average: 76.500000
iter=25400 : Reward: -34.317993
Predict x average: 3.152496
Target x average: 133.062500
iter=25500 : Reward: -25.724844
Predict x average: 394.541443
Target x average: 133.437500
iter=25600 : Reward: -28.229349
Predict x average: 127.363571
Target x average: 142.750000
iter=25700 : Reward: -26.500257
Predict x average: 107.362144
Target x average: 149.687500
iter=25800 : Reward: -24.819359
Predict x average: 218.734955
Target x average: 117.062500
iter=25900 : Reward: -34.039127
Predict x average: 224.743469
Target x average: 118.375000
iter=26000 : Reward: -37.414261
Predict x average: 240.407135
Target x average: 125.687500
ACCURACY: -32.5317316778
Model saved in file: model_runs/move_attn/classifymodel_26000.ckpt
--- 406239.5378070001 CPU seconds ---
iter=26100 : Reward: -36.067356
Predict x average: 89.131485
Target x average: 61.062500
iter=26200 : Reward: -32.461945
Predict x average: 64.031357
Target x average: 111.562500
iter=26300 : Reward: -34.263050
Predict x average: 39.175232
Target x average: 71.625000
iter=26400 : Reward: -33.072418
Predict x average: 113.497284
Target x average: 123.625000
iter=26500 : Reward: -22.492992
Predict x average: 96.118073
Target x average: 80.000000
iter=26600 : Reward: -26.474194
Predict x average: 105.399353
Target x average: 127.187500
iter=26700 : Reward: -29.351753
Predict x average: 16.018921
Target x average: 13.562500
iter=26800 : Reward: -30.778492
Predict x average: 20.425797
Target x average: 79.437500
iter=26900 : Reward: -35.003082
Predict x average: 135.331741
Target x average: 132.875000
iter=27000 : Reward: -29.719347
Predict x average: 52.752792
Target x average: 66.187500
ACCURACY: -31.6200728765
Model saved in file: model_runs/move_attn/classifymodel_27000.ckpt
--- 421854.96443500015 CPU seconds ---
iter=27100 : Reward: -24.998747
Predict x average: 125.091812
Target x average: 90.312500
iter=27200 : Reward: -34.862335
Predict x average: 74.244705
Target x average: 160.562500
iter=27300 : Reward: -31.099178
Predict x average: 143.712906
Target x average: 84.687500
iter=27400 : Reward: -26.460417
Predict x average: 22.809242
Target x average: 100.125000
iter=27500 : Reward: -36.628323
Predict x average: -115.702866
Target x average: 65.687500
iter=27600 : Reward: -31.355932
Predict x average: 139.389618
Target x average: 68.250000
iter=27700 : Reward: -32.381634
Predict x average: 174.961685
Target x average: 112.125000
iter=27800 : Reward: -25.797010
Predict x average: 37.114059
Target x average: 72.312500
iter=27900 : Reward: -22.856810
Predict x average: 183.909454
Target x average: 141.437500
iter=28000 : Reward: -21.865784
Predict x average: 31.824448
Target x average: 54.937500
ACCURACY: -29.9458027057
Model saved in file: model_runs/move_attn/classifymodel_28000.ckpt
--- 437439.9952850002 CPU seconds ---
iter=28100 : Reward: -34.206760
Predict x average: 29.152683
Target x average: 47.562500
iter=28200 : Reward: -25.614069
Predict x average: 192.176651
Target x average: 75.750000
iter=28300 : Reward: -32.818577
Predict x average: 159.632614
Target x average: 124.625000
iter=28400 : Reward: -29.625254
Predict x average: -200.366760
Target x average: 80.187500
iter=28500 : Reward: -21.763557
Predict x average: 222.656693
Target x average: 113.187500
iter=28600 : Reward: -27.122343
Predict x average: 36.975391
Target x average: 111.062500
iter=28700 : Reward: -31.378139
Predict x average: 136.213531
Target x average: 125.937500
iter=28800 : Reward: -26.717897
Predict x average: 142.681396
Target x average: 120.687500
iter=28900 : Reward: -29.472897
Predict x average: -39.989452
Target x average: 53.687500
iter=29000 : Reward: -28.586140
Predict x average: 93.803955
Target x average: 122.187500
ACCURACY: -28.5501835019
Model saved in file: model_runs/move_attn/classifymodel_29000.ckpt
--- 453020.03895300016 CPU seconds ---
iter=29100 : Reward: -32.697464
Predict x average: 183.876160
Target x average: 178.375000
iter=29200 : Reward: -22.350500
Predict x average: 82.802460
Target x average: 62.562500
iter=29300 : Reward: -21.319275
Predict x average: 25.934814
Target x average: 37.000000
iter=29400 : Reward: -30.104694
Predict x average: 168.386032
Target x average: 110.250000
iter=29500 : Reward: -26.619324
Predict x average: 17.231075
Target x average: 140.375000
iter=29600 : Reward: -23.209606
Predict x average: 93.568077
Target x average: 134.875000
iter=29700 : Reward: -22.793283
Predict x average: 133.330444
Target x average: 101.187500
iter=29800 : Reward: -26.862160
Predict x average: 37.085003
Target x average: 100.562500
iter=29900 : Reward: -23.538221
Predict x average: 146.400925
Target x average: 152.062500
iter=30000 : Reward: -28.442368
Predict x average: 172.640503
Target x average: 52.125000
ACCURACY: -27.5827805001
Model saved in file: model_runs/move_attn/classifymodel_30000.ckpt
--- 468654.04752100015 CPU seconds ---
iter=30100 : Reward: -22.300194
Predict x average: 49.017555
Target x average: 42.437500
iter=30200 : Reward: -25.032560
Predict x average: -7.913786
Target x average: 52.875000
iter=30300 : Reward: -29.341276
Predict x average: -75.402336
Target x average: 71.375000
iter=30400 : Reward: -25.059158
Predict x average: 107.932076
Target x average: 166.062500
iter=30500 : Reward: -20.070322
Predict x average: 115.595566
Target x average: 113.062500
iter=30600 : Reward: -25.837654
Predict x average: 151.514923
Target x average: 68.187500
iter=30700 : Reward: -26.976439
Predict x average: 5.179920
Target x average: 72.062500
iter=30800 : Reward: -26.474504
Predict x average: 110.801910
Target x average: 148.125000
iter=30900 : Reward: -26.808632
Predict x average: 160.336517
Target x average: 85.437500
iter=31000 : Reward: -28.078890
Predict x average: 150.251068
Target x average: 165.750000
ACCURACY: -26.3386349794
Model saved in file: model_runs/move_attn/classifymodel_31000.ckpt
--- 484231.94601800013 CPU seconds ---
iter=31100 : Reward: -21.559706
Predict x average: 56.126808
Target x average: 42.562500
iter=31200 : Reward: -26.578632
Predict x average: 105.018921
Target x average: 98.000000
iter=31300 : Reward: -21.890459
Predict x average: 268.300354
Target x average: 143.312500
iter=31400 : Reward: -22.759241
Predict x average: 72.176598
Target x average: 66.562500
iter=31500 : Reward: -19.270962
Predict x average: 150.448212
Target x average: 68.187500
iter=31600 : Reward: -24.592693
Predict x average: -54.631462
Target x average: 76.375000
iter=31700 : Reward: -25.879198
Predict x average: 191.433655
Target x average: 133.062500
iter=31800 : Reward: -23.644056
Predict x average: 255.818542
Target x average: 79.375000
iter=31900 : Reward: -27.650917
Predict x average: 142.634644
Target x average: 42.875000
iter=32000 : Reward: -23.674847
Predict x average: 95.417213
Target x average: 149.437500
ACCURACY: -25.0503319617
Model saved in file: model_runs/move_attn/classifymodel_32000.ckpt
--- 499854.0607230003 CPU seconds ---
iter=32100 : Reward: -24.876617
Predict x average: -65.492142
Target x average: 110.875000
iter=32200 : Reward: -24.730095
Predict x average: 92.149307
Target x average: 59.312500
iter=32300 : Reward: -19.752768
Predict x average: 55.857929
Target x average: 102.187500
iter=32400 : Reward: -30.350964
Predict x average: 138.164215
Target x average: 130.562500
iter=32500 : Reward: -20.536465
Predict x average: 66.595024
Target x average: 67.937500
iter=32600 : Reward: -26.591137
Predict x average: 199.667328
Target x average: 133.750000
iter=32700 : Reward: -25.293543
Predict x average: 47.373894
Target x average: 68.937500
iter=32800 : Reward: -24.929115
Predict x average: 46.220024
Target x average: 51.687500
iter=32900 : Reward: -19.980783
Predict x average: 177.733932
Target x average: 74.687500
iter=33000 : Reward: -20.354431
Predict x average: 37.674324
Target x average: 160.437500
ACCURACY: -24.4762083979
Model saved in file: model_runs/move_attn/classifymodel_33000.ckpt
--- 515485.99775300024 CPU seconds ---
iter=33100 : Reward: -31.046967
Predict x average: 154.208099
Target x average: 132.812500
iter=33200 : Reward: -28.562120
Predict x average: 130.860413
Target x average: 126.000000
iter=33300 : Reward: -24.386696
Predict x average: 267.164948
Target x average: 156.562500
iter=33400 : Reward: -25.520554
Predict x average: 24.407146
Target x average: 124.625000
iter=33500 : Reward: -23.962633
Predict x average: 225.175385
Target x average: 132.000000
iter=33600 : Reward: -25.228004
Predict x average: 130.445419
Target x average: 99.875000
iter=33700 : Reward: -29.946800
Predict x average: 269.025330
Target x average: 68.687500
iter=33800 : Reward: -21.255796
Predict x average: 73.096275
Target x average: 58.625000
iter=33900 : Reward: -23.940187
Predict x average: 185.544739
Target x average: 74.375000
iter=34000 : Reward: -23.018240
Predict x average: 141.618195
Target x average: 98.062500
ACCURACY: -22.7770887523
Model saved in file: model_runs/move_attn/classifymodel_34000.ckpt
--- 531142.8672190002 CPU seconds ---
iter=34100 : Reward: -24.294683
Predict x average: 140.130127
Target x average: 71.812500
iter=34200 : Reward: -23.847418
Predict x average: 69.890396
Target x average: 66.437500
iter=34300 : Reward: -23.011793
Predict x average: 171.165863
Target x average: 88.500000
iter=34400 : Reward: -27.017506
Predict x average: -43.105782
Target x average: 41.437500
iter=34500 : Reward: -26.328894
Predict x average: 205.532227
Target x average: 126.062500
iter=34600 : Reward: -24.300814
Predict x average: -11.409931
Target x average: 70.000000
iter=34700 : Reward: -22.137909
Predict x average: -1.820492
Target x average: 65.062500
iter=34800 : Reward: -17.799940
Predict x average: 61.727226
Target x average: 104.875000
iter=34900 : Reward: -21.208275
Predict x average: -26.007046
Target x average: 79.437500
iter=35000 : Reward: -20.301748
Predict x average: 224.157135
Target x average: 123.250000
ACCURACY: -22.3181307656
Model saved in file: model_runs/move_attn/classifymodel_35000.ckpt
--- 546801.3930120002 CPU seconds ---
iter=35100 : Reward: -25.140188
Predict x average: 168.200043
Target x average: 99.062500
iter=35200 : Reward: -24.607815
Predict x average: 46.204613
Target x average: 158.312500
iter=35300 : Reward: -24.568771
Predict x average: 130.640396
Target x average: 124.062500
iter=35400 : Reward: -19.445585
Predict x average: 76.802216
Target x average: 47.812500
iter=35500 : Reward: -18.157585
Predict x average: 64.463760
Target x average: 84.125000
iter=35600 : Reward: -24.160706
Predict x average: 103.549995
Target x average: 94.875000
iter=35700 : Reward: -22.724445
Predict x average: 29.247036
Target x average: 47.562500
iter=35800 : Reward: -20.592655
Predict x average: 58.552498
Target x average: 80.312500
iter=35900 : Reward: -13.466071
Predict x average: 33.870258
Target x average: 73.500000
iter=36000 : Reward: -24.473919
Predict x average: 58.686237
Target x average: 72.125000
ACCURACY: -21.1131644102
Model saved in file: model_runs/move_attn/classifymodel_36000.ckpt
--- 562457.3660510002 CPU seconds ---
iter=36100 : Reward: -24.306118
Predict x average: 119.804619
Target x average: 59.250000
iter=36200 : Reward: -19.880638
Predict x average: -20.125904
Target x average: 77.687500
iter=36300 : Reward: -22.267483
Predict x average: 55.679939
Target x average: 94.875000
iter=36400 : Reward: -25.602972
Predict x average: 98.408592
Target x average: 65.750000
iter=36500 : Reward: -25.210079
Predict x average: 41.252335
Target x average: 63.187500
iter=36600 : Reward: -24.901468
Predict x average: -45.519508
Target x average: 76.437500
iter=36700 : Reward: -19.754084
Predict x average: 181.752121
Target x average: 162.937500
iter=36800 : Reward: -19.581411
Predict x average: 47.674126
Target x average: 76.125000
iter=36900 : Reward: -19.823650
Predict x average: 91.425613
Target x average: 69.500000
iter=37000 : Reward: -20.006647
Predict x average: -119.079376
Target x average: 59.500000
ACCURACY: -20.2886523888
Model saved in file: model_runs/move_attn/classifymodel_37000.ckpt
--- 578087.8832430003 CPU seconds ---
iter=37100 : Reward: -21.653259
Predict x average: 144.209625
Target x average: 87.062500
iter=37200 : Reward: -19.438032
Predict x average: 20.954506
Target x average: 69.187500
iter=37300 : Reward: -19.959339
Predict x average: 246.371216
Target x average: 136.187500
iter=37400 : Reward: -17.753183
Predict x average: 48.797607
Target x average: 79.312500
iter=37500 : Reward: -18.624918
Predict x average: 133.546204
Target x average: 61.687500
iter=37600 : Reward: -18.941742
Predict x average: 72.722885
Target x average: 48.125000
iter=37700 : Reward: -23.972267
Predict x average: -56.812370
Target x average: 86.875000
iter=37800 : Reward: -22.864511
Predict x average: 219.434326
Target x average: 132.750000
iter=37900 : Reward: -17.005253
Predict x average: 204.679688
Target x average: 115.250000
iter=38000 : Reward: -18.886057
Predict x average: 8.598640
Target x average: 76.437500
ACCURACY: -19.7730550136
Model saved in file: model_runs/move_attn/classifymodel_38000.ckpt
--- 593725.5139380002 CPU seconds ---
iter=38100 : Reward: -16.331654
Predict x average: 280.928253
Target x average: 133.437500
iter=38200 : Reward: -20.255400
Predict x average: 183.037537
Target x average: 137.312500
iter=38300 : Reward: -17.391649
Predict x average: 57.672688
Target x average: 94.812500
iter=38400 : Reward: -17.662477
Predict x average: 144.265854
Target x average: 92.562500
