['DRAM_move_attn_0done.py', 'DRAM_move_attn_0done/run_1', 'true', 'true', 'true', 'true', 'true', 'model_runs/DRAM_move_attn_0done/run_1/classify_log.csv', 'model_runs/DRAM_move_attn_0done/run_1/classifymodel_0.ckpt', 'model_runs/DRAM_move_attn_0done/run_1/classifymodel_', 'model_runs/DRAM_move_attn_0done/run_1/zzzdraw_data_5000.npy', 'false', 'true', 'false', 'false', 'true']
2017-08-21 18:05:28.971869: W tensorflow/core/platform/cpu_feature_guard.cc:45] The TensorFlow library wasn't compiled to use SSE4.1 instructions, but these are available on your machine and could speed up CPU computations.
2017-08-21 18:05:28.971902: W tensorflow/core/platform/cpu_feature_guard.cc:45] The TensorFlow library wasn't compiled to use SSE4.2 instructions, but these are available on your machine and could speed up CPU computations.
2017-08-21 18:05:28.971908: W tensorflow/core/platform/cpu_feature_guard.cc:45] The TensorFlow library wasn't compiled to use AVX instructions, but these are available on your machine and could speed up CPU computations.
2017-08-21 18:05:28.971913: W tensorflow/core/platform/cpu_feature_guard.cc:45] The TensorFlow library wasn't compiled to use AVX2 instructions, but these are available on your machine and could speed up CPU computations.
2017-08-21 18:05:28.971918: W tensorflow/core/platform/cpu_feature_guard.cc:45] The TensorFlow library wasn't compiled to use FMA instructions, but these are available on your machine and could speed up CPU computations.
2017-08-21 18:05:29.143520: I tensorflow/stream_executor/cuda/cuda_gpu_executor.cc:901] successful NUMA node read from SysFS had negative value (-1), but there must be at least one NUMA node, so returning NUMA node zero
2017-08-21 18:05:29.146476: I tensorflow/core/common_runtime/gpu/gpu_device.cc:887] Found device 0 with properties: 
name: GeForce GTX 1080
major: 6 minor: 1 memoryClockRate (GHz) 1.898
pciBusID 0000:01:00.0
Total memory: 7.92GiB
Free memory: 7.37GiB
2017-08-21 18:05:29.146604: W tensorflow/stream_executor/cuda/cuda_driver.cc:485] creating context when one is currently active; existing: 0xb261310
2017-08-21 18:05:29.426596: I tensorflow/stream_executor/cuda/cuda_gpu_executor.cc:901] successful NUMA node read from SysFS had negative value (-1), but there must be at least one NUMA node, so returning NUMA node zero
2017-08-21 18:05:29.426980: I tensorflow/core/common_runtime/gpu/gpu_device.cc:887] Found device 1 with properties: 
name: GeForce GTX 1080
major: 6 minor: 1 memoryClockRate (GHz) 1.898
pciBusID 0000:02:00.0
Total memory: 7.92GiB
Free memory: 7.58GiB
2017-08-21 18:05:29.427163: I tensorflow/core/common_runtime/gpu/gpu_device.cc:908] DMA: 0 1 
2017-08-21 18:05:29.427174: I tensorflow/core/common_runtime/gpu/gpu_device.cc:918] 0:   Y Y 
2017-08-21 18:05:29.427180: I tensorflow/core/common_runtime/gpu/gpu_device.cc:918] 1:   Y Y 
2017-08-21 18:05:29.427188: I tensorflow/core/common_runtime/gpu/gpu_device.cc:977] Creating TensorFlow device (/gpu:0) -> (device: 0, name: GeForce GTX 1080, pci bus id: 0000:01:00.0)
2017-08-21 18:05:29.427194: I tensorflow/core/common_runtime/gpu/gpu_device.cc:977] Creating TensorFlow device (/gpu:1) -> (device: 1, name: GeForce GTX 1080, pci bus id: 0000:02:00.0)
iter=0 : Reward: -2527.919678
iter=0 : Reward: -10.038744
Predict x average: 84.344604
Target x average: 81.222229
POSITION ACCURACY: -2209.36200832
COUNT ACCURACY: 0.129498222632
Model saved in file: model_runs/DRAM_move_attn_0done/run_1/classifymodel_0.ckpt
--- 9.091452999999987 CPU seconds ---
iter=100 : Reward: -924.494019
iter=100 : Reward: -2.237488
Predict x average: 66.887520
Target x average: 61.777779
iter=200 : Reward: -772.888123
iter=200 : Reward: -1.389759
Predict x average: 72.336800
Target x average: 70.000000
iter=300 : Reward: -843.794800
iter=300 : Reward: -1.526087
Predict x average: 65.090187
Target x average: 85.444443
iter=400 : Reward: -914.466919
iter=400 : Reward: -1.281773
Predict x average: 74.285248
Target x average: 63.444447
iter=500 : Reward: -824.594055
iter=500 : Reward: -1.153305
Predict x average: 63.599785
Target x average: 49.000000
iter=600 : Reward: -480.967010
iter=600 : Reward: -1.223422
Predict x average: 53.886208
Target x average: 55.333336
iter=700 : Reward: -776.646057
iter=700 : Reward: -1.261079
Predict x average: 58.978813
Target x average: 69.000000
iter=800 : Reward: -596.226379
iter=800 : Reward: -0.980979
Predict x average: 76.660851
Target x average: 79.777786
iter=900 : Reward: -602.399780
iter=900 : Reward: -1.218981
Predict x average: 68.506454
Target x average: 64.666672
iter=1000 : Reward: -609.894897
iter=1000 : Reward: -0.949351
Predict x average: 74.426086
Target x average: 82.777779
POSITION ACCURACY: -615.031760304
COUNT ACCURACY: 0.905654495217
Model saved in file: model_runs/DRAM_move_attn_0done/run_1/classifymodel_1000.ckpt
--- 525.907049 CPU seconds ---
iter=1100 : Reward: -680.369019
iter=1100 : Reward: -1.075818
Predict x average: 70.214478
Target x average: 60.555557
iter=1200 : Reward: -291.899994
iter=1200 : Reward: -1.011819
Predict x average: 78.405273
Target x average: 72.333328
iter=1300 : Reward: -508.029633
iter=1300 : Reward: -1.013965
Predict x average: 38.555145
Target x average: 35.000000
iter=1400 : Reward: -185.001663
iter=1400 : Reward: -1.063506
Predict x average: 50.439178
Target x average: 47.000000
iter=1500 : Reward: -280.463623
iter=1500 : Reward: -0.984516
Predict x average: 60.571789
Target x average: 57.111115
iter=1600 : Reward: -284.384216
iter=1600 : Reward: -1.013868
Predict x average: 73.240952
Target x average: 73.000000
iter=1700 : Reward: -287.611084
iter=1700 : Reward: -0.980199
Predict x average: 32.653690
Target x average: 38.000000
iter=1800 : Reward: -217.024063
iter=1800 : Reward: -0.880579
Predict x average: 81.438309
Target x average: 82.222221
iter=1900 : Reward: -273.533905
iter=1900 : Reward: -0.963576
Predict x average: 70.822250
Target x average: 68.444450
iter=2000 : Reward: -248.939560
iter=2000 : Reward: -1.113075
Predict x average: 63.522339
Target x average: 69.000000
POSITION ACCURACY: -263.357066676
COUNT ACCURACY: 0.910652913691
Model saved in file: model_runs/DRAM_move_attn_0done/run_1/classifymodel_2000.ckpt
--- 761.2099630000001 CPU seconds ---
iter=2100 : Reward: -173.939560
iter=2100 : Reward: -1.030063
Predict x average: 81.874916
Target x average: 78.333336
iter=2200 : Reward: -229.682861
iter=2200 : Reward: -1.013766
Predict x average: 78.980888
Target x average: 87.222221
iter=2300 : Reward: -200.824158
iter=2300 : Reward: -1.064119
Predict x average: 70.927948
Target x average: 77.111115
iter=2400 : Reward: -190.093826
iter=2400 : Reward: -1.013394
Predict x average: 85.823959
Target x average: 82.222221
iter=2500 : Reward: -299.957367
iter=2500 : Reward: -0.952027
Predict x average: 43.718067
Target x average: 48.000000
iter=2600 : Reward: -204.559158
iter=2600 : Reward: -1.079898
Predict x average: 73.002319
Target x average: 70.555550
iter=2700 : Reward: -177.189865
iter=2700 : Reward: -0.989079
Predict x average: 74.291992
Target x average: 72.888885
iter=2800 : Reward: -184.965057
iter=2800 : Reward: -1.014366
Predict x average: 80.147781
Target x average: 75.777779
iter=2900 : Reward: -184.566483
iter=2900 : Reward: -1.070919
Predict x average: 76.746857
Target x average: 87.444443
iter=3000 : Reward: -233.281021
iter=3000 : Reward: -1.046829
Predict x average: 52.586792
Target x average: 40.000000
POSITION ACCURACY: -190.84215703
COUNT ACCURACY: 0.911017378274
Model saved in file: model_runs/DRAM_move_attn_0done/run_1/classifymodel_3000.ckpt
--- 998.5499890000001 CPU seconds ---
iter=3100 : Reward: -180.973358
iter=3100 : Reward: -0.980308
Predict x average: 85.318832
Target x average: 85.777779
iter=3200 : Reward: -178.875778
iter=3200 : Reward: -1.065015
Predict x average: 61.025291
Target x average: 65.000000
iter=3300 : Reward: -192.071136
iter=3300 : Reward: -1.046621
Predict x average: 80.385483
Target x average: 76.444443
iter=3400 : Reward: -119.989609
iter=3400 : Reward: -0.830660
Predict x average: 72.194977
Target x average: 76.888893
iter=3500 : Reward: -252.902374
iter=3500 : Reward: -1.354807
Predict x average: 75.015205
Target x average: 66.444443
iter=3600 : Reward: -199.502319
iter=3600 : Reward: -0.947328
Predict x average: 86.587509
Target x average: 96.777771
iter=3700 : Reward: -198.578918
iter=3700 : Reward: -1.063415
Predict x average: 73.685547
Target x average: 76.555557
iter=3800 : Reward: -217.954971
iter=3800 : Reward: -1.079847
Predict x average: 58.327400
Target x average: 61.888885
iter=3900 : Reward: -173.457687
iter=3900 : Reward: -0.980169
Predict x average: 38.505474
Target x average: 35.000000
iter=4000 : Reward: -180.792389
iter=4000 : Reward: -1.046729
Predict x average: 85.195496
Target x average: 81.222229
POSITION ACCURACY: -177.532272889
COUNT ACCURACY: 0.910243831959
Model saved in file: model_runs/DRAM_move_attn_0done/run_1/classifymodel_4000.ckpt
--- 1204.524865 CPU seconds ---
iter=4100 : Reward: -184.642731
iter=4100 : Reward: -1.030051
Predict x average: 49.849617
Target x average: 48.000000
iter=4200 : Reward: -126.816620
iter=4200 : Reward: -0.946966
Predict x average: 84.100037
Target x average: 85.111115
iter=4300 : Reward: -133.623138
iter=4300 : Reward: -0.870907
Predict x average: 82.711578
Target x average: 82.111115
iter=4400 : Reward: -177.848007
iter=4400 : Reward: -1.030008
Predict x average: 84.066940
Target x average: 90.000000
iter=4500 : Reward: -135.204956
iter=4500 : Reward: -1.015245
Predict x average: 29.123775
Target x average: 28.000000
iter=4600 : Reward: -161.902405
iter=4600 : Reward: -1.042458
Predict x average: 52.628288
Target x average: 51.000000
iter=4700 : Reward: -130.386581
iter=4700 : Reward: -1.046890
Predict x average: 74.990242
Target x average: 71.000000
iter=4800 : Reward: -137.513687
iter=4800 : Reward: -1.030007
Predict x average: 82.654572
Target x average: 81.888885
iter=4900 : Reward: -200.182587
iter=4900 : Reward: -1.113148
Predict x average: 86.144989
Target x average: 82.888885
iter=5000 : Reward: -114.319534
iter=5000 : Reward: -1.096482
Predict x average: 83.176643
Target x average: 84.444443
POSITION ACCURACY: -115.801445243
COUNT ACCURACY: 0.910712420326
Model saved in file: model_runs/DRAM_move_attn_0done/run_1/classifymodel_5000.ckpt
--- 1340.989763 CPU seconds ---
iter=5100 : Reward: -146.370865
iter=5100 : Reward: -1.046652
Predict x average: 52.645824
Target x average: 54.000000
iter=5200 : Reward: -213.870407
iter=5200 : Reward: -1.081659
Predict x average: 58.525558
Target x average: 58.777779
iter=5300 : Reward: -132.214828
iter=5300 : Reward: -1.046622
Predict x average: 67.369446
Target x average: 69.666664
iter=5400 : Reward: -190.551941
iter=5400 : Reward: -1.013524
Predict x average: 81.619400
Target x average: 78.777779
iter=5500 : Reward: -75.607857
iter=5500 : Reward: -1.013394
Predict x average: 80.719856
Target x average: 72.222221
iter=5600 : Reward: -81.510826
iter=5600 : Reward: -0.996788
Predict x average: 80.322968
Target x average: 74.000000
iter=5700 : Reward: -158.390457
iter=5700 : Reward: -0.993755
Predict x average: 68.537186
Target x average: 70.888885
iter=5800 : Reward: -82.990677
iter=5800 : Reward: -1.013394
Predict x average: 68.614273
Target x average: 70.222221
iter=5900 : Reward: -127.565628
iter=5900 : Reward: -1.079847
Predict x average: 63.421989
Target x average: 66.111115
iter=6000 : Reward: -29.270542
iter=6000 : Reward: -1.013394
Predict x average: 79.461441
Target x average: 80.777786
POSITION ACCURACY: -72.5303696996
COUNT ACCURACY: 0.910734735506
Model saved in file: model_runs/DRAM_move_attn_0done/run_1/classifymodel_6000.ckpt
--- 1492.410027 CPU seconds ---
iter=6100 : Reward: -104.234108
iter=6100 : Reward: -0.963554
Predict x average: 81.238342
Target x average: 81.222221
iter=6200 : Reward: -83.504272
iter=6200 : Reward: -1.030009
Predict x average: 47.881905
Target x average: 50.000000
iter=6300 : Reward: -79.974281
iter=6300 : Reward: -1.063235
Predict x average: 70.278618
Target x average: 68.444443
iter=6400 : Reward: -152.913727
iter=6400 : Reward: -1.030007
Predict x average: 60.746445
Target x average: 57.555557
iter=6500 : Reward: -65.491516
iter=6500 : Reward: -1.096461
Predict x average: 65.905243
Target x average: 64.333336
iter=6600 : Reward: -107.608231
iter=6600 : Reward: -1.096460
Predict x average: 78.480011
Target x average: 75.444443
iter=6700 : Reward: -101.992172
iter=6700 : Reward: -0.963554
Predict x average: 31.127363
Target x average: 30.000000
iter=6800 : Reward: -35.928177
iter=6800 : Reward: -1.014333
Predict x average: 76.515381
Target x average: 76.444443
iter=6900 : Reward: -50.825085
iter=6900 : Reward: -0.963554
Predict x average: 74.598694
Target x average: 76.888893
iter=7000 : Reward: -99.330261
iter=7000 : Reward: -0.963555
Predict x average: 40.612778
Target x average: 43.000000
POSITION ACCURACY: -77.4365669526
COUNT ACCURACY: 0.911285156134
Model saved in file: model_runs/DRAM_move_attn_0done/run_1/classifymodel_7000.ckpt
--- 1651.208208 CPU seconds ---
iter=7100 : Reward: -114.988777
iter=7100 : Reward: -1.030302
Predict x average: 44.267708
Target x average: 45.000000
iter=7200 : Reward: -41.473965
iter=7200 : Reward: -1.046620
Predict x average: 76.090752
Target x average: 75.222229
iter=7300 : Reward: -79.585182
iter=7300 : Reward: -0.963564
Predict x average: 40.306900
Target x average: 38.000000
iter=7400 : Reward: -100.229172
iter=7400 : Reward: -1.096460
Predict x average: 86.827225
Target x average: 89.222229
iter=7500 : Reward: -58.156208
iter=7500 : Reward: -1.030009
Predict x average: 75.151245
Target x average: 74.333336
iter=7600 : Reward: -99.619064
iter=7600 : Reward: -1.196139
Predict x average: 55.798653
Target x average: 56.333336
iter=7700 : Reward: -23.310894
iter=7700 : Reward: -1.046621
Predict x average: 85.346901
Target x average: 81.333328
iter=7800 : Reward: -50.215347
iter=7800 : Reward: -1.046620
Predict x average: 81.848495
Target x average: 82.333328
iter=7900 : Reward: -107.219154
iter=7900 : Reward: -1.030007
Predict x average: 70.347961
Target x average: 69.333336
Traceback (most recent call last):
  File "DRAM_move_attn_0done.py", line 478, in <module>
    train_data.get_train(even=1, shiny=True, done_vector="end")
  File "/home/sychen23/DRAM/load_teacher.py", line 40, in get_train
    _, self.images, self.labels, self.traces, _ = trace_data.get_my_teacher()
  File "/home/sychen23/DRAM/trace_data_new.py", line 40, in get_my_teacher
    train = np.zeros([total, img_size])   #training imgs
MemoryError
