['DRAM_move_attn.py', 'true', 'true', 'true', 'true', 'true', 'true', 'model_runs/sensical_count_teacher/classify_log.csv', 'model_runs/sensical_count_teacher/classifymodel_0.ckpt', 'model_runs/sensical_count_teacher/classifymodel_', 'model_runs/sensical_count_teacher/zzzdraw_data_5000.npy', 'false', 'true', 'false', 'false', 'true']
2017-08-10 16:04:05.241799: W tensorflow/core/platform/cpu_feature_guard.cc:45] The TensorFlow library wasn't compiled to use SSE4.1 instructions, but these are available on your machine and could speed up CPU computations.
2017-08-10 16:04:05.241825: W tensorflow/core/platform/cpu_feature_guard.cc:45] The TensorFlow library wasn't compiled to use SSE4.2 instructions, but these are available on your machine and could speed up CPU computations.
2017-08-10 16:04:05.241828: W tensorflow/core/platform/cpu_feature_guard.cc:45] The TensorFlow library wasn't compiled to use AVX instructions, but these are available on your machine and could speed up CPU computations.
2017-08-10 16:04:05.241831: W tensorflow/core/platform/cpu_feature_guard.cc:45] The TensorFlow library wasn't compiled to use AVX2 instructions, but these are available on your machine and could speed up CPU computations.
2017-08-10 16:04:05.241834: W tensorflow/core/platform/cpu_feature_guard.cc:45] The TensorFlow library wasn't compiled to use FMA instructions, but these are available on your machine and could speed up CPU computations.
2017-08-10 16:04:05.384027: I tensorflow/stream_executor/cuda/cuda_gpu_executor.cc:901] successful NUMA node read from SysFS had negative value (-1), but there must be at least one NUMA node, so returning NUMA node zero
2017-08-10 16:04:05.384728: I tensorflow/core/common_runtime/gpu/gpu_device.cc:887] Found device 0 with properties: 
name: GeForce GTX 1080
major: 6 minor: 1 memoryClockRate (GHz) 1.898
pciBusID 0000:01:00.0
Total memory: 7.92GiB
Free memory: 3.34GiB
2017-08-10 16:04:05.384836: W tensorflow/stream_executor/cuda/cuda_driver.cc:485] creating context when one is currently active; existing: 0xb451cb0
2017-08-10 16:04:05.479653: I tensorflow/stream_executor/cuda/cuda_gpu_executor.cc:901] successful NUMA node read from SysFS had negative value (-1), but there must be at least one NUMA node, so returning NUMA node zero
2017-08-10 16:04:05.479950: I tensorflow/core/common_runtime/gpu/gpu_device.cc:887] Found device 1 with properties: 
name: GeForce GTX 1080
major: 6 minor: 1 memoryClockRate (GHz) 1.898
pciBusID 0000:02:00.0
Total memory: 7.92GiB
Free memory: 6.81GiB
2017-08-10 16:04:05.480084: I tensorflow/core/common_runtime/gpu/gpu_device.cc:908] DMA: 0 1 
2017-08-10 16:04:05.480090: I tensorflow/core/common_runtime/gpu/gpu_device.cc:918] 0:   Y Y 
2017-08-10 16:04:05.480093: I tensorflow/core/common_runtime/gpu/gpu_device.cc:918] 1:   Y Y 
2017-08-10 16:04:05.480913: I tensorflow/core/common_runtime/gpu/gpu_device.cc:977] Creating TensorFlow device (/gpu:0) -> (device: 0, name: GeForce GTX 1080, pci bus id: 0000:01:00.0)
2017-08-10 16:04:05.480928: I tensorflow/core/common_runtime/gpu/gpu_device.cc:977] Creating TensorFlow device (/gpu:1) -> (device: 1, name: GeForce GTX 1080, pci bus id: 0000:02:00.0)
[array([2, 2, 4, 4, 4, 2, 2, 2, 2, 2, 2, 2, 2, 2, 2, 2, 4, 2, 2, 2, 2, 2, 2,
       2, 2, 2, 2, 4, 4, 2, 2, 2, 2, 2, 2, 2, 2, 4, 4, 2, 2, 2, 2, 2, 2, 4,
       2, 2, 2, 2, 2, 2, 2, 2, 2, 2, 4, 2, 2, 2, 4, 2, 2, 4, 2, 2, 2, 2, 2,
       2, 2, 2, 2, 4, 2, 2, 4]), array([4, 4, 4, 4, 4, 4, 4, 4, 4, 4, 4, 4, 4, 4, 4, 4, 4, 4, 4, 4, 4, 4, 4,
       4, 4, 4, 4, 4, 4, 4, 4, 4, 4, 4, 4, 4, 4, 4, 4, 4, 4, 4, 4, 4, 4, 4,
       4, 4, 4, 4, 4, 4, 4, 4, 4, 4, 4, 4, 4, 4, 4, 4, 4, 4, 4, 4, 4, 4, 4,
       4, 4, 4, 4, 4, 4, 4, 4]), array([4, 4, 3, 4, 4, 4, 2, 4, 3, 2, 4, 4, 4, 3, 4, 4, 4, 4, 4, 4, 3, 2, 3,
       4, 2, 3, 4, 4, 3, 3, 2, 4, 3, 4, 4, 2, 4, 3, 3, 3, 3, 4, 3, 4, 3, 4,
       4, 2, 3, 4, 4, 4, 3, 3, 3, 4, 4, 2, 4, 2, 4, 4, 2, 4, 4, 3, 2, 4, 4,
       2, 4, 3, 4, 3, 2, 2, 4]), array([4, 4, 2, 4, 4, 4, 4, 4, 4, 4, 4, 2, 4, 4, 4, 4, 4, 4, 4, 4, 4, 4, 4,
       4, 4, 4, 4, 4, 4, 4, 4, 4, 4, 4, 4, 4, 4, 4, 4, 4, 4, 4, 4, 4, 4, 4,
       4, 4, 4, 4, 4, 4, 4, 4, 4, 4, 4, 4, 4, 4, 4, 4, 4, 2, 4, 4, 4, 4, 4,
       4, 4, 4, 4, 2, 4, 4, 4]), array([2, 4, 2, 4, 2, 4, 4, 4, 4, 4, 4, 4, 4, 3, 2, 4, 4, 4, 2, 4, 4, 4, 2,
       2, 2, 4, 4, 2, 4, 4, 4, 4, 4, 4, 4, 2, 2, 2, 4, 2, 3, 2, 3, 2, 2, 4,
       2, 4, 2, 4, 2, 4, 4, 2, 4, 4, 2, 2, 4, 4, 2, 4, 4, 2, 4, 4, 2, 2, 4,
       2, 4, 2, 4, 2, 2, 4, 2]), array([4, 4, 2, 4, 2, 4, 4, 4, 4, 4, 2, 4, 4, 3, 2, 4, 4, 2, 3, 4, 4, 4, 3,
       4, 2, 4, 4, 4, 4, 4, 4, 4, 4, 4, 4, 3, 2, 2, 4, 3, 3, 2, 3, 2, 4, 4,
       2, 4, 2, 4, 4, 4, 3, 2, 3, 4, 3, 3, 4, 4, 2, 4, 4, 2, 4, 3, 3, 4, 4,
       3, 4, 2, 4, 2, 2, 4, 2])]
iter=0 : Reward: -3436.360596
iter=0 : Reward: -10.282803
Predict x average: 9.998642
Target x average: 73.000000
POSITION ACCURACY: -3494.18501077
COUNT ACCURACY: 0.0828870432163
Model saved in file: model_runs/sensical_count_teacher/classifymodel_0.ckpt
--- 4.023315999999998 CPU seconds ---
[array([2, 4, 4, 4, 2, 4, 2, 4, 4, 4, 4, 2, 2, 4, 4, 4, 4, 4, 4, 4, 2, 4, 2,
       4, 2, 2, 2, 4, 2, 4, 4, 2, 4, 4, 2, 2, 4, 4, 2, 4, 2, 4, 2, 4, 4, 4,
       4, 4, 4, 2, 2, 4, 4, 4, 4, 2, 2, 2, 2, 2, 4, 2, 2, 4, 2, 4, 4, 4, 2,
       2, 4, 4, 4, 4, 4, 4, 4]), array([4, 4, 4, 4, 4, 4, 4, 4, 4, 4, 4, 4, 4, 4, 4, 4, 4, 4, 4, 4, 4, 4, 4,
       4, 4, 4, 4, 4, 4, 4, 4, 4, 4, 4, 4, 4, 4, 4, 4, 4, 4, 4, 4, 4, 4, 4,
       4, 4, 4, 4, 4, 4, 4, 4, 4, 4, 4, 4, 4, 4, 4, 4, 4, 4, 4, 4, 4, 4, 4,
       4, 4, 4, 4, 4, 4, 4, 4]), array([3, 3, 4, 4, 4, 3, 3, 4, 3, 4, 4, 3, 4, 3, 3, 4, 3, 3, 4, 4, 4, 4, 4,
       4, 3, 3, 3, 4, 3, 4, 3, 3, 3, 3, 3, 3, 3, 4, 3, 3, 3, 4, 3, 4, 4, 4,
       4, 3, 4, 4, 3, 4, 3, 4, 4, 3, 3, 3, 3, 3, 4, 4, 3, 4, 4, 4, 3, 4, 3,
       4, 4, 4, 4, 4, 4, 3, 4]), array([4, 4, 4, 4, 4, 3, 4, 4, 3, 4, 4, 4, 4, 4, 4, 4, 3, 4, 4, 4, 4, 4, 4,
       4, 4, 3, 4, 4, 4, 4, 4, 4, 4, 4, 4, 3, 3, 4, 4, 4, 2, 4, 4, 4, 4, 4,
       4, 4, 4, 4, 4, 4, 4, 4, 4, 2, 4, 4, 4, 4, 4, 4, 4, 4, 4, 4, 3, 4, 4,
       4, 4, 4, 4, 4, 4, 4, 4]), array([3, 4, 4, 4, 4, 3, 3, 4, 3, 4, 4, 4, 4, 2, 3, 4, 3, 4, 4, 4, 4, 2, 4,
       4, 4, 4, 2, 4, 3, 3, 4, 2, 4, 4, 4, 3, 3, 4, 4, 4, 3, 4, 4, 3, 4, 3,
       4, 4, 3, 4, 4, 4, 3, 4, 4, 2, 4, 4, 4, 4, 4, 4, 4, 4, 4, 4, 3, 4, 2,
       4, 4, 4, 4, 4, 4, 4, 4]), array([3, 3, 4, 3, 4, 3, 3, 4, 3, 4, 4, 4, 4, 3, 3, 3, 3, 4, 3, 4, 4, 4, 4,
       4, 4, 4, 3, 4, 3, 3, 4, 2, 3, 4, 4, 3, 4, 4, 3, 4, 3, 4, 4, 3, 4, 3,
       4, 4, 4, 4, 4, 4, 3, 4, 4, 2, 4, 4, 4, 4, 4, 4, 4, 4, 4, 4, 3, 4, 3,
       4, 2, 4, 4, 4, 4, 4, 4])]
iter=100 : Reward: -856.667847
iter=100 : Reward: -10.246450
Predict x average: 51.689522
Target x average: 71.166672
[array([2, 2, 2, 4, 4, 4, 2, 2, 2, 2, 4, 2, 2, 2, 2, 2, 2, 2, 4, 4, 2, 4, 4,
       4, 2, 2, 2, 4, 2, 2, 2, 2, 2, 4, 2, 4, 4, 2, 2, 2, 4, 4, 4, 2, 2, 4,
       4, 2, 2, 2, 4, 4, 2, 2, 4, 2, 2, 4, 2, 2, 2, 2, 2, 4, 4, 4, 4, 4, 2,
       2, 2, 4, 4, 4, 2, 4, 2]), array([4, 4, 4, 4, 4, 4, 4, 4, 4, 4, 4, 4, 4, 4, 4, 4, 4, 4, 4, 4, 4, 4, 4,
       4, 4, 4, 4, 4, 4, 4, 4, 4, 4, 4, 4, 4, 4, 4, 4, 4, 4, 4, 4, 4, 4, 4,
       4, 4, 4, 4, 4, 4, 4, 4, 4, 4, 4, 4, 4, 4, 4, 4, 4, 4, 4, 4, 4, 4, 4,
       4, 4, 4, 4, 4, 4, 4, 4]), array([4, 4, 3, 4, 4, 4, 4, 4, 4, 3, 4, 4, 4, 4, 4, 4, 4, 3, 4, 4, 4, 4, 4,
       4, 4, 4, 3, 4, 4, 4, 4, 4, 4, 4, 3, 4, 4, 4, 4, 4, 4, 4, 4, 4, 4, 4,
       4, 3, 4, 4, 4, 4, 3, 3, 4, 4, 4, 4, 4, 4, 4, 4, 4, 4, 4, 4, 4, 4, 4,
       4, 4, 4, 4, 4, 4, 4, 4]), array([4, 4, 3, 4, 4, 4, 4, 4, 4, 4, 4, 4, 4, 4, 4, 4, 4, 3, 4, 4, 4, 4, 3,
       4, 4, 4, 4, 2, 4, 2, 4, 4, 2, 4, 4, 4, 4, 4, 4, 4, 4, 4, 4, 4, 4, 4,
       4, 2, 4, 3, 4, 2, 3, 4, 4, 4, 4, 4, 4, 4, 4, 4, 4, 4, 4, 4, 4, 4, 4,
       4, 2, 4, 4, 4, 4, 4, 4]), array([4, 4, 4, 4, 4, 4, 4, 4, 4, 2, 4, 4, 4, 4, 4, 2, 4, 4, 4, 3, 4, 4, 3,
       4, 4, 4, 2, 2, 4, 2, 4, 4, 2, 4, 4, 4, 4, 4, 4, 4, 4, 4, 4, 4, 4, 4,
       4, 2, 4, 3, 4, 2, 4, 4, 4, 4, 4, 4, 4, 4, 4, 4, 4, 2, 4, 4, 4, 4, 4,
       4, 2, 2, 4, 4, 2, 4, 2]), array([4, 4, 4, 4, 4, 4, 4, 4, 4, 4, 4, 4, 4, 4, 4, 4, 4, 4, 4, 3, 4, 4, 3,
       4, 4, 4, 4, 4, 4, 2, 4, 4, 2, 4, 4, 4, 4, 4, 4, 4, 4, 4, 4, 4, 4, 4,
       4, 2, 4, 3, 4, 2, 4, 4, 4, 4, 4, 4, 3, 4, 4, 4, 4, 2, 4, 4, 4, 4, 4,
       4, 2, 2, 4, 4, 2, 4, 4])]
iter=200 : Reward: -706.516541
iter=200 : Reward: -9.911841
Predict x average: 56.307526
Target x average: 61.500004
[array([4, 4, 4, 4, 2, 4, 4, 4, 4, 4, 4, 2, 4, 2, 4, 2, 2, 4, 2, 2, 2, 2, 4,
       4, 2, 2, 4, 4, 4, 2, 4, 4, 2, 2, 4, 2, 2, 2, 4, 2, 2, 4, 2, 2, 2, 4,
       4, 2, 4, 4, 2, 4, 2, 2, 4, 4, 2, 2, 4, 4, 4, 2, 4, 4, 4, 2, 2, 4, 2,
       4, 2, 2, 2, 4, 2, 4, 4]), array([4, 4, 4, 4, 4, 4, 4, 4, 4, 4, 4, 4, 4, 4, 4, 4, 4, 4, 4, 4, 4, 4, 4,
       4, 4, 4, 4, 4, 4, 4, 4, 4, 4, 4, 4, 4, 4, 4, 4, 4, 4, 4, 4, 4, 4, 4,
       4, 4, 4, 4, 4, 4, 4, 4, 4, 4, 4, 4, 4, 4, 4, 4, 4, 4, 4, 4, 4, 4, 4,
       4, 4, 4, 4, 4, 4, 4, 4]), array([4, 4, 4, 4, 4, 4, 3, 4, 4, 4, 4, 4, 4, 4, 4, 3, 4, 4, 4, 4, 3, 4, 3,
       4, 4, 4, 4, 4, 4, 4, 4, 4, 2, 4, 4, 4, 4, 4, 4, 4, 4, 4, 4, 4, 4, 3,
       4, 4, 4, 3, 4, 4, 4, 4, 4, 4, 4, 4, 4, 4, 4, 4, 4, 4, 4, 4, 4, 4, 4,
       4, 4, 4, 4, 4, 4, 4, 4]), array([4, 4, 4, 4, 4, 4, 2, 4, 4, 4, 4, 4, 4, 4, 4, 4, 4, 4, 4, 4, 4, 4, 4,
       4, 4, 4, 4, 4, 4, 4, 4, 4, 2, 4, 4, 4, 4, 4, 2, 4, 4, 4, 4, 4, 4, 4,
       4, 4, 4, 4, 4, 4, 4, 4, 4, 4, 4, 4, 4, 4, 4, 4, 4, 4, 4, 4, 4, 4, 4,
       4, 4, 4, 4, 4, 4, 4, 4]), array([4, 2, 4, 4, 4, 4, 2, 4, 2, 4, 4, 4, 4, 2, 2, 4, 3, 4, 4, 3, 4, 4, 3,
       4, 4, 4, 2, 4, 4, 2, 4, 4, 4, 2, 4, 4, 2, 2, 4, 4, 2, 4, 2, 2, 4, 4,
       4, 4, 4, 4, 4, 4, 4, 4, 4, 4, 4, 4, 4, 2, 4, 2, 4, 4, 4, 3, 2, 4, 2,
       4, 2, 4, 4, 4, 2, 2, 4]), array([4, 4, 4, 4, 4, 4, 3, 4, 4, 4, 4, 4, 4, 4, 4, 4, 3, 4, 4, 3, 4, 4, 3,
       4, 4, 3, 4, 4, 4, 2, 4, 4, 4, 4, 4, 4, 4, 4, 4, 4, 3, 4, 4, 2, 4, 3,
       4, 4, 4, 4, 4, 4, 4, 4, 4, 4, 4, 4, 3, 3, 4, 4, 4, 4, 4, 3, 2, 4, 2,
       4, 2, 4, 4, 4, 2, 2, 4])]
iter=300 : Reward: -577.118896
iter=300 : Reward: -10.193041
Predict x average: 62.286545
Target x average: 63.000000
[array([4, 4, 4, 4, 4, 4, 4, 4, 4, 4, 4, 4, 4, 4, 4, 2, 4, 4, 2, 2, 4, 4, 4,
       4, 4, 4, 4, 4, 4, 2, 4, 4, 2, 4, 2, 4, 4, 4, 4, 2, 4, 4, 2, 2, 2, 2,
       4, 4, 4, 4, 2, 2, 4, 2, 4, 2, 4, 4, 2, 4, 2, 4, 2, 4, 2, 2, 4, 4, 2,
       4, 2, 4, 4, 2, 4, 4, 2]), array([4, 4, 4, 4, 4, 4, 4, 4, 4, 4, 4, 4, 4, 4, 4, 4, 4, 4, 4, 4, 4, 4, 4,
       4, 4, 4, 4, 4, 4, 4, 4, 4, 4, 4, 4, 4, 4, 4, 4, 4, 4, 4, 4, 4, 4, 4,
       4, 4, 4, 4, 4, 4, 4, 4, 4, 4, 4, 4, 4, 4, 4, 4, 4, 4, 4, 4, 4, 4, 4,
       4, 4, 4, 4, 4, 4, 4, 4]), array([4, 4, 4, 4, 4, 4, 4, 4, 4, 4, 4, 4, 4, 4, 4, 2, 4, 4, 4, 4, 4, 4, 4,
       4, 4, 4, 4, 4, 4, 4, 4, 4, 4, 4, 4, 4, 4, 4, 4, 4, 4, 4, 4, 4, 4, 4,
       4, 4, 4, 4, 4, 4, 4, 4, 4, 4, 4, 4, 4, 4, 4, 4, 4, 4, 4, 4, 4, 4, 4,
       4, 4, 2, 4, 4, 4, 4, 4]), array([2, 4, 4, 4, 4, 4, 4, 4, 4, 4, 4, 4, 4, 4, 4, 4, 4, 4, 4, 4, 4, 2, 4,
       4, 4, 2, 4, 4, 4, 4, 4, 4, 4, 4, 4, 4, 4, 4, 2, 4, 4, 4, 4, 4, 4, 4,
       4, 4, 4, 4, 4, 4, 4, 4, 4, 4, 4, 4, 4, 4, 4, 4, 4, 2, 4, 4, 4, 2, 4,
       4, 4, 2, 4, 4, 4, 4, 4]), array([2, 2, 4, 4, 4, 2, 4, 4, 4, 2, 4, 2, 4, 2, 2, 4, 2, 4, 2, 4, 2, 2, 2,
       2, 2, 2, 2, 2, 4, 2, 2, 4, 2, 4, 4, 2, 2, 4, 4, 4, 4, 2, 3, 4, 4, 2,
       4, 4, 2, 4, 4, 4, 4, 2, 4, 4, 2, 2, 4, 4, 4, 2, 2, 2, 4, 2, 2, 4, 4,
       2, 3, 4, 2, 2, 4, 2, 2]), array([2, 4, 4, 4, 4, 4, 4, 4, 4, 4, 2, 4, 4, 4, 4, 4, 2, 4, 4, 4, 4, 2, 2,
       4, 2, 4, 2, 2, 4, 4, 4, 4, 2, 4, 4, 4, 2, 4, 4, 4, 4, 4, 3, 4, 4, 4,
       4, 4, 3, 4, 4, 4, 4, 4, 4, 4, 4, 4, 4, 4, 4, 2, 2, 4, 3, 2, 4, 4, 4,
       2, 3, 4, 2, 4, 4, 4, 4])]
iter=400 : Reward: -415.663483
iter=400 : Reward: -9.970355
Predict x average: 64.013657
Target x average: 58.000000
[array([2, 4, 4, 4, 4, 2, 4, 4, 4, 2, 4, 2, 2, 2, 4, 2, 2, 4, 4, 4, 2, 2, 2,
       4, 4, 2, 4, 2, 2, 2, 2, 4, 4, 4, 4, 2, 4, 2, 2, 4, 4, 2, 4, 2, 4, 2,
       4, 2, 4, 2, 4, 4, 2, 2, 4, 4, 2, 2, 4, 4, 4, 2, 4, 4, 2, 2, 2, 4, 4,
       4, 4, 4, 2, 2, 2, 2, 2]), array([4, 4, 4, 4, 4, 4, 4, 4, 4, 4, 4, 4, 4, 4, 4, 4, 4, 4, 4, 4, 4, 4, 4,
       4, 4, 4, 4, 4, 4, 4, 4, 4, 4, 4, 4, 4, 4, 4, 4, 4, 4, 4, 4, 4, 4, 4,
       4, 4, 4, 4, 4, 4, 4, 4, 4, 4, 4, 4, 4, 4, 4, 4, 4, 4, 4, 4, 4, 4, 4,
       4, 4, 4, 4, 4, 4, 4, 4]), array([4, 4, 4, 4, 4, 4, 4, 4, 4, 4, 4, 4, 4, 4, 4, 4, 4, 4, 4, 4, 2, 4, 4,
       4, 4, 4, 4, 4, 4, 4, 4, 4, 4, 4, 4, 4, 4, 4, 4, 4, 4, 4, 4, 4, 4, 4,
       4, 4, 4, 2, 4, 4, 4, 4, 4, 4, 4, 4, 4, 4, 4, 4, 4, 4, 4, 4, 4, 4, 4,
       4, 4, 4, 2, 4, 4, 4, 4]), array([4, 4, 4, 4, 4, 4, 4, 4, 4, 4, 4, 4, 4, 4, 4, 4, 4, 4, 4, 4, 4, 4, 4,
       4, 4, 4, 4, 4, 4, 4, 4, 4, 4, 4, 4, 4, 4, 4, 4, 4, 4, 4, 4, 4, 4, 4,
       4, 4, 4, 4, 4, 4, 4, 4, 4, 4, 4, 4, 4, 4, 4, 4, 4, 4, 4, 4, 4, 4, 4,
       4, 4, 4, 4, 4, 4, 4, 4]), array([4, 4, 4, 4, 4, 4, 4, 4, 4, 4, 4, 4, 4, 2, 4, 4, 4, 4, 4, 4, 4, 4, 4,
       4, 4, 4, 4, 4, 4, 4, 4, 4, 4, 4, 4, 4, 4, 4, 4, 4, 4, 3, 4, 4, 4, 4,
       4, 4, 4, 4, 4, 4, 4, 4, 4, 4, 4, 4, 4, 4, 4, 4, 4, 4, 4, 4, 4, 4, 4,
       4, 4, 4, 4, 4, 4, 4, 4]), array([4, 4, 4, 4, 4, 4, 4, 4, 4, 4, 4, 4, 4, 4, 4, 4, 4, 4, 4, 4, 4, 4, 4,
       4, 4, 4, 4, 4, 4, 4, 4, 4, 4, 4, 4, 4, 4, 4, 4, 4, 4, 3, 4, 3, 4, 4,
       4, 4, 4, 4, 4, 4, 4, 4, 4, 4, 4, 4, 4, 4, 4, 4, 4, 4, 4, 4, 4, 4, 4,
       4, 4, 4, 4, 4, 4, 4, 4])]
iter=500 : Reward: -505.312195
iter=500 : Reward: -10.199772
Predict x average: 54.085411
Target x average: 61.000000
[array([4, 4, 2, 2, 2, 2, 2, 4, 2, 4, 4, 2, 2, 2, 2, 4, 4, 4, 2, 4, 2, 4, 2,
       2, 4, 4, 2, 2, 2, 2, 2, 4, 4, 4, 2, 4, 4, 4, 4, 2, 4, 4, 2, 4, 2, 2,
       2, 4, 4, 2, 4, 4, 4, 4, 4, 4, 2, 2, 4, 4, 2, 4, 4, 4, 4, 4, 2, 4, 4,
       2, 4, 4, 4, 2, 4, 4, 2]), array([4, 4, 4, 4, 4, 4, 4, 4, 4, 4, 4, 4, 4, 4, 4, 4, 4, 4, 4, 4, 4, 4, 4,
       4, 4, 4, 4, 4, 4, 4, 4, 4, 4, 4, 4, 4, 4, 4, 4, 4, 4, 4, 4, 4, 4, 4,
       4, 4, 4, 4, 4, 4, 4, 4, 4, 4, 4, 4, 4, 4, 4, 4, 4, 4, 4, 4, 4, 4, 4,
       4, 4, 4, 4, 4, 4, 4, 4]), array([4, 4, 4, 4, 4, 4, 4, 4, 4, 4, 4, 4, 4, 4, 4, 4, 4, 3, 4, 3, 4, 4, 4,
       4, 4, 4, 4, 4, 4, 4, 4, 4, 4, 3, 4, 4, 4, 4, 3, 4, 4, 4, 4, 4, 4, 4,
       4, 4, 4, 4, 3, 4, 4, 4, 4, 4, 4, 4, 4, 3, 4, 4, 4, 4, 4, 4, 4, 4, 4,
       4, 4, 4, 4, 4, 4, 4, 4]), array([4, 4, 4, 4, 4, 4, 4, 4, 4, 4, 4, 4, 4, 4, 4, 4, 4, 4, 4, 4, 4, 4, 4,
       4, 4, 4, 4, 4, 4, 4, 4, 4, 4, 4, 4, 4, 4, 4, 4, 4, 4, 4, 4, 4, 4, 4,
       4, 4, 4, 4, 4, 4, 4, 4, 4, 4, 4, 4, 4, 4, 4, 4, 4, 4, 4, 4, 4, 4, 4,
       4, 4, 4, 4, 4, 4, 4, 4]), array([4, 4, 4, 4, 2, 4, 4, 4, 4, 4, 4, 4, 4, 4, 4, 4, 4, 4, 4, 4, 4, 4, 4,
       4, 4, 4, 4, 4, 4, 4, 4, 4, 4, 4, 4, 4, 4, 4, 4, 4, 2, 4, 4, 4, 4, 4,
       4, 4, 4, 4, 4, 4, 4, 4, 4, 4, 4, 4, 4, 4, 2, 4, 4, 4, 4, 4, 4, 2, 4,
       4, 4, 4, 4, 2, 4, 4, 4]), array([4, 4, 4, 4, 4, 4, 4, 4, 4, 4, 4, 4, 4, 4, 4, 4, 4, 4, 4, 4, 4, 4, 4,
       4, 4, 4, 4, 4, 4, 4, 4, 4, 4, 4, 4, 4, 4, 4, 4, 4, 2, 4, 4, 4, 4, 4,
       4, 4, 4, 4, 4, 4, 4, 4, 4, 4, 4, 4, 4, 4, 4, 4, 3, 3, 4, 4, 4, 4, 4,
       4, 4, 4, 4, 4, 4, 4, 4])]
iter=600 : Reward: -738.817139
iter=600 : Reward: -10.033278
Predict x average: 64.789139
Target x average: 50.500004
[array([4, 2, 2, 4, 2, 2, 4, 4, 4, 4, 4, 4, 4, 4, 2, 2, 4, 4, 2, 4, 4, 4, 2,
       4, 4, 4, 2, 4, 2, 4, 2, 4, 4, 4, 2, 2, 4, 4, 4, 4, 2, 4, 4, 2, 4, 2,
       4, 4, 4, 2, 4, 4, 4, 2, 4, 4, 4, 4, 4, 4, 2, 4, 4, 2, 2, 2, 2, 4, 2,
       4, 4, 2, 4, 4, 4, 4, 4]), array([4, 4, 4, 4, 4, 4, 4, 4, 4, 4, 4, 4, 4, 4, 4, 4, 4, 4, 4, 4, 4, 4, 4,
       4, 4, 4, 4, 4, 4, 4, 4, 4, 4, 4, 4, 4, 4, 4, 4, 4, 4, 4, 4, 4, 4, 4,
       4, 4, 4, 4, 4, 4, 4, 4, 4, 4, 4, 4, 4, 4, 4, 4, 4, 4, 4, 4, 4, 4, 4,
       4, 4, 4, 4, 4, 4, 4, 4]), array([4, 4, 4, 4, 4, 4, 4, 4, 4, 4, 4, 4, 4, 4, 4, 4, 4, 4, 4, 3, 4, 4, 4,
       4, 4, 4, 4, 4, 4, 4, 4, 4, 4, 4, 4, 4, 4, 4, 4, 4, 4, 4, 4, 4, 4, 4,
       4, 4, 4, 4, 4, 4, 4, 4, 4, 4, 4, 4, 4, 4, 4, 4, 4, 4, 4, 4, 4, 4, 4,
       4, 4, 4, 4, 4, 4, 4, 4]), array([4, 4, 4, 4, 4, 4, 4, 4, 4, 4, 4, 4, 4, 4, 4, 4, 3, 4, 4, 4, 4, 4, 4,
       4, 4, 4, 4, 4, 4, 4, 4, 4, 4, 4, 4, 4, 4, 4, 4, 4, 4, 4, 4, 4, 4, 4,
       4, 4, 4, 4, 4, 4, 4, 4, 4, 4, 4, 4, 4, 4, 4, 4, 4, 4, 4, 4, 4, 4, 4,
       4, 4, 4, 4, 4, 4, 4, 4]), array([4, 4, 4, 4, 4, 4, 4, 4, 4, 4, 4, 4, 4, 4, 4, 4, 3, 4, 4, 4, 4, 4, 4,
       4, 4, 4, 4, 4, 4, 4, 4, 4, 4, 4, 4, 4, 4, 4, 4, 4, 4, 2, 4, 4, 4, 4,
       4, 4, 4, 4, 4, 4, 4, 4, 4, 4, 4, 4, 4, 4, 4, 4, 4, 4, 4, 4, 4, 4, 3,
       4, 4, 4, 4, 4, 4, 4, 4]), array([4, 4, 4, 4, 4, 4, 4, 4, 4, 4, 4, 4, 4, 4, 4, 4, 3, 4, 4, 4, 4, 4, 4,
       4, 4, 4, 4, 4, 4, 4, 4, 4, 4, 4, 4, 4, 4, 4, 4, 4, 4, 4, 4, 4, 4, 4,
       4, 4, 4, 4, 4, 4, 4, 4, 4, 4, 4, 4, 4, 4, 4, 4, 4, 4, 4, 4, 4, 4, 3,
       4, 4, 4, 4, 4, 4, 4, 4])]
iter=700 : Reward: -754.245117
iter=700 : Reward: -10.071602
Predict x average: 58.041664
Target x average: 44.833336
[array([4, 4, 2, 2, 4, 2, 4, 2, 2, 2, 4, 4, 2, 2, 4, 2, 4, 4, 2, 2, 4, 2, 4,
       2, 2, 2, 4, 2, 4, 4, 2, 2, 2, 2, 2, 4, 4, 2, 2, 2, 4, 2, 2, 4, 4, 4,
       2, 2, 4, 4, 2, 4, 2, 2, 4, 2, 2, 2, 4, 2, 4, 2, 4, 2, 2, 2, 4, 2, 2,
       4, 2, 2, 2, 2, 4, 4, 2]), array([4, 4, 4, 4, 4, 4, 4, 4, 4, 4, 4, 4, 4, 4, 4, 4, 4, 4, 4, 4, 4, 4, 4,
       4, 4, 4, 4, 4, 4, 4, 4, 4, 4, 4, 4, 4, 4, 4, 4, 4, 4, 4, 4, 4, 4, 4,
       4, 4, 4, 4, 4, 4, 4, 4, 4, 4, 4, 4, 4, 4, 4, 4, 4, 4, 4, 4, 4, 4, 4,
       4, 4, 4, 4, 4, 4, 4, 4]), array([4, 4, 4, 4, 4, 4, 4, 4, 4, 4, 4, 4, 4, 4, 4, 4, 4, 4, 4, 4, 4, 4, 4,
       4, 4, 4, 4, 4, 4, 4, 4, 4, 4, 4, 4, 4, 4, 4, 4, 4, 4, 4, 4, 4, 4, 4,
       4, 4, 4, 4, 4, 4, 4, 4, 4, 4, 4, 4, 4, 4, 4, 4, 4, 4, 4, 4, 4, 4, 4,
       4, 4, 4, 4, 4, 4, 4, 4]), array([4, 4, 4, 4, 3, 4, 4, 4, 4, 4, 4, 4, 4, 4, 4, 4, 4, 4, 4, 4, 4, 4, 4,
       4, 4, 4, 4, 4, 4, 4, 4, 4, 4, 4, 4, 4, 4, 4, 4, 4, 4, 4, 4, 4, 4, 4,
       4, 4, 4, 4, 4, 4, 4, 4, 4, 4, 4, 4, 4, 4, 4, 4, 4, 4, 4, 4, 4, 4, 4,
       4, 4, 4, 4, 3, 4, 4, 4]), array([4, 4, 4, 4, 3, 4, 4, 4, 4, 2, 4, 4, 4, 4, 4, 4, 4, 4, 4, 4, 4, 4, 4,
       4, 3, 4, 4, 4, 4, 4, 4, 4, 4, 4, 4, 4, 4, 4, 4, 4, 4, 4, 4, 4, 4, 4,
       4, 4, 4, 4, 4, 4, 3, 4, 4, 4, 4, 4, 4, 4, 4, 4, 4, 4, 4, 4, 4, 4, 4,
       4, 2, 4, 4, 3, 4, 4, 4]), array([4, 4, 4, 4, 3, 4, 4, 4, 4, 4, 3, 4, 4, 4, 4, 4, 4, 4, 4, 4, 4, 4, 4,
       4, 3, 4, 4, 4, 4, 4, 4, 4, 4, 4, 4, 4, 4, 4, 4, 4, 4, 4, 4, 4, 4, 4,
       4, 4, 4, 4, 4, 4, 3, 4, 4, 4, 4, 4, 4, 4, 4, 4, 4, 4, 4, 4, 4, 4, 4,
       4, 2, 4, 4, 3, 4, 4, 4])]
iter=800 : Reward: -757.365173
iter=800 : Reward: -10.340349
Predict x average: 60.254623
Target x average: 68.833336
[array([2, 2, 2, 2, 2, 2, 2, 4, 4, 2, 2, 2, 2, 4, 2, 2, 2, 2, 4, 2, 2, 2, 2,
       2, 2, 2, 2, 2, 2, 2, 4, 2, 2, 2, 2, 4, 2, 2, 2, 2, 2, 2, 2, 2, 2, 2,
       2, 2, 2, 2, 2, 2, 2, 2, 2, 4, 4, 4, 2, 4, 2, 2, 2, 2, 2, 2, 2, 2, 2,
       2, 2, 2, 2, 4, 2, 2, 2]), array([4, 4, 4, 4, 4, 4, 4, 4, 4, 4, 4, 4, 4, 4, 4, 4, 4, 4, 4, 4, 4, 4, 4,
       4, 4, 4, 4, 4, 4, 4, 4, 4, 4, 4, 4, 4, 4, 4, 4, 4, 4, 4, 4, 4, 4, 4,
       4, 4, 4, 4, 4, 4, 4, 4, 4, 4, 4, 4, 4, 4, 4, 4, 4, 4, 4, 4, 4, 4, 4,
       4, 4, 4, 4, 4, 4, 4, 4]), array([4, 4, 4, 4, 4, 4, 4, 4, 4, 4, 4, 4, 4, 4, 4, 4, 4, 4, 4, 4, 3, 4, 4,
       2, 4, 4, 4, 4, 4, 4, 4, 4, 4, 4, 4, 4, 4, 4, 4, 4, 4, 4, 4, 4, 4, 4,
       4, 4, 4, 4, 4, 4, 4, 4, 4, 4, 4, 4, 4, 4, 4, 4, 4, 4, 4, 4, 4, 4, 4,
       4, 4, 4, 4, 4, 4, 4, 4]), array([4, 4, 4, 4, 4, 4, 4, 4, 4, 4, 4, 4, 4, 4, 4, 4, 4, 4, 4, 4, 4, 4, 4,
       4, 4, 4, 4, 4, 4, 4, 4, 4, 4, 4, 4, 4, 4, 4, 4, 4, 4, 4, 4, 4, 4, 4,
       4, 4, 4, 4, 4, 4, 4, 4, 4, 4, 4, 4, 3, 4, 4, 4, 4, 4, 4, 4, 4, 4, 4,
       4, 4, 4, 4, 4, 3, 4, 4]), array([4, 4, 4, 3, 4, 2, 4, 4, 4, 4, 4, 4, 4, 4, 4, 4, 4, 4, 4, 4, 4, 4, 4,
       4, 4, 4, 4, 4, 4, 4, 4, 4, 4, 4, 4, 4, 4, 4, 4, 4, 4, 4, 4, 4, 4, 4,
       4, 4, 4, 4, 4, 4, 4, 4, 4, 4, 4, 4, 3, 4, 4, 4, 4, 3, 4, 4, 4, 4, 4,
       4, 4, 4, 4, 4, 3, 4, 4]), array([3, 4, 4, 3, 4, 4, 4, 4, 4, 4, 4, 4, 4, 4, 4, 4, 4, 4, 4, 4, 4, 4, 4,
       4, 4, 4, 4, 4, 4, 4, 4, 4, 4, 4, 4, 4, 4, 4, 4, 3, 4, 4, 4, 4, 4, 4,
       4, 4, 4, 4, 4, 4, 4, 4, 4, 3, 4, 4, 3, 4, 4, 4, 4, 3, 4, 4, 4, 4, 4,
       4, 4, 4, 4, 4, 3, 4, 4])]
iter=900 : Reward: -769.449280
iter=900 : Reward: -10.648434
Predict x average: 57.317192
Target x average: 47.000004
[array([4, 4, 2, 2, 2, 2, 2, 2, 2, 2, 4, 2, 2, 2, 2, 2, 2, 2, 2, 4, 2, 2, 2,
       2, 2, 2, 2, 2, 2, 2, 2, 2, 4, 2, 2, 2, 2, 2, 2, 2, 2, 2, 4, 4, 2, 2,
       2, 2, 2, 2, 2, 2, 2, 2, 2, 2, 2, 2, 2, 4, 2, 2, 2, 2, 2, 2, 4, 2, 2,
       2, 4, 2, 2, 2, 2, 2, 4]), array([4, 4, 4, 4, 4, 4, 4, 4, 4, 4, 4, 4, 4, 4, 4, 4, 4, 4, 4, 4, 4, 4, 4,
       4, 4, 4, 4, 4, 4, 4, 4, 4, 4, 4, 4, 4, 4, 4, 4, 4, 4, 4, 4, 4, 4, 4,
       4, 4, 4, 4, 4, 4, 4, 4, 4, 4, 4, 4, 4, 4, 4, 4, 4, 4, 4, 4, 4, 4, 4,
       4, 4, 4, 4, 4, 4, 4, 4]), array([4, 4, 4, 4, 4, 4, 4, 4, 4, 4, 4, 4, 4, 4, 4, 4, 4, 4, 4, 4, 4, 4, 4,
       4, 4, 4, 4, 4, 4, 4, 4, 4, 4, 4, 4, 4, 4, 4, 4, 4, 4, 4, 4, 4, 4, 4,
       4, 4, 4, 4, 4, 4, 4, 4, 4, 4, 4, 4, 4, 4, 4, 4, 4, 4, 4, 4, 4, 4, 4,
       4, 4, 4, 4, 4, 4, 4, 4]), array([4, 4, 4, 4, 4, 4, 4, 4, 4, 4, 4, 4, 4, 4, 4, 4, 4, 4, 4, 4, 4, 4, 4,
       4, 4, 4, 4, 4, 4, 3, 4, 4, 4, 4, 4, 4, 4, 4, 4, 4, 4, 4, 4, 4, 4, 4,
       4, 4, 4, 4, 4, 4, 4, 4, 4, 4, 4, 4, 4, 4, 4, 4, 3, 4, 4, 4, 4, 4, 4,
       4, 4, 4, 4, 4, 4, 4, 4]), array([4, 4, 4, 4, 4, 4, 3, 4, 4, 4, 4, 4, 4, 4, 4, 4, 4, 4, 4, 4, 4, 4, 4,
       4, 4, 4, 4, 4, 4, 3, 4, 4, 4, 4, 4, 4, 4, 4, 4, 4, 4, 4, 4, 4, 4, 4,
       4, 4, 4, 4, 4, 4, 4, 4, 4, 4, 4, 4, 4, 4, 4, 4, 3, 4, 4, 4, 4, 4, 4,
       4, 4, 4, 4, 4, 4, 4, 4]), array([4, 4, 4, 4, 4, 4, 3, 4, 4, 4, 4, 4, 4, 4, 4, 4, 4, 4, 4, 4, 4, 4, 4,
       4, 4, 4, 4, 4, 4, 3, 4, 4, 4, 4, 4, 4, 4, 4, 2, 4, 4, 4, 4, 4, 4, 4,
       4, 4, 4, 4, 4, 4, 4, 4, 4, 4, 4, 4, 4, 4, 4, 4, 3, 4, 4, 4, 4, 4, 4,
       4, 4, 4, 4, 4, 4, 4, 4])]
iter=1000 : Reward: -741.020874
iter=1000 : Reward: -10.041120
Predict x average: 61.323898
Target x average: 64.666672
POSITION ACCURACY: -741.03889953
COUNT ACCURACY: 0.112029721404
Model saved in file: model_runs/sensical_count_teacher/classifymodel_1000.ckpt
--- 282.083645 CPU seconds ---
[array([2, 2, 2, 2, 4, 2, 2, 2, 2, 2, 2, 2, 2, 2, 2, 2, 2, 2, 2, 4, 2, 2, 2,
       2, 2, 2, 2, 2, 2, 2, 2, 2, 2, 2, 4, 2, 4, 2, 2, 2, 2, 2, 2, 2, 2, 2,
       2, 2, 2, 2, 2, 2, 2, 2, 2, 4, 2, 2, 2, 2, 2, 2, 2, 2, 2, 2, 2, 2, 2,
       2, 2, 4, 2, 2, 2, 2, 2]), array([4, 4, 4, 4, 4, 4, 4, 4, 4, 4, 4, 4, 4, 4, 4, 4, 4, 4, 4, 4, 4, 4, 4,
       4, 4, 4, 4, 4, 4, 4, 4, 4, 4, 4, 4, 4, 4, 4, 4, 4, 4, 4, 4, 4, 4, 4,
       4, 4, 4, 4, 4, 4, 4, 4, 4, 4, 4, 4, 4, 4, 4, 4, 4, 4, 4, 4, 4, 4, 4,
       4, 4, 4, 4, 4, 4, 4, 4]), array([4, 4, 4, 2, 4, 4, 4, 4, 4, 4, 4, 4, 4, 4, 4, 4, 4, 4, 2, 4, 4, 4, 4,
       4, 4, 4, 4, 4, 4, 4, 4, 4, 4, 4, 4, 4, 4, 4, 4, 4, 4, 4, 4, 4, 4, 4,
       4, 4, 4, 4, 4, 4, 4, 4, 4, 4, 4, 4, 4, 4, 4, 4, 4, 4, 4, 4, 4, 4, 4,
       4, 4, 4, 4, 4, 4, 4, 4]), array([4, 4, 4, 4, 4, 4, 4, 4, 4, 4, 4, 4, 4, 4, 4, 4, 4, 4, 2, 4, 4, 4, 4,
       4, 4, 4, 4, 4, 4, 4, 4, 4, 4, 4, 4, 4, 4, 4, 4, 4, 4, 4, 4, 4, 4, 4,
       4, 4, 4, 4, 4, 4, 4, 4, 4, 4, 4, 4, 4, 4, 4, 4, 4, 4, 4, 4, 4, 4, 4,
       4, 4, 4, 4, 4, 4, 4, 4]), array([4, 4, 4, 4, 4, 4, 4, 4, 4, 4, 4, 4, 4, 4, 4, 4, 4, 4, 4, 4, 4, 4, 4,
       4, 4, 4, 4, 4, 4, 4, 4, 4, 4, 4, 4, 4, 4, 4, 4, 4, 4, 4, 4, 4, 4, 4,
       4, 4, 4, 4, 4, 4, 4, 4, 3, 4, 4, 4, 4, 4, 4, 4, 4, 4, 4, 4, 4, 4, 4,
       4, 4, 4, 4, 4, 4, 4, 4]), array([4, 4, 4, 4, 4, 4, 4, 4, 4, 4, 3, 4, 4, 4, 4, 4, 4, 4, 4, 4, 4, 4, 4,
       4, 4, 4, 4, 4, 4, 4, 4, 4, 4, 4, 4, 4, 4, 4, 4, 4, 4, 4, 4, 4, 4, 4,
       4, 4, 4, 4, 4, 4, 4, 4, 3, 4, 4, 4, 4, 4, 4, 4, 4, 4, 4, 4, 4, 4, 4,
       4, 4, 4, 4, 4, 4, 4, 4])]
iter=1100 : Reward: -764.826782
iter=1100 : Reward: -10.206543
Predict x average: 58.612141
Target x average: 53.666668
[array([2, 2, 2, 2, 2, 2, 2, 2, 2, 2, 2, 2, 2, 2, 2, 2, 2, 2, 2, 2, 2, 2, 2,
       2, 2, 2, 2, 2, 2, 2, 2, 2, 2, 2, 2, 2, 2, 2, 2, 2, 2, 2, 2, 2, 2, 2,
       2, 2, 2, 2, 2, 2, 2, 2, 2, 2, 2, 2, 2, 2, 2, 2, 2, 2, 2, 2, 2, 2, 2,
       2, 2, 2, 2, 2, 2, 2, 4]), array([4, 4, 4, 4, 4, 4, 4, 4, 4, 4, 4, 4, 4, 4, 4, 4, 4, 4, 4, 4, 4, 4, 4,
       4, 4, 4, 4, 4, 4, 4, 4, 4, 4, 4, 4, 4, 4, 4, 4, 4, 4, 4, 4, 4, 4, 4,
       4, 4, 4, 4, 4, 4, 4, 4, 4, 4, 4, 4, 4, 4, 4, 4, 4, 4, 4, 4, 4, 4, 4,
       4, 4, 4, 4, 4, 4, 4, 4]), array([4, 4, 4, 4, 4, 4, 4, 4, 4, 4, 4, 4, 4, 4, 4, 4, 4, 4, 4, 4, 4, 4, 4,
       4, 4, 4, 4, 4, 4, 4, 4, 4, 4, 4, 4, 4, 4, 4, 4, 4, 4, 4, 4, 4, 4, 4,
       4, 4, 4, 4, 4, 4, 4, 4, 4, 4, 4, 4, 4, 4, 4, 4, 4, 4, 4, 4, 4, 4, 4,
       4, 4, 4, 4, 4, 4, 4, 4]), array([4, 4, 4, 4, 4, 4, 4, 4, 4, 4, 4, 4, 4, 4, 4, 4, 4, 4, 4, 4, 4, 4, 4,
       4, 4, 4, 4, 4, 4, 4, 4, 4, 4, 3, 4, 4, 4, 4, 4, 4, 4, 4, 4, 4, 4, 4,
       4, 4, 4, 4, 4, 4, 4, 4, 4, 4, 4, 4, 4, 4, 4, 4, 4, 4, 4, 3, 4, 4, 4,
       4, 4, 4, 4, 4, 4, 4, 4]), array([2, 4, 4, 4, 4, 4, 4, 4, 4, 4, 4, 4, 4, 4, 4, 4, 4, 4, 4, 4, 4, 4, 4,
       4, 4, 4, 4, 4, 4, 4, 4, 4, 4, 3, 2, 4, 4, 4, 4, 4, 4, 4, 3, 2, 4, 4,
       4, 2, 2, 4, 2, 4, 4, 4, 4, 4, 2, 4, 2, 4, 2, 4, 4, 4, 4, 3, 4, 4, 4,
       4, 4, 4, 2, 4, 2, 4, 4]), array([4, 4, 4, 4, 4, 4, 4, 4, 4, 4, 4, 4, 4, 4, 4, 4, 4, 4, 4, 4, 4, 4, 4,
       4, 3, 4, 4, 4, 4, 4, 4, 4, 4, 3, 4, 4, 4, 3, 4, 4, 4, 4, 3, 2, 4, 4,
       4, 2, 4, 4, 2, 4, 4, 4, 4, 4, 2, 4, 4, 2, 2, 4, 4, 4, 4, 3, 4, 4, 4,
       4, 4, 4, 4, 4, 4, 4, 4])]
iter=1200 : Reward: -731.292847
iter=1200 : Reward: -10.698050
Predict x average: 62.170364
Target x average: 66.833336
[array([2, 2, 2, 2, 2, 2, 2, 2, 2, 2, 2, 2, 2, 2, 2, 2, 2, 2, 2, 2, 2, 2, 2,
       2, 2, 2, 2, 2, 2, 2, 2, 2, 2, 2, 2, 2, 2, 2, 2, 2, 2, 2, 2, 2, 2, 2,
       2, 2, 2, 2, 2, 2, 2, 2, 2, 2, 2, 2, 2, 2, 2, 4, 2, 2, 2, 2, 2, 2, 2,
       2, 2, 2, 2, 2, 2, 2, 2]), array([4, 4, 4, 4, 4, 4, 4, 4, 4, 4, 4, 4, 4, 4, 4, 4, 4, 4, 4, 4, 4, 4, 4,
       4, 4, 4, 4, 4, 4, 4, 4, 4, 4, 4, 4, 4, 4, 4, 4, 4, 4, 4, 4, 4, 4, 4,
       4, 4, 4, 4, 4, 4, 4, 4, 4, 4, 4, 4, 4, 4, 4, 4, 4, 4, 4, 4, 4, 4, 4,
       4, 4, 4, 4, 4, 4, 4, 4]), array([4, 4, 4, 4, 4, 4, 4, 4, 4, 4, 4, 4, 4, 4, 4, 4, 4, 4, 4, 4, 4, 4, 4,
       4, 4, 4, 4, 4, 4, 4, 4, 4, 2, 4, 4, 4, 4, 4, 4, 4, 4, 4, 4, 4, 4, 4,
       4, 4, 4, 4, 4, 4, 4, 4, 4, 4, 4, 4, 4, 4, 4, 4, 4, 4, 4, 4, 4, 4, 4,
       4, 4, 4, 4, 4, 4, 4, 4]), array([4, 4, 4, 4, 4, 4, 4, 4, 4, 4, 4, 4, 4, 4, 4, 4, 4, 4, 4, 4, 4, 4, 4,
       4, 4, 4, 4, 4, 4, 4, 3, 4, 4, 4, 4, 4, 4, 4, 4, 4, 4, 4, 4, 4, 4, 4,
       4, 4, 4, 4, 4, 4, 4, 4, 4, 4, 4, 4, 4, 4, 4, 4, 4, 4, 4, 4, 4, 4, 4,
       4, 4, 4, 4, 4, 4, 4, 4]), array([4, 4, 4, 4, 4, 4, 4, 4, 4, 4, 2, 2, 4, 4, 4, 4, 4, 4, 4, 4, 4, 4, 2,
       4, 2, 4, 4, 2, 4, 2, 3, 4, 4, 4, 4, 4, 4, 2, 4, 4, 4, 4, 2, 4, 4, 4,
       4, 4, 2, 4, 4, 2, 2, 4, 4, 4, 4, 4, 4, 2, 4, 2, 4, 4, 4, 4, 4, 4, 2,
       4, 4, 4, 2, 4, 4, 4, 4]), array([4, 4, 4, 4, 4, 3, 4, 4, 4, 4, 4, 2, 4, 4, 4, 4, 4, 4, 4, 4, 4, 4, 2,
       4, 2, 4, 4, 4, 4, 4, 3, 4, 4, 4, 4, 4, 4, 2, 4, 4, 4, 4, 4, 4, 4, 4,
       4, 4, 2, 4, 4, 2, 4, 4, 4, 4, 4, 4, 4, 4, 4, 4, 4, 4, 4, 4, 4, 4, 4,
       4, 4, 4, 2, 3, 4, 4, 3])]
iter=1300 : Reward: -771.281799
iter=1300 : Reward: -10.528137
Predict x average: 67.577934
Target x average: 63.000000
[array([2, 2, 2, 2, 2, 2, 2, 2, 2, 2, 2, 2, 2, 4, 2, 2, 2, 2, 2, 2, 2, 2, 2,
       2, 2, 2, 2, 2, 2, 2, 2, 2, 2, 2, 2, 2, 2, 2, 2, 2, 2, 2, 2, 2, 2, 2,
       2, 2, 2, 2, 2, 2, 2, 2, 2, 2, 2, 2, 2, 2, 2, 2, 2, 2, 2, 2, 2, 2, 2,
       2, 2, 2, 2, 2, 2, 2, 2]), array([4, 4, 4, 4, 4, 4, 4, 4, 4, 4, 4, 4, 4, 4, 4, 4, 4, 4, 4, 4, 4, 4, 4,
       4, 4, 4, 4, 4, 4, 4, 4, 4, 4, 4, 4, 4, 4, 4, 4, 4, 4, 4, 4, 4, 4, 4,
       4, 4, 4, 4, 4, 4, 4, 4, 4, 4, 4, 4, 4, 4, 4, 4, 4, 4, 4, 4, 4, 4, 4,
       4, 4, 4, 4, 4, 4, 4, 4]), array([4, 4, 4, 4, 4, 4, 4, 4, 4, 4, 4, 4, 4, 4, 4, 4, 4, 4, 4, 4, 4, 4, 4,
       4, 4, 4, 4, 4, 4, 4, 4, 4, 4, 4, 4, 4, 4, 4, 4, 4, 4, 4, 4, 4, 4, 4,
       4, 4, 4, 4, 4, 4, 4, 4, 4, 4, 4, 4, 4, 4, 4, 3, 4, 4, 4, 4, 4, 4, 4,
       4, 4, 4, 4, 4, 4, 4, 4]), array([4, 4, 4, 4, 4, 4, 4, 4, 4, 4, 4, 3, 4, 4, 4, 2, 4, 4, 4, 4, 4, 4, 4,
       4, 4, 4, 4, 4, 4, 4, 4, 4, 4, 4, 4, 2, 4, 4, 4, 4, 4, 4, 4, 4, 4, 4,
       4, 4, 4, 4, 4, 4, 4, 4, 4, 4, 4, 4, 4, 4, 4, 3, 4, 4, 4, 4, 4, 4, 4,
       4, 4, 4, 4, 4, 4, 2, 4]), array([4, 4, 4, 4, 4, 4, 4, 2, 4, 2, 4, 3, 4, 4, 4, 2, 2, 2, 2, 4, 2, 3, 2,
       2, 2, 2, 4, 2, 2, 2, 4, 2, 4, 4, 4, 2, 4, 4, 4, 4, 4, 2, 4, 4, 2, 2,
       2, 2, 4, 4, 4, 4, 4, 4, 4, 2, 4, 4, 4, 4, 2, 3, 2, 4, 2, 2, 4, 2, 4,
       2, 2, 2, 4, 2, 4, 2, 2]), array([4, 4, 4, 4, 4, 4, 4, 4, 4, 4, 4, 3, 4, 4, 4, 2, 4, 4, 4, 4, 4, 3, 4,
       4, 2, 2, 4, 4, 4, 2, 4, 2, 4, 4, 4, 2, 4, 4, 4, 4, 4, 2, 4, 4, 4, 4,
       2, 2, 4, 4, 4, 4, 4, 4, 4, 4, 4, 4, 4, 4, 4, 3, 4, 4, 2, 4, 4, 4, 4,
       4, 4, 2, 4, 4, 4, 2, 4])]
iter=1400 : Reward: -779.422119
iter=1400 : Reward: -10.287560
Predict x average: 52.821445
Target x average: 58.666668
[array([2, 2, 2, 2, 2, 2, 2, 2, 2, 2, 2, 2, 2, 2, 2, 2, 2, 2, 2, 2, 2, 2, 2,
       2, 2, 2, 2, 2, 2, 2, 2, 2, 2, 2, 2, 2, 2, 2, 2, 2, 2, 2, 2, 2, 2, 2,
       2, 2, 2, 2, 2, 2, 2, 2, 2, 2, 2, 2, 2, 2, 2, 2, 2, 2, 2, 2, 2, 2, 2,
       2, 2, 2, 2, 2, 2, 2, 2]), array([4, 4, 4, 4, 4, 4, 4, 4, 4, 4, 4, 4, 4, 4, 4, 4, 4, 4, 4, 4, 4, 4, 4,
       4, 4, 4, 4, 4, 4, 4, 4, 4, 4, 4, 4, 4, 4, 4, 4, 4, 4, 4, 4, 4, 4, 4,
       4, 4, 4, 4, 4, 4, 4, 4, 4, 4, 4, 4, 4, 4, 4, 4, 4, 4, 4, 4, 4, 4, 4,
       4, 4, 4, 4, 4, 4, 4, 4]), array([4, 4, 4, 4, 4, 4, 4, 4, 4, 4, 4, 4, 4, 4, 4, 4, 4, 4, 4, 4, 4, 4, 4,
       4, 4, 4, 4, 4, 4, 4, 4, 4, 4, 4, 4, 4, 4, 4, 3, 4, 4, 4, 4, 3, 4, 4,
       4, 4, 4, 4, 4, 4, 4, 4, 4, 4, 4, 4, 4, 4, 4, 2, 4, 4, 4, 4, 4, 4, 4,
       4, 4, 4, 4, 4, 4, 4, 4]), array([4, 4, 4, 4, 4, 4, 4, 4, 4, 3, 4, 4, 4, 2, 4, 4, 4, 4, 4, 4, 4, 4, 4,
       4, 4, 4, 4, 4, 4, 4, 4, 4, 4, 4, 4, 4, 4, 4, 4, 4, 4, 4, 4, 4, 4, 4,
       4, 4, 4, 4, 4, 4, 4, 4, 4, 3, 4, 4, 4, 4, 4, 4, 4, 4, 4, 4, 4, 4, 4,
       4, 2, 2, 4, 4, 4, 4, 4]), array([4, 2, 4, 2, 4, 4, 2, 2, 2, 3, 2, 4, 4, 2, 4, 4, 2, 4, 4, 2, 2, 2, 4,
       4, 2, 4, 2, 4, 4, 4, 4, 4, 2, 4, 4, 4, 4, 2, 4, 4, 4, 4, 2, 4, 4, 2,
       4, 4, 4, 4, 2, 4, 2, 4, 2, 3, 2, 2, 2, 2, 4, 4, 2, 4, 4, 2, 4, 2, 2,
       4, 2, 2, 4, 4, 2, 2, 4]), array([4, 2, 4, 4, 4, 4, 2, 2, 4, 3, 4, 4, 4, 2, 4, 4, 4, 4, 4, 4, 4, 2, 4,
       4, 2, 4, 4, 4, 4, 4, 4, 4, 4, 3, 4, 4, 4, 2, 4, 4, 4, 4, 2, 4, 4, 2,
       4, 4, 4, 4, 4, 4, 4, 4, 2, 3, 2, 4, 2, 4, 4, 3, 4, 4, 4, 2, 4, 2, 2,
       4, 4, 2, 4, 4, 2, 4, 4])]
iter=1500 : Reward: -750.859741
iter=1500 : Reward: -10.275776
Predict x average: 65.377701
Target x average: 54.166668
[array([2, 2, 2, 2, 2, 2, 2, 2, 2, 2, 2, 2, 2, 2, 2, 2, 2, 2, 2, 2, 2, 2, 2,
       2, 2, 2, 2, 2, 2, 2, 2, 2, 2, 2, 2, 2, 2, 2, 2, 2, 2, 2, 2, 2, 2, 2,
       2, 2, 2, 2, 2, 2, 2, 2, 2, 2, 2, 2, 2, 2, 2, 2, 2, 2, 2, 2, 2, 2, 2,
       2, 2, 2, 2, 2, 2, 2, 2]), array([2, 4, 4, 4, 4, 4, 4, 4, 4, 4, 4, 4, 4, 4, 4, 4, 4, 4, 4, 4, 4, 4, 4,
       4, 4, 4, 4, 4, 4, 4, 4, 4, 4, 2, 4, 4, 4, 4, 4, 2, 4, 4, 4, 4, 4, 4,
       4, 4, 4, 4, 4, 4, 4, 4, 4, 4, 4, 4, 4, 4, 4, 4, 4, 4, 4, 4, 4, 4, 4,
       4, 4, 4, 4, 4, 4, 4, 4]), array([4, 4, 4, 4, 4, 4, 4, 4, 4, 4, 4, 4, 4, 4, 4, 4, 4, 4, 4, 4, 4, 2, 4,
       4, 4, 2, 4, 4, 4, 4, 4, 4, 4, 2, 4, 4, 4, 4, 4, 2, 4, 4, 4, 4, 4, 4,
       4, 4, 4, 4, 4, 4, 4, 4, 4, 4, 4, 4, 4, 4, 4, 4, 2, 4, 4, 4, 4, 4, 4,
       4, 2, 4, 4, 4, 4, 4, 4]), array([4, 4, 4, 4, 4, 4, 4, 4, 4, 4, 4, 2, 4, 4, 4, 4, 4, 4, 4, 4, 4, 4, 4,
       4, 4, 2, 4, 4, 4, 4, 4, 2, 4, 2, 4, 4, 4, 4, 4, 2, 4, 4, 4, 4, 4, 4,
       4, 4, 4, 4, 2, 4, 4, 4, 2, 4, 4, 4, 4, 4, 4, 4, 4, 4, 4, 4, 2, 4, 4,
       4, 4, 4, 4, 4, 4, 4, 4]), array([2, 2, 4, 4, 4, 4, 4, 4, 2, 2, 2, 2, 4, 2, 4, 2, 4, 2, 2, 4, 4, 2, 2,
       2, 2, 2, 4, 2, 4, 2, 2, 2, 4, 2, 2, 4, 4, 4, 4, 2, 3, 4, 3, 4, 4, 2,
       2, 2, 2, 4, 2, 4, 2, 4, 2, 4, 4, 2, 4, 2, 4, 2, 2, 2, 2, 2, 2, 4, 2,
       4, 4, 4, 2, 4, 2, 4, 2]), array([4, 4, 4, 4, 4, 4, 4, 4, 2, 2, 2, 2, 4, 4, 4, 4, 4, 4, 2, 4, 4, 2, 2,
       2, 2, 2, 4, 4, 4, 2, 4, 2, 4, 4, 2, 4, 4, 4, 4, 2, 3, 4, 3, 4, 4, 2,
       4, 4, 2, 4, 2, 4, 2, 4, 2, 4, 4, 4, 4, 4, 4, 4, 2, 2, 2, 2, 2, 4, 2,
       4, 4, 4, 4, 4, 4, 4, 4])]
iter=1600 : Reward: -722.538696
iter=1600 : Reward: -10.393259
Predict x average: 61.794689
Target x average: 57.000004
[array([2, 2, 2, 2, 2, 2, 2, 2, 2, 2, 2, 2, 2, 2, 2, 2, 2, 2, 2, 2, 2, 2, 2,
       2, 2, 2, 2, 2, 2, 2, 2, 2, 2, 2, 2, 2, 2, 2, 2, 2, 2, 2, 2, 2, 2, 2,
       2, 2, 2, 2, 2, 2, 2, 2, 2, 2, 2, 2, 2, 2, 2, 2, 2, 2, 2, 2, 2, 2, 2,
       2, 2, 2, 2, 2, 2, 2, 2]), array([4, 4, 4, 4, 4, 4, 4, 4, 4, 4, 4, 4, 4, 4, 4, 4, 4, 4, 4, 4, 4, 4, 4,
       4, 4, 4, 4, 4, 4, 4, 4, 4, 4, 4, 4, 4, 4, 4, 4, 4, 4, 4, 4, 4, 4, 4,
       4, 4, 4, 4, 4, 4, 4, 4, 4, 4, 4, 4, 4, 4, 4, 4, 4, 4, 4, 4, 4, 4, 4,
       4, 4, 4, 4, 4, 4, 2, 4]), array([4, 3, 4, 4, 4, 4, 4, 4, 4, 2, 4, 4, 2, 2, 2, 4, 4, 4, 4, 4, 4, 4, 4,
       4, 4, 4, 4, 4, 2, 4, 4, 4, 4, 4, 4, 4, 4, 4, 4, 4, 4, 4, 4, 4, 4, 4,
       4, 4, 3, 4, 4, 4, 4, 4, 4, 4, 4, 3, 4, 4, 4, 4, 4, 4, 2, 4, 4, 4, 4,
       4, 2, 4, 4, 4, 2, 4, 4]), array([4, 4, 4, 4, 4, 4, 4, 4, 4, 2, 4, 4, 2, 2, 2, 4, 4, 4, 4, 4, 4, 4, 4,
       4, 4, 4, 4, 4, 2, 4, 4, 4, 4, 4, 4, 4, 4, 4, 4, 4, 4, 4, 4, 4, 4, 4,
       4, 4, 4, 4, 4, 4, 4, 3, 4, 4, 2, 3, 4, 4, 4, 4, 4, 4, 4, 4, 4, 4, 4,
       4, 2, 4, 4, 4, 2, 4, 4]), array([2, 4, 4, 2, 2, 2, 4, 2, 2, 2, 2, 4, 4, 2, 2, 2, 2, 2, 2, 2, 2, 2, 4,
       2, 2, 2, 3, 2, 4, 4, 2, 4, 4, 2, 4, 2, 2, 2, 2, 4, 2, 2, 2, 4, 2, 2,
       4, 4, 4, 4, 4, 2, 2, 3, 2, 4, 2, 3, 2, 4, 2, 2, 4, 2, 2, 2, 4, 2, 4,
       4, 2, 4, 2, 2, 2, 4, 4]), array([4, 4, 4, 2, 4, 4, 4, 4, 2, 2, 2, 4, 4, 2, 2, 2, 4, 2, 2, 2, 2, 2, 4,
       4, 2, 2, 3, 2, 4, 4, 4, 4, 4, 2, 4, 4, 2, 2, 4, 4, 2, 4, 4, 4, 4, 2,
       4, 3, 4, 4, 4, 4, 2, 3, 2, 4, 2, 3, 2, 4, 2, 2, 4, 2, 2, 4, 4, 4, 4,
       4, 2, 4, 2, 2, 2, 4, 4])]
iter=1700 : Reward: -711.591064
iter=1700 : Reward: -10.190317
Predict x average: 61.204132
Target x average: 61.833336
[array([2, 2, 2, 2, 2, 2, 2, 2, 2, 2, 2, 2, 2, 2, 2, 2, 2, 2, 2, 2, 2, 2, 2,
       2, 2, 2, 2, 2, 2, 2, 2, 2, 2, 2, 2, 2, 2, 2, 2, 2, 2, 2, 2, 2, 2, 2,
       2, 2, 2, 2, 2, 2, 2, 2, 2, 2, 2, 2, 2, 2, 2, 2, 2, 2, 2, 2, 2, 2, 2,
       2, 2, 2, 2, 2, 2, 2, 2]), array([4, 4, 4, 4, 4, 2, 2, 4, 4, 4, 4, 4, 4, 4, 4, 4, 4, 4, 4, 4, 4, 4, 4,
       4, 4, 4, 4, 4, 4, 4, 4, 4, 4, 4, 4, 4, 4, 4, 4, 4, 4, 4, 4, 4, 4, 4,
       4, 4, 4, 4, 4, 4, 4, 4, 4, 4, 4, 4, 4, 4, 4, 4, 4, 4, 4, 4, 4, 4, 4,
       4, 4, 4, 4, 4, 4, 4, 4]), array([4, 4, 4, 4, 4, 2, 2, 4, 4, 4, 4, 4, 4, 4, 4, 4, 4, 4, 4, 4, 4, 4, 4,
       4, 4, 4, 4, 4, 4, 4, 4, 4, 4, 4, 4, 4, 2, 4, 4, 4, 4, 4, 4, 4, 4, 4,
       4, 4, 4, 4, 4, 4, 4, 4, 4, 4, 4, 2, 4, 4, 4, 4, 4, 4, 4, 4, 4, 4, 4,
       4, 4, 4, 4, 4, 4, 4, 4]), array([4, 2, 4, 4, 4, 4, 4, 4, 4, 4, 4, 4, 4, 4, 4, 4, 4, 4, 4, 4, 4, 4, 4,
       4, 4, 4, 4, 4, 4, 4, 4, 4, 4, 4, 4, 4, 2, 4, 2, 4, 4, 4, 4, 4, 4, 4,
       4, 4, 4, 4, 4, 4, 4, 4, 4, 4, 4, 2, 4, 2, 4, 4, 4, 4, 4, 4, 4, 4, 2,
       4, 4, 4, 4, 2, 4, 4, 4]), array([2, 2, 2, 2, 4, 4, 4, 2, 2, 4, 2, 4, 2, 4, 2, 4, 2, 2, 4, 4, 4, 2, 2,
       4, 4, 2, 4, 4, 4, 2, 4, 2, 4, 2, 2, 4, 2, 4, 2, 4, 4, 2, 2, 2, 4, 2,
       4, 4, 4, 2, 4, 2, 4, 4, 4, 2, 2, 2, 2, 2, 2, 2, 2, 2, 4, 4, 2, 2, 2,
       2, 4, 4, 4, 2, 2, 4, 2]), array([4, 2, 4, 4, 4, 4, 4, 2, 2, 4, 4, 4, 2, 4, 2, 4, 2, 2, 4, 4, 4, 4, 2,
       4, 4, 2, 4, 4, 4, 2, 4, 4, 4, 4, 4, 4, 2, 4, 2, 4, 4, 2, 2, 4, 4, 2,
       4, 4, 4, 2, 2, 4, 4, 4, 4, 2, 2, 2, 2, 2, 2, 4, 2, 2, 4, 4, 4, 2, 2,
       2, 4, 4, 4, 2, 4, 4, 4])]
iter=1800 : Reward: -686.879211
iter=1800 : Reward: -9.844067
Predict x average: 58.466496
Target x average: 69.333336
[array([2, 2, 2, 2, 2, 2, 2, 2, 2, 2, 2, 2, 2, 2, 2, 2, 2, 2, 2, 2, 2, 2, 2,
       2, 2, 2, 2, 2, 2, 2, 2, 2, 2, 2, 2, 2, 2, 2, 2, 2, 2, 2, 2, 2, 2, 2,
       2, 2, 2, 2, 2, 2, 2, 2, 2, 2, 2, 2, 2, 2, 2, 2, 2, 2, 2, 2, 2, 2, 2,
       2, 2, 2, 2, 2, 2, 2, 2]), array([2, 4, 2, 4, 4, 4, 4, 4, 4, 4, 4, 4, 4, 4, 4, 4, 4, 4, 4, 4, 4, 4, 4,
       4, 4, 4, 4, 4, 4, 4, 4, 4, 4, 4, 4, 2, 2, 4, 4, 4, 4, 4, 4, 2, 4, 4,
       4, 4, 4, 4, 4, 4, 4, 4, 4, 4, 4, 4, 4, 4, 4, 4, 4, 4, 4, 4, 2, 4, 4,
       4, 4, 4, 2, 4, 4, 4, 4]), array([2, 4, 2, 4, 4, 4, 4, 4, 4, 4, 4, 4, 4, 4, 4, 4, 4, 4, 4, 4, 4, 4, 4,
       4, 4, 2, 4, 4, 4, 4, 4, 4, 4, 4, 4, 2, 4, 4, 4, 4, 4, 4, 3, 2, 4, 2,
       4, 4, 4, 4, 3, 4, 4, 2, 4, 4, 4, 4, 4, 4, 4, 4, 4, 4, 4, 4, 4, 4, 4,
       4, 4, 4, 2, 2, 4, 4, 4]), array([2, 4, 2, 4, 4, 4, 4, 3, 4, 4, 4, 4, 4, 4, 4, 4, 4, 4, 4, 4, 4, 4, 4,
       4, 4, 2, 4, 4, 4, 4, 4, 4, 2, 4, 4, 2, 4, 4, 4, 4, 4, 4, 4, 4, 4, 4,
       4, 4, 4, 4, 4, 4, 4, 4, 4, 4, 4, 4, 4, 4, 4, 4, 4, 4, 4, 4, 4, 2, 4,
       4, 4, 4, 2, 2, 4, 4, 4]), array([2, 2, 2, 2, 4, 2, 2, 3, 4, 4, 2, 4, 2, 2, 4, 4, 4, 4, 2, 2, 2, 2, 2,
       2, 2, 2, 2, 4, 4, 2, 2, 2, 2, 2, 2, 4, 2, 4, 4, 2, 2, 4, 4, 2, 2, 4,
       2, 4, 4, 2, 4, 4, 2, 4, 2, 2, 2, 2, 4, 3, 4, 2, 4, 4, 2, 3, 2, 2, 2,
       2, 2, 2, 2, 2, 2, 4, 2]), array([4, 2, 2, 2, 3, 2, 2, 3, 4, 4, 4, 4, 2, 2, 4, 4, 4, 4, 2, 2, 2, 2, 2,
       2, 2, 2, 2, 4, 4, 4, 4, 2, 2, 2, 2, 4, 2, 4, 4, 2, 2, 4, 4, 2, 2, 4,
       4, 4, 4, 2, 4, 3, 2, 4, 2, 2, 4, 4, 4, 3, 4, 4, 4, 4, 2, 3, 4, 2, 2,
       2, 2, 2, 2, 2, 4, 3, 2])]
iter=1900 : Reward: -721.881531
iter=1900 : Reward: -10.320846
Predict x average: 34.037281
Target x average: 41.500000
[array([2, 2, 2, 2, 2, 2, 2, 2, 2, 2, 2, 2, 2, 2, 2, 2, 2, 2, 2, 2, 2, 2, 2,
       2, 2, 2, 2, 2, 2, 2, 2, 2, 2, 2, 2, 2, 2, 2, 2, 2, 2, 2, 2, 2, 2, 2,
       2, 2, 2, 2, 2, 2, 2, 2, 2, 2, 2, 2, 2, 2, 2, 2, 2, 2, 2, 2, 2, 2, 2,
       2, 2, 2, 2, 2, 2, 2, 2]), array([4, 4, 4, 4, 4, 4, 4, 4, 4, 4, 2, 4, 4, 4, 4, 4, 4, 4, 4, 4, 4, 4, 4,
       4, 4, 4, 4, 4, 4, 4, 4, 4, 4, 4, 4, 4, 4, 4, 4, 4, 4, 4, 4, 4, 4, 2,
       4, 4, 4, 2, 4, 4, 4, 2, 4, 4, 4, 4, 4, 4, 4, 4, 4, 4, 4, 4, 4, 4, 4,
       4, 4, 4, 4, 4, 4, 4, 4]), array([4, 3, 4, 4, 4, 4, 4, 4, 4, 4, 4, 3, 3, 4, 4, 4, 2, 4, 4, 4, 4, 3, 4,
       4, 4, 4, 4, 4, 3, 4, 4, 4, 4, 4, 3, 4, 4, 4, 3, 4, 4, 4, 4, 4, 4, 2,
       2, 4, 4, 2, 3, 4, 4, 2, 4, 4, 4, 4, 4, 4, 4, 4, 4, 2, 4, 4, 4, 4, 2,
       4, 4, 4, 4, 4, 4, 3, 2]), array([4, 4, 4, 4, 4, 4, 4, 4, 4, 4, 4, 4, 4, 4, 4, 2, 2, 4, 4, 4, 4, 4, 4,
       4, 2, 4, 4, 4, 4, 4, 2, 4, 4, 4, 4, 4, 4, 4, 4, 4, 4, 4, 4, 4, 4, 2,
       2, 4, 4, 2, 3, 4, 4, 2, 4, 4, 4, 4, 4, 4, 4, 4, 4, 2, 4, 4, 4, 2, 4,
       4, 4, 4, 4, 4, 4, 4, 2]), array([4, 4, 4, 2, 4, 4, 2, 4, 2, 2, 2, 4, 2, 4, 4, 2, 2, 4, 2, 4, 2, 4, 4,
       2, 2, 2, 2, 2, 2, 4, 2, 2, 4, 2, 4, 2, 2, 2, 4, 4, 2, 2, 2, 2, 4, 2,
       2, 2, 2, 2, 3, 4, 2, 2, 2, 2, 4, 4, 2, 4, 2, 4, 2, 2, 4, 4, 4, 2, 4,
       2, 2, 2, 2, 4, 4, 4, 2]), array([3, 4, 4, 2, 4, 4, 2, 4, 4, 4, 2, 4, 4, 4, 4, 2, 2, 4, 2, 4, 4, 4, 4,
       2, 2, 2, 2, 2, 4, 4, 2, 2, 4, 2, 4, 2, 4, 2, 4, 4, 4, 2, 2, 2, 4, 2,
       2, 2, 4, 2, 3, 4, 4, 2, 2, 4, 4, 4, 2, 4, 2, 4, 4, 2, 4, 4, 4, 2, 4,
       2, 2, 4, 4, 4, 4, 4, 2])]
iter=2000 : Reward: -749.527100
iter=2000 : Reward: -10.061238
Predict x average: 40.366962
Target x average: 46.666668
POSITION ACCURACY: -711.016899502
COUNT ACCURACY: 0.0735261289537
Model saved in file: model_runs/sensical_count_teacher/classifymodel_2000.ckpt
--- 386.838267 CPU seconds ---
[array([2, 2, 2, 2, 2, 2, 2, 2, 2, 2, 2, 2, 2, 2, 2, 2, 2, 2, 2, 2, 2, 2, 2,
       2, 2, 2, 2, 2, 2, 2, 2, 2, 2, 2, 2, 2, 2, 2, 2, 2, 2, 2, 2, 2, 2, 2,
       2, 2, 2, 2, 2, 2, 2, 2, 2, 2, 2, 2, 2, 2, 2, 2, 2, 2, 2, 2, 2, 2, 2,
       2, 2, 2, 2, 2, 2, 2, 2]), array([4, 4, 4, 2, 4, 4, 4, 4, 4, 4, 4, 4, 4, 4, 4, 4, 4, 4, 4, 4, 2, 4, 4,
       4, 4, 4, 4, 4, 4, 4, 4, 4, 4, 4, 4, 2, 4, 4, 4, 4, 2, 4, 2, 4, 4, 4,
       4, 4, 4, 4, 4, 2, 2, 4, 2, 4, 4, 4, 4, 2, 2, 4, 4, 4, 2, 4, 4, 4, 4,
       4, 4, 4, 4, 4, 4, 4, 4]), array([4, 4, 4, 2, 4, 4, 4, 3, 4, 4, 4, 4, 4, 4, 4, 4, 2, 4, 4, 4, 4, 4, 4,
       4, 4, 4, 4, 4, 4, 4, 4, 4, 4, 4, 4, 2, 4, 2, 3, 4, 4, 4, 2, 4, 4, 4,
       4, 4, 4, 4, 4, 2, 2, 3, 2, 4, 4, 4, 4, 4, 2, 4, 2, 2, 2, 2, 4, 4, 4,
       4, 4, 4, 4, 4, 4, 2, 4]), array([4, 4, 2, 4, 2, 4, 4, 4, 4, 4, 2, 4, 4, 4, 3, 4, 2, 4, 4, 4, 4, 4, 4,
       4, 4, 4, 2, 2, 4, 4, 2, 4, 4, 2, 3, 2, 4, 4, 4, 4, 2, 4, 2, 4, 4, 4,
       4, 4, 4, 4, 4, 2, 2, 3, 2, 4, 4, 4, 4, 2, 2, 4, 4, 2, 2, 2, 4, 4, 4,
       4, 2, 4, 4, 2, 4, 2, 4]), array([2, 4, 2, 4, 2, 2, 4, 4, 2, 2, 2, 2, 2, 2, 3, 2, 2, 2, 3, 2, 4, 2, 4,
       2, 3, 2, 2, 2, 2, 2, 2, 4, 2, 2, 3, 2, 2, 2, 2, 4, 2, 2, 2, 2, 2, 2,
       2, 4, 4, 4, 2, 2, 2, 3, 2, 3, 2, 4, 2, 2, 2, 4, 4, 2, 2, 2, 4, 2, 2,
       2, 2, 4, 4, 2, 4, 2, 4]), array([2, 4, 2, 4, 2, 2, 4, 4, 2, 4, 2, 2, 4, 2, 3, 2, 2, 2, 3, 2, 4, 4, 4,
       4, 3, 2, 2, 2, 3, 2, 2, 4, 2, 2, 3, 2, 4, 2, 4, 4, 2, 2, 2, 2, 4, 2,
       2, 4, 4, 4, 2, 2, 2, 3, 2, 3, 2, 4, 4, 2, 2, 4, 4, 2, 2, 2, 4, 2, 2,
       4, 2, 2, 3, 2, 4, 2, 4])]
iter=2100 : Reward: -694.295532
iter=2100 : Reward: -10.143089
Predict x average: 62.694557
Target x average: 67.000000
[array([2, 2, 2, 2, 2, 2, 2, 2, 2, 2, 2, 2, 2, 2, 2, 2, 2, 2, 2, 2, 2, 2, 2,
       2, 2, 2, 2, 2, 2, 2, 2, 2, 2, 2, 2, 2, 2, 2, 2, 2, 2, 2, 2, 2, 2, 2,
       2, 2, 2, 2, 2, 2, 2, 2, 2, 2, 2, 2, 2, 2, 2, 2, 2, 2, 2, 2, 2, 2, 2,
       2, 2, 2, 2, 2, 2, 2, 2]), array([4, 2, 4, 4, 2, 2, 2, 4, 4, 4, 4, 2, 4, 4, 2, 4, 4, 2, 2, 4, 4, 4, 4,
       4, 4, 2, 4, 4, 4, 4, 4, 4, 2, 4, 4, 4, 4, 4, 4, 4, 4, 4, 4, 4, 4, 4,
       2, 4, 4, 4, 4, 4, 4, 4, 4, 4, 2, 4, 4, 2, 2, 2, 2, 2, 4, 4, 2, 2, 2,
       2, 2, 2, 4, 4, 4, 4, 2]), array([4, 4, 4, 4, 2, 4, 4, 4, 4, 4, 4, 4, 4, 4, 4, 4, 4, 4, 4, 4, 4, 4, 4,
       4, 4, 4, 4, 4, 4, 4, 4, 3, 2, 4, 4, 4, 4, 4, 2, 4, 4, 4, 4, 4, 4, 4,
       2, 4, 4, 4, 4, 4, 4, 4, 4, 4, 2, 4, 4, 4, 4, 4, 4, 2, 4, 4, 4, 4, 2,
       4, 4, 2, 4, 4, 4, 4, 4]), array([2, 4, 2, 4, 2, 4, 2, 4, 4, 2, 4, 2, 4, 2, 4, 2, 2, 2, 4, 4, 4, 2, 4,
       4, 4, 4, 4, 4, 4, 4, 4, 3, 2, 4, 4, 2, 4, 4, 2, 4, 2, 4, 4, 4, 2, 4,
       4, 2, 2, 4, 2, 2, 2, 4, 2, 4, 2, 2, 4, 4, 4, 4, 4, 2, 4, 4, 4, 4, 4,
       4, 4, 2, 2, 2, 4, 4, 2]), array([2, 2, 2, 2, 2, 2, 2, 2, 2, 2, 3, 2, 4, 2, 4, 2, 2, 2, 2, 4, 4, 2, 2,
       4, 4, 2, 2, 2, 4, 2, 2, 3, 2, 2, 2, 2, 2, 2, 2, 2, 2, 4, 2, 2, 2, 4,
       2, 2, 2, 2, 2, 2, 2, 4, 2, 2, 2, 2, 2, 2, 4, 2, 4, 2, 2, 2, 2, 2, 4,
       2, 2, 2, 2, 2, 2, 2, 2]), array([2, 4, 2, 2, 2, 4, 2, 2, 4, 2, 3, 2, 4, 4, 4, 2, 2, 2, 2, 4, 4, 2, 4,
       4, 3, 4, 4, 2, 3, 4, 4, 3, 2, 2, 3, 2, 2, 2, 2, 2, 2, 4, 2, 4, 2, 4,
       2, 2, 4, 4, 4, 2, 4, 2, 2, 4, 2, 2, 2, 2, 3, 2, 4, 2, 2, 2, 4, 4, 4,
       2, 4, 4, 2, 2, 2, 2, 2])]
iter=2200 : Reward: -720.202576
iter=2200 : Reward: -9.701278
Predict x average: 70.518906
Target x average: 74.833336
[array([2, 2, 2, 2, 2, 2, 2, 2, 2, 2, 2, 2, 2, 2, 2, 2, 2, 2, 2, 2, 2, 2, 2,
       2, 2, 2, 2, 2, 2, 2, 2, 2, 2, 2, 2, 2, 2, 2, 2, 2, 2, 2, 2, 2, 2, 2,
       2, 2, 2, 2, 2, 2, 2, 2, 2, 2, 2, 2, 2, 2, 2, 2, 2, 2, 2, 2, 2, 2, 2,
       2, 2, 2, 2, 2, 2, 2, 2]), array([2, 4, 2, 2, 2, 2, 2, 2, 2, 4, 4, 2, 2, 4, 4, 4, 2, 4, 2, 4, 2, 2, 2,
       4, 2, 4, 2, 2, 2, 2, 4, 2, 2, 2, 2, 2, 2, 4, 4, 2, 2, 2, 2, 2, 2, 2,
       2, 2, 2, 2, 2, 2, 4, 2, 2, 2, 4, 4, 4, 2, 2, 2, 2, 2, 2, 2, 2, 2, 2,
       2, 4, 4, 4, 2, 4, 2, 2]), array([4, 4, 4, 4, 4, 4, 4, 4, 4, 4, 4, 4, 4, 4, 4, 4, 4, 4, 4, 4, 2, 4, 2,
       4, 4, 4, 4, 2, 2, 4, 4, 2, 2, 4, 2, 4, 4, 4, 4, 4, 4, 4, 4, 4, 2, 4,
       2, 2, 4, 2, 2, 4, 4, 4, 4, 4, 4, 4, 4, 4, 4, 2, 4, 4, 4, 4, 4, 4, 4,
       4, 4, 4, 4, 4, 4, 4, 2]), array([4, 2, 4, 2, 4, 4, 4, 2, 4, 3, 2, 2, 4, 4, 3, 4, 4, 4, 4, 2, 2, 4, 2,
       2, 2, 4, 2, 2, 2, 4, 4, 2, 2, 2, 2, 2, 2, 4, 2, 4, 2, 4, 2, 2, 2, 2,
       2, 2, 4, 2, 4, 4, 4, 3, 4, 2, 4, 4, 4, 4, 4, 2, 2, 4, 2, 3, 2, 4, 4,
       4, 2, 4, 4, 4, 4, 2, 2]), array([4, 2, 4, 2, 2, 4, 4, 2, 4, 3, 2, 2, 2, 4, 3, 2, 4, 4, 4, 2, 2, 2, 2,
       2, 2, 2, 2, 2, 2, 2, 2, 2, 2, 2, 2, 2, 2, 4, 2, 4, 2, 2, 2, 2, 2, 2,
       2, 2, 4, 2, 2, 2, 2, 3, 2, 2, 2, 4, 3, 2, 2, 2, 2, 2, 2, 3, 2, 2, 2,
       2, 2, 2, 2, 2, 2, 2, 2]), array([4, 3, 2, 2, 2, 2, 4, 2, 4, 3, 2, 2, 2, 4, 3, 2, 3, 4, 4, 4, 2, 2, 2,
       4, 2, 4, 2, 2, 2, 2, 2, 2, 2, 2, 2, 2, 2, 4, 2, 4, 2, 2, 2, 2, 2, 2,
       2, 4, 4, 2, 2, 2, 4, 3, 3, 2, 2, 4, 3, 2, 4, 2, 2, 2, 2, 3, 2, 2, 2,
       4, 2, 2, 2, 2, 2, 2, 2])]
iter=2300 : Reward: -720.931335
iter=2300 : Reward: -10.203542
Predict x average: 58.975182
Target x average: 51.666668
[array([2, 2, 2, 2, 2, 2, 2, 2, 2, 2, 2, 2, 2, 2, 2, 2, 2, 2, 2, 2, 2, 2, 2,
       2, 2, 2, 2, 2, 2, 2, 2, 2, 2, 2, 2, 2, 2, 2, 2, 2, 2, 2, 2, 2, 2, 2,
       2, 2, 2, 2, 2, 2, 2, 2, 2, 2, 2, 2, 2, 2, 2, 2, 2, 2, 2, 2, 2, 2, 2,
       2, 2, 2, 2, 2, 2, 2, 2]), array([2, 4, 4, 2, 2, 2, 2, 4, 4, 2, 2, 4, 2, 2, 4, 2, 2, 2, 2, 4, 2, 2, 4,
       2, 2, 2, 2, 2, 2, 2, 2, 4, 2, 2, 2, 2, 2, 4, 2, 2, 2, 2, 4, 4, 4, 2,
       2, 2, 2, 4, 2, 4, 2, 2, 2, 2, 2, 2, 2, 4, 2, 2, 4, 2, 4, 2, 2, 2, 2,
       4, 4, 4, 2, 2, 4, 2, 2]), array([4, 4, 4, 4, 4, 2, 4, 4, 4, 2, 2, 4, 2, 4, 4, 4, 2, 4, 4, 4, 4, 4, 4,
       4, 4, 2, 4, 2, 4, 4, 2, 4, 4, 4, 4, 4, 4, 4, 2, 4, 2, 4, 4, 4, 4, 4,
       2, 2, 2, 4, 4, 2, 2, 4, 4, 4, 4, 4, 4, 4, 4, 4, 4, 2, 4, 4, 4, 4, 4,
       4, 4, 4, 2, 4, 4, 2, 4]), array([4, 2, 4, 4, 4, 2, 4, 4, 4, 2, 2, 2, 2, 4, 4, 2, 2, 4, 4, 4, 2, 4, 2,
       4, 4, 2, 4, 4, 4, 4, 2, 4, 2, 4, 4, 4, 4, 2, 2, 4, 2, 2, 4, 3, 2, 4,
       2, 2, 2, 4, 4, 2, 2, 4, 4, 4, 4, 4, 4, 4, 4, 4, 4, 4, 4, 4, 2, 4, 4,
       4, 4, 4, 2, 4, 4, 2, 4]), array([4, 2, 4, 2, 4, 4, 4, 2, 4, 2, 4, 2, 2, 2, 2, 2, 4, 4, 2, 2, 2, 2, 4,
       2, 2, 2, 2, 4, 2, 2, 4, 4, 2, 2, 4, 2, 4, 2, 2, 4, 2, 2, 4, 3, 2, 4,
       2, 2, 2, 2, 4, 4, 4, 4, 2, 2, 2, 2, 3, 2, 2, 2, 2, 4, 2, 4, 2, 4, 4,
       2, 4, 2, 2, 2, 2, 2, 2]), array([4, 2, 4, 2, 2, 4, 4, 4, 4, 2, 4, 4, 4, 2, 2, 2, 4, 4, 2, 4, 2, 2, 4,
       2, 4, 2, 2, 4, 2, 2, 4, 4, 2, 4, 3, 2, 4, 4, 2, 4, 2, 2, 4, 3, 4, 4,
       2, 2, 2, 2, 2, 4, 4, 4, 4, 2, 2, 2, 3, 4, 2, 2, 2, 4, 4, 2, 2, 4, 4,
       2, 4, 4, 2, 4, 2, 2, 2])]
iter=2400 : Reward: -689.866516
iter=2400 : Reward: -10.207447
Predict x average: 54.610687
Target x average: 56.833336
[array([2, 2, 2, 2, 2, 2, 2, 2, 2, 2, 2, 2, 2, 2, 2, 2, 2, 2, 2, 2, 2, 2, 2,
       2, 2, 2, 2, 2, 2, 2, 2, 2, 2, 2, 2, 2, 2, 2, 2, 2, 2, 2, 2, 2, 2, 2,
       2, 2, 2, 2, 2, 2, 2, 2, 2, 2, 2, 2, 2, 2, 2, 2, 2, 2, 2, 2, 2, 2, 2,
       2, 2, 2, 2, 2, 2, 2, 2]), array([4, 4, 2, 4, 4, 4, 4, 4, 4, 4, 4, 4, 4, 4, 4, 2, 4, 4, 4, 4, 4, 4, 4,
       4, 4, 4, 4, 4, 4, 4, 2, 4, 4, 4, 2, 4, 4, 4, 4, 4, 2, 4, 4, 4, 4, 4,
       4, 2, 4, 4, 4, 4, 4, 4, 4, 4, 4, 4, 4, 4, 4, 4, 4, 4, 4, 4, 4, 4, 2,
       2, 4, 4, 2, 4, 4, 4, 4]), array([4, 4, 2, 4, 4, 4, 4, 4, 4, 4, 4, 4, 4, 4, 4, 4, 4, 4, 4, 4, 4, 4, 4,
       4, 4, 4, 4, 4, 4, 4, 2, 4, 4, 4, 4, 4, 4, 4, 4, 4, 2, 4, 4, 4, 4, 4,
       4, 4, 4, 4, 4, 4, 4, 4, 4, 4, 4, 4, 4, 4, 4, 4, 4, 4, 4, 4, 4, 4, 2,
       4, 4, 4, 4, 4, 4, 4, 4]), array([4, 4, 4, 4, 2, 4, 4, 4, 4, 4, 4, 4, 4, 4, 4, 4, 4, 4, 4, 4, 4, 4, 4,
       4, 4, 4, 4, 2, 4, 4, 4, 4, 4, 4, 4, 4, 4, 2, 4, 4, 4, 4, 4, 4, 4, 4,
       4, 4, 4, 4, 4, 4, 4, 4, 4, 4, 4, 4, 4, 4, 4, 2, 4, 4, 4, 4, 4, 4, 4,
       4, 4, 4, 4, 4, 4, 4, 4]), array([2, 2, 4, 2, 2, 4, 2, 2, 4, 2, 4, 4, 2, 2, 2, 2, 4, 2, 2, 2, 2, 4, 2,
       4, 4, 4, 2, 2, 4, 2, 4, 2, 4, 4, 2, 2, 2, 2, 2, 2, 4, 4, 2, 2, 4, 4,
       2, 4, 2, 2, 2, 4, 4, 2, 2, 2, 2, 4, 4, 4, 2, 2, 2, 2, 4, 2, 4, 4, 4,
       4, 2, 4, 2, 4, 2, 4, 2]), array([4, 2, 4, 4, 2, 4, 2, 4, 4, 2, 4, 4, 4, 2, 2, 2, 4, 4, 2, 4, 4, 4, 4,
       4, 4, 4, 2, 2, 3, 2, 4, 4, 4, 4, 4, 2, 4, 4, 2, 4, 4, 4, 2, 2, 4, 4,
       2, 4, 4, 2, 4, 4, 3, 4, 4, 4, 2, 4, 4, 4, 2, 2, 4, 2, 4, 4, 4, 4, 4,
       4, 2, 4, 4, 4, 2, 4, 2])]
iter=2500 : Reward: -644.499268
iter=2500 : Reward: -10.467719
Predict x average: 63.325592
Target x average: 71.500000
[array([2, 2, 2, 2, 2, 2, 2, 2, 2, 2, 2, 2, 2, 2, 2, 2, 2, 2, 2, 2, 2, 2, 2,
       2, 2, 2, 2, 2, 2, 2, 2, 2, 2, 2, 2, 2, 2, 2, 2, 2, 2, 2, 2, 2, 2, 2,
       2, 2, 2, 2, 2, 2, 2, 2, 2, 2, 2, 2, 2, 2, 2, 2, 2, 2, 2, 2, 2, 2, 2,
       2, 2, 2, 2, 2, 2, 2, 2]), array([4, 4, 2, 4, 4, 4, 4, 4, 4, 4, 4, 4, 4, 4, 4, 4, 4, 4, 4, 4, 4, 4, 4,
       4, 4, 4, 4, 4, 4, 2, 4, 4, 4, 4, 4, 4, 4, 4, 4, 4, 4, 4, 2, 4, 4, 4,
       4, 4, 4, 4, 4, 4, 4, 4, 4, 4, 4, 4, 2, 4, 4, 4, 4, 4, 4, 4, 4, 4, 4,
       4, 4, 4, 2, 4, 4, 4, 4]), array([4, 4, 4, 4, 4, 4, 4, 4, 4, 4, 4, 4, 4, 4, 4, 4, 4, 4, 4, 4, 4, 4, 4,
       4, 4, 4, 4, 4, 4, 2, 4, 4, 4, 4, 4, 4, 4, 4, 4, 4, 4, 4, 2, 4, 4, 4,
       4, 4, 4, 4, 4, 4, 4, 4, 4, 4, 4, 4, 2, 4, 4, 4, 4, 4, 4, 4, 4, 4, 4,
       4, 4, 4, 4, 4, 4, 4, 4]), array([4, 2, 4, 4, 4, 4, 4, 4, 4, 4, 4, 4, 4, 4, 4, 3, 4, 4, 4, 4, 4, 4, 4,
       4, 4, 4, 4, 4, 4, 4, 4, 4, 4, 4, 4, 4, 4, 4, 4, 4, 4, 4, 4, 4, 4, 4,
       4, 2, 4, 4, 4, 4, 4, 4, 4, 4, 4, 4, 2, 4, 4, 4, 4, 4, 4, 4, 4, 2, 4,
       4, 4, 4, 2, 4, 4, 4, 4]), array([4, 2, 4, 2, 4, 2, 4, 2, 4, 4, 2, 3, 2, 2, 2, 3, 2, 2, 2, 4, 4, 2, 2,
       4, 4, 4, 4, 2, 2, 4, 4, 2, 4, 2, 4, 2, 2, 2, 2, 2, 2, 4, 4, 2, 4, 2,
       2, 2, 2, 2, 2, 4, 2, 2, 4, 2, 2, 4, 4, 2, 4, 2, 4, 3, 3, 2, 2, 2, 4,
       4, 4, 2, 2, 4, 4, 2, 4]), array([4, 4, 4, 2, 4, 4, 4, 2, 2, 4, 4, 3, 2, 2, 2, 3, 2, 2, 2, 4, 4, 4, 4,
       4, 4, 4, 4, 2, 2, 4, 4, 4, 4, 2, 4, 4, 2, 2, 4, 2, 4, 4, 4, 2, 4, 2,
       2, 2, 4, 4, 4, 4, 2, 2, 2, 2, 4, 4, 4, 2, 4, 4, 4, 3, 3, 4, 2, 2, 4,
       3, 4, 4, 2, 4, 4, 2, 3])]
iter=2600 : Reward: -708.328918
iter=2600 : Reward: -10.267993
Predict x average: 67.721024
Target x average: 67.666672
[array([2, 2, 2, 2, 2, 2, 2, 2, 2, 2, 2, 2, 2, 2, 2, 2, 2, 2, 2, 2, 2, 2, 2,
       2, 2, 2, 2, 2, 2, 2, 2, 2, 2, 2, 2, 2, 2, 2, 2, 2, 2, 2, 2, 2, 2, 2,
       2, 2, 2, 2, 2, 2, 2, 2, 2, 2, 2, 2, 2, 2, 2, 2, 2, 2, 2, 2, 2, 2, 2,
       2, 2, 2, 2, 2, 2, 2, 2]), array([2, 4, 4, 4, 4, 4, 4, 4, 4, 4, 4, 4, 4, 4, 4, 4, 4, 4, 4, 4, 4, 2, 4,
       4, 4, 2, 4, 4, 4, 4, 4, 4, 4, 4, 4, 2, 4, 4, 4, 2, 4, 4, 4, 4, 4, 4,
       4, 4, 4, 4, 4, 4, 4, 4, 4, 4, 4, 4, 4, 4, 4, 4, 4, 4, 4, 4, 4, 4, 4,
       4, 4, 4, 4, 4, 4, 4, 4]), array([2, 4, 4, 4, 4, 4, 4, 4, 4, 4, 4, 4, 4, 4, 4, 4, 4, 4, 4, 4, 4, 4, 4,
       4, 4, 2, 4, 4, 4, 4, 4, 4, 4, 4, 4, 2, 4, 4, 4, 4, 4, 4, 4, 4, 4, 4,
       4, 4, 4, 4, 4, 4, 4, 4, 4, 4, 4, 4, 4, 4, 4, 4, 4, 4, 4, 4, 4, 4, 4,
       4, 4, 4, 4, 2, 4, 4, 4]), array([2, 4, 2, 4, 4, 4, 4, 4, 4, 4, 4, 4, 4, 4, 4, 4, 4, 4, 4, 4, 4, 4, 4,
       4, 4, 2, 2, 4, 4, 4, 4, 4, 4, 4, 4, 4, 4, 4, 4, 4, 4, 4, 4, 4, 4, 4,
       4, 4, 4, 4, 4, 4, 4, 4, 4, 4, 4, 4, 4, 4, 4, 4, 4, 4, 4, 4, 4, 4, 4,
       4, 4, 3, 4, 4, 4, 4, 4]), array([4, 4, 2, 2, 2, 4, 2, 2, 2, 4, 4, 2, 4, 4, 4, 2, 2, 2, 2, 4, 2, 2, 2,
       4, 2, 2, 2, 4, 4, 4, 4, 2, 2, 2, 4, 4, 2, 4, 4, 2, 2, 4, 4, 2, 2, 4,
       4, 2, 4, 2, 2, 2, 2, 4, 4, 2, 2, 2, 4, 2, 2, 4, 2, 2, 2, 2, 2, 2, 2,
       4, 2, 3, 2, 4, 4, 2, 4]), array([4, 4, 2, 2, 2, 4, 2, 4, 2, 4, 4, 2, 4, 4, 3, 2, 2, 2, 2, 4, 4, 2, 2,
       4, 2, 2, 2, 4, 4, 4, 4, 4, 4, 4, 4, 4, 4, 4, 4, 4, 4, 4, 4, 2, 2, 4,
       4, 2, 4, 4, 2, 2, 2, 4, 4, 4, 2, 4, 4, 2, 4, 4, 2, 2, 2, 4, 4, 2, 2,
       4, 2, 3, 2, 4, 4, 2, 4])]
iter=2700 : Reward: -704.765686
iter=2700 : Reward: -10.632651
Predict x average: 46.905174
Target x average: 57.666668
[array([2, 2, 2, 2, 2, 2, 2, 2, 2, 2, 2, 2, 2, 2, 2, 2, 2, 2, 2, 2, 2, 2, 2,
       2, 2, 2, 2, 2, 2, 2, 2, 2, 2, 2, 2, 2, 2, 2, 2, 2, 2, 2, 2, 2, 2, 2,
       2, 2, 2, 2, 2, 2, 2, 2, 2, 2, 2, 2, 2, 2, 2, 2, 2, 2, 2, 2, 2, 2, 2,
       2, 2, 2, 2, 2, 2, 2, 2]), array([2, 2, 4, 4, 4, 4, 4, 4, 2, 4, 2, 2, 2, 4, 2, 4, 2, 2, 4, 2, 2, 2, 2,
       4, 4, 2, 4, 4, 2, 2, 2, 4, 4, 4, 4, 2, 4, 4, 4, 2, 2, 2, 4, 4, 2, 4,
       4, 2, 4, 4, 2, 4, 4, 4, 4, 2, 2, 4, 2, 4, 2, 4, 2, 4, 4, 4, 4, 4, 2,
       2, 2, 4, 2, 2, 4, 2, 2]), array([4, 4, 4, 4, 4, 4, 4, 4, 4, 4, 4, 4, 4, 4, 4, 4, 4, 4, 4, 4, 4, 4, 4,
       4, 4, 4, 4, 4, 4, 4, 4, 4, 4, 4, 4, 4, 4, 4, 4, 4, 2, 4, 4, 4, 4, 4,
       4, 4, 4, 4, 4, 4, 4, 4, 4, 4, 2, 2, 4, 4, 4, 4, 4, 4, 4, 4, 4, 4, 4,
       2, 4, 4, 4, 4, 4, 4, 4]), array([4, 2, 4, 4, 4, 4, 2, 4, 4, 4, 4, 4, 4, 4, 4, 4, 4, 4, 4, 4, 4, 4, 4,
       4, 4, 2, 4, 4, 4, 4, 2, 4, 4, 4, 4, 4, 4, 4, 4, 4, 2, 4, 4, 4, 4, 4,
       2, 4, 4, 4, 4, 4, 4, 4, 4, 4, 4, 4, 4, 4, 4, 2, 2, 4, 4, 4, 4, 4, 4,
       2, 4, 4, 4, 4, 4, 4, 4]), array([2, 2, 2, 4, 2, 4, 2, 2, 2, 4, 4, 2, 4, 2, 2, 2, 2, 4, 4, 4, 4, 2, 2,
       2, 4, 2, 2, 4, 2, 2, 2, 2, 2, 2, 4, 2, 4, 4, 2, 4, 2, 4, 2, 2, 2, 2,
       2, 4, 4, 2, 2, 4, 2, 2, 2, 2, 4, 4, 4, 4, 2, 2, 2, 2, 2, 2, 2, 2, 2,
       2, 2, 2, 2, 4, 2, 4, 2]), array([2, 2, 2, 3, 2, 4, 2, 2, 2, 4, 4, 2, 4, 2, 2, 2, 2, 2, 2, 4, 4, 2, 2,
       2, 2, 2, 4, 4, 2, 2, 2, 2, 2, 2, 4, 2, 4, 4, 2, 3, 2, 4, 2, 2, 4, 2,
       2, 4, 4, 2, 2, 4, 2, 4, 4, 4, 4, 4, 4, 4, 4, 2, 2, 2, 2, 2, 2, 4, 2,
       2, 2, 2, 2, 4, 2, 4, 4])]
iter=2800 : Reward: -733.682373
iter=2800 : Reward: -10.732095
Predict x average: 62.545750
Target x average: 70.166672
[array([2, 2, 2, 2, 2, 2, 2, 2, 2, 2, 2, 2, 2, 2, 2, 2, 2, 2, 2, 2, 2, 2, 2,
       2, 2, 2, 2, 2, 2, 2, 2, 2, 2, 2, 2, 2, 2, 2, 2, 2, 2, 2, 2, 2, 2, 2,
       2, 2, 2, 2, 2, 2, 2, 2, 2, 2, 2, 2, 2, 2, 2, 2, 2, 2, 2, 2, 2, 2, 2,
       2, 2, 2, 2, 2, 2, 2, 2]), array([2, 2, 4, 4, 2, 4, 4, 4, 4, 4, 4, 2, 4, 4, 2, 2, 2, 4, 4, 2, 2, 2, 2,
       4, 2, 2, 4, 2, 2, 4, 2, 4, 2, 2, 2, 4, 2, 4, 2, 4, 2, 2, 2, 4, 2, 2,
       2, 4, 4, 4, 4, 2, 2, 4, 2, 4, 2, 4, 4, 4, 4, 4, 2, 2, 4, 2, 4, 4, 4,
       4, 4, 4, 2, 4, 4, 4, 4]), array([4, 4, 4, 4, 4, 4, 4, 4, 4, 4, 4, 4, 4, 4, 4, 4, 2, 4, 4, 4, 4, 4, 4,
       4, 4, 4, 4, 4, 4, 4, 4, 4, 4, 2, 4, 4, 4, 4, 4, 4, 4, 4, 4, 4, 4, 4,
       4, 4, 4, 4, 4, 4, 4, 4, 2, 4, 4, 4, 4, 4, 4, 4, 4, 4, 4, 4, 4, 4, 4,
       4, 4, 4, 4, 4, 4, 4, 4]), array([2, 4, 4, 4, 2, 4, 4, 4, 4, 2, 4, 2, 4, 4, 2, 4, 4, 4, 4, 4, 4, 4, 4,
       4, 4, 4, 4, 4, 4, 4, 2, 4, 2, 2, 4, 4, 2, 4, 2, 4, 4, 4, 4, 4, 4, 2,
       4, 4, 2, 4, 4, 4, 4, 4, 4, 4, 4, 4, 4, 4, 4, 4, 2, 4, 4, 4, 4, 2, 4,
       4, 4, 4, 2, 4, 4, 4, 4]), array([2, 4, 2, 4, 2, 2, 2, 2, 4, 2, 2, 2, 4, 2, 2, 2, 4, 2, 2, 4, 4, 2, 2,
       2, 2, 4, 4, 2, 2, 4, 2, 2, 2, 2, 2, 2, 2, 2, 2, 2, 4, 4, 4, 2, 4, 2,
       4, 2, 2, 2, 2, 4, 2, 4, 4, 2, 2, 2, 2, 3, 4, 2, 2, 4, 2, 2, 4, 2, 4,
       2, 4, 2, 2, 2, 2, 2, 4]), array([2, 4, 2, 3, 2, 2, 4, 2, 3, 2, 2, 2, 4, 4, 2, 2, 4, 2, 2, 4, 4, 4, 4,
       2, 2, 4, 2, 2, 2, 4, 2, 2, 2, 2, 4, 4, 2, 2, 2, 2, 4, 4, 3, 2, 4, 2,
       4, 2, 2, 4, 2, 4, 2, 4, 4, 2, 2, 2, 2, 3, 4, 2, 2, 4, 2, 2, 4, 2, 4,
       4, 4, 2, 2, 2, 2, 2, 4])]
iter=2900 : Reward: -692.938660
iter=2900 : Reward: -10.272416
Predict x average: 65.195778
Target x average: 62.500004
