['BASIC_classify_blobs.py', 'BASIC_DRAM_run_7', 'true', 'true', 'true', 'true', 'true', 'model_runs/BASIC_DRAM_run_7/classify_log.csv', 'model_runs/BASIC_DRAM_run_7/classifymodel_0.ckpt', 'model_runs/BASIC_DRAM_run_7/classifymodel_', 'model_runs/BASIC_DRAM_run_7/zzzdraw_data_5000.npy', 'false', 'true', 'false', 'false', 'true']
2017-10-14 20:29:47.079393: W tensorflow/core/platform/cpu_feature_guard.cc:45] The TensorFlow library wasn't compiled to use SSE4.1 instructions, but these are available on your machine and could speed up CPU computations.
2017-10-14 20:29:47.079472: W tensorflow/core/platform/cpu_feature_guard.cc:45] The TensorFlow library wasn't compiled to use SSE4.2 instructions, but these are available on your machine and could speed up CPU computations.
2017-10-14 20:29:47.079488: W tensorflow/core/platform/cpu_feature_guard.cc:45] The TensorFlow library wasn't compiled to use AVX instructions, but these are available on your machine and could speed up CPU computations.
2017-10-14 20:29:47.079498: W tensorflow/core/platform/cpu_feature_guard.cc:45] The TensorFlow library wasn't compiled to use AVX2 instructions, but these are available on your machine and could speed up CPU computations.
2017-10-14 20:29:47.079508: W tensorflow/core/platform/cpu_feature_guard.cc:45] The TensorFlow library wasn't compiled to use FMA instructions, but these are available on your machine and could speed up CPU computations.
iter=0 : Reward: 0.000500 Predcost: 0.108230
ACCURACY: 0.410399997632
Model saved in file: model_runs/BASIC_DRAM_run_7/classifymodel_0.ckpt
--- 4.6686479999999975 CPU seconds ---
iter=100 : Reward: 0.101600 Predcost: 10.143433
iter=200 : Reward: 0.226900 Predcost: 8.692357
ACCURACY: 0.45426666379
Model saved in file: model_runs/BASIC_DRAM_run_7/classifymodel_250.ckpt
--- 93.315023 CPU seconds ---
iter=300 : Reward: 0.420800 Predcost: 6.377093
iter=400 : Reward: 0.580700 Predcost: 3.614754
iter=500 : Reward: 0.629900 Predcost: 1.675111
ACCURACY: 0.46193333149
Model saved in file: model_runs/BASIC_DRAM_run_7/classifymodel_500.ckpt
--- 179.223453 CPU seconds ---
iter=600 : Reward: 0.625300 Predcost: 1.443212
iter=700 : Reward: 0.636700 Predcost: 1.346548
iter=800 : Reward: 0.635000 Predcost: 1.336427
iter=900 : Reward: 0.631000 Predcost: 1.340954
iter=1000 : Reward: 0.627400 Predcost: 1.349644
ACCURACY: 0.464399996599
Model saved in file: model_runs/BASIC_DRAM_run_7/classifymodel_1000.ckpt
--- 354.01319900000004 CPU seconds ---
iter=1100 : Reward: 0.632700 Predcost: 1.343661
iter=1200 : Reward: 0.641300 Predcost: 1.337155
iter=1300 : Reward: 0.638300 Predcost: 1.321358
iter=1400 : Reward: 0.625800 Predcost: 1.348770
iter=1500 : Reward: 0.631000 Predcost: 1.332471
iter=1600 : Reward: 0.624600 Predcost: 1.357652
iter=1700 : Reward: 0.626500 Predcost: 1.356449
iter=1800 : Reward: 0.631000 Predcost: 1.341280
iter=1900 : Reward: 0.635900 Predcost: 1.328738
iter=2000 : Reward: 0.623600 Predcost: 1.375133
ACCURACY: 0.465666662256
Model saved in file: model_runs/BASIC_DRAM_run_7/classifymodel_2000.ckpt
--- 700.46816 CPU seconds ---
iter=2100 : Reward: 0.636000 Predcost: 1.330064
iter=2200 : Reward: 0.639300 Predcost: 1.329824
iter=2300 : Reward: 0.631700 Predcost: 1.340991
iter=2400 : Reward: 0.633400 Predcost: 1.342950
iter=2500 : Reward: 0.634500 Predcost: 1.332643
iter=2600 : Reward: 0.639300 Predcost: 1.329110
iter=2700 : Reward: 0.635300 Predcost: 1.330310
iter=2800 : Reward: 0.630400 Predcost: 1.347228
iter=2900 : Reward: 0.632700 Predcost: 1.341224
iter=3000 : Reward: 0.636900 Predcost: 1.327349
iter=3100 : Reward: 0.634100 Predcost: 1.335537
iter=3200 : Reward: 0.623200 Predcost: 1.366651
iter=3300 : Reward: 0.634100 Predcost: 1.334955
iter=3400 : Reward: 0.638700 Predcost: 1.319821
iter=3500 : Reward: 0.636000 Predcost: 1.335168
iter=3600 : Reward: 0.633100 Predcost: 1.333015
iter=3700 : Reward: 0.633800 Predcost: 1.329649
iter=3800 : Reward: 0.632400 Predcost: 1.336043
iter=3900 : Reward: 0.628500 Predcost: 1.350399
iter=4000 : Reward: 0.633300 Predcost: 1.330687
ACCURACY: 0.468266662757
Model saved in file: model_runs/BASIC_DRAM_run_7/classifymodel_4000.ckpt
--- 1389.448188 CPU seconds ---
iter=4100 : Reward: 0.640300 Predcost: 1.306730
iter=4200 : Reward: 0.629500 Predcost: 1.333915
iter=4300 : Reward: 0.643500 Predcost: 1.316440
iter=4400 : Reward: 0.639400 Predcost: 1.321351
iter=4500 : Reward: 0.628400 Predcost: 1.350972
iter=4600 : Reward: 0.629500 Predcost: 1.341763
iter=4700 : Reward: 0.631300 Predcost: 1.350150
iter=4800 : Reward: 0.634000 Predcost: 1.332881
iter=4900 : Reward: 0.636700 Predcost: 1.323139
iter=5000 : Reward: 0.625900 Predcost: 1.342944
iter=5100 : Reward: 0.635800 Predcost: 1.331826
iter=5200 : Reward: 0.638700 Predcost: 1.318926
iter=5300 : Reward: 0.640200 Predcost: 1.326487
iter=5400 : Reward: 0.627900 Predcost: 1.352564
iter=5500 : Reward: 0.632000 Predcost: 1.346870
iter=5600 : Reward: 0.638500 Predcost: 1.332686
iter=5700 : Reward: 0.633400 Predcost: 1.335128
iter=5800 : Reward: 0.627400 Predcost: 1.352069
iter=5900 : Reward: 0.628900 Predcost: 1.350999
iter=6000 : Reward: 0.632500 Predcost: 1.338760
iter=6100 : Reward: 0.640600 Predcost: 1.325231
iter=6200 : Reward: 0.626000 Predcost: 1.359573
iter=6300 : Reward: 0.633000 Predcost: 1.345344
iter=6400 : Reward: 0.636700 Predcost: 1.338636
iter=6500 : Reward: 0.628100 Predcost: 1.346309
iter=6600 : Reward: 0.632700 Predcost: 1.344883
iter=6700 : Reward: 0.626200 Predcost: 1.350774
iter=6800 : Reward: 0.618600 Predcost: 1.368413
iter=6900 : Reward: 0.639500 Predcost: 1.331901
iter=7000 : Reward: 0.631900 Predcost: 1.325698
iter=7100 : Reward: 0.637600 Predcost: 1.320211
iter=7200 : Reward: 0.631000 Predcost: 1.344654
iter=7300 : Reward: 0.627100 Predcost: 1.343102
iter=7400 : Reward: 0.626900 Predcost: 1.357473
iter=7500 : Reward: 0.631600 Predcost: 1.339739
iter=7600 : Reward: 0.624100 Predcost: 1.345278
iter=7700 : Reward: 0.633800 Predcost: 1.337773
iter=7800 : Reward: 0.635800 Predcost: 1.332528
iter=7900 : Reward: 0.636900 Predcost: 1.338838
iter=8000 : Reward: 0.630100 Predcost: 1.353609
ACCURACY: 0.462599996726
Model saved in file: model_runs/BASIC_DRAM_run_7/classifymodel_8000.ckpt
--- 2770.523947 CPU seconds ---
iter=8100 : Reward: 0.640000 Predcost: 1.313595
iter=8200 : Reward: 0.641300 Predcost: 1.322146
iter=8300 : Reward: 0.630900 Predcost: 1.339347
iter=8400 : Reward: 0.631500 Predcost: 1.340313
iter=8500 : Reward: 0.631700 Predcost: 1.338103
iter=8600 : Reward: 0.638000 Predcost: 1.325519
iter=8700 : Reward: 0.631200 Predcost: 1.346351
iter=8800 : Reward: 0.632800 Predcost: 1.332457
iter=8900 : Reward: 0.633100 Predcost: 1.349593
iter=9000 : Reward: 0.629800 Predcost: 1.343284
iter=9100 : Reward: 0.624000 Predcost: 1.366359
iter=9200 : Reward: 0.634500 Predcost: 1.335793
iter=9300 : Reward: 0.631000 Predcost: 1.330534
iter=9400 : Reward: 0.633500 Predcost: 1.344533
iter=9500 : Reward: 0.632300 Predcost: 1.341686
iter=9600 : Reward: 0.630200 Predcost: 1.344676
iter=9700 : Reward: 0.633000 Predcost: 1.338207
iter=9800 : Reward: 0.633600 Predcost: 1.338684
iter=9900 : Reward: 0.635800 Predcost: 1.333738
iter=10000 : Reward: 0.630700 Predcost: 1.341926
iter=10100 : Reward: 0.637100 Predcost: 1.324569
iter=10200 : Reward: 0.627000 Predcost: 1.354426
iter=10300 : Reward: 0.637600 Predcost: 1.329548
iter=10400 : Reward: 0.630700 Predcost: 1.338765
iter=10500 : Reward: 0.631000 Predcost: 1.354406
iter=10600 : Reward: 0.638600 Predcost: 1.326868
iter=10700 : Reward: 0.627400 Predcost: 1.369352
iter=10800 : Reward: 0.635800 Predcost: 1.330432
iter=10900 : Reward: 0.642300 Predcost: 1.322381
iter=11000 : Reward: 0.623600 Predcost: 1.366529
iter=11100 : Reward: 0.634900 Predcost: 1.341984
iter=11200 : Reward: 0.632600 Predcost: 1.336414
iter=11300 : Reward: 0.634100 Predcost: 1.344711
iter=11400 : Reward: 0.636300 Predcost: 1.326792
iter=11500 : Reward: 0.635800 Predcost: 1.347411
iter=11600 : Reward: 0.632300 Predcost: 1.347112
iter=11700 : Reward: 0.640800 Predcost: 1.320398
iter=11800 : Reward: 0.634800 Predcost: 1.331190
iter=11900 : Reward: 0.630900 Predcost: 1.340443
iter=12000 : Reward: 0.634800 Predcost: 1.329911
iter=12100 : Reward: 0.636200 Predcost: 1.337214
iter=12200 : Reward: 0.625300 Predcost: 1.356043
iter=12300 : Reward: 0.631200 Predcost: 1.358264
iter=12400 : Reward: 0.626700 Predcost: 1.348937
iter=12500 : Reward: 0.631400 Predcost: 1.356452
iter=12600 : Reward: 0.635400 Predcost: 1.334583
iter=12700 : Reward: 0.627500 Predcost: 1.352597
iter=12800 : Reward: 0.636800 Predcost: 1.330525
iter=12900 : Reward: 0.631600 Predcost: 1.347058
iter=13000 : Reward: 0.640400 Predcost: 1.320244
iter=13100 : Reward: 0.631100 Predcost: 1.341395
iter=13200 : Reward: 0.632000 Predcost: 1.350780
iter=13300 : Reward: 0.624900 Predcost: 1.356683
iter=13400 : Reward: 0.634200 Predcost: 1.332921
iter=13500 : Reward: 0.636800 Predcost: 1.326746
iter=13600 : Reward: 0.629500 Predcost: 1.344073
iter=13700 : Reward: 0.635400 Predcost: 1.329569
iter=13800 : Reward: 0.631500 Predcost: 1.339481
iter=13900 : Reward: 0.633500 Predcost: 1.345148
iter=14000 : Reward: 0.627000 Predcost: 1.350611
iter=14100 : Reward: 0.635700 Predcost: 1.332710
iter=14200 : Reward: 0.635100 Predcost: 1.325882
iter=14300 : Reward: 0.631100 Predcost: 1.334490
iter=14400 : Reward: 0.644400 Predcost: 1.311517
iter=14500 : Reward: 0.633800 Predcost: 1.343749
iter=14600 : Reward: 0.634500 Predcost: 1.320243
iter=14700 : Reward: 0.629300 Predcost: 1.338890
iter=14800 : Reward: 0.628800 Predcost: 1.350961
iter=14900 : Reward: 0.634200 Predcost: 1.315999
iter=15000 : Reward: 0.631200 Predcost: 1.348938
iter=15100 : Reward: 0.619800 Predcost: 1.368808
iter=15200 : Reward: 0.629300 Predcost: 1.351317
iter=15300 : Reward: 0.633900 Predcost: 1.335209
iter=15400 : Reward: 0.638600 Predcost: 1.328066
iter=15500 : Reward: 0.639600 Predcost: 1.328786
iter=15600 : Reward: 0.634700 Predcost: 1.346560
iter=15700 : Reward: 0.637700 Predcost: 1.332642
iter=15800 : Reward: 0.629400 Predcost: 1.350668
iter=15900 : Reward: 0.628100 Predcost: 1.362411
iter=16000 : Reward: 0.638200 Predcost: 1.320323
ACCURACY: 0.467599998116
Model saved in file: model_runs/BASIC_DRAM_run_7/classifymodel_16000.ckpt
--- 5535.692067000001 CPU seconds ---
iter=16100 : Reward: 0.636900 Predcost: 1.325891
iter=16200 : Reward: 0.642900 Predcost: 1.316950
iter=16300 : Reward: 0.639700 Predcost: 1.332733
iter=16400 : Reward: 0.634400 Predcost: 1.327547
iter=16500 : Reward: 0.633200 Predcost: 1.333748
iter=16600 : Reward: 0.632200 Predcost: 1.342015
iter=16700 : Reward: 0.627600 Predcost: 1.360449
iter=16800 : Reward: 0.637500 Predcost: 1.327281
iter=16900 : Reward: 0.638600 Predcost: 1.321173
iter=17000 : Reward: 0.637000 Predcost: 1.334652
iter=17100 : Reward: 0.636900 Predcost: 1.326697
iter=17200 : Reward: 0.633000 Predcost: 1.337997
iter=17300 : Reward: 0.633900 Predcost: 1.326243
iter=17400 : Reward: 0.625700 Predcost: 1.373263
iter=17500 : Reward: 0.621900 Predcost: 1.365039
iter=17600 : Reward: 0.630300 Predcost: 1.348253
iter=17700 : Reward: 0.627500 Predcost: 1.355284
iter=17800 : Reward: 0.621700 Predcost: 1.358905
iter=17900 : Reward: 0.629300 Predcost: 1.344091
iter=18000 : Reward: 0.635600 Predcost: 1.329481
iter=18100 : Reward: 0.630500 Predcost: 1.342868
iter=18200 : Reward: 0.637600 Predcost: 1.324667
iter=18300 : Reward: 0.638800 Predcost: 1.317464
iter=18400 : Reward: 0.637200 Predcost: 1.330522
iter=18500 : Reward: 0.626600 Predcost: 1.360844
iter=18600 : Reward: 0.629600 Predcost: 1.353243
iter=18700 : Reward: 0.628900 Predcost: 1.354656
iter=18800 : Reward: 0.637500 Predcost: 1.326445
iter=18900 : Reward: 0.632800 Predcost: 1.336272
iter=19000 : Reward: 0.632400 Predcost: 1.339698
iter=19100 : Reward: 0.636800 Predcost: 1.337985
iter=19200 : Reward: 0.635600 Predcost: 1.330538
iter=19300 : Reward: 0.636000 Predcost: 1.330694
iter=19400 : Reward: 0.626900 Predcost: 1.353430
iter=19500 : Reward: 0.631600 Predcost: 1.337863
iter=19600 : Reward: 0.628900 Predcost: 1.342471
iter=19700 : Reward: 0.637500 Predcost: 1.346417
iter=19800 : Reward: 0.633600 Predcost: 1.344383
iter=19900 : Reward: 0.635200 Predcost: 1.341326
iter=20000 : Reward: 0.632100 Predcost: 1.335229
iter=20100 : Reward: 0.632900 Predcost: 1.340347
iter=20200 : Reward: 0.626800 Predcost: 1.345399
iter=20300 : Reward: 0.635900 Predcost: 1.328351
iter=20400 : Reward: 0.630600 Predcost: 1.345734
iter=20500 : Reward: 0.635300 Predcost: 1.341583
iter=20600 : Reward: 0.631800 Predcost: 1.339468
iter=20700 : Reward: 0.635100 Predcost: 1.334709
iter=20800 : Reward: 0.625500 Predcost: 1.351288
iter=20900 : Reward: 0.624500 Predcost: 1.362663
iter=21000 : Reward: 0.630500 Predcost: 1.346491
iter=21100 : Reward: 0.637100 Predcost: 1.325872
iter=21200 : Reward: 0.635500 Predcost: 1.335160
iter=21300 : Reward: 0.639900 Predcost: 1.313881
iter=21400 : Reward: 0.641100 Predcost: 1.315316
iter=21500 : Reward: 0.630900 Predcost: 1.335701
iter=21600 : Reward: 0.636200 Predcost: 1.329465
iter=21700 : Reward: 0.629500 Predcost: 1.356267
iter=21800 : Reward: 0.631000 Predcost: 1.348368
iter=21900 : Reward: 0.631300 Predcost: 1.333656
iter=22000 : Reward: 0.636900 Predcost: 1.320044
iter=22100 : Reward: 0.632300 Predcost: 1.331641
iter=22200 : Reward: 0.631400 Predcost: 1.348003
iter=22300 : Reward: 0.635700 Predcost: 1.321672
iter=22400 : Reward: 0.627400 Predcost: 1.342114
iter=22500 : Reward: 0.628800 Predcost: 1.348953
iter=22600 : Reward: 0.636200 Predcost: 1.329579
iter=22700 : Reward: 0.630200 Predcost: 1.339722
iter=22800 : Reward: 0.635900 Predcost: 1.345645
iter=22900 : Reward: 0.635300 Predcost: 1.333718
iter=23000 : Reward: 0.634800 Predcost: 1.344279
iter=23100 : Reward: 0.632800 Predcost: 1.336346
iter=23200 : Reward: 0.631900 Predcost: 1.337971
iter=23300 : Reward: 0.637900 Predcost: 1.336854
iter=23400 : Reward: 0.633100 Predcost: 1.336090
iter=23500 : Reward: 0.633100 Predcost: 1.335628
iter=23600 : Reward: 0.631900 Predcost: 1.343060
iter=23700 : Reward: 0.625400 Predcost: 1.362923
iter=23800 : Reward: 0.626000 Predcost: 1.356729
iter=23900 : Reward: 0.635300 Predcost: 1.332530
iter=24000 : Reward: 0.626200 Predcost: 1.358516
iter=24100 : Reward: 0.625000 Predcost: 1.351092
iter=24200 : Reward: 0.633900 Predcost: 1.339647
iter=24300 : Reward: 0.625600 Predcost: 1.362535
iter=24400 : Reward: 0.627800 Predcost: 1.344233
iter=24500 : Reward: 0.640100 Predcost: 1.323222
iter=24600 : Reward: 0.631100 Predcost: 1.338264
iter=24700 : Reward: 0.629200 Predcost: 1.337593
iter=24800 : Reward: 0.628400 Predcost: 1.347225
iter=24900 : Reward: 0.640200 Predcost: 1.333680
iter=25000 : Reward: 0.631300 Predcost: 1.346710
iter=25100 : Reward: 0.630300 Predcost: 1.343335
iter=25200 : Reward: 0.636900 Predcost: 1.330977
iter=25300 : Reward: 0.627900 Predcost: 1.369010
iter=25400 : Reward: 0.627200 Predcost: 1.346746
iter=25500 : Reward: 0.628700 Predcost: 1.349286
iter=25600 : Reward: 0.630900 Predcost: 1.333388
iter=25700 : Reward: 0.636300 Predcost: 1.319798
iter=25800 : Reward: 0.628600 Predcost: 1.354083
iter=25900 : Reward: 0.630900 Predcost: 1.340535
iter=26000 : Reward: 0.639900 Predcost: 1.317662
iter=26100 : Reward: 0.633400 Predcost: 1.332131
iter=26200 : Reward: 0.626500 Predcost: 1.366380
iter=26300 : Reward: 0.629800 Predcost: 1.362534
iter=26400 : Reward: 0.633400 Predcost: 1.336365
iter=26500 : Reward: 0.635300 Predcost: 1.328131
iter=26600 : Reward: 0.634300 Predcost: 1.333326
iter=26700 : Reward: 0.633200 Predcost: 1.338853
iter=26800 : Reward: 0.631600 Predcost: 1.343012
iter=26900 : Reward: 0.635500 Predcost: 1.319870
iter=27000 : Reward: 0.622200 Predcost: 1.363477
iter=27100 : Reward: 0.625400 Predcost: 1.365657
iter=27200 : Reward: 0.636400 Predcost: 1.342334
iter=27300 : Reward: 0.622000 Predcost: 1.350922
iter=27400 : Reward: 0.641400 Predcost: 1.325188
iter=27500 : Reward: 0.634600 Predcost: 1.339325
iter=27600 : Reward: 0.632200 Predcost: 1.333842
iter=27700 : Reward: 0.629000 Predcost: 1.347845
iter=27800 : Reward: 0.631100 Predcost: 1.332750
iter=27900 : Reward: 0.633400 Predcost: 1.329634
iter=28000 : Reward: 0.640400 Predcost: 1.328369
iter=28100 : Reward: 0.633400 Predcost: 1.344068
iter=28200 : Reward: 0.636700 Predcost: 1.323820
iter=28300 : Reward: 0.631000 Predcost: 1.338995
iter=28400 : Reward: 0.629600 Predcost: 1.352311
iter=28500 : Reward: 0.627700 Predcost: 1.353356
iter=28600 : Reward: 0.626400 Predcost: 1.352143
iter=28700 : Reward: 0.633400 Predcost: 1.334911
iter=28800 : Reward: 0.632400 Predcost: 1.341683
iter=28900 : Reward: 0.639800 Predcost: 1.319769
iter=29000 : Reward: 0.632700 Predcost: 1.318865
iter=29100 : Reward: 0.626500 Predcost: 1.357452
iter=29200 : Reward: 0.628200 Predcost: 1.357843
iter=29300 : Reward: 0.630100 Predcost: 1.349703
iter=29400 : Reward: 0.630200 Predcost: 1.331948
iter=29500 : Reward: 0.634000 Predcost: 1.330340
iter=29600 : Reward: 0.626700 Predcost: 1.348576
iter=29700 : Reward: 0.630000 Predcost: 1.339676
iter=29800 : Reward: 0.624500 Predcost: 1.356290
iter=29900 : Reward: 0.641700 Predcost: 1.319512
iter=30000 : Reward: 0.628100 Predcost: 1.337589
iter=30100 : Reward: 0.627700 Predcost: 1.349415
iter=30200 : Reward: 0.628900 Predcost: 1.339783
iter=30300 : Reward: 0.632000 Predcost: 1.336628
iter=30400 : Reward: 0.636300 Predcost: 1.320863
iter=30500 : Reward: 0.635100 Predcost: 1.336802
iter=30600 : Reward: 0.630800 Predcost: 1.334329
iter=30700 : Reward: 0.636900 Predcost: 1.330715
iter=30800 : Reward: 0.626200 Predcost: 1.353859
iter=30900 : Reward: 0.642300 Predcost: 1.326758
iter=31000 : Reward: 0.635100 Predcost: 1.324250
iter=31100 : Reward: 0.623300 Predcost: 1.358763
iter=31200 : Reward: 0.635200 Predcost: 1.328104
iter=31300 : Reward: 0.632600 Predcost: 1.354297
iter=31400 : Reward: 0.639000 Predcost: 1.329352
iter=31500 : Reward: 0.628200 Predcost: 1.348459
iter=31600 : Reward: 0.629100 Predcost: 1.347983
iter=31700 : Reward: 0.625900 Predcost: 1.353712
iter=31800 : Reward: 0.636700 Predcost: 1.326454
iter=31900 : Reward: 0.627000 Predcost: 1.341552
iter=32000 : Reward: 0.626000 Predcost: 1.348875
ACCURACY: 0.467199997703
Model saved in file: model_runs/BASIC_DRAM_run_7/classifymodel_32000.ckpt
--- 11081.593015 CPU seconds ---
iter=32100 : Reward: 0.633400 Predcost: 1.343657
iter=32200 : Reward: 0.643500 Predcost: 1.310988
iter=32300 : Reward: 0.635600 Predcost: 1.334025
iter=32400 : Reward: 0.635100 Predcost: 1.334401
iter=32500 : Reward: 0.634200 Predcost: 1.337572
iter=32600 : Reward: 0.628200 Predcost: 1.356553
iter=32700 : Reward: 0.631000 Predcost: 1.349189
iter=32800 : Reward: 0.632600 Predcost: 1.345799
iter=32900 : Reward: 0.642800 Predcost: 1.314721
iter=33000 : Reward: 0.629500 Predcost: 1.353468
iter=33100 : Reward: 0.631900 Predcost: 1.342316
