['DRAMcopy12.py', 'true', 'true', 'true', 'true', 'true', 'true', 'model_runs/toddler_blobs/classify_log.csv', 'model_runs/toddler_blobs/classifymodel_0.ckpt', 'model_runs/toddler_blobs/classifymodel_', 'model_runs/toddler_blobs/zzzdraw_data_5000.npy', 'false', 'true', 'false', 'false', 'true']
WARNING:tensorflow:<tensorflow.contrib.rnn.python.ops.core_rnn_cell_impl.LSTMCell object at 0x7f1057f17a58>: The input_size parameter is deprecated.
WARNING:tensorflow:<tensorflow.contrib.rnn.python.ops.core_rnn_cell_impl.LSTMCell object at 0x7f1057f02d30>: The input_size parameter is deprecated.
2017-07-06 11:14:52.013365: W tensorflow/core/platform/cpu_feature_guard.cc:45] The TensorFlow library wasn't compiled to use SSE4.1 instructions, but these are available on your machine and could speed up CPU computations.
2017-07-06 11:14:52.013422: W tensorflow/core/platform/cpu_feature_guard.cc:45] The TensorFlow library wasn't compiled to use SSE4.2 instructions, but these are available on your machine and could speed up CPU computations.
2017-07-06 11:14:52.013453: W tensorflow/core/platform/cpu_feature_guard.cc:45] The TensorFlow library wasn't compiled to use AVX instructions, but these are available on your machine and could speed up CPU computations.
2017-07-06 11:14:52.013462: W tensorflow/core/platform/cpu_feature_guard.cc:45] The TensorFlow library wasn't compiled to use AVX2 instructions, but these are available on your machine and could speed up CPU computations.
2017-07-06 11:14:52.013470: W tensorflow/core/platform/cpu_feature_guard.cc:45] The TensorFlow library wasn't compiled to use FMA instructions, but these are available on your machine and could speed up CPU computations.
iter=0 : Reward: 0.110000

ACCURACY: 0.175000000447
Model saved in file: model_runs/toddler_blobs/classifymodel_0.ckpt
--- 5.904083000000007 CPU seconds ---
iter=1000 : Reward: 0.230000

iter=2000 : Reward: 0.140000

iter=3000 : Reward: 0.280000

iter=4000 : Reward: 0.170000

iter=5000 : Reward: 0.200000

iter=6000 : Reward: 0.200000

iter=7000 : Reward: 0.210000

iter=8000 : Reward: 0.180000

iter=9000 : Reward: 0.200000

iter=10000 : Reward: 0.210000

ACCURACY: 0.194400000274
Model saved in file: model_runs/toddler_blobs/classifymodel_10000.ckpt
--- 21328.224133000003 CPU seconds ---
iter=11000 : Reward: 0.260000

iter=12000 : Reward: 0.190000

iter=13000 : Reward: 0.150000

iter=14000 : Reward: 0.140000

iter=15000 : Reward: 0.150000

iter=16000 : Reward: 0.170000

iter=17000 : Reward: 0.200000

iter=18000 : Reward: 0.150000

iter=19000 : Reward: 0.260000

iter=20000 : Reward: 0.190000

ACCURACY: 0.186000000387
Model saved in file: model_runs/toddler_blobs/classifymodel_20000.ckpt
--- 42459.77318199999 CPU seconds ---
iter=21000 : Reward: 0.170000

iter=22000 : Reward: 0.190000

iter=23000 : Reward: 0.120000

iter=24000 : Reward: 0.150000

