WARNING:tensorflow:<tensorflow.contrib.rnn.python.ops.core_rnn_cell_impl.LSTMCell object at 0x7f8c8d5466a0>: The input_size parameter is deprecated.
WARNING:tensorflow:<tensorflow.contrib.rnn.python.ops.core_rnn_cell_impl.LSTMCell object at 0x7f8c91907f60>: The input_size parameter is deprecated.
2017-06-19 14:13:32.829706: W tensorflow/core/platform/cpu_feature_guard.cc:45] The TensorFlow library wasn't compiled to use SSE4.1 instructions, but these are available on your machine and could speed up CPU computations.
2017-06-19 14:13:32.829747: W tensorflow/core/platform/cpu_feature_guard.cc:45] The TensorFlow library wasn't compiled to use SSE4.2 instructions, but these are available on your machine and could speed up CPU computations.
2017-06-19 14:13:32.829753: W tensorflow/core/platform/cpu_feature_guard.cc:45] The TensorFlow library wasn't compiled to use AVX instructions, but these are available on your machine and could speed up CPU computations.
2017-06-19 14:13:32.829758: W tensorflow/core/platform/cpu_feature_guard.cc:45] The TensorFlow library wasn't compiled to use AVX2 instructions, but these are available on your machine and could speed up CPU computations.
2017-06-19 14:13:32.829762: W tensorflow/core/platform/cpu_feature_guard.cc:45] The TensorFlow library wasn't compiled to use FMA instructions, but these are available on your machine and could speed up CPU computations.
['DRAMcopy8-number_learning_input.py', 'true', 'false', 'true', 'false', 'true', 'true', 'number_learning_lr_point_two/classify_log.csv', 'number_learning_lr_point_two/classifymodel_.ckpt', 'number_learning_lr_point_two/classifymodel_', 'number_learning_lr_point_two/zzzdraw_data_5000.npy', 'false', 'true', 'false', 'false', 'true']
filterbank: 
grid_i.shape:  (1, 5)
a.shape:  (1, 1, 100)
b.shape:  (1, 1, 100)
Fx.shape: (100, 5, 100)
Fxt.shape: (100, 100, 5)
img.shape: (100, 100, 100)
filterbank: 
grid_i.shape:  (1, 5)
a.shape:  (1, 1, 100)
b.shape:  (1, 1, 100)
Fx.shape: (100, 5, 100)
Fxt.shape: (100, 100, 5)
img.shape: (100, 100, 100)
filterbank: 
grid_i.shape:  (1, 5)
a.shape:  (1, 1, 100)
b.shape:  (1, 1, 100)
Fx.shape: (100, 5, 100)
Fxt.shape: (100, 100, 5)
img.shape: (100, 100, 100)
filterbank: 
grid_i.shape:  (1, 5)
a.shape:  (1, 1, 100)
b.shape:  (1, 1, 100)
Fx.shape: (100, 5, 100)
Fxt.shape: (100, 100, 5)
img.shape: (100, 100, 100)
filterbank: 
grid_i.shape:  (1, 5)
a.shape:  (1, 1, 100)
b.shape:  (1, 1, 100)
Fx.shape: (100, 5, 100)
Fxt.shape: (100, 100, 5)
img.shape: (100, 100, 100)
filterbank: 
grid_i.shape:  (1, 5)
a.shape:  (1, 1, 100)
b.shape:  (1, 1, 100)
Fx.shape: (100, 5, 100)
Fxt.shape: (100, 100, 5)
img.shape: (100, 100, 100)
filterbank: 
grid_i.shape:  (1, 5)
a.shape:  (1, 1, 100)
b.shape:  (1, 1, 100)
Fx.shape: (100, 5, 100)
Fxt.shape: (100, 100, 5)
img.shape: (100, 100, 100)
filterbank: 
grid_i.shape:  (1, 5)
a.shape:  (1, 1, 100)
b.shape:  (1, 1, 100)
Fx.shape: (100, 5, 100)
Fxt.shape: (100, 100, 5)
img.shape: (100, 100, 100)
filterbank: 
grid_i.shape:  (1, 5)
a.shape:  (1, 1, 100)
b.shape:  (1, 1, 100)
Fx.shape: (100, 5, 100)
Fxt.shape: (100, 100, 5)
img.shape: (100, 100, 100)
filterbank: 
grid_i.shape:  (1, 5)
a.shape:  (1, 1, 100)
b.shape:  (1, 1, 100)
Fx.shape: (100, 5, 100)
Fxt.shape: (100, 100, 5)
img.shape: (100, 100, 100)
read/w:0
read/b:0
z/w:0
z/b:0
hidden1/w:0
hidden1/b:0
hidden2/w:0
hidden2/b:0
Neg_21:0
[<tf.Variable 'read/w:0' shape=(256, 5) dtype=float32_ref>, <tf.Variable 'read/b:0' shape=(5,) dtype=float32_ref>, <tf.Variable 'z/w:0' shape=(256, 9) dtype=float32_ref>, <tf.Variable 'z/b:0' shape=(9,) dtype=float32_ref>, <tf.Variable 'hidden1/w:0' shape=(256, 256) dtype=float32_ref>, <tf.Variable 'hidden1/b:0' shape=(256,) dtype=float32_ref>, <tf.Variable 'hidden2/w:0' shape=(256, 9) dtype=float32_ref>, <tf.Variable 'hidden2/b:0' shape=(9,) dtype=float32_ref>]
iter=0 : Reward: 0.370000
batches_in_epoch:  9
ACCURACY: 0.0999999998344
Model saved in file: number_learning_lr_point_two/classifymodel_0.ckpt
--- 4.695338 CPU seconds ---
iter=100 : Reward: 0.010000
iter=200 : Reward: 0.010000
iter=300 : Reward: 0.020000
iter=400 : Reward: 0.030000
iter=500 : Reward: 0.100000
iter=600 : Reward: 0.220000
iter=700 : Reward: 0.070000
iter=800 : Reward: 0.020000
iter=900 : Reward: 0.010000
iter=1000 : Reward: 0.050000
iter=1100 : Reward: 0.090000
iter=1200 : Reward: 0.060000
iter=1300 : Reward: 0.610000
iter=1400 : Reward: 0.630000
iter=1500 : Reward: 0.760000
iter=1600 : Reward: 0.680000
iter=1700 : Reward: 0.600000
iter=1800 : Reward: 0.640000
iter=1900 : Reward: 0.630000
iter=2000 : Reward: 0.590000
iter=2100 : Reward: 0.090000
iter=2200 : Reward: 0.000000
iter=2300 : Reward: 0.000000
iter=2400 : Reward: 0.000000
iter=2500 : Reward: 0.000000
iter=2600 : Reward: 0.020000
iter=2700 : Reward: 0.010000
iter=2800 : Reward: 0.010000
iter=2900 : Reward: 0.030000
iter=3000 : Reward: 0.010000
iter=3100 : Reward: 0.020000
iter=3200 : Reward: 0.660000
iter=3300 : Reward: 0.640000
iter=3400 : Reward: 0.700000
iter=3500 : Reward: 0.640000
iter=3600 : Reward: 0.650000
iter=3700 : Reward: 0.730000
iter=3800 : Reward: 0.590000
iter=3900 : Reward: 0.640000
iter=4000 : Reward: 0.680000
iter=4100 : Reward: 0.660000
iter=4200 : Reward: 0.150000
iter=4300 : Reward: 0.030000
iter=4400 : Reward: 0.000000
iter=4500 : Reward: 0.030000
iter=4600 : Reward: 0.050000
iter=4700 : Reward: 0.010000
iter=4800 : Reward: 0.000000
iter=4900 : Reward: 0.020000
iter=5000 : Reward: 0.000000
iter=5100 : Reward: 0.020000
iter=5200 : Reward: 0.010000
iter=5300 : Reward: 0.670000
iter=5400 : Reward: 0.670000
iter=5500 : Reward: 0.710000
iter=5600 : Reward: 0.670000
iter=5700 : Reward: 0.660000
iter=5800 : Reward: 0.640000
iter=5900 : Reward: 0.680000
iter=6000 : Reward: 0.670000
iter=6100 : Reward: 0.000000
iter=6200 : Reward: 0.000000
iter=6300 : Reward: 0.010000
iter=6400 : Reward: 0.060000
iter=6500 : Reward: 0.010000
iter=6600 : Reward: 0.030000
iter=6700 : Reward: 0.000000
iter=6800 : Reward: 0.000000
iter=6900 : Reward: 0.000000
iter=7000 : Reward: 0.010000
iter=7100 : Reward: 0.000000
iter=7200 : Reward: 0.710000
iter=7300 : Reward: 0.540000
iter=7400 : Reward: 0.620000
iter=7500 : Reward: 0.730000
iter=7600 : Reward: 0.670000
iter=7700 : Reward: 0.670000
iter=7800 : Reward: 0.650000
iter=7900 : Reward: 0.650000
iter=8000 : Reward: 0.700000
iter=8100 : Reward: 0.020000
iter=8200 : Reward: 0.140000
iter=8300 : Reward: 0.000000
iter=8400 : Reward: 0.040000
iter=8500 : Reward: 0.030000
iter=8600 : Reward: 0.010000
iter=8700 : Reward: 0.020000
iter=8800 : Reward: 0.000000
iter=8900 : Reward: 0.020000
iter=9000 : Reward: 0.040000
iter=9100 : Reward: 0.020000
iter=9200 : Reward: 0.680000
iter=9300 : Reward: 0.660000
iter=9400 : Reward: 0.630000
iter=9500 : Reward: 0.680000
iter=9600 : Reward: 0.650000
iter=9700 : Reward: 0.620000
iter=9800 : Reward: 0.710000
iter=9900 : Reward: 0.690000
iter=10000 : Reward: 0.660000
batches_in_epoch:  9
ACCURACY: 0.103333334956
Model saved in file: number_learning_lr_point_two/classifymodel_10000.ckpt
--- 20766.227820999997 CPU seconds ---
iter=10100 : Reward: 0.000000
iter=10200 : Reward: 0.020000
iter=10300 : Reward: 0.180000
iter=10400 : Reward: 0.030000
iter=10500 : Reward: 0.010000
iter=10600 : Reward: 0.160000
iter=10700 : Reward: 0.000000
iter=10800 : Reward: 0.020000
iter=10900 : Reward: 0.010000
iter=11000 : Reward: 0.030000
iter=11100 : Reward: 0.010000
iter=11200 : Reward: 0.000000
iter=11300 : Reward: 0.680000
iter=11400 : Reward: 0.590000
iter=11500 : Reward: 0.540000
iter=11600 : Reward: 0.730000
iter=11700 : Reward: 0.650000
iter=11800 : Reward: 0.550000
iter=11900 : Reward: 0.700000
iter=12000 : Reward: 0.660000
iter=12100 : Reward: 0.040000
iter=12200 : Reward: 0.010000
iter=12300 : Reward: 0.010000
iter=12400 : Reward: 0.040000
iter=12500 : Reward: 0.010000
iter=12600 : Reward: 0.000000
iter=12700 : Reward: 0.160000
iter=12800 : Reward: 0.000000
iter=12900 : Reward: 0.060000
iter=13000 : Reward: 0.130000
iter=13100 : Reward: 0.200000
iter=13200 : Reward: 0.220000
iter=13300 : Reward: 0.650000
iter=13400 : Reward: 0.650000
iter=13500 : Reward: 0.690000
iter=13600 : Reward: 0.690000
iter=13700 : Reward: 0.620000
iter=13800 : Reward: 0.640000
iter=13900 : Reward: 0.640000
iter=14000 : Reward: 0.710000
iter=14100 : Reward: 0.010000
iter=14200 : Reward: 0.020000
iter=14300 : Reward: 0.000000
iter=14400 : Reward: 0.030000
iter=14500 : Reward: 0.020000
iter=14600 : Reward: 0.020000
iter=14700 : Reward: 0.010000
iter=14800 : Reward: 0.040000
iter=14900 : Reward: 0.030000
iter=15000 : Reward: 0.050000
iter=15100 : Reward: 0.040000
iter=15200 : Reward: 0.620000
iter=15300 : Reward: 0.560000
iter=15400 : Reward: 0.670000
iter=15500 : Reward: 0.600000
iter=15600 : Reward: 0.680000
iter=15700 : Reward: 0.630000
iter=15800 : Reward: 0.630000
iter=15900 : Reward: 0.640000
iter=16000 : Reward: 0.710000
iter=16100 : Reward: 0.000000
iter=16200 : Reward: 0.180000
iter=16300 : Reward: 0.210000
iter=16400 : Reward: 0.000000
iter=16500 : Reward: 0.000000
iter=16600 : Reward: 0.000000
iter=16700 : Reward: 0.030000
iter=16800 : Reward: 0.020000
iter=16900 : Reward: 0.050000
iter=17000 : Reward: 0.030000
iter=17100 : Reward: 0.650000
iter=17200 : Reward: 0.690000
iter=17300 : Reward: 0.550000
iter=17400 : Reward: 0.610000
iter=17500 : Reward: 0.630000
iter=17600 : Reward: 0.610000
iter=17700 : Reward: 0.590000
iter=17800 : Reward: 0.680000
iter=17900 : Reward: 0.730000
iter=18000 : Reward: 0.590000
iter=18100 : Reward: 0.020000
iter=18200 : Reward: 0.020000
iter=18300 : Reward: 0.020000
iter=18400 : Reward: 0.040000
iter=18500 : Reward: 0.040000