['DRAMcopy10_nli_classification.py', 'true', 'false', 'true', 'false', 'true', 'true', 'model_runs/all_knower_ten_glimpses/classify_log.csv', 'model_runs/all_knower_ten_glimpses/classifymodel_0.ckpt', 'model_runs/all_knower_ten_glimpses/classifymodel_', 'model_runs/all_knower_ten_glimpses/zzzdraw_data_5000.npy', 'false', 'true', 'false', 'false', 'true']
WARNING:tensorflow:<tensorflow.contrib.rnn.python.ops.core_rnn_cell_impl.LSTMCell object at 0x7feb037f0e48>: The input_size parameter is deprecated.
WARNING:tensorflow:<tensorflow.contrib.rnn.python.ops.core_rnn_cell_impl.LSTMCell object at 0x7feb07da3940>: The input_size parameter is deprecated.
classification.shape, the batch_size, z_size:  (100, 9)
classification.shape, the batch_size, z_size:  (100, 9)
classification.shape, the batch_size, z_size:  (100, 9)
classification.shape, the batch_size, z_size:  (100, 9)
classification.shape, the batch_size, z_size:  (100, 9)
classification.shape, the batch_size, z_size:  (100, 9)
classification.shape, the batch_size, z_size:  (100, 9)
classification.shape, the batch_size, z_size:  (100, 9)
classification.shape, the batch_size, z_size:  (100, 9)
classification.shape, the batch_size, z_size:  (100, 9)
read/w:0
read/b:0
z/w:0
z/b:0
hidden1/w:0
hidden1/b:0
hidden2/w:0
hidden2/b:0
2017-06-26 15:21:37.864655: W tensorflow/core/platform/cpu_feature_guard.cc:45] The TensorFlow library wasn't compiled to use SSE4.1 instructions, but these are available on your machine and could speed up CPU computations.
2017-06-26 15:21:37.864680: W tensorflow/core/platform/cpu_feature_guard.cc:45] The TensorFlow library wasn't compiled to use SSE4.2 instructions, but these are available on your machine and could speed up CPU computations.
2017-06-26 15:21:37.864684: W tensorflow/core/platform/cpu_feature_guard.cc:45] The TensorFlow library wasn't compiled to use AVX instructions, but these are available on your machine and could speed up CPU computations.
2017-06-26 15:21:37.864687: W tensorflow/core/platform/cpu_feature_guard.cc:45] The TensorFlow library wasn't compiled to use AVX2 instructions, but these are available on your machine and could speed up CPU computations.
2017-06-26 15:21:37.864689: W tensorflow/core/platform/cpu_feature_guard.cc:45] The TensorFlow library wasn't compiled to use FMA instructions, but these are available on your machine and could speed up CPU computations.
2017-06-26 15:21:38.009823: I tensorflow/stream_executor/cuda/cuda_gpu_executor.cc:901] successful NUMA node read from SysFS had negative value (-1), but there must be at least one NUMA node, so returning NUMA node zero
2017-06-26 15:21:38.010123: I tensorflow/core/common_runtime/gpu/gpu_device.cc:887] Found device 0 with properties: 
name: GeForce GTX 1080
major: 6 minor: 1 memoryClockRate (GHz) 1.898
pciBusID 0000:01:00.0
Total memory: 7.92GiB
Free memory: 6.52GiB
2017-06-26 15:21:38.010173: W tensorflow/stream_executor/cuda/cuda_driver.cc:485] creating context when one is currently active; existing: 0x7cc8140
2017-06-26 15:21:38.104009: I tensorflow/stream_executor/cuda/cuda_gpu_executor.cc:901] successful NUMA node read from SysFS had negative value (-1), but there must be at least one NUMA node, so returning NUMA node zero
2017-06-26 15:21:38.104305: I tensorflow/core/common_runtime/gpu/gpu_device.cc:887] Found device 1 with properties: 
name: GeForce GTX 1080
major: 6 minor: 1 memoryClockRate (GHz) 1.898
pciBusID 0000:02:00.0
Total memory: 7.92GiB
Free memory: 7.37GiB
2017-06-26 15:21:38.104671: I tensorflow/core/common_runtime/gpu/gpu_device.cc:908] DMA: 0 1 
2017-06-26 15:21:38.104681: I tensorflow/core/common_runtime/gpu/gpu_device.cc:918] 0:   Y Y 
2017-06-26 15:21:38.104684: I tensorflow/core/common_runtime/gpu/gpu_device.cc:918] 1:   Y Y 
2017-06-26 15:21:38.104689: I tensorflow/core/common_runtime/gpu/gpu_device.cc:977] Creating TensorFlow device (/gpu:0) -> (device: 0, name: GeForce GTX 1080, pci bus id: 0000:01:00.0)
2017-06-26 15:21:38.104693: I tensorflow/core/common_runtime/gpu/gpu_device.cc:977] Creating TensorFlow device (/gpu:1) -> (device: 1, name: GeForce GTX 1080, pci bus id: 0000:02:00.0)
iter=0 : Reward: 0.100000
batches_in_epoch:  90
ACCURACY: 0.109888885294
Model saved in file: model_runs/all_knower_ten_glimpses/classifymodel_0.ckpt
--- 2.24719 CPU seconds ---
iter=1000 : Reward: 0.060000
iter=2000 : Reward: 0.100000
iter=3000 : Reward: 0.090000
iter=4000 : Reward: 0.120000
iter=5000 : Reward: 0.130000
iter=6000 : Reward: 0.100000
iter=7000 : Reward: 0.090000
iter=8000 : Reward: 0.040000
iter=9000 : Reward: 0.110000
iter=10000 : Reward: 0.150000
batches_in_epoch:  90
ACCURACY: 0.105222218649
Model saved in file: model_runs/all_knower_ten_glimpses/classifymodel_10000.ckpt
--- 579.1841820000001 CPU seconds ---
iter=11000 : Reward: 0.110000
iter=12000 : Reward: 0.110000
iter=13000 : Reward: 0.090000
iter=14000 : Reward: 0.170000
iter=15000 : Reward: 0.120000
iter=16000 : Reward: 0.160000
iter=17000 : Reward: 0.110000
iter=18000 : Reward: 0.070000
iter=19000 : Reward: 0.080000
iter=20000 : Reward: 0.070000
batches_in_epoch:  90
ACCURACY: 0.112666661665
Model saved in file: model_runs/all_knower_ten_glimpses/classifymodel_20000.ckpt
--- 1084.5139800000002 CPU seconds ---
iter=21000 : Reward: 0.180000
iter=22000 : Reward: 0.110000
iter=23000 : Reward: 0.180000
iter=24000 : Reward: 0.060000
iter=25000 : Reward: 0.060000
iter=26000 : Reward: 0.070000
iter=27000 : Reward: 0.120000
iter=28000 : Reward: 0.110000
iter=29000 : Reward: 0.060000
iter=30000 : Reward: 0.110000
batches_in_epoch:  90
ACCURACY: 0.10811110706
Model saved in file: model_runs/all_knower_ten_glimpses/classifymodel_30000.ckpt
--- 1547.9033570000001 CPU seconds ---
iter=31000 : Reward: 0.130000
iter=32000 : Reward: 0.120000
iter=33000 : Reward: 0.120000
iter=34000 : Reward: 0.120000
iter=35000 : Reward: 0.170000
iter=36000 : Reward: 0.090000
iter=37000 : Reward: 0.110000
iter=38000 : Reward: 0.120000
iter=39000 : Reward: 0.090000
iter=40000 : Reward: 0.180000
batches_in_epoch:  90
ACCURACY: 0.111555551696
Model saved in file: model_runs/all_knower_ten_glimpses/classifymodel_40000.ckpt
--- 1999.7839420000003 CPU seconds ---
iter=41000 : Reward: 0.180000
iter=42000 : Reward: 0.120000
iter=43000 : Reward: 0.130000
iter=44000 : Reward: 0.110000
iter=45000 : Reward: 0.110000
iter=46000 : Reward: 0.110000
iter=47000 : Reward: 0.110000
iter=48000 : Reward: 0.140000
iter=49000 : Reward: 0.080000
iter=50000 : Reward: 0.110000
batches_in_epoch:  90
ACCURACY: 0.113444440191
Model saved in file: model_runs/all_knower_ten_glimpses/classifymodel_50000.ckpt
--- 2454.1976539999996 CPU seconds ---
iter=51000 : Reward: 0.100000
iter=52000 : Reward: 0.060000
iter=53000 : Reward: 0.070000
iter=54000 : Reward: 0.080000
iter=55000 : Reward: 0.150000
iter=56000 : Reward: 0.080000
iter=57000 : Reward: 0.150000
iter=58000 : Reward: 0.120000
iter=59000 : Reward: 0.110000
iter=60000 : Reward: 0.090000
batches_in_epoch:  90
ACCURACY: 0.113111107093
Model saved in file: model_runs/all_knower_ten_glimpses/classifymodel_60000.ckpt
--- 2905.8053749999995 CPU seconds ---
iter=61000 : Reward: 0.090000
iter=62000 : Reward: 0.060000
iter=63000 : Reward: 0.080000
iter=64000 : Reward: 0.060000
iter=65000 : Reward: 0.120000
iter=66000 : Reward: 0.070000
iter=67000 : Reward: 0.120000
iter=68000 : Reward: 0.130000
iter=69000 : Reward: 0.150000
iter=70000 : Reward: 0.080000
batches_in_epoch:  90
ACCURACY: 0.110444440817
Model saved in file: model_runs/all_knower_ten_glimpses/classifymodel_70000.ckpt
--- 3358.3156149999995 CPU seconds ---
iter=71000 : Reward: 0.120000
iter=72000 : Reward: 0.110000
iter=73000 : Reward: 0.120000
iter=74000 : Reward: 0.100000
iter=75000 : Reward: 0.100000
iter=76000 : Reward: 0.120000
iter=77000 : Reward: 0.090000
iter=78000 : Reward: 0.150000
iter=79000 : Reward: 0.120000
iter=80000 : Reward: 0.140000
batches_in_epoch:  90
ACCURACY: 0.114555551857
Model saved in file: model_runs/all_knower_ten_glimpses/classifymodel_80000.ckpt
--- 3813.246549 CPU seconds ---
iter=81000 : Reward: 0.070000
iter=82000 : Reward: 0.140000
iter=83000 : Reward: 0.120000
iter=84000 : Reward: 0.120000
iter=85000 : Reward: 0.090000
iter=86000 : Reward: 0.110000
iter=87000 : Reward: 0.110000
iter=88000 : Reward: 0.090000
iter=89000 : Reward: 0.120000
iter=90000 : Reward: 0.100000
batches_in_epoch:  90
ACCURACY: 0.119888884574
Model saved in file: model_runs/all_knower_ten_glimpses/classifymodel_90000.ckpt
--- 4264.373200000001 CPU seconds ---
iter=91000 : Reward: 0.130000
iter=92000 : Reward: 0.130000
iter=93000 : Reward: 0.060000
iter=94000 : Reward: 0.090000
iter=95000 : Reward: 0.120000
iter=96000 : Reward: 0.070000
iter=97000 : Reward: 0.120000
iter=98000 : Reward: 0.140000
iter=99000 : Reward: 0.150000
iter=100000 : Reward: 0.130000
batches_in_epoch:  90
ACCURACY: 0.114666662779
Model saved in file: model_runs/all_knower_ten_glimpses/classifymodel_100000.ckpt
--- 4716.133887000001 CPU seconds ---
iter=101000 : Reward: 0.110000
iter=102000 : Reward: 0.140000
iter=103000 : Reward: 0.130000
iter=104000 : Reward: 0.080000
iter=105000 : Reward: 0.110000
iter=106000 : Reward: 0.080000
iter=107000 : Reward: 0.100000
iter=108000 : Reward: 0.100000
iter=109000 : Reward: 0.150000
iter=110000 : Reward: 0.120000
batches_in_epoch:  90
ACCURACY: 0.114999995298
Model saved in file: model_runs/all_knower_ten_glimpses/classifymodel_110000.ckpt
--- 5168.539605999999 CPU seconds ---
iter=111000 : Reward: 0.100000
iter=112000 : Reward: 0.130000
iter=113000 : Reward: 0.120000
iter=114000 : Reward: 0.130000
iter=115000 : Reward: 0.090000
iter=116000 : Reward: 0.110000
iter=117000 : Reward: 0.070000
iter=118000 : Reward: 0.120000
iter=119000 : Reward: 0.070000
iter=120000 : Reward: 0.140000
batches_in_epoch:  90
ACCURACY: 0.112111107094
Model saved in file: model_runs/all_knower_ten_glimpses/classifymodel_120000.ckpt
--- 5623.363937 CPU seconds ---
iter=121000 : Reward: 0.150000
iter=122000 : Reward: 0.110000
iter=123000 : Reward: 0.100000
iter=124000 : Reward: 0.100000
iter=125000 : Reward: 0.120000
iter=126000 : Reward: 0.100000
iter=127000 : Reward: 0.100000
iter=128000 : Reward: 0.100000
iter=129000 : Reward: 0.100000
iter=130000 : Reward: 0.080000
batches_in_epoch:  90
ACCURACY: 0.11644444029
Model saved in file: model_runs/all_knower_ten_glimpses/classifymodel_130000.ckpt
--- 6073.857523000001 CPU seconds ---
iter=131000 : Reward: 0.140000
iter=132000 : Reward: 0.100000
iter=133000 : Reward: 0.110000
iter=134000 : Reward: 0.150000
iter=135000 : Reward: 0.190000
iter=136000 : Reward: 0.110000
iter=137000 : Reward: 0.170000
iter=138000 : Reward: 0.140000
iter=139000 : Reward: 0.110000
iter=140000 : Reward: 0.120000
batches_in_epoch:  90
ACCURACY: 0.107888884097
Model saved in file: model_runs/all_knower_ten_glimpses/classifymodel_140000.ckpt
--- 6524.3723580000005 CPU seconds ---
iter=141000 : Reward: 0.170000
iter=142000 : Reward: 0.170000
iter=143000 : Reward: 0.130000
iter=144000 : Reward: 0.080000
iter=145000 : Reward: 0.170000
iter=146000 : Reward: 0.100000
iter=147000 : Reward: 0.110000
iter=148000 : Reward: 0.130000
iter=149000 : Reward: 0.100000
iter=150000 : Reward: 0.090000
batches_in_epoch:  90
ACCURACY: 0.111444439967
Model saved in file: model_runs/all_knower_ten_glimpses/classifymodel_150000.ckpt
--- 6979.270871000001 CPU seconds ---
iter=151000 : Reward: 0.140000
iter=152000 : Reward: 0.080000
iter=153000 : Reward: 0.100000
iter=154000 : Reward: 0.080000
iter=155000 : Reward: 0.110000
iter=156000 : Reward: 0.120000
iter=157000 : Reward: 0.110000
iter=158000 : Reward: 0.130000
iter=159000 : Reward: 0.090000
iter=160000 : Reward: 0.130000
batches_in_epoch:  90
ACCURACY: 0.113888884895
Model saved in file: model_runs/all_knower_ten_glimpses/classifymodel_160000.ckpt
--- 7433.855635000001 CPU seconds ---
iter=161000 : Reward: 0.090000
iter=162000 : Reward: 0.120000
iter=163000 : Reward: 0.160000
iter=164000 : Reward: 0.090000
iter=165000 : Reward: 0.100000
iter=166000 : Reward: 0.140000
iter=167000 : Reward: 0.080000
iter=168000 : Reward: 0.130000
iter=169000 : Reward: 0.140000
iter=170000 : Reward: 0.130000
batches_in_epoch:  90
ACCURACY: 0.109333329317
Model saved in file: model_runs/all_knower_ten_glimpses/classifymodel_170000.ckpt
--- 7884.848581000001 CPU seconds ---
iter=171000 : Reward: 0.110000
iter=172000 : Reward: 0.110000
iter=173000 : Reward: 0.080000
iter=174000 : Reward: 0.160000
iter=175000 : Reward: 0.090000
iter=176000 : Reward: 0.150000
iter=177000 : Reward: 0.130000
iter=178000 : Reward: 0.130000
iter=179000 : Reward: 0.120000
iter=180000 : Reward: 0.110000
batches_in_epoch:  90
ACCURACY: 0.110999996339
Model saved in file: model_runs/all_knower_ten_glimpses/classifymodel_180000.ckpt
--- 8337.193981000002 CPU seconds ---
iter=181000 : Reward: 0.100000
iter=182000 : Reward: 0.070000
iter=183000 : Reward: 0.080000
iter=184000 : Reward: 0.130000
iter=185000 : Reward: 0.100000
iter=186000 : Reward: 0.150000
iter=187000 : Reward: 0.030000
iter=188000 : Reward: 0.150000
iter=189000 : Reward: 0.170000
iter=190000 : Reward: 0.130000
batches_in_epoch:  90
ACCURACY: 0.114555551898
Model saved in file: model_runs/all_knower_ten_glimpses/classifymodel_190000.ckpt
--- 8791.514373000002 CPU seconds ---
iter=191000 : Reward: 0.120000
iter=192000 : Reward: 0.110000
iter=193000 : Reward: 0.120000
iter=194000 : Reward: 0.140000
iter=195000 : Reward: 0.070000
iter=196000 : Reward: 0.110000
iter=197000 : Reward: 0.110000
iter=198000 : Reward: 0.160000
iter=199000 : Reward: 0.070000
iter=200000 : Reward: 0.100000
batches_in_epoch:  90
ACCURACY: 0.114777772563
Model saved in file: model_runs/all_knower_ten_glimpses/classifymodel_200000.ckpt
--- 9245.161341 CPU seconds ---
iter=201000 : Reward: 0.120000
iter=202000 : Reward: 0.100000
iter=203000 : Reward: 0.090000
iter=204000 : Reward: 0.130000
iter=205000 : Reward: 0.150000
iter=206000 : Reward: 0.080000
iter=207000 : Reward: 0.130000
iter=208000 : Reward: 0.130000
iter=209000 : Reward: 0.090000
iter=210000 : Reward: 0.180000
batches_in_epoch:  90
ACCURACY: 0.116666661948
Model saved in file: model_runs/all_knower_ten_glimpses/classifymodel_210000.ckpt
--- 9698.284231000001 CPU seconds ---
iter=211000 : Reward: 0.130000
iter=212000 : Reward: 0.100000
iter=213000 : Reward: 0.150000
iter=214000 : Reward: 0.040000
iter=215000 : Reward: 0.050000
iter=216000 : Reward: 0.110000
iter=217000 : Reward: 0.130000
iter=218000 : Reward: 0.120000
iter=219000 : Reward: 0.060000
iter=220000 : Reward: 0.080000
batches_in_epoch:  90
ACCURACY: 0.112333328401
Model saved in file: model_runs/all_knower_ten_glimpses/classifymodel_220000.ckpt
--- 10150.439096000002 CPU seconds ---
iter=221000 : Reward: 0.110000
iter=222000 : Reward: 0.140000
iter=223000 : Reward: 0.100000
iter=224000 : Reward: 0.170000
iter=225000 : Reward: 0.090000
iter=226000 : Reward: 0.160000
iter=227000 : Reward: 0.120000
iter=228000 : Reward: 0.130000
iter=229000 : Reward: 0.150000
iter=230000 : Reward: 0.100000
batches_in_epoch:  90
ACCURACY: 0.115222218302
Model saved in file: model_runs/all_knower_ten_glimpses/classifymodel_230000.ckpt
--- 10602.719432000004 CPU seconds ---
iter=231000 : Reward: 0.210000
iter=232000 : Reward: 0.070000
iter=233000 : Reward: 0.130000
iter=234000 : Reward: 0.090000
iter=235000 : Reward: 0.090000
iter=236000 : Reward: 0.160000
iter=237000 : Reward: 0.090000
iter=238000 : Reward: 0.110000
iter=239000 : Reward: 0.050000
iter=240000 : Reward: 0.070000
batches_in_epoch:  90
ACCURACY: 0.116444440766
Model saved in file: model_runs/all_knower_ten_glimpses/classifymodel_240000.ckpt
--- 11056.354621000002 CPU seconds ---
iter=241000 : Reward: 0.130000
iter=242000 : Reward: 0.110000
iter=243000 : Reward: 0.110000
iter=244000 : Reward: 0.100000
iter=245000 : Reward: 0.060000
iter=246000 : Reward: 0.110000
iter=247000 : Reward: 0.070000
iter=248000 : Reward: 0.130000
iter=249000 : Reward: 0.110000
iter=250000 : Reward: 0.140000
batches_in_epoch:  90
ACCURACY: 0.118333328681
Model saved in file: model_runs/all_knower_ten_glimpses/classifymodel_250000.ckpt
--- 11510.327421000002 CPU seconds ---
iter=251000 : Reward: 0.050000
iter=252000 : Reward: 0.090000
iter=253000 : Reward: 0.110000
iter=254000 : Reward: 0.070000
iter=255000 : Reward: 0.080000
iter=256000 : Reward: 0.110000
iter=257000 : Reward: 0.110000
iter=258000 : Reward: 0.090000
iter=259000 : Reward: 0.070000
iter=260000 : Reward: 0.080000
batches_in_epoch:  90
ACCURACY: 0.120111106626
Model saved in file: model_runs/all_knower_ten_glimpses/classifymodel_260000.ckpt
--- 11961.390163000002 CPU seconds ---
iter=261000 : Reward: 0.080000
iter=262000 : Reward: 0.140000
iter=263000 : Reward: 0.060000
iter=264000 : Reward: 0.100000
iter=265000 : Reward: 0.120000
iter=266000 : Reward: 0.160000
iter=267000 : Reward: 0.120000
iter=268000 : Reward: 0.130000
iter=269000 : Reward: 0.100000
iter=270000 : Reward: 0.100000
batches_in_epoch:  90
ACCURACY: 0.11522221855
Model saved in file: model_runs/all_knower_ten_glimpses/classifymodel_270000.ckpt
--- 12414.228424 CPU seconds ---
iter=271000 : Reward: 0.110000
iter=272000 : Reward: 0.130000
iter=273000 : Reward: 0.090000
iter=274000 : Reward: 0.050000
iter=275000 : Reward: 0.110000
iter=276000 : Reward: 0.080000
iter=277000 : Reward: 0.110000
iter=278000 : Reward: 0.080000
iter=279000 : Reward: 0.090000
iter=280000 : Reward: 0.100000
batches_in_epoch:  90
ACCURACY: 0.110777773377
Model saved in file: model_runs/all_knower_ten_glimpses/classifymodel_280000.ckpt
--- 12868.357958 CPU seconds ---
iter=281000 : Reward: 0.120000
iter=282000 : Reward: 0.120000
iter=283000 : Reward: 0.120000
iter=284000 : Reward: 0.150000
iter=285000 : Reward: 0.080000
iter=286000 : Reward: 0.100000
iter=287000 : Reward: 0.170000
iter=288000 : Reward: 0.090000
iter=289000 : Reward: 0.120000
iter=290000 : Reward: 0.160000
batches_in_epoch:  90
ACCURACY: 0.107999995392
Model saved in file: model_runs/all_knower_ten_glimpses/classifymodel_290000.ckpt
--- 13323.651811000002 CPU seconds ---
iter=291000 : Reward: 0.130000
iter=292000 : Reward: 0.150000
iter=293000 : Reward: 0.080000
iter=294000 : Reward: 0.130000
iter=295000 : Reward: 0.170000
iter=296000 : Reward: 0.100000
iter=297000 : Reward: 0.120000
iter=298000 : Reward: 0.050000
iter=299000 : Reward: 0.070000
iter=300000 : Reward: 0.180000
batches_in_epoch:  90
ACCURACY: 0.117222217677
Model saved in file: model_runs/all_knower_ten_glimpses/classifymodel_300000.ckpt
--- 13774.587464 CPU seconds ---
iter=301000 : Reward: 0.140000
iter=302000 : Reward: 0.140000
iter=303000 : Reward: 0.090000
iter=304000 : Reward: 0.120000
iter=305000 : Reward: 0.120000
iter=306000 : Reward: 0.100000
iter=307000 : Reward: 0.160000
iter=308000 : Reward: 0.090000
iter=309000 : Reward: 0.090000
iter=310000 : Reward: 0.150000
batches_in_epoch:  90
ACCURACY: 0.113777773372
Model saved in file: model_runs/all_knower_ten_glimpses/classifymodel_310000.ckpt
--- 14225.389468000001 CPU seconds ---
iter=311000 : Reward: 0.130000
iter=312000 : Reward: 0.090000
iter=313000 : Reward: 0.090000
iter=314000 : Reward: 0.100000
iter=315000 : Reward: 0.090000
iter=316000 : Reward: 0.170000
iter=317000 : Reward: 0.070000
iter=318000 : Reward: 0.090000
iter=319000 : Reward: 0.090000
iter=320000 : Reward: 0.140000
batches_in_epoch:  90
ACCURACY: 0.111666662536
Model saved in file: model_runs/all_knower_ten_glimpses/classifymodel_320000.ckpt
--- 14680.023874 CPU seconds ---
iter=321000 : Reward: 0.150000
iter=322000 : Reward: 0.110000
iter=323000 : Reward: 0.090000
iter=324000 : Reward: 0.090000
iter=325000 : Reward: 0.080000
iter=326000 : Reward: 0.100000
iter=327000 : Reward: 0.080000
iter=328000 : Reward: 0.100000
iter=329000 : Reward: 0.140000
iter=330000 : Reward: 0.140000
batches_in_epoch:  90
ACCURACY: 0.113999995755
Model saved in file: model_runs/all_knower_ten_glimpses/classifymodel_330000.ckpt
--- 15134.921330000001 CPU seconds ---
iter=331000 : Reward: 0.110000
iter=332000 : Reward: 0.110000
iter=333000 : Reward: 0.060000
iter=334000 : Reward: 0.160000
iter=335000 : Reward: 0.100000
iter=336000 : Reward: 0.110000
iter=337000 : Reward: 0.110000
iter=338000 : Reward: 0.130000
iter=339000 : Reward: 0.140000
iter=340000 : Reward: 0.100000
batches_in_epoch:  90
ACCURACY: 0.106222218358
Model saved in file: model_runs/all_knower_ten_glimpses/classifymodel_340000.ckpt
--- 15585.705388999999 CPU seconds ---
iter=341000 : Reward: 0.100000
iter=342000 : Reward: 0.170000
iter=343000 : Reward: 0.100000
iter=344000 : Reward: 0.110000
iter=345000 : Reward: 0.170000
iter=346000 : Reward: 0.130000
iter=347000 : Reward: 0.170000
iter=348000 : Reward: 0.100000
iter=349000 : Reward: 0.100000
iter=350000 : Reward: 0.120000
batches_in_epoch:  90
ACCURACY: 0.119777774086
Model saved in file: model_runs/all_knower_ten_glimpses/classifymodel_350000.ckpt
--- 16039.907294999997 CPU seconds ---
iter=351000 : Reward: 0.080000
iter=352000 : Reward: 0.140000
iter=353000 : Reward: 0.100000
iter=354000 : Reward: 0.100000
iter=355000 : Reward: 0.090000
iter=356000 : Reward: 0.090000
iter=357000 : Reward: 0.130000
iter=358000 : Reward: 0.090000
iter=359000 : Reward: 0.020000
iter=360000 : Reward: 0.080000
batches_in_epoch:  90
ACCURACY: 0.11199999642
Model saved in file: model_runs/all_knower_ten_glimpses/classifymodel_360000.ckpt
--- 16493.301739000002 CPU seconds ---
iter=361000 : Reward: 0.110000
iter=362000 : Reward: 0.090000
iter=363000 : Reward: 0.110000
iter=364000 : Reward: 0.080000
iter=365000 : Reward: 0.110000
iter=366000 : Reward: 0.070000
iter=367000 : Reward: 0.120000
iter=368000 : Reward: 0.170000
iter=369000 : Reward: 0.190000
iter=370000 : Reward: 0.100000
batches_in_epoch:  90
ACCURACY: 0.120555550771
Model saved in file: model_runs/all_knower_ten_glimpses/classifymodel_370000.ckpt
--- 16946.113562 CPU seconds ---
iter=371000 : Reward: 0.110000
iter=372000 : Reward: 0.190000
iter=373000 : Reward: 0.110000
iter=374000 : Reward: 0.090000
iter=375000 : Reward: 0.110000
iter=376000 : Reward: 0.120000
iter=377000 : Reward: 0.090000
iter=378000 : Reward: 0.150000
iter=379000 : Reward: 0.090000
iter=380000 : Reward: 0.110000
batches_in_epoch:  90
ACCURACY: 0.110777773584
Model saved in file: model_runs/all_knower_ten_glimpses/classifymodel_380000.ckpt
--- 17400.371576999998 CPU seconds ---
iter=381000 : Reward: 0.140000
iter=382000 : Reward: 0.100000
iter=383000 : Reward: 0.170000
iter=384000 : Reward: 0.090000
iter=385000 : Reward: 0.100000
iter=386000 : Reward: 0.150000
iter=387000 : Reward: 0.110000
iter=388000 : Reward: 0.140000
iter=389000 : Reward: 0.130000
iter=390000 : Reward: 0.120000
batches_in_epoch:  90
ACCURACY: 0.115777774259
Model saved in file: model_runs/all_knower_ten_glimpses/classifymodel_390000.ckpt
--- 17852.028992000003 CPU seconds ---
iter=391000 : Reward: 0.080000
iter=392000 : Reward: 0.080000
iter=393000 : Reward: 0.120000
iter=394000 : Reward: 0.100000
iter=395000 : Reward: 0.130000
iter=396000 : Reward: 0.150000
iter=397000 : Reward: 0.150000
iter=398000 : Reward: 0.120000
iter=399000 : Reward: 0.130000
iter=400000 : Reward: 0.060000
batches_in_epoch:  90
ACCURACY: 0.112444440731
Model saved in file: model_runs/all_knower_ten_glimpses/classifymodel_400000.ckpt
--- 18302.66688 CPU seconds ---
iter=401000 : Reward: 0.150000
iter=402000 : Reward: 0.120000
iter=403000 : Reward: 0.160000
iter=404000 : Reward: 0.110000
iter=405000 : Reward: 0.120000
iter=406000 : Reward: 0.130000
iter=407000 : Reward: 0.150000
iter=408000 : Reward: 0.140000
iter=409000 : Reward: 0.130000
iter=410000 : Reward: 0.070000
batches_in_epoch:  90
ACCURACY: 0.110444440982
Model saved in file: model_runs/all_knower_ten_glimpses/classifymodel_410000.ckpt
--- 18756.564938 CPU seconds ---
iter=411000 : Reward: 0.080000
iter=412000 : Reward: 0.140000
iter=413000 : Reward: 0.100000
iter=414000 : Reward: 0.120000
iter=415000 : Reward: 0.110000
iter=416000 : Reward: 0.160000
iter=417000 : Reward: 0.120000
iter=418000 : Reward: 0.090000
iter=419000 : Reward: 0.110000
iter=420000 : Reward: 0.160000
batches_in_epoch:  90
ACCURACY: 0.110333329356
Model saved in file: model_runs/all_knower_ten_glimpses/classifymodel_420000.ckpt
--- 19211.649739 CPU seconds ---
iter=421000 : Reward: 0.110000
iter=422000 : Reward: 0.060000
iter=423000 : Reward: 0.130000
iter=424000 : Reward: 0.080000
iter=425000 : Reward: 0.120000
iter=426000 : Reward: 0.180000
iter=427000 : Reward: 0.150000
iter=428000 : Reward: 0.100000
iter=429000 : Reward: 0.070000
iter=430000 : Reward: 0.070000
batches_in_epoch:  90
ACCURACY: 0.107777774334
Model saved in file: model_runs/all_knower_ten_glimpses/classifymodel_430000.ckpt
--- 19663.262474000003 CPU seconds ---
iter=431000 : Reward: 0.150000
iter=432000 : Reward: 0.120000
iter=433000 : Reward: 0.110000
iter=434000 : Reward: 0.190000
iter=435000 : Reward: 0.060000
iter=436000 : Reward: 0.130000
iter=437000 : Reward: 0.060000
iter=438000 : Reward: 0.120000
iter=439000 : Reward: 0.090000
iter=440000 : Reward: 0.060000
batches_in_epoch:  90
ACCURACY: 0.11477777337
Model saved in file: model_runs/all_knower_ten_glimpses/classifymodel_440000.ckpt
--- 20114.889234000002 CPU seconds ---
iter=441000 : Reward: 0.130000
iter=442000 : Reward: 0.150000
iter=443000 : Reward: 0.110000
iter=444000 : Reward: 0.100000
iter=445000 : Reward: 0.140000
iter=446000 : Reward: 0.090000
iter=447000 : Reward: 0.070000
iter=448000 : Reward: 0.090000
iter=449000 : Reward: 0.140000
iter=450000 : Reward: 0.120000
batches_in_epoch:  90
ACCURACY: 0.112333329477
Model saved in file: model_runs/all_knower_ten_glimpses/classifymodel_450000.ckpt
--- 20568.636888000005 CPU seconds ---
iter=451000 : Reward: 0.090000
iter=452000 : Reward: 0.040000
iter=453000 : Reward: 0.120000
iter=454000 : Reward: 0.120000
iter=455000 : Reward: 0.100000
iter=456000 : Reward: 0.130000
iter=457000 : Reward: 0.060000
iter=458000 : Reward: 0.100000
iter=459000 : Reward: 0.090000
iter=460000 : Reward: 0.100000
batches_in_epoch:  90
ACCURACY: 0.110222217937
Model saved in file: model_runs/all_knower_ten_glimpses/classifymodel_460000.ckpt
--- 21023.459581000003 CPU seconds ---
iter=461000 : Reward: 0.080000
iter=462000 : Reward: 0.050000
iter=463000 : Reward: 0.130000
iter=464000 : Reward: 0.140000
iter=465000 : Reward: 0.100000
iter=466000 : Reward: 0.080000
iter=467000 : Reward: 0.120000
iter=468000 : Reward: 0.120000
iter=469000 : Reward: 0.090000
iter=470000 : Reward: 0.140000
batches_in_epoch:  90
ACCURACY: 0.115444439857
Model saved in file: model_runs/all_knower_ten_glimpses/classifymodel_470000.ckpt
--- 21476.774765000006 CPU seconds ---
iter=471000 : Reward: 0.120000
iter=472000 : Reward: 0.130000
iter=473000 : Reward: 0.050000
iter=474000 : Reward: 0.130000
iter=475000 : Reward: 0.060000
iter=476000 : Reward: 0.120000
iter=477000 : Reward: 0.140000
iter=478000 : Reward: 0.100000
iter=479000 : Reward: 0.150000
iter=480000 : Reward: 0.140000
batches_in_epoch:  90
ACCURACY: 0.115333329369
Model saved in file: model_runs/all_knower_ten_glimpses/classifymodel_480000.ckpt
--- 21929.650462 CPU seconds ---
iter=481000 : Reward: 0.110000
iter=482000 : Reward: 0.120000
iter=483000 : Reward: 0.210000
iter=484000 : Reward: 0.080000
iter=485000 : Reward: 0.070000
iter=486000 : Reward: 0.100000
iter=487000 : Reward: 0.110000
iter=488000 : Reward: 0.050000
iter=489000 : Reward: 0.100000
iter=490000 : Reward: 0.130000
batches_in_epoch:  90
ACCURACY: 0.113444440605
Model saved in file: model_runs/all_knower_ten_glimpses/classifymodel_490000.ckpt
--- 22384.44526 CPU seconds ---
iter=491000 : Reward: 0.050000
iter=492000 : Reward: 0.140000
iter=493000 : Reward: 0.060000
iter=494000 : Reward: 0.080000
iter=495000 : Reward: 0.020000
iter=496000 : Reward: 0.120000
iter=497000 : Reward: 0.150000
iter=498000 : Reward: 0.190000
iter=499000 : Reward: 0.090000
iter=500000 : Reward: 0.110000
batches_in_epoch:  90
ACCURACY: 0.115111106758
Model saved in file: model_runs/all_knower_ten_glimpses/classifymodel_500000.ckpt
--- 22840.187854 CPU seconds ---
iter=501000 : Reward: 0.130000
iter=502000 : Reward: 0.070000
iter=503000 : Reward: 0.090000
iter=504000 : Reward: 0.100000
iter=505000 : Reward: 0.100000
iter=506000 : Reward: 0.100000
iter=507000 : Reward: 0.110000
iter=508000 : Reward: 0.130000
iter=509000 : Reward: 0.080000
iter=510000 : Reward: 0.160000
batches_in_epoch:  90
ACCURACY: 0.107111106813
Model saved in file: model_runs/all_knower_ten_glimpses/classifymodel_510000.ckpt
--- 23294.723953999997 CPU seconds ---
iter=511000 : Reward: 0.160000
iter=512000 : Reward: 0.120000
iter=513000 : Reward: 0.060000
iter=514000 : Reward: 0.100000
iter=515000 : Reward: 0.090000
iter=516000 : Reward: 0.120000
iter=517000 : Reward: 0.120000
iter=518000 : Reward: 0.210000
iter=519000 : Reward: 0.070000
iter=520000 : Reward: 0.140000
batches_in_epoch:  90
ACCURACY: 0.112222217768
Model saved in file: model_runs/all_knower_ten_glimpses/classifymodel_520000.ckpt
--- 23746.282651999998 CPU seconds ---
iter=521000 : Reward: 0.160000
iter=522000 : Reward: 0.140000
iter=523000 : Reward: 0.160000
iter=524000 : Reward: 0.080000
iter=525000 : Reward: 0.130000
iter=526000 : Reward: 0.120000
iter=527000 : Reward: 0.050000
iter=528000 : Reward: 0.100000
iter=529000 : Reward: 0.120000
iter=530000 : Reward: 0.100000
batches_in_epoch:  90
ACCURACY: 0.118777773653
Model saved in file: model_runs/all_knower_ten_glimpses/classifymodel_530000.ckpt
--- 24197.862055999998 CPU seconds ---
iter=531000 : Reward: 0.110000
iter=532000 : Reward: 0.090000
iter=533000 : Reward: 0.160000
iter=534000 : Reward: 0.140000
iter=535000 : Reward: 0.140000
iter=536000 : Reward: 0.130000
iter=537000 : Reward: 0.080000
iter=538000 : Reward: 0.120000
iter=539000 : Reward: 0.110000
iter=540000 : Reward: 0.100000
batches_in_epoch:  90
ACCURACY: 0.120999996654
Model saved in file: model_runs/all_knower_ten_glimpses/classifymodel_540000.ckpt
--- 24651.322400999998 CPU seconds ---
iter=541000 : Reward: 0.160000
iter=542000 : Reward: 0.120000
iter=543000 : Reward: 0.090000
iter=544000 : Reward: 0.140000
iter=545000 : Reward: 0.070000
iter=546000 : Reward: 0.140000
iter=547000 : Reward: 0.120000
iter=548000 : Reward: 0.150000
iter=549000 : Reward: 0.130000
iter=550000 : Reward: 0.140000
batches_in_epoch:  90
ACCURACY: 0.115888884912
Model saved in file: model_runs/all_knower_ten_glimpses/classifymodel_550000.ckpt
--- 25105.598145999993 CPU seconds ---
iter=551000 : Reward: 0.160000
iter=552000 : Reward: 0.090000
iter=553000 : Reward: 0.110000
iter=554000 : Reward: 0.150000
iter=555000 : Reward: 0.080000
iter=556000 : Reward: 0.100000
iter=557000 : Reward: 0.120000
iter=558000 : Reward: 0.110000
iter=559000 : Reward: 0.040000
iter=560000 : Reward: 0.130000
batches_in_epoch:  90
ACCURACY: 0.104777774132
Model saved in file: model_runs/all_knower_ten_glimpses/classifymodel_560000.ckpt
--- 25557.856291999993 CPU seconds ---
iter=561000 : Reward: 0.120000
iter=562000 : Reward: 0.110000
iter=563000 : Reward: 0.170000
iter=564000 : Reward: 0.100000
iter=565000 : Reward: 0.070000
iter=566000 : Reward: 0.140000
iter=567000 : Reward: 0.110000
iter=568000 : Reward: 0.120000
iter=569000 : Reward: 0.060000
iter=570000 : Reward: 0.100000
batches_in_epoch:  90
ACCURACY: 0.112333329187
Model saved in file: model_runs/all_knower_ten_glimpses/classifymodel_570000.ckpt
--- 26010.23357499999 CPU seconds ---
iter=571000 : Reward: 0.150000
iter=572000 : Reward: 0.110000
iter=573000 : Reward: 0.150000
iter=574000 : Reward: 0.090000
iter=575000 : Reward: 0.130000
iter=576000 : Reward: 0.110000
iter=577000 : Reward: 0.090000
iter=578000 : Reward: 0.120000
iter=579000 : Reward: 0.140000
iter=580000 : Reward: 0.090000
batches_in_epoch:  90
ACCURACY: 0.120777772988
Model saved in file: model_runs/all_knower_ten_glimpses/classifymodel_580000.ckpt
--- 26465.795440999995 CPU seconds ---
iter=581000 : Reward: 0.090000
iter=582000 : Reward: 0.180000
iter=583000 : Reward: 0.090000
iter=584000 : Reward: 0.110000
iter=585000 : Reward: 0.140000
iter=586000 : Reward: 0.080000
iter=587000 : Reward: 0.110000
iter=588000 : Reward: 0.100000
iter=589000 : Reward: 0.120000
iter=590000 : Reward: 0.100000
batches_in_epoch:  90
ACCURACY: 0.116444439979
Model saved in file: model_runs/all_knower_ten_glimpses/classifymodel_590000.ckpt
--- 26920.310129999994 CPU seconds ---
iter=591000 : Reward: 0.070000
iter=592000 : Reward: 0.150000
iter=593000 : Reward: 0.120000
iter=594000 : Reward: 0.180000
iter=595000 : Reward: 0.090000
iter=596000 : Reward: 0.120000
iter=597000 : Reward: 0.100000
iter=598000 : Reward: 0.110000
iter=599000 : Reward: 0.080000
iter=600000 : Reward: 0.120000
batches_in_epoch:  90
ACCURACY: 0.114111107174
Model saved in file: model_runs/all_knower_ten_glimpses/classifymodel_600000.ckpt
--- 27372.851879999995 CPU seconds ---
iter=601000 : Reward: 0.070000
iter=602000 : Reward: 0.180000
iter=603000 : Reward: 0.120000
iter=604000 : Reward: 0.110000
iter=605000 : Reward: 0.140000
iter=606000 : Reward: 0.120000
iter=607000 : Reward: 0.110000
iter=608000 : Reward: 0.120000
iter=609000 : Reward: 0.070000
iter=610000 : Reward: 0.070000
batches_in_epoch:  90
ACCURACY: 0.118888884079
Model saved in file: model_runs/all_knower_ten_glimpses/classifymodel_610000.ckpt
--- 27824.274039999997 CPU seconds ---
iter=611000 : Reward: 0.120000
iter=612000 : Reward: 0.070000
iter=613000 : Reward: 0.130000
iter=614000 : Reward: 0.120000
iter=615000 : Reward: 0.100000
iter=616000 : Reward: 0.050000
iter=617000 : Reward: 0.070000
iter=618000 : Reward: 0.080000
iter=619000 : Reward: 0.090000
iter=620000 : Reward: 0.080000
batches_in_epoch:  90
ACCURACY: 0.113666663298
Model saved in file: model_runs/all_knower_ten_glimpses/classifymodel_620000.ckpt
--- 28278.137934999995 CPU seconds ---
iter=621000 : Reward: 0.040000
iter=622000 : Reward: 0.070000
iter=623000 : Reward: 0.090000
iter=624000 : Reward: 0.130000
iter=625000 : Reward: 0.150000
iter=626000 : Reward: 0.110000
iter=627000 : Reward: 0.090000
iter=628000 : Reward: 0.140000
iter=629000 : Reward: 0.140000
iter=630000 : Reward: 0.120000
batches_in_epoch:  90
ACCURACY: 0.105999995934
Model saved in file: model_runs/all_knower_ten_glimpses/classifymodel_630000.ckpt
--- 28732.848906999992 CPU seconds ---
iter=631000 : Reward: 0.100000
iter=632000 : Reward: 0.150000
iter=633000 : Reward: 0.110000
iter=634000 : Reward: 0.090000
iter=635000 : Reward: 0.090000
iter=636000 : Reward: 0.100000
iter=637000 : Reward: 0.120000
iter=638000 : Reward: 0.070000
iter=639000 : Reward: 0.120000
iter=640000 : Reward: 0.110000
batches_in_epoch:  90
ACCURACY: 0.110777774122
Model saved in file: model_runs/all_knower_ten_glimpses/classifymodel_640000.ckpt
--- 29186.11803199999 CPU seconds ---
iter=641000 : Reward: 0.070000
iter=642000 : Reward: 0.150000
iter=643000 : Reward: 0.050000
iter=644000 : Reward: 0.090000
iter=645000 : Reward: 0.080000
iter=646000 : Reward: 0.070000
iter=647000 : Reward: 0.110000
iter=648000 : Reward: 0.040000
iter=649000 : Reward: 0.120000
iter=650000 : Reward: 0.150000
batches_in_epoch:  90
ACCURACY: 0.107222218729
Model saved in file: model_runs/all_knower_ten_glimpses/classifymodel_650000.ckpt
--- 29638.88483599999 CPU seconds ---
iter=651000 : Reward: 0.120000
iter=652000 : Reward: 0.180000
iter=653000 : Reward: 0.100000
iter=654000 : Reward: 0.160000
iter=655000 : Reward: 0.100000
iter=656000 : Reward: 0.140000
iter=657000 : Reward: 0.030000
iter=658000 : Reward: 0.140000
iter=659000 : Reward: 0.130000
iter=660000 : Reward: 0.080000
batches_in_epoch:  90
ACCURACY: 0.110666662372
Model saved in file: model_runs/all_knower_ten_glimpses/classifymodel_660000.ckpt
--- 30091.439582999992 CPU seconds ---
iter=661000 : Reward: 0.120000
iter=662000 : Reward: 0.100000
iter=663000 : Reward: 0.120000
iter=664000 : Reward: 0.120000
iter=665000 : Reward: 0.080000
iter=666000 : Reward: 0.160000
iter=667000 : Reward: 0.140000
iter=668000 : Reward: 0.080000
iter=669000 : Reward: 0.110000
iter=670000 : Reward: 0.150000
batches_in_epoch:  90
ACCURACY: 0.109444440384
Model saved in file: model_runs/all_knower_ten_glimpses/classifymodel_670000.ckpt
--- 30545.430375999993 CPU seconds ---
iter=671000 : Reward: 0.110000
iter=672000 : Reward: 0.120000
iter=673000 : Reward: 0.140000
iter=674000 : Reward: 0.200000
iter=675000 : Reward: 0.130000
iter=676000 : Reward: 0.090000
iter=677000 : Reward: 0.060000
iter=678000 : Reward: 0.110000
iter=679000 : Reward: 0.130000
iter=680000 : Reward: 0.100000
batches_in_epoch:  90
ACCURACY: 0.109888885005
Model saved in file: model_runs/all_knower_ten_glimpses/classifymodel_680000.ckpt
--- 30999.85893799999 CPU seconds ---
iter=681000 : Reward: 0.100000
iter=682000 : Reward: 0.050000
iter=683000 : Reward: 0.100000
iter=684000 : Reward: 0.170000
iter=685000 : Reward: 0.130000
iter=686000 : Reward: 0.120000
iter=687000 : Reward: 0.080000
iter=688000 : Reward: 0.090000
iter=689000 : Reward: 0.080000
iter=690000 : Reward: 0.160000
batches_in_epoch:  90
ACCURACY: 0.112666663279
Model saved in file: model_runs/all_knower_ten_glimpses/classifymodel_690000.ckpt
--- 31451.384497999992 CPU seconds ---
iter=691000 : Reward: 0.140000
iter=692000 : Reward: 0.110000
iter=693000 : Reward: 0.190000
iter=694000 : Reward: 0.090000
iter=695000 : Reward: 0.100000
iter=696000 : Reward: 0.100000
iter=697000 : Reward: 0.080000
iter=698000 : Reward: 0.110000
iter=699000 : Reward: 0.090000
iter=700000 : Reward: 0.120000
batches_in_epoch:  90
ACCURACY: 0.110555551698
Model saved in file: model_runs/all_knower_ten_glimpses/classifymodel_700000.ckpt
--- 31903.79755199999 CPU seconds ---
iter=701000 : Reward: 0.100000
iter=702000 : Reward: 0.070000
iter=703000 : Reward: 0.130000
iter=704000 : Reward: 0.150000
iter=705000 : Reward: 0.160000
iter=706000 : Reward: 0.130000
iter=707000 : Reward: 0.100000
iter=708000 : Reward: 0.090000
iter=709000 : Reward: 0.120000
iter=710000 : Reward: 0.120000
batches_in_epoch:  90
ACCURACY: 0.118888884452
Model saved in file: model_runs/all_knower_ten_glimpses/classifymodel_710000.ckpt
--- 32357.966159999996 CPU seconds ---
iter=711000 : Reward: 0.120000
iter=712000 : Reward: 0.130000
iter=713000 : Reward: 0.090000
iter=714000 : Reward: 0.100000
iter=715000 : Reward: 0.130000
iter=716000 : Reward: 0.160000
iter=717000 : Reward: 0.100000
iter=718000 : Reward: 0.130000
iter=719000 : Reward: 0.140000
iter=720000 : Reward: 0.090000
batches_in_epoch:  90
ACCURACY: 0.111666662701
Model saved in file: model_runs/all_knower_ten_glimpses/classifymodel_720000.ckpt
--- 32813.65843699999 CPU seconds ---
iter=721000 : Reward: 0.100000
iter=722000 : Reward: 0.120000
iter=723000 : Reward: 0.080000
iter=724000 : Reward: 0.160000
iter=725000 : Reward: 0.130000
iter=726000 : Reward: 0.070000
iter=727000 : Reward: 0.110000
iter=728000 : Reward: 0.150000
iter=729000 : Reward: 0.080000
iter=730000 : Reward: 0.080000
batches_in_epoch:  90
ACCURACY: 0.116111106674
Model saved in file: model_runs/all_knower_ten_glimpses/classifymodel_730000.ckpt
--- 33265.86858299999 CPU seconds ---
iter=731000 : Reward: 0.200000
iter=732000 : Reward: 0.090000
iter=733000 : Reward: 0.090000
iter=734000 : Reward: 0.140000
iter=735000 : Reward: 0.140000
iter=736000 : Reward: 0.090000
iter=737000 : Reward: 0.110000
iter=738000 : Reward: 0.130000
iter=739000 : Reward: 0.040000
iter=740000 : Reward: 0.150000
batches_in_epoch:  90
ACCURACY: 0.109333329648
Model saved in file: model_runs/all_knower_ten_glimpses/classifymodel_740000.ckpt
--- 33718.15308999999 CPU seconds ---
iter=741000 : Reward: 0.090000
iter=742000 : Reward: 0.060000
iter=743000 : Reward: 0.090000
iter=744000 : Reward: 0.080000
iter=745000 : Reward: 0.170000
iter=746000 : Reward: 0.100000
iter=747000 : Reward: 0.150000
iter=748000 : Reward: 0.090000
iter=749000 : Reward: 0.170000
iter=750000 : Reward: 0.120000
batches_in_epoch:  90
ACCURACY: 0.107777773506
Model saved in file: model_runs/all_knower_ten_glimpses/classifymodel_750000.ckpt
--- 34174.41491 CPU seconds ---
iter=751000 : Reward: 0.100000
iter=752000 : Reward: 0.060000
iter=753000 : Reward: 0.070000
iter=754000 : Reward: 0.090000
iter=755000 : Reward: 0.140000
iter=756000 : Reward: 0.120000
iter=757000 : Reward: 0.160000
iter=758000 : Reward: 0.140000
iter=759000 : Reward: 0.090000
iter=760000 : Reward: 0.110000
batches_in_epoch:  90
ACCURACY: 0.113666662243
Model saved in file: model_runs/all_knower_ten_glimpses/classifymodel_760000.ckpt
--- 34629.746064 CPU seconds ---
iter=761000 : Reward: 0.100000
iter=762000 : Reward: 0.160000
iter=763000 : Reward: 0.110000
iter=764000 : Reward: 0.110000
iter=765000 : Reward: 0.150000
iter=766000 : Reward: 0.130000
iter=767000 : Reward: 0.100000
iter=768000 : Reward: 0.070000
iter=769000 : Reward: 0.140000
iter=770000 : Reward: 0.150000
batches_in_epoch:  90
ACCURACY: 0.110222217772
Model saved in file: model_runs/all_knower_ten_glimpses/classifymodel_770000.ckpt
--- 35082.545007 CPU seconds ---
iter=771000 : Reward: 0.150000
iter=772000 : Reward: 0.140000
iter=773000 : Reward: 0.120000
iter=774000 : Reward: 0.080000
iter=775000 : Reward: 0.140000
iter=776000 : Reward: 0.120000
iter=777000 : Reward: 0.140000
iter=778000 : Reward: 0.090000
iter=779000 : Reward: 0.220000
iter=780000 : Reward: 0.140000
batches_in_epoch:  90
ACCURACY: 0.114999995194
Model saved in file: model_runs/all_knower_ten_glimpses/classifymodel_780000.ckpt
--- 35534.840723 CPU seconds ---
iter=781000 : Reward: 0.120000
iter=782000 : Reward: 0.100000
iter=783000 : Reward: 0.160000
iter=784000 : Reward: 0.120000
iter=785000 : Reward: 0.140000
iter=786000 : Reward: 0.090000
iter=787000 : Reward: 0.150000
iter=788000 : Reward: 0.100000
iter=789000 : Reward: 0.150000
iter=790000 : Reward: 0.110000
batches_in_epoch:  90
ACCURACY: 0.107666662791
Model saved in file: model_runs/all_knower_ten_glimpses/classifymodel_790000.ckpt
--- 35989.718779 CPU seconds ---
iter=791000 : Reward: 0.070000
iter=792000 : Reward: 0.090000
iter=793000 : Reward: 0.190000
iter=794000 : Reward: 0.120000
iter=795000 : Reward: 0.150000
iter=796000 : Reward: 0.110000
iter=797000 : Reward: 0.100000
iter=798000 : Reward: 0.070000
iter=799000 : Reward: 0.140000
iter=800000 : Reward: 0.130000
batches_in_epoch:  90
ACCURACY: 0.115222217329
Model saved in file: model_runs/all_knower_ten_glimpses/classifymodel_800000.ckpt
--- 36443.17129399999 CPU seconds ---
iter=801000 : Reward: 0.110000
iter=802000 : Reward: 0.080000
iter=803000 : Reward: 0.110000
iter=804000 : Reward: 0.150000
iter=805000 : Reward: 0.150000
iter=806000 : Reward: 0.140000
iter=807000 : Reward: 0.130000
iter=808000 : Reward: 0.080000
iter=809000 : Reward: 0.120000
iter=810000 : Reward: 0.150000
batches_in_epoch:  90
ACCURACY: 0.114888884541
Model saved in file: model_runs/all_knower_ten_glimpses/classifymodel_810000.ckpt
--- 36896.84052199999 CPU seconds ---
iter=811000 : Reward: 0.080000
iter=812000 : Reward: 0.110000
iter=813000 : Reward: 0.070000
iter=814000 : Reward: 0.090000
iter=815000 : Reward: 0.070000
iter=816000 : Reward: 0.140000
iter=817000 : Reward: 0.110000
iter=818000 : Reward: 0.110000
iter=819000 : Reward: 0.200000
iter=820000 : Reward: 0.130000
batches_in_epoch:  90
ACCURACY: 0.11166666295
Model saved in file: model_runs/all_knower_ten_glimpses/classifymodel_820000.ckpt
--- 37350.274381999996 CPU seconds ---
iter=821000 : Reward: 0.130000
iter=822000 : Reward: 0.130000
iter=823000 : Reward: 0.080000
iter=824000 : Reward: 0.150000
iter=825000 : Reward: 0.130000
iter=826000 : Reward: 0.130000
iter=827000 : Reward: 0.110000
iter=828000 : Reward: 0.070000
iter=829000 : Reward: 0.110000
iter=830000 : Reward: 0.170000
batches_in_epoch:  90
ACCURACY: 0.110444440362
Model saved in file: model_runs/all_knower_ten_glimpses/classifymodel_830000.ckpt
--- 37802.807823 CPU seconds ---
iter=831000 : Reward: 0.090000
iter=832000 : Reward: 0.140000
iter=833000 : Reward: 0.110000
iter=834000 : Reward: 0.100000
iter=835000 : Reward: 0.130000
iter=836000 : Reward: 0.120000
iter=837000 : Reward: 0.090000
iter=838000 : Reward: 0.150000
iter=839000 : Reward: 0.060000
iter=840000 : Reward: 0.110000
batches_in_epoch:  90
ACCURACY: 0.116555551729
Model saved in file: model_runs/all_knower_ten_glimpses/classifymodel_840000.ckpt
--- 38257.375134 CPU seconds ---
iter=841000 : Reward: 0.120000
iter=842000 : Reward: 0.150000
iter=843000 : Reward: 0.140000
iter=844000 : Reward: 0.070000
iter=845000 : Reward: 0.130000
iter=846000 : Reward: 0.140000
iter=847000 : Reward: 0.130000
iter=848000 : Reward: 0.200000
iter=849000 : Reward: 0.120000
iter=850000 : Reward: 0.080000
batches_in_epoch:  90
ACCURACY: 0.112666662824
Model saved in file: model_runs/all_knower_ten_glimpses/classifymodel_850000.ckpt
--- 38713.770974 CPU seconds ---
iter=851000 : Reward: 0.090000
iter=852000 : Reward: 0.150000
iter=853000 : Reward: 0.100000
iter=854000 : Reward: 0.150000
iter=855000 : Reward: 0.110000
iter=856000 : Reward: 0.100000
iter=857000 : Reward: 0.160000
iter=858000 : Reward: 0.120000
iter=859000 : Reward: 0.140000
iter=860000 : Reward: 0.090000
batches_in_epoch:  90
ACCURACY: 0.111333328568
Model saved in file: model_runs/all_knower_ten_glimpses/classifymodel_860000.ckpt
--- 39166.657052 CPU seconds ---
iter=861000 : Reward: 0.120000
iter=862000 : Reward: 0.170000
iter=863000 : Reward: 0.110000
iter=864000 : Reward: 0.130000
iter=865000 : Reward: 0.110000
iter=866000 : Reward: 0.090000
iter=867000 : Reward: 0.090000
iter=868000 : Reward: 0.130000
iter=869000 : Reward: 0.110000
iter=870000 : Reward: 0.080000
batches_in_epoch:  90
ACCURACY: 0.11111110751
Model saved in file: model_runs/all_knower_ten_glimpses/classifymodel_870000.ckpt
--- 39616.834336 CPU seconds ---
iter=871000 : Reward: 0.120000
iter=872000 : Reward: 0.110000
iter=873000 : Reward: 0.120000
iter=874000 : Reward: 0.150000
iter=875000 : Reward: 0.080000
iter=876000 : Reward: 0.120000
iter=877000 : Reward: 0.130000
iter=878000 : Reward: 0.130000
iter=879000 : Reward: 0.060000
iter=880000 : Reward: 0.090000
batches_in_epoch:  90
ACCURACY: 0.114111107381
Model saved in file: model_runs/all_knower_ten_glimpses/classifymodel_880000.ckpt
--- 40071.501989000004 CPU seconds ---
iter=881000 : Reward: 0.140000
iter=882000 : Reward: 0.110000
iter=883000 : Reward: 0.080000
iter=884000 : Reward: 0.070000
iter=885000 : Reward: 0.140000
iter=886000 : Reward: 0.160000
iter=887000 : Reward: 0.140000
iter=888000 : Reward: 0.080000
iter=889000 : Reward: 0.090000
iter=890000 : Reward: 0.120000
batches_in_epoch:  90
ACCURACY: 0.112444441062
Model saved in file: model_runs/all_knower_ten_glimpses/classifymodel_890000.ckpt
--- 40525.779694000004 CPU seconds ---
iter=891000 : Reward: 0.120000
iter=892000 : Reward: 0.110000
iter=893000 : Reward: 0.110000
iter=894000 : Reward: 0.090000
iter=895000 : Reward: 0.060000
iter=896000 : Reward: 0.080000
iter=897000 : Reward: 0.040000
iter=898000 : Reward: 0.150000
iter=899000 : Reward: 0.120000
iter=900000 : Reward: 0.150000
batches_in_epoch:  90
ACCURACY: 0.109777773441
Model saved in file: model_runs/all_knower_ten_glimpses/classifymodel_900000.ckpt
--- 40978.44162900001 CPU seconds ---
iter=901000 : Reward: 0.090000
iter=902000 : Reward: 0.110000
iter=903000 : Reward: 0.130000
iter=904000 : Reward: 0.080000
iter=905000 : Reward: 0.130000
iter=906000 : Reward: 0.160000
iter=907000 : Reward: 0.150000
iter=908000 : Reward: 0.120000
iter=909000 : Reward: 0.060000
iter=910000 : Reward: 0.050000
batches_in_epoch:  90
ACCURACY: 0.114777773619
Model saved in file: model_runs/all_knower_ten_glimpses/classifymodel_910000.ckpt
--- 41431.033719000014 CPU seconds ---
iter=911000 : Reward: 0.130000
iter=912000 : Reward: 0.130000
iter=913000 : Reward: 0.130000
iter=914000 : Reward: 0.120000
iter=915000 : Reward: 0.130000
iter=916000 : Reward: 0.120000
iter=917000 : Reward: 0.150000
iter=918000 : Reward: 0.120000
iter=919000 : Reward: 0.160000
iter=920000 : Reward: 0.090000
batches_in_epoch:  90
ACCURACY: 0.111999995158
Model saved in file: model_runs/all_knower_ten_glimpses/classifymodel_920000.ckpt
--- 41886.16625700001 CPU seconds ---
iter=921000 : Reward: 0.090000
iter=922000 : Reward: 0.110000
iter=923000 : Reward: 0.140000
iter=924000 : Reward: 0.090000
iter=925000 : Reward: 0.120000
iter=926000 : Reward: 0.110000
iter=927000 : Reward: 0.150000
iter=928000 : Reward: 0.100000
iter=929000 : Reward: 0.090000
iter=930000 : Reward: 0.160000
batches_in_epoch:  90
ACCURACY: 0.108999996218
Model saved in file: model_runs/all_knower_ten_glimpses/classifymodel_930000.ckpt
--- 42339.764484000014 CPU seconds ---
iter=931000 : Reward: 0.100000
iter=932000 : Reward: 0.130000
iter=933000 : Reward: 0.120000
iter=934000 : Reward: 0.120000
iter=935000 : Reward: 0.110000
iter=936000 : Reward: 0.070000
iter=937000 : Reward: 0.060000
iter=938000 : Reward: 0.090000
iter=939000 : Reward: 0.120000
iter=940000 : Reward: 0.110000
batches_in_epoch:  90
ACCURACY: 0.113888884377
Model saved in file: model_runs/all_knower_ten_glimpses/classifymodel_940000.ckpt
--- 42792.707949 CPU seconds ---
iter=941000 : Reward: 0.080000
iter=942000 : Reward: 0.150000
iter=943000 : Reward: 0.110000
iter=944000 : Reward: 0.120000
iter=945000 : Reward: 0.150000
iter=946000 : Reward: 0.120000
iter=947000 : Reward: 0.150000
iter=948000 : Reward: 0.180000
iter=949000 : Reward: 0.100000
iter=950000 : Reward: 0.160000
batches_in_epoch:  90
ACCURACY: 0.111777772961
Model saved in file: model_runs/all_knower_ten_glimpses/classifymodel_950000.ckpt
--- 43244.533028000005 CPU seconds ---
iter=951000 : Reward: 0.160000
iter=952000 : Reward: 0.140000
iter=953000 : Reward: 0.060000
iter=954000 : Reward: 0.090000
iter=955000 : Reward: 0.110000
iter=956000 : Reward: 0.130000
iter=957000 : Reward: 0.100000
iter=958000 : Reward: 0.060000
iter=959000 : Reward: 0.120000
iter=960000 : Reward: 0.090000
batches_in_epoch:  90
ACCURACY: 0.107444440242
Model saved in file: model_runs/all_knower_ten_glimpses/classifymodel_960000.ckpt
--- 43699.881015000006 CPU seconds ---
iter=961000 : Reward: 0.090000
iter=962000 : Reward: 0.190000
iter=963000 : Reward: 0.120000
iter=964000 : Reward: 0.050000
iter=965000 : Reward: 0.110000
iter=966000 : Reward: 0.090000
iter=967000 : Reward: 0.120000
iter=968000 : Reward: 0.130000
iter=969000 : Reward: 0.130000
iter=970000 : Reward: 0.110000
batches_in_epoch:  90
ACCURACY: 0.101777774344
Model saved in file: model_runs/all_knower_ten_glimpses/classifymodel_970000.ckpt
--- 44153.681556 CPU seconds ---
iter=971000 : Reward: 0.120000
iter=972000 : Reward: 0.090000
iter=973000 : Reward: 0.110000
iter=974000 : Reward: 0.130000
iter=975000 : Reward: 0.100000
iter=976000 : Reward: 0.090000
iter=977000 : Reward: 0.140000
iter=978000 : Reward: 0.130000
iter=979000 : Reward: 0.160000
iter=980000 : Reward: 0.070000
batches_in_epoch:  90
ACCURACY: 0.109222217649
Model saved in file: model_runs/all_knower_ten_glimpses/classifymodel_980000.ckpt
--- 44609.333616 CPU seconds ---
iter=981000 : Reward: 0.080000
iter=982000 : Reward: 0.050000
iter=983000 : Reward: 0.150000
iter=984000 : Reward: 0.080000
iter=985000 : Reward: 0.100000
iter=986000 : Reward: 0.120000
iter=987000 : Reward: 0.120000
iter=988000 : Reward: 0.150000
iter=989000 : Reward: 0.130000
iter=990000 : Reward: 0.110000
batches_in_epoch:  90
ACCURACY: 0.11288888471
Model saved in file: model_runs/all_knower_ten_glimpses/classifymodel_990000.ckpt
--- 45062.985993 CPU seconds ---
iter=991000 : Reward: 0.130000
iter=992000 : Reward: 0.060000
iter=993000 : Reward: 0.140000
iter=994000 : Reward: 0.090000
iter=995000 : Reward: 0.140000
iter=996000 : Reward: 0.150000
iter=997000 : Reward: 0.090000
iter=998000 : Reward: 0.110000
iter=999000 : Reward: 0.170000
iter=1000000 : Reward: 0.180000
batches_in_epoch:  90
ACCURACY: 0.10577777442
Model saved in file: model_runs/all_knower_ten_glimpses/classifymodel_1000000.ckpt
--- 45516.21472799999 CPU seconds ---
iter=1001000 : Reward: 0.130000
iter=1002000 : Reward: 0.070000
iter=1003000 : Reward: 0.110000
iter=1004000 : Reward: 0.150000
iter=1005000 : Reward: 0.130000
iter=1006000 : Reward: 0.110000
iter=1007000 : Reward: 0.060000
iter=1008000 : Reward: 0.060000
iter=1009000 : Reward: 0.090000
iter=1010000 : Reward: 0.130000
batches_in_epoch:  90
ACCURACY: 0.110111107015
Model saved in file: model_runs/all_knower_ten_glimpses/classifymodel_1010000.ckpt
--- 45970.274657999995 CPU seconds ---
iter=1011000 : Reward: 0.130000
iter=1012000 : Reward: 0.100000
iter=1013000 : Reward: 0.110000
iter=1014000 : Reward: 0.070000
iter=1015000 : Reward: 0.090000
iter=1016000 : Reward: 0.140000
iter=1017000 : Reward: 0.120000
iter=1018000 : Reward: 0.100000
iter=1019000 : Reward: 0.080000
iter=1020000 : Reward: 0.090000
batches_in_epoch:  90
ACCURACY: 0.105888884722
Model saved in file: model_runs/all_knower_ten_glimpses/classifymodel_1020000.ckpt
--- 46428.101904999996 CPU seconds ---
iter=1021000 : Reward: 0.110000
iter=1022000 : Reward: 0.080000
iter=1023000 : Reward: 0.080000
iter=1024000 : Reward: 0.130000
iter=1025000 : Reward: 0.100000
iter=1026000 : Reward: 0.110000
iter=1027000 : Reward: 0.060000
iter=1028000 : Reward: 0.100000
iter=1029000 : Reward: 0.130000
iter=1030000 : Reward: 0.100000
batches_in_epoch:  90
ACCURACY: 0.109333329813
Model saved in file: model_runs/all_knower_ten_glimpses/classifymodel_1030000.ckpt
--- 46872.081911999994 CPU seconds ---
iter=1031000 : Reward: 0.070000
iter=1032000 : Reward: 0.110000
iter=1033000 : Reward: 0.130000
iter=1034000 : Reward: 0.080000
iter=1035000 : Reward: 0.150000
iter=1036000 : Reward: 0.090000
iter=1037000 : Reward: 0.170000
iter=1038000 : Reward: 0.120000
iter=1039000 : Reward: 0.170000
iter=1040000 : Reward: 0.100000
batches_in_epoch:  90
ACCURACY: 0.11644444002
Model saved in file: model_runs/all_knower_ten_glimpses/classifymodel_1040000.ckpt
--- 47272.32078299999 CPU seconds ---
iter=1041000 : Reward: 0.130000
iter=1042000 : Reward: 0.130000
iter=1043000 : Reward: 0.160000
iter=1044000 : Reward: 0.110000
iter=1045000 : Reward: 0.110000
iter=1046000 : Reward: 0.110000
iter=1047000 : Reward: 0.160000
iter=1048000 : Reward: 0.140000
iter=1049000 : Reward: 0.120000
iter=1050000 : Reward: 0.120000
batches_in_epoch:  90
ACCURACY: 0.11644444029
Model saved in file: model_runs/all_knower_ten_glimpses/classifymodel_1050000.ckpt
--- 47726.56918399999 CPU seconds ---
iter=1051000 : Reward: 0.120000
iter=1052000 : Reward: 0.130000
iter=1053000 : Reward: 0.110000
iter=1054000 : Reward: 0.110000
iter=1055000 : Reward: 0.080000
iter=1056000 : Reward: 0.150000
iter=1057000 : Reward: 0.130000
iter=1058000 : Reward: 0.110000
iter=1059000 : Reward: 0.110000
iter=1060000 : Reward: 0.070000
batches_in_epoch:  90
ACCURACY: 0.113222218677
Model saved in file: model_runs/all_knower_ten_glimpses/classifymodel_1060000.ckpt
--- 48179.57932399999 CPU seconds ---
iter=1061000 : Reward: 0.130000
iter=1062000 : Reward: 0.120000
iter=1063000 : Reward: 0.060000
iter=1064000 : Reward: 0.080000
iter=1065000 : Reward: 0.060000
iter=1066000 : Reward: 0.160000
iter=1067000 : Reward: 0.150000
iter=1068000 : Reward: 0.110000
iter=1069000 : Reward: 0.120000
iter=1070000 : Reward: 0.130000
batches_in_epoch:  90
ACCURACY: 0.109111107844
Model saved in file: model_runs/all_knower_ten_glimpses/classifymodel_1070000.ckpt
--- 48633.45002399999 CPU seconds ---
iter=1071000 : Reward: 0.080000
iter=1072000 : Reward: 0.120000
iter=1073000 : Reward: 0.110000
iter=1074000 : Reward: 0.090000
iter=1075000 : Reward: 0.130000
iter=1076000 : Reward: 0.070000
iter=1077000 : Reward: 0.110000
iter=1078000 : Reward: 0.110000
iter=1079000 : Reward: 0.120000
iter=1080000 : Reward: 0.150000
batches_in_epoch:  90
ACCURACY: 0.112333328939
Model saved in file: model_runs/all_knower_ten_glimpses/classifymodel_1080000.ckpt
--- 49088.92812499999 CPU seconds ---
iter=1081000 : Reward: 0.080000
iter=1082000 : Reward: 0.090000
iter=1083000 : Reward: 0.090000
iter=1084000 : Reward: 0.140000
iter=1085000 : Reward: 0.130000
iter=1086000 : Reward: 0.130000
iter=1087000 : Reward: 0.120000
iter=1088000 : Reward: 0.090000
iter=1089000 : Reward: 0.090000
iter=1090000 : Reward: 0.150000
batches_in_epoch:  90
ACCURACY: 0.107111107061
Model saved in file: model_runs/all_knower_ten_glimpses/classifymodel_1090000.ckpt
--- 49542.60653899999 CPU seconds ---
iter=1091000 : Reward: 0.110000
iter=1092000 : Reward: 0.140000
iter=1093000 : Reward: 0.040000
iter=1094000 : Reward: 0.070000
iter=1095000 : Reward: 0.080000
iter=1096000 : Reward: 0.220000
iter=1097000 : Reward: 0.120000
iter=1098000 : Reward: 0.130000
iter=1099000 : Reward: 0.120000
iter=1100000 : Reward: 0.130000
batches_in_epoch:  90
ACCURACY: 0.114111107008
Model saved in file: model_runs/all_knower_ten_glimpses/classifymodel_1100000.ckpt
--- 49998.97262599999 CPU seconds ---
iter=1101000 : Reward: 0.080000
iter=1102000 : Reward: 0.140000
iter=1103000 : Reward: 0.100000
iter=1104000 : Reward: 0.100000
iter=1105000 : Reward: 0.120000
iter=1106000 : Reward: 0.140000
iter=1107000 : Reward: 0.080000
iter=1108000 : Reward: 0.060000
iter=1109000 : Reward: 0.060000
iter=1110000 : Reward: 0.160000
batches_in_epoch:  90
ACCURACY: 0.109444439929
Model saved in file: model_runs/all_knower_ten_glimpses/classifymodel_1110000.ckpt
--- 50453.69146799999 CPU seconds ---
iter=1111000 : Reward: 0.100000
iter=1112000 : Reward: 0.050000
iter=1113000 : Reward: 0.100000
iter=1114000 : Reward: 0.130000
iter=1115000 : Reward: 0.120000
iter=1116000 : Reward: 0.110000
iter=1117000 : Reward: 0.130000
iter=1118000 : Reward: 0.130000
iter=1119000 : Reward: 0.060000
iter=1120000 : Reward: 0.150000
batches_in_epoch:  90
ACCURACY: 0.11011110747
Model saved in file: model_runs/all_knower_ten_glimpses/classifymodel_1120000.ckpt
--- 50908.42366699999 CPU seconds ---
iter=1121000 : Reward: 0.100000
iter=1122000 : Reward: 0.110000
iter=1123000 : Reward: 0.140000
iter=1124000 : Reward: 0.090000
iter=1125000 : Reward: 0.120000
iter=1126000 : Reward: 0.180000
iter=1127000 : Reward: 0.170000
iter=1128000 : Reward: 0.100000
iter=1129000 : Reward: 0.070000
iter=1130000 : Reward: 0.130000
batches_in_epoch:  90
ACCURACY: 0.107444440201
Model saved in file: model_runs/all_knower_ten_glimpses/classifymodel_1130000.ckpt
--- 51363.384308999994 CPU seconds ---
iter=1131000 : Reward: 0.110000
iter=1132000 : Reward: 0.180000
iter=1133000 : Reward: 0.140000
iter=1134000 : Reward: 0.110000
iter=1135000 : Reward: 0.110000
iter=1136000 : Reward: 0.090000
iter=1137000 : Reward: 0.130000
iter=1138000 : Reward: 0.170000
iter=1139000 : Reward: 0.080000
iter=1140000 : Reward: 0.130000
batches_in_epoch:  90
ACCURACY: 0.10722221848
Model saved in file: model_runs/all_knower_ten_glimpses/classifymodel_1140000.ckpt
--- 51819.90840899999 CPU seconds ---
iter=1141000 : Reward: 0.080000
iter=1142000 : Reward: 0.150000
iter=1143000 : Reward: 0.070000
iter=1144000 : Reward: 0.100000
iter=1145000 : Reward: 0.050000
iter=1146000 : Reward: 0.130000
iter=1147000 : Reward: 0.100000
iter=1148000 : Reward: 0.110000
iter=1149000 : Reward: 0.090000
iter=1150000 : Reward: 0.180000
batches_in_epoch:  90
ACCURACY: 0.111999995675
Model saved in file: model_runs/all_knower_ten_glimpses/classifymodel_1150000.ckpt
--- 52275.61125299999 CPU seconds ---
iter=1151000 : Reward: 0.120000
iter=1152000 : Reward: 0.140000
iter=1153000 : Reward: 0.200000
iter=1154000 : Reward: 0.090000
iter=1155000 : Reward: 0.120000
iter=1156000 : Reward: 0.090000
iter=1157000 : Reward: 0.080000
iter=1158000 : Reward: 0.050000
iter=1159000 : Reward: 0.080000
iter=1160000 : Reward: 0.100000
batches_in_epoch:  90
ACCURACY: 0.113777774365
Model saved in file: model_runs/all_knower_ten_glimpses/classifymodel_1160000.ckpt
--- 52729.73137199999 CPU seconds ---
iter=1161000 : Reward: 0.090000
iter=1162000 : Reward: 0.110000
iter=1163000 : Reward: 0.070000
iter=1164000 : Reward: 0.100000
iter=1165000 : Reward: 0.090000
iter=1166000 : Reward: 0.110000
iter=1167000 : Reward: 0.120000
iter=1168000 : Reward: 0.080000
iter=1169000 : Reward: 0.080000
iter=1170000 : Reward: 0.100000
batches_in_epoch:  90
ACCURACY: 0.106333329777
Model saved in file: model_runs/all_knower_ten_glimpses/classifymodel_1170000.ckpt
--- 53188.661063999985 CPU seconds ---
iter=1171000 : Reward: 0.110000
iter=1172000 : Reward: 0.120000
iter=1173000 : Reward: 0.130000
iter=1174000 : Reward: 0.170000
iter=1175000 : Reward: 0.180000
iter=1176000 : Reward: 0.160000
iter=1177000 : Reward: 0.130000
iter=1178000 : Reward: 0.140000
iter=1179000 : Reward: 0.110000
iter=1180000 : Reward: 0.170000
batches_in_epoch:  90
ACCURACY: 0.110111106932
Model saved in file: model_runs/all_knower_ten_glimpses/classifymodel_1180000.ckpt
--- 53672.38029899999 CPU seconds ---
iter=1181000 : Reward: 0.090000
iter=1182000 : Reward: 0.090000
iter=1183000 : Reward: 0.120000
iter=1184000 : Reward: 0.090000
iter=1185000 : Reward: 0.090000
iter=1186000 : Reward: 0.080000
iter=1187000 : Reward: 0.130000
iter=1188000 : Reward: 0.100000
iter=1189000 : Reward: 0.120000
iter=1190000 : Reward: 0.150000
batches_in_epoch:  90
ACCURACY: 0.115222218095
Model saved in file: model_runs/all_knower_ten_glimpses/classifymodel_1190000.ckpt
--- 54129.19716499998 CPU seconds ---
iter=1191000 : Reward: 0.120000
iter=1192000 : Reward: 0.100000
iter=1193000 : Reward: 0.100000
iter=1194000 : Reward: 0.110000
iter=1195000 : Reward: 0.110000
iter=1196000 : Reward: 0.100000
iter=1197000 : Reward: 0.160000
iter=1198000 : Reward: 0.110000
iter=1199000 : Reward: 0.080000
iter=1200000 : Reward: 0.070000
batches_in_epoch:  90
ACCURACY: 0.115999996083
Model saved in file: model_runs/all_knower_ten_glimpses/classifymodel_1200000.ckpt
--- 54583.00505699999 CPU seconds ---
iter=1201000 : Reward: 0.070000
iter=1202000 : Reward: 0.060000
iter=1203000 : Reward: 0.150000
iter=1204000 : Reward: 0.090000
iter=1205000 : Reward: 0.080000
iter=1206000 : Reward: 0.100000
iter=1207000 : Reward: 0.100000
iter=1208000 : Reward: 0.090000
iter=1209000 : Reward: 0.110000
iter=1210000 : Reward: 0.090000
batches_in_epoch:  90
ACCURACY: 0.113444440584
Model saved in file: model_runs/all_knower_ten_glimpses/classifymodel_1210000.ckpt
--- 55066.89807599999 CPU seconds ---
iter=1211000 : Reward: 0.160000
iter=1212000 : Reward: 0.250000
iter=1213000 : Reward: 0.120000
iter=1214000 : Reward: 0.130000
iter=1215000 : Reward: 0.110000
