['BASIC_classify_blobs.py', 'BASIC_DRAM_run_10', 'true', 'true', 'true', 'true', 'true', 'model_runs/BASIC_DRAM_run_10/classify_log.csv', 'model_runs/BASIC_DRAM_run_10/classifymodel_0.ckpt', 'model_runs/BASIC_DRAM_run_10/classifymodel_', 'model_runs/BASIC_DRAM_run_10/zzzdraw_data_5000.npy', 'false', 'true', 'false', 'false', 'true']
2017-10-14 20:29:47.978353: W tensorflow/core/platform/cpu_feature_guard.cc:45] The TensorFlow library wasn't compiled to use SSE4.1 instructions, but these are available on your machine and could speed up CPU computations.
2017-10-14 20:29:47.978733: W tensorflow/core/platform/cpu_feature_guard.cc:45] The TensorFlow library wasn't compiled to use SSE4.2 instructions, but these are available on your machine and could speed up CPU computations.
2017-10-14 20:29:47.978750: W tensorflow/core/platform/cpu_feature_guard.cc:45] The TensorFlow library wasn't compiled to use AVX instructions, but these are available on your machine and could speed up CPU computations.
2017-10-14 20:29:47.978760: W tensorflow/core/platform/cpu_feature_guard.cc:45] The TensorFlow library wasn't compiled to use AVX2 instructions, but these are available on your machine and could speed up CPU computations.
2017-10-14 20:29:47.978768: W tensorflow/core/platform/cpu_feature_guard.cc:45] The TensorFlow library wasn't compiled to use FMA instructions, but these are available on your machine and could speed up CPU computations.
iter=0 : Reward: 0.000200 Predcost: 0.109887
ACCURACY: 0.468599996765
Model saved in file: model_runs/BASIC_DRAM_run_10/classifymodel_0.ckpt
--- 3.769458 CPU seconds ---
iter=100 : Reward: 0.043200 Predcost: 10.729289
iter=200 : Reward: 0.242500 Predcost: 8.154498
ACCURACY: 0.462333330711
Model saved in file: model_runs/BASIC_DRAM_run_10/classifymodel_250.ckpt
--- 90.388591 CPU seconds ---
iter=300 : Reward: 0.636200 Predcost: 4.173654
iter=400 : Reward: 0.632500 Predcost: 4.231017
iter=500 : Reward: 0.635000 Predcost: 4.202232
ACCURACY: 0.461933331291
Model saved in file: model_runs/BASIC_DRAM_run_10/classifymodel_500.ckpt
--- 176.34386100000003 CPU seconds ---
iter=600 : Reward: 0.633600 Predcost: 4.218351
iter=700 : Reward: 0.631800 Predcost: 4.239074
iter=800 : Reward: 0.626200 Predcost: 4.303549
iter=900 : Reward: 0.631600 Predcost: 4.241375
iter=1000 : Reward: 0.635300 Predcost: 4.198779
ACCURACY: 0.46453333199
Model saved in file: model_runs/BASIC_DRAM_run_10/classifymodel_1000.ckpt
--- 351.6095900000001 CPU seconds ---
iter=1100 : Reward: 0.638200 Predcost: 4.165388
iter=1200 : Reward: 0.635300 Predcost: 4.198776
iter=1300 : Reward: 0.640600 Predcost: 4.137759
iter=1400 : Reward: 0.626300 Predcost: 4.302393
iter=1500 : Reward: 0.631800 Predcost: 4.239071
iter=1600 : Reward: 0.634300 Predcost: 4.210289
iter=1700 : Reward: 0.627800 Predcost: 4.285121
iter=1800 : Reward: 0.630100 Predcost: 4.258643
iter=1900 : Reward: 0.628900 Predcost: 4.272459
iter=2000 : Reward: 0.634900 Predcost: 4.203379
ACCURACY: 0.465866664847
Model saved in file: model_runs/BASIC_DRAM_run_10/classifymodel_2000.ckpt
--- 698.0959380000002 CPU seconds ---
iter=2100 : Reward: 0.624600 Predcost: 4.321962
iter=2200 : Reward: 0.635000 Predcost: 4.202227
iter=2300 : Reward: 0.639800 Predcost: 4.146967
iter=2400 : Reward: 0.629000 Predcost: 4.271304
iter=2500 : Reward: 0.643000 Predcost: 4.110125
iter=2600 : Reward: 0.630100 Predcost: 4.258642
iter=2700 : Reward: 0.636800 Predcost: 4.181506
iter=2800 : Reward: 0.632600 Predcost: 4.229856
iter=2900 : Reward: 0.630300 Predcost: 4.256339
iter=3000 : Reward: 0.630400 Predcost: 4.255185
iter=3100 : Reward: 0.636500 Predcost: 4.184956
iter=3200 : Reward: 0.628800 Predcost: 4.273607
iter=3300 : Reward: 0.637000 Predcost: 4.179201
iter=3400 : Reward: 0.633200 Predcost: 4.222950
iter=3500 : Reward: 0.634100 Predcost: 4.212590
iter=3600 : Reward: 0.643600 Predcost: 4.103215
iter=3700 : Reward: 0.626600 Predcost: 4.298936
iter=3800 : Reward: 0.628500 Predcost: 4.277059
iter=3900 : Reward: 0.632400 Predcost: 4.232158
iter=4000 : Reward: 0.634000 Predcost: 4.213738
ACCURACY: 0.466133330862
Model saved in file: model_runs/BASIC_DRAM_run_10/classifymodel_4000.ckpt
--- 1388.9027910000002 CPU seconds ---
iter=4100 : Reward: 0.632400 Predcost: 4.232160
iter=4200 : Reward: 0.635200 Predcost: 4.199925
iter=4300 : Reward: 0.626100 Predcost: 4.304691
iter=4400 : Reward: 0.629100 Predcost: 4.270153
iter=4500 : Reward: 0.631800 Predcost: 4.239070
iter=4600 : Reward: 0.631300 Predcost: 4.244823
iter=4700 : Reward: 0.627700 Predcost: 4.286270
iter=4800 : Reward: 0.636300 Predcost: 4.187260
iter=4900 : Reward: 0.632800 Predcost: 4.227554
iter=5000 : Reward: 0.623300 Predcost: 4.336929
iter=5100 : Reward: 0.628900 Predcost: 4.272456
iter=5200 : Reward: 0.630100 Predcost: 4.258639
iter=5300 : Reward: 0.634000 Predcost: 4.213741
iter=5400 : Reward: 0.629900 Predcost: 4.260943
iter=5500 : Reward: 0.630400 Predcost: 4.255184
iter=5600 : Reward: 0.633900 Predcost: 4.214890
iter=5700 : Reward: 0.639600 Predcost: 4.149266
iter=5800 : Reward: 0.634900 Predcost: 4.203374
iter=5900 : Reward: 0.623000 Predcost: 4.340380
iter=6000 : Reward: 0.637400 Predcost: 4.174595
iter=6100 : Reward: 0.634300 Predcost: 4.210284
iter=6200 : Reward: 0.628700 Predcost: 4.274756
iter=6300 : Reward: 0.632300 Predcost: 4.233309
iter=6400 : Reward: 0.636600 Predcost: 4.183804
iter=6500 : Reward: 0.632100 Predcost: 4.235611
iter=6600 : Reward: 0.631800 Predcost: 4.239067
iter=6700 : Reward: 0.635300 Predcost: 4.198770
iter=6800 : Reward: 0.634900 Predcost: 4.203374
iter=6900 : Reward: 0.639400 Predcost: 4.151567
iter=7000 : Reward: 0.632300 Predcost: 4.233309
iter=7100 : Reward: 0.636600 Predcost: 4.183803
iter=7200 : Reward: 0.632100 Predcost: 4.235613
iter=7300 : Reward: 0.627100 Predcost: 4.293175
iter=7400 : Reward: 0.632000 Predcost: 4.236762
iter=7500 : Reward: 0.627600 Predcost: 4.287420
iter=7600 : Reward: 0.633000 Predcost: 4.225249
iter=7700 : Reward: 0.632400 Predcost: 4.232158
iter=7800 : Reward: 0.632000 Predcost: 4.236763
iter=7900 : Reward: 0.627400 Predcost: 4.289721
iter=8000 : Reward: 0.631600 Predcost: 4.241367
ACCURACY: 0.468933330576
Model saved in file: model_runs/BASIC_DRAM_run_10/classifymodel_8000.ckpt
--- 2772.734577 CPU seconds ---
iter=8100 : Reward: 0.632500 Predcost: 4.231005
iter=8200 : Reward: 0.635200 Predcost: 4.199921
iter=8300 : Reward: 0.637400 Predcost: 4.174592
iter=8400 : Reward: 0.625300 Predcost: 4.313898
iter=8500 : Reward: 0.640300 Predcost: 4.141206
iter=8600 : Reward: 0.628500 Predcost: 4.277058
iter=8700 : Reward: 0.633600 Predcost: 4.218342
iter=8800 : Reward: 0.626600 Predcost: 4.298931
iter=8900 : Reward: 0.640100 Predcost: 4.143507
iter=9000 : Reward: 0.636100 Predcost: 4.189559
iter=9100 : Reward: 0.635200 Predcost: 4.199920
iter=9200 : Reward: 0.629900 Predcost: 4.260939
iter=9300 : Reward: 0.635400 Predcost: 4.197617
iter=9400 : Reward: 0.629600 Predcost: 4.264393
iter=9500 : Reward: 0.629700 Predcost: 4.263241
iter=9600 : Reward: 0.629500 Predcost: 4.265542
iter=9700 : Reward: 0.631400 Predcost: 4.243669
iter=9800 : Reward: 0.635500 Predcost: 4.196466
iter=9900 : Reward: 0.631400 Predcost: 4.243670
iter=10000 : Reward: 0.642100 Predcost: 4.120481
iter=10100 : Reward: 0.623700 Predcost: 4.332320
iter=10200 : Reward: 0.638500 Predcost: 4.161927
iter=10300 : Reward: 0.635200 Predcost: 4.199920
iter=10400 : Reward: 0.630000 Predcost: 4.259787
iter=10500 : Reward: 0.629000 Predcost: 4.271300
iter=10600 : Reward: 0.614800 Predcost: 4.434784
iter=10700 : Reward: 0.630900 Predcost: 4.249427
iter=10800 : Reward: 0.635800 Predcost: 4.193012
iter=10900 : Reward: 0.635400 Predcost: 4.197617
iter=11000 : Reward: 0.629100 Predcost: 4.270150
iter=11100 : Reward: 0.638700 Predcost: 4.159625
iter=11200 : Reward: 0.629500 Predcost: 4.265545
iter=11300 : Reward: 0.632400 Predcost: 4.232157
iter=11400 : Reward: 0.634100 Predcost: 4.212584
iter=11500 : Reward: 0.623100 Predcost: 4.339227
iter=11600 : Reward: 0.632500 Predcost: 4.231005
iter=11700 : Reward: 0.625100 Predcost: 4.316200
iter=11800 : Reward: 0.628300 Predcost: 4.279359
iter=11900 : Reward: 0.632700 Predcost: 4.228702
iter=12000 : Reward: 0.632700 Predcost: 4.228702
iter=12100 : Reward: 0.635500 Predcost: 4.196465
iter=12200 : Reward: 0.633200 Predcost: 4.222945
iter=12300 : Reward: 0.625900 Predcost: 4.306989
iter=12400 : Reward: 0.641200 Predcost: 4.130841
iter=12500 : Reward: 0.624400 Predcost: 4.324258
iter=12600 : Reward: 0.623800 Predcost: 4.331166
iter=12700 : Reward: 0.630000 Predcost: 4.259787
iter=12800 : Reward: 0.625700 Predcost: 4.309292
iter=12900 : Reward: 0.628100 Predcost: 4.281661
iter=13000 : Reward: 0.635600 Predcost: 4.195314
iter=13100 : Reward: 0.632000 Predcost: 4.236759
iter=13200 : Reward: 0.631300 Predcost: 4.244818
iter=13300 : Reward: 0.631800 Predcost: 4.239063
iter=13400 : Reward: 0.626200 Predcost: 4.303534
iter=13500 : Reward: 0.634100 Predcost: 4.212582
iter=13600 : Reward: 0.628100 Predcost: 4.281660
iter=13700 : Reward: 0.627300 Predcost: 4.290871
iter=13800 : Reward: 0.637500 Predcost: 4.173438
iter=13900 : Reward: 0.632600 Predcost: 4.229852
iter=14000 : Reward: 0.636100 Predcost: 4.189556
iter=14100 : Reward: 0.628800 Predcost: 4.273602
iter=14200 : Reward: 0.635800 Predcost: 4.193012
iter=14300 : Reward: 0.633900 Predcost: 4.214885
iter=14400 : Reward: 0.628100 Predcost: 4.281661
iter=14500 : Reward: 0.627800 Predcost: 4.285115
iter=14600 : Reward: 0.629700 Predcost: 4.263241
iter=14700 : Reward: 0.636500 Predcost: 4.184952
iter=14800 : Reward: 0.637500 Predcost: 4.173439
iter=14900 : Reward: 0.626900 Predcost: 4.295477
iter=15000 : Reward: 0.631300 Predcost: 4.244819
iter=15100 : Reward: 0.636000 Predcost: 4.190707
iter=15200 : Reward: 0.633100 Predcost: 4.224095
iter=15300 : Reward: 0.633100 Predcost: 4.224094
iter=15400 : Reward: 0.633400 Predcost: 4.220640
iter=15500 : Reward: 0.637500 Predcost: 4.173438
iter=15600 : Reward: 0.629500 Predcost: 4.265541
iter=15700 : Reward: 0.634400 Predcost: 4.209128
iter=15800 : Reward: 0.627900 Predcost: 4.283961
iter=15900 : Reward: 0.628600 Predcost: 4.275903
iter=16000 : Reward: 0.633700 Predcost: 4.217186
ACCURACY: 0.4746666646
Model saved in file: model_runs/BASIC_DRAM_run_10/classifymodel_16000.ckpt
--- 5547.352831000002 CPU seconds ---
iter=16100 : Reward: 0.643600 Predcost: 4.103210
iter=16200 : Reward: 0.627800 Predcost: 4.285114
iter=16300 : Reward: 0.641000 Predcost: 4.133144
iter=16400 : Reward: 0.636800 Predcost: 4.181498
iter=16500 : Reward: 0.631900 Predcost: 4.237910
iter=16600 : Reward: 0.639700 Predcost: 4.148110
iter=16700 : Reward: 0.628500 Predcost: 4.277054
iter=16800 : Reward: 0.637100 Predcost: 4.178044
iter=16900 : Reward: 0.637800 Predcost: 4.169984
iter=17000 : Reward: 0.632600 Predcost: 4.229852
iter=17100 : Reward: 0.639100 Predcost: 4.155017
iter=17200 : Reward: 0.634900 Predcost: 4.203371
iter=17300 : Reward: 0.620100 Predcost: 4.373762
iter=17400 : Reward: 0.633300 Predcost: 4.221792
iter=17500 : Reward: 0.634300 Predcost: 4.210278
iter=17600 : Reward: 0.632100 Predcost: 4.235609
iter=17700 : Reward: 0.626900 Predcost: 4.295474
iter=17800 : Reward: 0.632700 Predcost: 4.228699
iter=17900 : Reward: 0.628400 Predcost: 4.278206
iter=18000 : Reward: 0.635500 Predcost: 4.196463
iter=18100 : Reward: 0.632700 Predcost: 4.228700
iter=18200 : Reward: 0.641700 Predcost: 4.125085
iter=18300 : Reward: 0.629100 Predcost: 4.270147
iter=18400 : Reward: 0.637400 Predcost: 4.174589
iter=18500 : Reward: 0.637500 Predcost: 4.173438
iter=18600 : Reward: 0.634700 Predcost: 4.205674
iter=18700 : Reward: 0.635600 Predcost: 4.195313
iter=18800 : Reward: 0.629400 Predcost: 4.266692
iter=18900 : Reward: 0.626000 Predcost: 4.305837
iter=19000 : Reward: 0.627200 Predcost: 4.292022
iter=19100 : Reward: 0.639300 Predcost: 4.152714
iter=19200 : Reward: 0.633600 Predcost: 4.218338
iter=19300 : Reward: 0.635100 Predcost: 4.201069
iter=19400 : Reward: 0.636500 Predcost: 4.184951
iter=19500 : Reward: 0.629100 Predcost: 4.270146
iter=19600 : Reward: 0.635500 Predcost: 4.196464
iter=19700 : Reward: 0.642300 Predcost: 4.118175
iter=19800 : Reward: 0.639500 Predcost: 4.150412
iter=19900 : Reward: 0.636700 Predcost: 4.182647
iter=20000 : Reward: 0.641600 Predcost: 4.126234
iter=20100 : Reward: 0.634500 Predcost: 4.207976
iter=20200 : Reward: 0.624300 Predcost: 4.325407
iter=20300 : Reward: 0.635700 Predcost: 4.194160
iter=20400 : Reward: 0.640900 Predcost: 4.134293
iter=20500 : Reward: 0.633200 Predcost: 4.222943
iter=20600 : Reward: 0.633300 Predcost: 4.221790
iter=20700 : Reward: 0.636100 Predcost: 4.189555
iter=20800 : Reward: 0.639800 Predcost: 4.146957
iter=20900 : Reward: 0.627900 Predcost: 4.283960
iter=21000 : Reward: 0.630300 Predcost: 4.256330
iter=21100 : Reward: 0.633100 Predcost: 4.224093
iter=21200 : Reward: 0.633700 Predcost: 4.217186
iter=21300 : Reward: 0.627200 Predcost: 4.292019
iter=21400 : Reward: 0.636700 Predcost: 4.182646
iter=21500 : Reward: 0.641900 Predcost: 4.122779
iter=21600 : Reward: 0.633700 Predcost: 4.217186
iter=21700 : Reward: 0.632800 Predcost: 4.227546
iter=21800 : Reward: 0.636300 Predcost: 4.187252
iter=21900 : Reward: 0.635000 Predcost: 4.202219
iter=22000 : Reward: 0.640300 Predcost: 4.141200
iter=22100 : Reward: 0.634600 Predcost: 4.206824
iter=22200 : Reward: 0.633600 Predcost: 4.218337
iter=22300 : Reward: 0.631300 Predcost: 4.244816
iter=22400 : Reward: 0.631800 Predcost: 4.239059
iter=22500 : Reward: 0.636700 Predcost: 4.182647
iter=22600 : Reward: 0.629900 Predcost: 4.260934
iter=22700 : Reward: 0.638200 Predcost: 4.165377
iter=22800 : Reward: 0.631700 Predcost: 4.240211
iter=22900 : Reward: 0.641400 Predcost: 4.128536
iter=23000 : Reward: 0.626300 Predcost: 4.302381
iter=23100 : Reward: 0.629800 Predcost: 4.262085
iter=23200 : Reward: 0.635000 Predcost: 4.202218
iter=23300 : Reward: 0.633300 Predcost: 4.221790
iter=23400 : Reward: 0.639300 Predcost: 4.152713
iter=23500 : Reward: 0.631500 Predcost: 4.242514
iter=23600 : Reward: 0.637900 Predcost: 4.168831
iter=23700 : Reward: 0.637800 Predcost: 4.169983
iter=23800 : Reward: 0.639100 Predcost: 4.155015
iter=23900 : Reward: 0.638300 Predcost: 4.164226
iter=24000 : Reward: 0.637600 Predcost: 4.172285
iter=24100 : Reward: 0.631200 Predcost: 4.245968
iter=24200 : Reward: 0.629000 Predcost: 4.271297
iter=24300 : Reward: 0.625900 Predcost: 4.306986
iter=24400 : Reward: 0.634000 Predcost: 4.213732
iter=24500 : Reward: 0.629700 Predcost: 4.263237
iter=24600 : Reward: 0.627700 Predcost: 4.286263
iter=24700 : Reward: 0.640000 Predcost: 4.144654
iter=24800 : Reward: 0.632100 Predcost: 4.235606
iter=24900 : Reward: 0.634900 Predcost: 4.203370
iter=25000 : Reward: 0.630500 Predcost: 4.254027
iter=25100 : Reward: 0.638100 Predcost: 4.166528
iter=25200 : Reward: 0.632300 Predcost: 4.233303
iter=25300 : Reward: 0.639700 Predcost: 4.148108
iter=25400 : Reward: 0.637000 Predcost: 4.179192
iter=25500 : Reward: 0.631100 Predcost: 4.247119
iter=25600 : Reward: 0.637300 Predcost: 4.175739
iter=25700 : Reward: 0.633400 Predcost: 4.220639
iter=25800 : Reward: 0.635200 Predcost: 4.199916
iter=25900 : Reward: 0.626400 Predcost: 4.301230
iter=26000 : Reward: 0.627100 Predcost: 4.293170
iter=26100 : Reward: 0.634600 Predcost: 4.206823
iter=26200 : Reward: 0.640200 Predcost: 4.142351
iter=26300 : Reward: 0.636700 Predcost: 4.182646
iter=26400 : Reward: 0.636900 Predcost: 4.180343
iter=26500 : Reward: 0.634600 Predcost: 4.206823
iter=26600 : Reward: 0.628400 Predcost: 4.278204
iter=26700 : Reward: 0.639900 Predcost: 4.145805
iter=26800 : Reward: 0.624200 Predcost: 4.326558
iter=26900 : Reward: 0.628800 Predcost: 4.273598
iter=27000 : Reward: 0.632300 Predcost: 4.233303
iter=27100 : Reward: 0.626400 Predcost: 4.301229
iter=27200 : Reward: 0.630700 Predcost: 4.251723
iter=27300 : Reward: 0.631300 Predcost: 4.244816
iter=27400 : Reward: 0.633300 Predcost: 4.221790
iter=27500 : Reward: 0.633500 Predcost: 4.219487
iter=27600 : Reward: 0.630400 Predcost: 4.255177
iter=27700 : Reward: 0.632200 Predcost: 4.234454
iter=27800 : Reward: 0.637200 Predcost: 4.176889
iter=27900 : Reward: 0.628600 Predcost: 4.275900
iter=28000 : Reward: 0.629500 Predcost: 4.265539
iter=28100 : Reward: 0.631300 Predcost: 4.244816
iter=28200 : Reward: 0.643000 Predcost: 4.110114
iter=28300 : Reward: 0.626100 Predcost: 4.304684
iter=28400 : Reward: 0.628200 Predcost: 4.280506
iter=28500 : Reward: 0.630000 Predcost: 4.259782
iter=28600 : Reward: 0.627000 Predcost: 4.294321
iter=28700 : Reward: 0.631100 Predcost: 4.247118
iter=28800 : Reward: 0.627600 Predcost: 4.287414
iter=28900 : Reward: 0.628400 Predcost: 4.278204
iter=29000 : Reward: 0.629300 Predcost: 4.267842
iter=29100 : Reward: 0.632600 Predcost: 4.229848
iter=29200 : Reward: 0.634400 Predcost: 4.209125
iter=29300 : Reward: 0.632600 Predcost: 4.229849
iter=29400 : Reward: 0.629500 Predcost: 4.265539
iter=29500 : Reward: 0.628600 Predcost: 4.275901
iter=29600 : Reward: 0.637600 Predcost: 4.172284
iter=29700 : Reward: 0.634700 Predcost: 4.205671
iter=29800 : Reward: 0.639100 Predcost: 4.155014
iter=29900 : Reward: 0.635700 Predcost: 4.194158
iter=30000 : Reward: 0.633700 Predcost: 4.217184
iter=30100 : Reward: 0.636900 Predcost: 4.180343
iter=30200 : Reward: 0.639500 Predcost: 4.150409
iter=30300 : Reward: 0.633200 Predcost: 4.222941
iter=30400 : Reward: 0.643200 Predcost: 4.107811
iter=30500 : Reward: 0.634100 Predcost: 4.212580
iter=30600 : Reward: 0.633100 Predcost: 4.224092
iter=30700 : Reward: 0.629200 Predcost: 4.268993
iter=30800 : Reward: 0.625100 Predcost: 4.316196
iter=30900 : Reward: 0.626600 Predcost: 4.298926
iter=31000 : Reward: 0.641400 Predcost: 4.128534
iter=31100 : Reward: 0.640200 Predcost: 4.142350
iter=31200 : Reward: 0.629300 Predcost: 4.267841
iter=31300 : Reward: 0.638000 Predcost: 4.167679
iter=31400 : Reward: 0.634800 Predcost: 4.204520
iter=31500 : Reward: 0.632100 Predcost: 4.235605
iter=31600 : Reward: 0.629800 Predcost: 4.262085
iter=31700 : Reward: 0.632300 Predcost: 4.233302
iter=31800 : Reward: 0.636300 Predcost: 4.187251
iter=31900 : Reward: 0.633000 Predcost: 4.225244
iter=32000 : Reward: 0.632900 Predcost: 4.226394
ACCURACY: 0.467799996932
Model saved in file: model_runs/BASIC_DRAM_run_10/classifymodel_32000.ckpt
--- 11093.949238000001 CPU seconds ---
iter=32100 : Reward: 0.628900 Predcost: 4.272447
iter=32200 : Reward: 0.636100 Predcost: 4.189554
iter=32300 : Reward: 0.633600 Predcost: 4.218336
iter=32400 : Reward: 0.630000 Predcost: 4.259782
iter=32500 : Reward: 0.628900 Predcost: 4.272447
iter=32600 : Reward: 0.637600 Predcost: 4.172284
iter=32700 : Reward: 0.635900 Predcost: 4.191856
iter=32800 : Reward: 0.637900 Predcost: 4.168830
iter=32900 : Reward: 0.633700 Predcost: 4.217185
iter=33000 : Reward: 0.635700 Predcost: 4.194159
iter=33100 : Reward: 0.629600 Predcost: 4.264387
iter=33200 : Reward: 0.624800 Predcost: 4.319649
