['BASIC_classify_blobs.py', 'BASIC_DRAM_run_1', 'true', 'true', 'true', 'true', 'true', 'model_runs/BASIC_DRAM_run_1/classify_log.csv', 'model_runs/BASIC_DRAM_run_1/classifymodel_0.ckpt', 'model_runs/BASIC_DRAM_run_1/classifymodel_', 'model_runs/BASIC_DRAM_run_1/zzzdraw_data_5000.npy', 'false', 'true', 'false', 'false', 'true']
2017-10-14 20:29:47.345654: W tensorflow/core/platform/cpu_feature_guard.cc:45] The TensorFlow library wasn't compiled to use SSE4.1 instructions, but these are available on your machine and could speed up CPU computations.
2017-10-14 20:29:47.345969: W tensorflow/core/platform/cpu_feature_guard.cc:45] The TensorFlow library wasn't compiled to use SSE4.2 instructions, but these are available on your machine and could speed up CPU computations.
2017-10-14 20:29:47.345986: W tensorflow/core/platform/cpu_feature_guard.cc:45] The TensorFlow library wasn't compiled to use AVX instructions, but these are available on your machine and could speed up CPU computations.
2017-10-14 20:29:47.345996: W tensorflow/core/platform/cpu_feature_guard.cc:45] The TensorFlow library wasn't compiled to use AVX2 instructions, but these are available on your machine and could speed up CPU computations.
2017-10-14 20:29:47.346005: W tensorflow/core/platform/cpu_feature_guard.cc:45] The TensorFlow library wasn't compiled to use FMA instructions, but these are available on your machine and could speed up CPU computations.
iter=0 : Reward: 0.000600 Predcost: 0.106896
ACCURACY: 0.423199998339
Model saved in file: model_runs/BASIC_DRAM_run_1/classifymodel_0.ckpt
--- 4.3926690000000015 CPU seconds ---
iter=100 : Reward: 0.095200 Predcost: 9.860713
iter=200 : Reward: 0.567500 Predcost: 4.008129
ACCURACY: 0.48373333017
Model saved in file: model_runs/BASIC_DRAM_run_1/classifymodel_250.ckpt
--- 90.601427 CPU seconds ---
iter=300 : Reward: 0.635500 Predcost: 2.778845
iter=400 : Reward: 0.667400 Predcost: 2.646112
iter=500 : Reward: 0.671600 Predcost: 2.701655
ACCURACY: 0.49319999814
Model saved in file: model_runs/BASIC_DRAM_run_1/classifymodel_500.ckpt
--- 175.968518 CPU seconds ---
iter=600 : Reward: 0.663300 Predcost: 2.729997
iter=700 : Reward: 0.681700 Predcost: 2.659988
iter=800 : Reward: 0.675500 Predcost: 2.677778
iter=900 : Reward: 0.687900 Predcost: 2.669455
iter=1000 : Reward: 0.676800 Predcost: 2.647568
ACCURACY: 0.48253333052
Model saved in file: model_runs/BASIC_DRAM_run_1/classifymodel_1000.ckpt
--- 348.263439 CPU seconds ---
iter=1100 : Reward: 0.659700 Predcost: 2.744278
iter=1200 : Reward: 0.690600 Predcost: 2.593618
iter=1300 : Reward: 0.696300 Predcost: 2.607325
iter=1400 : Reward: 0.675500 Predcost: 2.706563
iter=1500 : Reward: 0.700600 Predcost: 2.672927
iter=1600 : Reward: 0.691900 Predcost: 2.666391
iter=1700 : Reward: 0.690100 Predcost: 2.738935
iter=1800 : Reward: 0.680700 Predcost: 2.665899
iter=1900 : Reward: 0.672300 Predcost: 2.764905
iter=2000 : Reward: 0.671600 Predcost: 2.709958
ACCURACY: 0.492799996138
Model saved in file: model_runs/BASIC_DRAM_run_1/classifymodel_2000.ckpt
--- 693.768529 CPU seconds ---
iter=2100 : Reward: 0.684600 Predcost: 2.631631
iter=2200 : Reward: 0.687700 Predcost: 2.681988
iter=2300 : Reward: 0.673600 Predcost: 2.652574
iter=2400 : Reward: 0.685100 Predcost: 2.686400
iter=2500 : Reward: 0.684200 Predcost: 2.767419
iter=2600 : Reward: 0.687200 Predcost: 2.693123
iter=2700 : Reward: 0.673300 Predcost: 2.730567
iter=2800 : Reward: 0.687400 Predcost: 2.687762
iter=2900 : Reward: 0.699700 Predcost: 2.688613
iter=3000 : Reward: 0.697700 Predcost: 2.654687
iter=3100 : Reward: 0.685300 Predcost: 2.665185
iter=3200 : Reward: 0.692400 Predcost: 2.698554
iter=3300 : Reward: 0.681600 Predcost: 2.712822
iter=3400 : Reward: 0.669700 Predcost: 2.721297
iter=3500 : Reward: 0.684000 Predcost: 2.669863
iter=3600 : Reward: 0.685000 Predcost: 2.735915
iter=3700 : Reward: 0.666700 Predcost: 2.727503
iter=3800 : Reward: 0.682200 Predcost: 2.771967
iter=3900 : Reward: 0.681300 Predcost: 2.756961
iter=4000 : Reward: 0.699500 Predcost: 2.641196
ACCURACY: 0.495599996845
Model saved in file: model_runs/BASIC_DRAM_run_1/classifymodel_4000.ckpt
--- 1383.5045819999996 CPU seconds ---
iter=4100 : Reward: 0.707100 Predcost: 2.607506
iter=4200 : Reward: 0.687000 Predcost: 2.696755
iter=4300 : Reward: 0.671200 Predcost: 2.729186
iter=4400 : Reward: 0.695900 Predcost: 2.619819
iter=4500 : Reward: 0.697000 Predcost: 2.695086
iter=4600 : Reward: 0.695100 Predcost: 2.678353
iter=4700 : Reward: 0.691300 Predcost: 2.670917
iter=4800 : Reward: 0.688500 Predcost: 2.726046
iter=4900 : Reward: 0.682200 Predcost: 2.763836
iter=5000 : Reward: 0.701700 Predcost: 2.638219
iter=5100 : Reward: 0.691900 Predcost: 2.666479
iter=5200 : Reward: 0.694600 Predcost: 2.650097
iter=5300 : Reward: 0.689800 Predcost: 2.695447
iter=5400 : Reward: 0.697900 Predcost: 2.738391
iter=5500 : Reward: 0.692100 Predcost: 2.647335
iter=5600 : Reward: 0.684300 Predcost: 2.613367
iter=5700 : Reward: 0.675100 Predcost: 2.692261
iter=5800 : Reward: 0.685200 Predcost: 2.722561
iter=5900 : Reward: 0.694500 Predcost: 2.639053
iter=6000 : Reward: 0.686700 Predcost: 2.728834
iter=6100 : Reward: 0.706200 Predcost: 2.632859
iter=6200 : Reward: 0.689800 Predcost: 2.673971
iter=6300 : Reward: 0.689400 Predcost: 2.696647
iter=6400 : Reward: 0.700500 Predcost: 2.653009
iter=6500 : Reward: 0.676500 Predcost: 2.651441
iter=6600 : Reward: 0.696700 Predcost: 2.629074
iter=6700 : Reward: 0.674000 Predcost: 2.705065
iter=6800 : Reward: 0.692700 Predcost: 2.723136
iter=6900 : Reward: 0.682400 Predcost: 2.662988
iter=7000 : Reward: 0.686400 Predcost: 2.724248
iter=7100 : Reward: 0.694500 Predcost: 2.694166
iter=7200 : Reward: 0.689100 Predcost: 2.709206
iter=7300 : Reward: 0.689300 Predcost: 2.667803
iter=7400 : Reward: 0.697900 Predcost: 2.668965
iter=7500 : Reward: 0.685100 Predcost: 2.678032
iter=7600 : Reward: 0.686900 Predcost: 2.733102
iter=7700 : Reward: 0.674500 Predcost: 2.772352
iter=7800 : Reward: 0.688500 Predcost: 2.656972
iter=7900 : Reward: 0.687600 Predcost: 2.723291
iter=8000 : Reward: 0.689000 Predcost: 2.613971
ACCURACY: 0.494599996209
Model saved in file: model_runs/BASIC_DRAM_run_1/classifymodel_8000.ckpt
--- 2759.282676 CPU seconds ---
iter=8100 : Reward: 0.688500 Predcost: 2.643173
iter=8200 : Reward: 0.679900 Predcost: 2.753677
iter=8300 : Reward: 0.684200 Predcost: 2.619978
iter=8400 : Reward: 0.695400 Predcost: 2.603309
iter=8500 : Reward: 0.681900 Predcost: 2.746516
iter=8600 : Reward: 0.679300 Predcost: 2.674789
iter=8700 : Reward: 0.689400 Predcost: 2.624871
iter=8800 : Reward: 0.689800 Predcost: 2.664184
iter=8900 : Reward: 0.677800 Predcost: 2.709246
iter=9000 : Reward: 0.700200 Predcost: 2.600140
iter=9100 : Reward: 0.692300 Predcost: 2.647351
iter=9200 : Reward: 0.692200 Predcost: 2.613856
iter=9300 : Reward: 0.691200 Predcost: 2.679912
iter=9400 : Reward: 0.681500 Predcost: 2.661084
iter=9500 : Reward: 0.671100 Predcost: 2.744483
iter=9600 : Reward: 0.692400 Predcost: 2.661187
iter=9700 : Reward: 0.690200 Predcost: 2.599571
iter=9800 : Reward: 0.678500 Predcost: 2.813411
iter=9900 : Reward: 0.688400 Predcost: 2.666581
iter=10000 : Reward: 0.686000 Predcost: 2.695019
iter=10100 : Reward: 0.684800 Predcost: 2.649880
iter=10200 : Reward: 0.685100 Predcost: 2.679871
iter=10300 : Reward: 0.681200 Predcost: 2.696074
iter=10400 : Reward: 0.683900 Predcost: 2.653436
iter=10500 : Reward: 0.685900 Predcost: 2.712748
iter=10600 : Reward: 0.691400 Predcost: 2.639358
iter=10700 : Reward: 0.684600 Predcost: 2.694576
iter=10800 : Reward: 0.687900 Predcost: 2.705703
iter=10900 : Reward: 0.677000 Predcost: 2.698305
iter=11000 : Reward: 0.680100 Predcost: 2.672248
iter=11100 : Reward: 0.674800 Predcost: 2.717533
iter=11200 : Reward: 0.674400 Predcost: 2.784986
iter=11300 : Reward: 0.682000 Predcost: 2.736417
iter=11400 : Reward: 0.692300 Predcost: 2.637136
iter=11500 : Reward: 0.679500 Predcost: 2.685045
iter=11600 : Reward: 0.694200 Predcost: 2.579266
iter=11700 : Reward: 0.676900 Predcost: 2.717259
iter=11800 : Reward: 0.678200 Predcost: 2.739792
iter=11900 : Reward: 0.687400 Predcost: 2.687956
iter=12000 : Reward: 0.683100 Predcost: 2.612687
iter=12100 : Reward: 0.685500 Predcost: 2.595666
iter=12200 : Reward: 0.680500 Predcost: 2.708180
iter=12300 : Reward: 0.675100 Predcost: 2.771595
iter=12400 : Reward: 0.678600 Predcost: 2.711936
iter=12500 : Reward: 0.679500 Predcost: 2.701064
iter=12600 : Reward: 0.682600 Predcost: 2.692008
iter=12700 : Reward: 0.684000 Predcost: 2.674095
iter=12800 : Reward: 0.679600 Predcost: 2.633163
iter=12900 : Reward: 0.680100 Predcost: 2.735854
iter=13000 : Reward: 0.682200 Predcost: 2.680004
iter=13100 : Reward: 0.682700 Predcost: 2.707622
iter=13200 : Reward: 0.690500 Predcost: 2.670478
iter=13300 : Reward: 0.693200 Predcost: 2.593638
iter=13400 : Reward: 0.686300 Predcost: 2.670928
iter=13500 : Reward: 0.682500 Predcost: 2.644156
iter=13600 : Reward: 0.685200 Predcost: 2.677682
iter=13700 : Reward: 0.678800 Predcost: 2.760275
iter=13800 : Reward: 0.691500 Predcost: 2.570422
iter=13900 : Reward: 0.690200 Predcost: 2.634523
iter=14000 : Reward: 0.687500 Predcost: 2.729380
iter=14100 : Reward: 0.690200 Predcost: 2.629625
iter=14200 : Reward: 0.684300 Predcost: 2.658204
iter=14300 : Reward: 0.686900 Predcost: 2.667278
iter=14400 : Reward: 0.680200 Predcost: 2.740082
iter=14500 : Reward: 0.695500 Predcost: 2.563098
iter=14600 : Reward: 0.671300 Predcost: 2.717846
iter=14700 : Reward: 0.683300 Predcost: 2.718938
iter=14800 : Reward: 0.681800 Predcost: 2.737789
iter=14900 : Reward: 0.678700 Predcost: 2.720147
iter=15000 : Reward: 0.680900 Predcost: 2.678482
iter=15100 : Reward: 0.673400 Predcost: 2.758011
iter=15200 : Reward: 0.679300 Predcost: 2.740443
iter=15300 : Reward: 0.691600 Predcost: 2.617952
iter=15400 : Reward: 0.691100 Predcost: 2.625625
iter=15500 : Reward: 0.678300 Predcost: 2.700078
iter=15600 : Reward: 0.694200 Predcost: 2.619634
iter=15700 : Reward: 0.686300 Predcost: 2.599839
iter=15800 : Reward: 0.691300 Predcost: 2.645509
iter=15900 : Reward: 0.683100 Predcost: 2.676045
iter=16000 : Reward: 0.681500 Predcost: 2.657471
ACCURACY: 0.496333329678
Model saved in file: model_runs/BASIC_DRAM_run_1/classifymodel_16000.ckpt
--- 5506.18383 CPU seconds ---
iter=16100 : Reward: 0.680700 Predcost: 2.687226
iter=16200 : Reward: 0.685200 Predcost: 2.663932
iter=16300 : Reward: 0.686600 Predcost: 2.648649
iter=16400 : Reward: 0.681100 Predcost: 2.669935
iter=16500 : Reward: 0.679700 Predcost: 2.660097
iter=16600 : Reward: 0.676700 Predcost: 2.739023
iter=16700 : Reward: 0.681200 Predcost: 2.627521
iter=16800 : Reward: 0.672300 Predcost: 2.727666
iter=16900 : Reward: 0.675400 Predcost: 2.736786
iter=17000 : Reward: 0.677700 Predcost: 2.704457
iter=17100 : Reward: 0.677600 Predcost: 2.699007
iter=17200 : Reward: 0.676500 Predcost: 2.697825
iter=17300 : Reward: 0.674400 Predcost: 2.778867
iter=17400 : Reward: 0.676300 Predcost: 2.695908
iter=17500 : Reward: 0.686000 Predcost: 2.573764
iter=17600 : Reward: 0.689800 Predcost: 2.665538
iter=17700 : Reward: 0.679100 Predcost: 2.682894
iter=17800 : Reward: 0.677900 Predcost: 2.703588
iter=17900 : Reward: 0.677200 Predcost: 2.674287
iter=18000 : Reward: 0.681000 Predcost: 2.698116
iter=18100 : Reward: 0.679400 Predcost: 2.738517
iter=18200 : Reward: 0.687600 Predcost: 2.646318
iter=18300 : Reward: 0.681900 Predcost: 2.677601
iter=18400 : Reward: 0.690600 Predcost: 2.639373
iter=18500 : Reward: 0.684100 Predcost: 2.667676
iter=18600 : Reward: 0.669000 Predcost: 2.729436
iter=18700 : Reward: 0.688900 Predcost: 2.634059
iter=18800 : Reward: 0.679000 Predcost: 2.761182
iter=18900 : Reward: 0.677200 Predcost: 2.729695
iter=19000 : Reward: 0.678800 Predcost: 2.690890
iter=19100 : Reward: 0.686400 Predcost: 2.611773
iter=19200 : Reward: 0.675400 Predcost: 2.756622
iter=19300 : Reward: 0.675800 Predcost: 2.738179
iter=19400 : Reward: 0.681400 Predcost: 2.640967
iter=19500 : Reward: 0.678000 Predcost: 2.638085
iter=19600 : Reward: 0.677100 Predcost: 2.682295
iter=19700 : Reward: 0.682800 Predcost: 2.668536
iter=19800 : Reward: 0.674600 Predcost: 2.707679
iter=19900 : Reward: 0.685600 Predcost: 2.640066
iter=20000 : Reward: 0.683400 Predcost: 2.674010
iter=20100 : Reward: 0.675700 Predcost: 2.751666
iter=20200 : Reward: 0.677400 Predcost: 2.749841
iter=20300 : Reward: 0.678300 Predcost: 2.706197
iter=20400 : Reward: 0.684800 Predcost: 2.632238
iter=20500 : Reward: 0.689700 Predcost: 2.613630
iter=20600 : Reward: 0.678700 Predcost: 2.757012
iter=20700 : Reward: 0.686700 Predcost: 2.652765
iter=20800 : Reward: 0.680800 Predcost: 2.671591
iter=20900 : Reward: 0.685100 Predcost: 2.645208
iter=21000 : Reward: 0.669200 Predcost: 2.734041
iter=21100 : Reward: 0.671000 Predcost: 2.743603
iter=21200 : Reward: 0.679900 Predcost: 2.645927
iter=21300 : Reward: 0.676100 Predcost: 2.659516
iter=21400 : Reward: 0.682700 Predcost: 2.659735
iter=21500 : Reward: 0.671400 Predcost: 2.732292
iter=21600 : Reward: 0.675100 Predcost: 2.700906
iter=21700 : Reward: 0.684000 Predcost: 2.682249
iter=21800 : Reward: 0.686200 Predcost: 2.575723
iter=21900 : Reward: 0.684300 Predcost: 2.581729
iter=22000 : Reward: 0.678300 Predcost: 2.659514
iter=22100 : Reward: 0.668600 Predcost: 2.794395
iter=22200 : Reward: 0.677200 Predcost: 2.694013
iter=22300 : Reward: 0.679100 Predcost: 2.703508
iter=22400 : Reward: 0.680100 Predcost: 2.664635
iter=22500 : Reward: 0.672100 Predcost: 2.751371
iter=22600 : Reward: 0.679100 Predcost: 2.710738
iter=22700 : Reward: 0.682600 Predcost: 2.671425
iter=22800 : Reward: 0.676700 Predcost: 2.640278
iter=22900 : Reward: 0.675500 Predcost: 2.743439
iter=23000 : Reward: 0.675900 Predcost: 2.675395
iter=23100 : Reward: 0.684300 Predcost: 2.674778
iter=23200 : Reward: 0.687500 Predcost: 2.592938
iter=23300 : Reward: 0.679400 Predcost: 2.664207
iter=23400 : Reward: 0.684400 Predcost: 2.664666
iter=23500 : Reward: 0.680700 Predcost: 2.657288
iter=23600 : Reward: 0.681700 Predcost: 2.629758
iter=23700 : Reward: 0.681900 Predcost: 2.647069
iter=23800 : Reward: 0.680900 Predcost: 2.656113
iter=23900 : Reward: 0.683300 Predcost: 2.648631
iter=24000 : Reward: 0.675200 Predcost: 2.741177
iter=24100 : Reward: 0.677100 Predcost: 2.654899
iter=24200 : Reward: 0.682400 Predcost: 2.624312
iter=24300 : Reward: 0.676700 Predcost: 2.691997
iter=24400 : Reward: 0.679800 Predcost: 2.723734
iter=24500 : Reward: 0.680300 Predcost: 2.662781
iter=24600 : Reward: 0.681200 Predcost: 2.630385
iter=24700 : Reward: 0.670200 Predcost: 2.729157
iter=24800 : Reward: 0.680200 Predcost: 2.657138
iter=24900 : Reward: 0.672400 Predcost: 2.722556
iter=25000 : Reward: 0.680300 Predcost: 2.647582
iter=25100 : Reward: 0.683800 Predcost: 2.640116
iter=25200 : Reward: 0.685700 Predcost: 2.629271
iter=25300 : Reward: 0.671100 Predcost: 2.754821
iter=25400 : Reward: 0.676500 Predcost: 2.650150
iter=25500 : Reward: 0.680900 Predcost: 2.710034
iter=25600 : Reward: 0.679800 Predcost: 2.745312
iter=25700 : Reward: 0.680800 Predcost: 2.706638
iter=25800 : Reward: 0.686400 Predcost: 2.602550
iter=25900 : Reward: 0.683000 Predcost: 2.669860
iter=26000 : Reward: 0.675800 Predcost: 2.747172
iter=26100 : Reward: 0.672800 Predcost: 2.722967
iter=26200 : Reward: 0.678100 Predcost: 2.669634
iter=26300 : Reward: 0.688100 Predcost: 2.608076
iter=26400 : Reward: 0.684500 Predcost: 2.665542
iter=26500 : Reward: 0.673800 Predcost: 2.722452
iter=26600 : Reward: 0.678900 Predcost: 2.683218
iter=26700 : Reward: 0.685400 Predcost: 2.622578
iter=26800 : Reward: 0.677300 Predcost: 2.724471
iter=26900 : Reward: 0.690200 Predcost: 2.655302
iter=27000 : Reward: 0.684100 Predcost: 2.683461
iter=27100 : Reward: 0.681300 Predcost: 2.670001
iter=27200 : Reward: 0.685200 Predcost: 2.654607
iter=27300 : Reward: 0.683000 Predcost: 2.649808
iter=27400 : Reward: 0.678200 Predcost: 2.705420
iter=27500 : Reward: 0.677300 Predcost: 2.715579
iter=27600 : Reward: 0.676400 Predcost: 2.729564
iter=27700 : Reward: 0.682900 Predcost: 2.687674
iter=27800 : Reward: 0.682400 Predcost: 2.640257
iter=27900 : Reward: 0.673000 Predcost: 2.677224
iter=28000 : Reward: 0.687800 Predcost: 2.613878
iter=28100 : Reward: 0.685800 Predcost: 2.661259
iter=28200 : Reward: 0.692200 Predcost: 2.647771
iter=28300 : Reward: 0.682700 Predcost: 2.659787
iter=28400 : Reward: 0.683300 Predcost: 2.633980
iter=28500 : Reward: 0.682800 Predcost: 2.695537
iter=28600 : Reward: 0.689500 Predcost: 2.663794
iter=28700 : Reward: 0.677600 Predcost: 2.678600
iter=28800 : Reward: 0.686200 Predcost: 2.670390
iter=28900 : Reward: 0.683200 Predcost: 2.722065
iter=29000 : Reward: 0.687100 Predcost: 2.676998
iter=29100 : Reward: 0.678300 Predcost: 2.664237
iter=29200 : Reward: 0.676100 Predcost: 2.681533
iter=29300 : Reward: 0.679000 Predcost: 2.685697
iter=29400 : Reward: 0.680400 Predcost: 2.730002
iter=29500 : Reward: 0.694200 Predcost: 2.640188
iter=29600 : Reward: 0.679500 Predcost: 2.686195
iter=29700 : Reward: 0.690500 Predcost: 2.619794
iter=29800 : Reward: 0.680000 Predcost: 2.713280
iter=29900 : Reward: 0.684300 Predcost: 2.631363
iter=30000 : Reward: 0.691000 Predcost: 2.665554
iter=30100 : Reward: 0.689800 Predcost: 2.724689
iter=30200 : Reward: 0.684100 Predcost: 2.685870
iter=30300 : Reward: 0.687500 Predcost: 2.615385
iter=30400 : Reward: 0.697000 Predcost: 2.622653
iter=30500 : Reward: 0.683400 Predcost: 2.687939
iter=30600 : Reward: 0.701700 Predcost: 2.563410
iter=30700 : Reward: 0.693600 Predcost: 2.706710
iter=30800 : Reward: 0.694700 Predcost: 2.681321
iter=30900 : Reward: 0.694800 Predcost: 2.691550
iter=31000 : Reward: 0.702400 Predcost: 2.606897
iter=31100 : Reward: 0.706200 Predcost: 2.611067
iter=31200 : Reward: 0.700900 Predcost: 2.652875
iter=31300 : Reward: 0.697700 Predcost: 2.675109
iter=31400 : Reward: 0.709400 Predcost: 2.561623
iter=31500 : Reward: 0.709100 Predcost: 2.559540
iter=31600 : Reward: 0.706200 Predcost: 2.638579
iter=31700 : Reward: 0.709700 Predcost: 2.588412
iter=31800 : Reward: 0.704500 Predcost: 2.640162
iter=31900 : Reward: 0.712300 Predcost: 2.580970
iter=32000 : Reward: 0.707800 Predcost: 2.663615
ACCURACY: 0.502399996519
Model saved in file: model_runs/BASIC_DRAM_run_1/classifymodel_32000.ckpt
--- 11007.306859 CPU seconds ---
iter=32100 : Reward: 0.722300 Predcost: 2.557708
iter=32200 : Reward: 0.710100 Predcost: 2.609911
iter=32300 : Reward: 0.717700 Predcost: 2.610892
iter=32400 : Reward: 0.722600 Predcost: 2.578735
iter=32500 : Reward: 0.713800 Predcost: 2.663951
iter=32600 : Reward: 0.725400 Predcost: 2.570092
iter=32700 : Reward: 0.727300 Predcost: 2.524124
iter=32800 : Reward: 0.730300 Predcost: 2.531629
iter=32900 : Reward: 0.727200 Predcost: 2.589011
iter=33000 : Reward: 0.735200 Predcost: 2.547866
iter=33100 : Reward: 0.739800 Predcost: 2.500201
iter=33200 : Reward: 0.727700 Predcost: 2.620001
iter=33300 : Reward: 0.734100 Predcost: 2.578862
iter=33400 : Reward: 0.729000 Predcost: 2.609182
iter=33500 : Reward: 0.730300 Predcost: 2.641907
iter=33600 : Reward: 0.732900 Predcost: 2.582898
iter=33700 : Reward: 0.730000 Predcost: 2.685313
iter=33800 : Reward: 0.742300 Predcost: 2.516079
iter=33900 : Reward: 0.742600 Predcost: 2.518126
iter=34000 : Reward: 0.749600 Predcost: 2.487082
iter=34100 : Reward: 0.741200 Predcost: 2.463787
iter=34200 : Reward: 0.734100 Predcost: 2.611107
iter=34300 : Reward: 0.739500 Predcost: 2.554807
iter=34400 : Reward: 0.738900 Predcost: 2.583942
iter=34500 : Reward: 0.746200 Predcost: 2.557267
iter=34600 : Reward: 0.735300 Predcost: 2.631359
iter=34700 : Reward: 0.749700 Predcost: 2.484675
iter=34800 : Reward: 0.744900 Predcost: 2.555685
iter=34900 : Reward: 0.745800 Predcost: 2.528079
iter=35000 : Reward: 0.737500 Predcost: 2.581277
iter=35100 : Reward: 0.743900 Predcost: 2.529600
iter=35200 : Reward: 0.741700 Predcost: 2.598748
iter=35300 : Reward: 0.743700 Predcost: 2.528756
iter=35400 : Reward: 0.751000 Predcost: 2.512776
iter=35500 : Reward: 0.747700 Predcost: 2.523603
iter=35600 : Reward: 0.742200 Predcost: 2.477980
iter=35700 : Reward: 0.722900 Predcost: 2.549276
iter=35800 : Reward: 0.744400 Predcost: 2.534808
iter=35900 : Reward: 0.750400 Predcost: 2.521461
iter=36000 : Reward: 0.743500 Predcost: 2.549111
iter=36100 : Reward: 0.749300 Predcost: 2.517715
iter=36200 : Reward: 0.738700 Predcost: 2.550662
