['BASIC_classify_blobs.py', 'BASIC_DRAM_run_2', 'true', 'true', 'true', 'true', 'true', 'model_runs/BASIC_DRAM_run_2/classify_log.csv', 'model_runs/BASIC_DRAM_run_2/classifymodel_0.ckpt', 'model_runs/BASIC_DRAM_run_2/classifymodel_', 'model_runs/BASIC_DRAM_run_2/zzzdraw_data_5000.npy', 'false', 'true', 'false', 'false', 'true']
2017-10-14 20:29:47.593503: W tensorflow/core/platform/cpu_feature_guard.cc:45] The TensorFlow library wasn't compiled to use SSE4.1 instructions, but these are available on your machine and could speed up CPU computations.
2017-10-14 20:29:47.593578: W tensorflow/core/platform/cpu_feature_guard.cc:45] The TensorFlow library wasn't compiled to use SSE4.2 instructions, but these are available on your machine and could speed up CPU computations.
2017-10-14 20:29:47.593589: W tensorflow/core/platform/cpu_feature_guard.cc:45] The TensorFlow library wasn't compiled to use AVX instructions, but these are available on your machine and could speed up CPU computations.
2017-10-14 20:29:47.593597: W tensorflow/core/platform/cpu_feature_guard.cc:45] The TensorFlow library wasn't compiled to use AVX2 instructions, but these are available on your machine and could speed up CPU computations.
2017-10-14 20:29:47.593605: W tensorflow/core/platform/cpu_feature_guard.cc:45] The TensorFlow library wasn't compiled to use FMA instructions, but these are available on your machine and could speed up CPU computations.
iter=0 : Reward: 0.000400 Predcost: 0.110474
ACCURACY: 0.428533332547
Model saved in file: model_runs/BASIC_DRAM_run_2/classifymodel_0.ckpt
--- 4.118923000000002 CPU seconds ---
iter=100 : Reward: 0.020700 Predcost: 11.206459
iter=200 : Reward: 0.054100 Predcost: 10.433951
ACCURACY: 0.466933330099
Model saved in file: model_runs/BASIC_DRAM_run_2/classifymodel_250.ckpt
--- 93.03839999999998 CPU seconds ---
iter=300 : Reward: 0.367800 Predcost: 6.988603
iter=400 : Reward: 0.545000 Predcost: 4.819280
iter=500 : Reward: 0.618300 Predcost: 2.446855
ACCURACY: 0.470466665228
Model saved in file: model_runs/BASIC_DRAM_run_2/classifymodel_500.ckpt
--- 179.40929400000002 CPU seconds ---
iter=600 : Reward: 0.621700 Predcost: 1.572684
iter=700 : Reward: 0.627200 Predcost: 1.453392
iter=800 : Reward: 0.633900 Predcost: 1.348715
iter=900 : Reward: 0.631600 Predcost: 1.337334
iter=1000 : Reward: 0.627300 Predcost: 1.348364
ACCURACY: 0.468199997743
Model saved in file: model_runs/BASIC_DRAM_run_2/classifymodel_1000.ckpt
--- 356.22002799999996 CPU seconds ---
iter=1100 : Reward: 0.631300 Predcost: 1.340711
iter=1200 : Reward: 0.637000 Predcost: 1.331186
iter=1300 : Reward: 0.636800 Predcost: 1.328363
iter=1400 : Reward: 0.624800 Predcost: 1.361911
iter=1500 : Reward: 0.637700 Predcost: 1.328179
iter=1600 : Reward: 0.650400 Predcost: 1.295475
iter=1700 : Reward: 0.626700 Predcost: 1.343741
iter=1800 : Reward: 0.631900 Predcost: 1.327661
iter=1900 : Reward: 0.637100 Predcost: 1.324565
iter=2000 : Reward: 0.637300 Predcost: 1.319760
ACCURACY: 0.468066663146
Model saved in file: model_runs/BASIC_DRAM_run_2/classifymodel_2000.ckpt
--- 703.7618769999999 CPU seconds ---
iter=2100 : Reward: 0.627400 Predcost: 1.355789
iter=2200 : Reward: 0.628400 Predcost: 1.332126
iter=2300 : Reward: 0.639100 Predcost: 1.335529
iter=2400 : Reward: 0.631200 Predcost: 1.335685
iter=2500 : Reward: 0.639500 Predcost: 1.322233
iter=2600 : Reward: 0.635600 Predcost: 1.341562
iter=2700 : Reward: 0.632200 Predcost: 1.342179
iter=2800 : Reward: 0.626400 Predcost: 1.353485
iter=2900 : Reward: 0.632700 Predcost: 1.336995
iter=3000 : Reward: 0.636700 Predcost: 1.329283
iter=3100 : Reward: 0.632300 Predcost: 1.350069
iter=3200 : Reward: 0.632700 Predcost: 1.348480
iter=3300 : Reward: 0.634700 Predcost: 1.329545
iter=3400 : Reward: 0.643900 Predcost: 1.312758
iter=3500 : Reward: 0.628600 Predcost: 1.351073
iter=3600 : Reward: 0.637900 Predcost: 1.327255
iter=3700 : Reward: 0.633000 Predcost: 1.335611
iter=3800 : Reward: 0.638100 Predcost: 1.319968
iter=3900 : Reward: 0.636200 Predcost: 1.327226
iter=4000 : Reward: 0.635600 Predcost: 1.318756
ACCURACY: 0.461266663472
Model saved in file: model_runs/BASIC_DRAM_run_2/classifymodel_4000.ckpt
--- 1394.8093489999999 CPU seconds ---
iter=4100 : Reward: 0.641500 Predcost: 1.331109
iter=4200 : Reward: 0.632900 Predcost: 1.334171
iter=4300 : Reward: 0.635800 Predcost: 1.340678
iter=4400 : Reward: 0.627700 Predcost: 1.357954
iter=4500 : Reward: 0.633300 Predcost: 1.330999
iter=4600 : Reward: 0.632500 Predcost: 1.342051
iter=4700 : Reward: 0.622700 Predcost: 1.355882
iter=4800 : Reward: 0.638700 Predcost: 1.324619
iter=4900 : Reward: 0.633200 Predcost: 1.335666
iter=5000 : Reward: 0.637700 Predcost: 1.311379
iter=5100 : Reward: 0.630100 Predcost: 1.344010
iter=5200 : Reward: 0.631600 Predcost: 1.328043
iter=5300 : Reward: 0.630200 Predcost: 1.348273
iter=5400 : Reward: 0.633900 Predcost: 1.334473
iter=5500 : Reward: 0.638500 Predcost: 1.331246
iter=5600 : Reward: 0.636300 Predcost: 1.330131
iter=5700 : Reward: 0.622600 Predcost: 1.358188
iter=5800 : Reward: 0.643300 Predcost: 1.320762
iter=5900 : Reward: 0.637100 Predcost: 1.334028
iter=6000 : Reward: 0.639600 Predcost: 1.332592
iter=6100 : Reward: 0.627100 Predcost: 1.362405
iter=6200 : Reward: 0.632800 Predcost: 1.341304
iter=6300 : Reward: 0.627800 Predcost: 1.356256
iter=6400 : Reward: 0.630200 Predcost: 1.343083
iter=6500 : Reward: 0.634800 Predcost: 1.328171
iter=6600 : Reward: 0.632000 Predcost: 1.349532
iter=6700 : Reward: 0.637300 Predcost: 1.333952
iter=6800 : Reward: 0.633900 Predcost: 1.321088
iter=6900 : Reward: 0.631400 Predcost: 1.345348
iter=7000 : Reward: 0.627900 Predcost: 1.348417
iter=7100 : Reward: 0.632900 Predcost: 1.339830
iter=7200 : Reward: 0.632200 Predcost: 1.350984
iter=7300 : Reward: 0.641400 Predcost: 1.292392
iter=7400 : Reward: 0.637700 Predcost: 1.326267
iter=7500 : Reward: 0.635300 Predcost: 1.330303
iter=7600 : Reward: 0.632700 Predcost: 1.331732
iter=7700 : Reward: 0.636900 Predcost: 1.335075
iter=7800 : Reward: 0.633200 Predcost: 1.337124
iter=7900 : Reward: 0.637700 Predcost: 1.335784
iter=8000 : Reward: 0.627000 Predcost: 1.357782
ACCURACY: 0.471133332054
Model saved in file: model_runs/BASIC_DRAM_run_2/classifymodel_8000.ckpt
--- 2771.765716 CPU seconds ---
iter=8100 : Reward: 0.626300 Predcost: 1.351265
iter=8200 : Reward: 0.629500 Predcost: 1.349718
iter=8300 : Reward: 0.638100 Predcost: 1.330552
iter=8400 : Reward: 0.634900 Predcost: 1.322515
iter=8500 : Reward: 0.631400 Predcost: 1.350723
iter=8600 : Reward: 0.637100 Predcost: 1.317482
iter=8700 : Reward: 0.637400 Predcost: 1.326895
iter=8800 : Reward: 0.634900 Predcost: 1.321640
iter=8900 : Reward: 0.631100 Predcost: 1.336031
iter=9000 : Reward: 0.632000 Predcost: 1.340786
iter=9100 : Reward: 0.634400 Predcost: 1.343920
iter=9200 : Reward: 0.633800 Predcost: 1.327909
iter=9300 : Reward: 0.632600 Predcost: 1.334176
iter=9400 : Reward: 0.633200 Predcost: 1.341804
iter=9500 : Reward: 0.630900 Predcost: 1.347016
iter=9600 : Reward: 0.632900 Predcost: 1.329686
iter=9700 : Reward: 0.635700 Predcost: 1.321477
iter=9800 : Reward: 0.622700 Predcost: 1.364744
iter=9900 : Reward: 0.631100 Predcost: 1.350629
iter=10000 : Reward: 0.630200 Predcost: 1.343934
iter=10100 : Reward: 0.626800 Predcost: 1.364561
iter=10200 : Reward: 0.626900 Predcost: 1.349180
iter=10300 : Reward: 0.634000 Predcost: 1.338296
iter=10400 : Reward: 0.638900 Predcost: 1.322868
iter=10500 : Reward: 0.638100 Predcost: 1.326565
iter=10600 : Reward: 0.632200 Predcost: 1.339318
iter=10700 : Reward: 0.624800 Predcost: 1.327446
iter=10800 : Reward: 0.634500 Predcost: 1.337244
iter=10900 : Reward: 0.635400 Predcost: 1.336788
iter=11000 : Reward: 0.627100 Predcost: 1.356163
iter=11100 : Reward: 0.632300 Predcost: 1.331613
iter=11200 : Reward: 0.632900 Predcost: 1.346638
iter=11300 : Reward: 0.636400 Predcost: 1.331069
iter=11400 : Reward: 0.626900 Predcost: 1.361681
iter=11500 : Reward: 0.635900 Predcost: 1.325064
iter=11600 : Reward: 0.633800 Predcost: 1.345980
iter=11700 : Reward: 0.627000 Predcost: 1.361338
iter=11800 : Reward: 0.628500 Predcost: 1.344868
iter=11900 : Reward: 0.638400 Predcost: 1.319058
iter=12000 : Reward: 0.631500 Predcost: 1.337999
iter=12100 : Reward: 0.627000 Predcost: 1.351040
iter=12200 : Reward: 0.640700 Predcost: 1.318675
iter=12300 : Reward: 0.624200 Predcost: 1.353406
iter=12400 : Reward: 0.637000 Predcost: 1.338657
iter=12500 : Reward: 0.636300 Predcost: 1.330111
iter=12600 : Reward: 0.638500 Predcost: 1.335267
iter=12700 : Reward: 0.626100 Predcost: 1.345250
iter=12800 : Reward: 0.631800 Predcost: 1.340215
iter=12900 : Reward: 0.640800 Predcost: 1.326361
iter=13000 : Reward: 0.636600 Predcost: 1.334303
iter=13100 : Reward: 0.634900 Predcost: 1.330456
iter=13200 : Reward: 0.637000 Predcost: 1.325902
iter=13300 : Reward: 0.635100 Predcost: 1.336433
iter=13400 : Reward: 0.631800 Predcost: 1.342456
iter=13500 : Reward: 0.629100 Predcost: 1.352251
iter=13600 : Reward: 0.633800 Predcost: 1.333063
iter=13700 : Reward: 0.631700 Predcost: 1.334362
iter=13800 : Reward: 0.637200 Predcost: 1.324052
iter=13900 : Reward: 0.640400 Predcost: 1.316423
iter=14000 : Reward: 0.630600 Predcost: 1.336432
iter=14100 : Reward: 0.638200 Predcost: 1.328297
iter=14200 : Reward: 0.627500 Predcost: 1.351166
iter=14300 : Reward: 0.631700 Predcost: 1.351713
iter=14400 : Reward: 0.639600 Predcost: 1.312793
iter=14500 : Reward: 0.632200 Predcost: 1.341784
iter=14600 : Reward: 0.626500 Predcost: 1.359696
iter=14700 : Reward: 0.628000 Predcost: 1.357154
iter=14800 : Reward: 0.638700 Predcost: 1.308925
iter=14900 : Reward: 0.633900 Predcost: 1.352981
iter=15000 : Reward: 0.631000 Predcost: 1.346484
iter=15100 : Reward: 0.636500 Predcost: 1.334764
iter=15200 : Reward: 0.638200 Predcost: 1.329846
iter=15300 : Reward: 0.638400 Predcost: 1.326765
iter=15400 : Reward: 0.625300 Predcost: 1.350141
iter=15500 : Reward: 0.638900 Predcost: 1.333709
iter=15600 : Reward: 0.631400 Predcost: 1.356892
iter=15700 : Reward: 0.626800 Predcost: 1.356873
iter=15800 : Reward: 0.627700 Predcost: 1.353083
iter=15900 : Reward: 0.641600 Predcost: 1.314972
iter=16000 : Reward: 0.622400 Predcost: 1.371340
ACCURACY: 0.471199997067
Model saved in file: model_runs/BASIC_DRAM_run_2/classifymodel_16000.ckpt
--- 5524.796237 CPU seconds ---
iter=16100 : Reward: 0.643900 Predcost: 1.303408
iter=16200 : Reward: 0.629400 Predcost: 1.356822
iter=16300 : Reward: 0.637700 Predcost: 1.337305
iter=16400 : Reward: 0.634900 Predcost: 1.329035
iter=16500 : Reward: 0.639300 Predcost: 1.323991
iter=16600 : Reward: 0.644400 Predcost: 1.297285
iter=16700 : Reward: 0.628000 Predcost: 1.343587
iter=16800 : Reward: 0.640500 Predcost: 1.324100
iter=16900 : Reward: 0.636500 Predcost: 1.332781
iter=17000 : Reward: 0.637500 Predcost: 1.332987
iter=17100 : Reward: 0.640800 Predcost: 1.318108
iter=17200 : Reward: 0.628500 Predcost: 1.341111
iter=17300 : Reward: 0.644300 Predcost: 1.310458
iter=17400 : Reward: 0.635100 Predcost: 1.349789
iter=17500 : Reward: 0.634700 Predcost: 1.336904
iter=17600 : Reward: 0.634400 Predcost: 1.330672
iter=17700 : Reward: 0.638300 Predcost: 1.329548
iter=17800 : Reward: 0.647300 Predcost: 1.289543
iter=17900 : Reward: 0.632600 Predcost: 1.343968
iter=18000 : Reward: 0.624900 Predcost: 1.349919
iter=18100 : Reward: 0.619800 Predcost: 1.366756
iter=18200 : Reward: 0.639300 Predcost: 1.326474
iter=18300 : Reward: 0.639300 Predcost: 1.309698
iter=18400 : Reward: 0.634500 Predcost: 1.333070
iter=18500 : Reward: 0.636100 Predcost: 1.332983
iter=18600 : Reward: 0.631800 Predcost: 1.338309
iter=18700 : Reward: 0.631100 Predcost: 1.337556
iter=18800 : Reward: 0.641300 Predcost: 1.319185
iter=18900 : Reward: 0.630900 Predcost: 1.347463
iter=19000 : Reward: 0.628700 Predcost: 1.345274
iter=19100 : Reward: 0.627200 Predcost: 1.357040
iter=19200 : Reward: 0.625900 Predcost: 1.359051
iter=19300 : Reward: 0.638700 Predcost: 1.306406
iter=19400 : Reward: 0.636100 Predcost: 1.337261
iter=19500 : Reward: 0.637100 Predcost: 1.319769
iter=19600 : Reward: 0.635100 Predcost: 1.326834
iter=19700 : Reward: 0.634000 Predcost: 1.334333
iter=19800 : Reward: 0.618600 Predcost: 1.379642
iter=19900 : Reward: 0.636800 Predcost: 1.324046
iter=20000 : Reward: 0.628500 Predcost: 1.349672
iter=20100 : Reward: 0.630000 Predcost: 1.355362
iter=20200 : Reward: 0.625400 Predcost: 1.359055
iter=20300 : Reward: 0.633100 Predcost: 1.334193
iter=20400 : Reward: 0.629200 Predcost: 1.346332
iter=20500 : Reward: 0.632700 Predcost: 1.331963
iter=20600 : Reward: 0.637000 Predcost: 1.333441
iter=20700 : Reward: 0.634100 Predcost: 1.327487
iter=20800 : Reward: 0.626100 Predcost: 1.340299
iter=20900 : Reward: 0.623100 Predcost: 1.365296
iter=21000 : Reward: 0.630300 Predcost: 1.352260
iter=21100 : Reward: 0.631000 Predcost: 1.342294
iter=21200 : Reward: 0.624800 Predcost: 1.365327
iter=21300 : Reward: 0.627900 Predcost: 1.356301
iter=21400 : Reward: 0.628800 Predcost: 1.360169
iter=21500 : Reward: 0.627800 Predcost: 1.349843
iter=21600 : Reward: 0.626800 Predcost: 1.346636
iter=21700 : Reward: 0.630500 Predcost: 1.333543
iter=21800 : Reward: 0.645200 Predcost: 1.308489
iter=21900 : Reward: 0.631600 Predcost: 1.350799
iter=22000 : Reward: 0.639500 Predcost: 1.329082
iter=22100 : Reward: 0.629500 Predcost: 1.336545
iter=22200 : Reward: 0.630700 Predcost: 1.337816
iter=22300 : Reward: 0.634400 Predcost: 1.332555
iter=22400 : Reward: 0.630000 Predcost: 1.342284
iter=22500 : Reward: 0.640700 Predcost: 1.324983
iter=22600 : Reward: 0.631900 Predcost: 1.344384
iter=22700 : Reward: 0.636600 Predcost: 1.327260
iter=22800 : Reward: 0.635500 Predcost: 1.331482
iter=22900 : Reward: 0.626300 Predcost: 1.357285
iter=23000 : Reward: 0.633800 Predcost: 1.330670
iter=23100 : Reward: 0.639200 Predcost: 1.325236
iter=23200 : Reward: 0.635500 Predcost: 1.332440
iter=23300 : Reward: 0.642500 Predcost: 1.330622
iter=23400 : Reward: 0.627300 Predcost: 1.361463
iter=23500 : Reward: 0.633500 Predcost: 1.343756
iter=23600 : Reward: 0.633900 Predcost: 1.349394
iter=23700 : Reward: 0.634400 Predcost: 1.346760
iter=23800 : Reward: 0.630900 Predcost: 1.337698
iter=23900 : Reward: 0.631600 Predcost: 1.356037
iter=24000 : Reward: 0.628400 Predcost: 1.346070
iter=24100 : Reward: 0.627900 Predcost: 1.353810
iter=24200 : Reward: 0.625900 Predcost: 1.350953
iter=24300 : Reward: 0.631300 Predcost: 1.342051
iter=24400 : Reward: 0.643400 Predcost: 1.304226
iter=24500 : Reward: 0.634300 Predcost: 1.335521
iter=24600 : Reward: 0.632800 Predcost: 1.334390
iter=24700 : Reward: 0.630300 Predcost: 1.335224
iter=24800 : Reward: 0.626900 Predcost: 1.357819
iter=24900 : Reward: 0.638200 Predcost: 1.328360
iter=25000 : Reward: 0.631100 Predcost: 1.343073
iter=25100 : Reward: 0.636100 Predcost: 1.339963
iter=25200 : Reward: 0.635700 Predcost: 1.333379
iter=25300 : Reward: 0.631300 Predcost: 1.353747
iter=25400 : Reward: 0.632900 Predcost: 1.340703
iter=25500 : Reward: 0.633800 Predcost: 1.327596
iter=25600 : Reward: 0.628000 Predcost: 1.348217
iter=25700 : Reward: 0.633500 Predcost: 1.345867
iter=25800 : Reward: 0.634600 Predcost: 1.341450
iter=25900 : Reward: 0.630100 Predcost: 1.340011
iter=26000 : Reward: 0.626000 Predcost: 1.353566
iter=26100 : Reward: 0.630900 Predcost: 1.343063
iter=26200 : Reward: 0.633300 Predcost: 1.338040
iter=26300 : Reward: 0.627200 Predcost: 1.358425
iter=26400 : Reward: 0.638000 Predcost: 1.322404
iter=26500 : Reward: 0.637300 Predcost: 1.319525
iter=26600 : Reward: 0.637100 Predcost: 1.326587
iter=26700 : Reward: 0.640800 Predcost: 1.316494
iter=26800 : Reward: 0.621900 Predcost: 1.354494
iter=26900 : Reward: 0.631700 Predcost: 1.339319
iter=27000 : Reward: 0.633800 Predcost: 1.340031
iter=27100 : Reward: 0.627500 Predcost: 1.345401
iter=27200 : Reward: 0.627300 Predcost: 1.348163
iter=27300 : Reward: 0.629800 Predcost: 1.347005
iter=27400 : Reward: 0.627700 Predcost: 1.345445
iter=27500 : Reward: 0.630300 Predcost: 1.347134
iter=27600 : Reward: 0.625000 Predcost: 1.348181
iter=27700 : Reward: 0.636400 Predcost: 1.316482
iter=27800 : Reward: 0.635300 Predcost: 1.333659
iter=27900 : Reward: 0.637400 Predcost: 1.330406
iter=28000 : Reward: 0.631700 Predcost: 1.348631
iter=28100 : Reward: 0.630200 Predcost: 1.340487
iter=28200 : Reward: 0.630900 Predcost: 1.348838
iter=28300 : Reward: 0.635700 Predcost: 1.332963
iter=28400 : Reward: 0.634600 Predcost: 1.348341
iter=28500 : Reward: 0.632800 Predcost: 1.327160
iter=28600 : Reward: 0.629200 Predcost: 1.359795
iter=28700 : Reward: 0.635200 Predcost: 1.335818
iter=28800 : Reward: 0.629300 Predcost: 1.347302
iter=28900 : Reward: 0.629800 Predcost: 1.363338
iter=29000 : Reward: 0.629900 Predcost: 1.357829
iter=29100 : Reward: 0.638400 Predcost: 1.324893
iter=29200 : Reward: 0.631000 Predcost: 1.355233
iter=29300 : Reward: 0.629300 Predcost: 1.345590
iter=29400 : Reward: 0.636500 Predcost: 1.324229
iter=29500 : Reward: 0.631700 Predcost: 1.337801
iter=29600 : Reward: 0.622300 Predcost: 1.371775
iter=29700 : Reward: 0.625400 Predcost: 1.360582
iter=29800 : Reward: 0.636100 Predcost: 1.332859
iter=29900 : Reward: 0.637800 Predcost: 1.323610
iter=30000 : Reward: 0.637200 Predcost: 1.346978
iter=30100 : Reward: 0.635000 Predcost: 1.326494
iter=30200 : Reward: 0.632500 Predcost: 1.352531
iter=30300 : Reward: 0.633400 Predcost: 1.333240
iter=30400 : Reward: 0.636000 Predcost: 1.328136
iter=30500 : Reward: 0.625700 Predcost: 1.365099
iter=30600 : Reward: 0.624700 Predcost: 1.359430
iter=30700 : Reward: 0.632800 Predcost: 1.341966
iter=30800 : Reward: 0.632700 Predcost: 1.343457
iter=30900 : Reward: 0.633700 Predcost: 1.346325
iter=31000 : Reward: 0.631600 Predcost: 1.326218
iter=31100 : Reward: 0.630700 Predcost: 1.355034
iter=31200 : Reward: 0.641300 Predcost: 1.323975
iter=31300 : Reward: 0.633400 Predcost: 1.342832
iter=31400 : Reward: 0.631000 Predcost: 1.346394
iter=31500 : Reward: 0.629400 Predcost: 1.348875
iter=31600 : Reward: 0.626600 Predcost: 1.338877
iter=31700 : Reward: 0.634200 Predcost: 1.346210
iter=31800 : Reward: 0.633800 Predcost: 1.334080
iter=31900 : Reward: 0.634400 Predcost: 1.335980
iter=32000 : Reward: 0.645400 Predcost: 1.319746
ACCURACY: 0.468733331362
Model saved in file: model_runs/BASIC_DRAM_run_2/classifymodel_32000.ckpt
--- 11044.463571000002 CPU seconds ---
iter=32100 : Reward: 0.629300 Predcost: 1.343143
iter=32200 : Reward: 0.633900 Predcost: 1.340501
iter=32300 : Reward: 0.637100 Predcost: 1.332570
iter=32400 : Reward: 0.636400 Predcost: 1.335522
iter=32500 : Reward: 0.635800 Predcost: 1.326545
iter=32600 : Reward: 0.635200 Predcost: 1.324683
iter=32700 : Reward: 0.632700 Predcost: 1.328019
iter=32800 : Reward: 0.626900 Predcost: 1.356871
iter=32900 : Reward: 0.636200 Predcost: 1.329868
iter=33000 : Reward: 0.625000 Predcost: 1.369614
iter=33100 : Reward: 0.636000 Predcost: 1.327237
iter=33200 : Reward: 0.639100 Predcost: 1.330702
iter=33300 : Reward: 0.630300 Predcost: 1.353316
iter=33400 : Reward: 0.631500 Predcost: 1.348691
iter=33500 : Reward: 0.636600 Predcost: 1.332106
iter=33600 : Reward: 0.633500 Predcost: 1.346655
iter=33700 : Reward: 0.627400 Predcost: 1.346050
iter=33800 : Reward: 0.632100 Predcost: 1.337058
iter=33900 : Reward: 0.639000 Predcost: 1.324869
iter=34000 : Reward: 0.632800 Predcost: 1.334229
iter=34100 : Reward: 0.636900 Predcost: 1.313115
iter=34200 : Reward: 0.630800 Predcost: 1.350036
iter=34300 : Reward: 0.634700 Predcost: 1.330752
iter=34400 : Reward: 0.629400 Predcost: 1.342491
iter=34500 : Reward: 0.630500 Predcost: 1.339543
iter=34600 : Reward: 0.642100 Predcost: 1.327728
iter=34700 : Reward: 0.627100 Predcost: 1.350359
iter=34800 : Reward: 0.628900 Predcost: 1.350436
iter=34900 : Reward: 0.629800 Predcost: 1.348910
iter=35000 : Reward: 0.627900 Predcost: 1.348715
iter=35100 : Reward: 0.624000 Predcost: 1.361908
iter=35200 : Reward: 0.631600 Predcost: 1.327806
iter=35300 : Reward: 0.631500 Predcost: 1.335844
iter=35400 : Reward: 0.632100 Predcost: 1.346921
iter=35500 : Reward: 0.631700 Predcost: 1.344842
iter=35600 : Reward: 0.629000 Predcost: 1.342517
iter=35700 : Reward: 0.637400 Predcost: 1.320642
iter=35800 : Reward: 0.631600 Predcost: 1.334849
iter=35900 : Reward: 0.644700 Predcost: 1.315823
