['DRAM_classify_blobs.py', 'DRAM_classify_blobs_4_run_5', 'true', 'true', 'true', 'true', 'true', 'model_runs/DRAM_classify_blobs_4_run_5/classify_log.csv', 'model_runs/DRAM_classify_blobs_4_run_5/classifymodel_0.ckpt', 'model_runs/DRAM_classify_blobs_4_run_5/classifymodel_', 'model_runs/DRAM_classify_blobs_4_run_5/zzzdraw_data_5000.npy', 'false', 'true', 'false', 'false', 'true']
2017-12-30 23:25:24.745810: W tensorflow/core/platform/cpu_feature_guard.cc:45] The TensorFlow library wasn't compiled to use SSE4.1 instructions, but these are available on your machine and could speed up CPU computations.
2017-12-30 23:25:24.745854: W tensorflow/core/platform/cpu_feature_guard.cc:45] The TensorFlow library wasn't compiled to use SSE4.2 instructions, but these are available on your machine and could speed up CPU computations.
2017-12-30 23:25:24.745862: W tensorflow/core/platform/cpu_feature_guard.cc:45] The TensorFlow library wasn't compiled to use AVX instructions, but these are available on your machine and could speed up CPU computations.
2017-12-30 23:25:24.745867: W tensorflow/core/platform/cpu_feature_guard.cc:45] The TensorFlow library wasn't compiled to use AVX2 instructions, but these are available on your machine and could speed up CPU computations.
2017-12-30 23:25:24.745872: W tensorflow/core/platform/cpu_feature_guard.cc:45] The TensorFlow library wasn't compiled to use FMA instructions, but these are available on your machine and could speed up CPU computations.
iter=0 : Reward: 0.030000
ACCURACY: 0.0354666661968
Model saved in file: model_runs/DRAM_classify_blobs_4_run_5/classifymodel_0.ckpt
--- 9.473203000000012 CPU seconds ---
iter=100 : Reward: 0.180000
iter=200 : Reward: 0.280000
ACCURACY: 0.466999996901
Model saved in file: model_runs/DRAM_classify_blobs_4_run_5/classifymodel_250.ckpt
--- 1317.210021 CPU seconds ---
iter=300 : Reward: 0.380000
iter=400 : Reward: 0.460000
iter=500 : Reward: 0.550000
ACCURACY: 0.476866664489
Model saved in file: model_runs/DRAM_classify_blobs_4_run_5/classifymodel_500.ckpt
--- 2606.066336 CPU seconds ---
iter=600 : Reward: 0.590000
iter=700 : Reward: 0.660000
iter=800 : Reward: 0.650000
