['BASIC_classify_blobs.py', 'BASIC_DRAM_run_3', 'true', 'true', 'true', 'true', 'true', 'model_runs/BASIC_DRAM_run_3/classify_log.csv', 'model_runs/BASIC_DRAM_run_3/classifymodel_0.ckpt', 'model_runs/BASIC_DRAM_run_3/classifymodel_', 'model_runs/BASIC_DRAM_run_3/zzzdraw_data_5000.npy', 'false', 'true', 'false', 'false', 'true']
2017-10-14 20:29:47.178888: W tensorflow/core/platform/cpu_feature_guard.cc:45] The TensorFlow library wasn't compiled to use SSE4.1 instructions, but these are available on your machine and could speed up CPU computations.
2017-10-14 20:29:47.178941: W tensorflow/core/platform/cpu_feature_guard.cc:45] The TensorFlow library wasn't compiled to use SSE4.2 instructions, but these are available on your machine and could speed up CPU computations.
2017-10-14 20:29:47.178952: W tensorflow/core/platform/cpu_feature_guard.cc:45] The TensorFlow library wasn't compiled to use AVX instructions, but these are available on your machine and could speed up CPU computations.
2017-10-14 20:29:47.178961: W tensorflow/core/platform/cpu_feature_guard.cc:45] The TensorFlow library wasn't compiled to use AVX2 instructions, but these are available on your machine and could speed up CPU computations.
2017-10-14 20:29:47.178969: W tensorflow/core/platform/cpu_feature_guard.cc:45] The TensorFlow library wasn't compiled to use FMA instructions, but these are available on your machine and could speed up CPU computations.
iter=0 : Reward: 0.000400 Predcost: 0.110525
ACCURACY: 0.0164666663234
Model saved in file: model_runs/BASIC_DRAM_run_3/classifymodel_0.ckpt
--- 4.955215000000003 CPU seconds ---
iter=100 : Reward: 0.012400 Predcost: 11.355893
iter=200 : Reward: 0.019500 Predcost: 11.270434
ACCURACY: 0.02699999962
Model saved in file: model_runs/BASIC_DRAM_run_3/classifymodel_250.ckpt
--- 94.96258000000002 CPU seconds ---
iter=300 : Reward: 0.031800 Predcost: 11.128960
iter=400 : Reward: 0.040100 Predcost: 11.038359
iter=500 : Reward: 0.047200 Predcost: 10.951984
ACCURACY: 0.0630666665236
Model saved in file: model_runs/BASIC_DRAM_run_3/classifymodel_500.ckpt
--- 181.87537200000003 CPU seconds ---
iter=600 : Reward: 0.071900 Predcost: 10.680710
iter=700 : Reward: 0.073100 Predcost: 10.671339
iter=800 : Reward: 0.069300 Predcost: 10.715088
iter=900 : Reward: 0.074800 Predcost: 10.651767
iter=1000 : Reward: 0.067600 Predcost: 10.734660
ACCURACY: 0.0654666669667
Model saved in file: model_runs/BASIC_DRAM_run_3/classifymodel_1000.ckpt
--- 359.5890750000001 CPU seconds ---
iter=1100 : Reward: 0.075800 Predcost: 10.640254
iter=1200 : Reward: 0.070500 Predcost: 10.701272
iter=1300 : Reward: 0.069000 Predcost: 10.718542
iter=1400 : Reward: 0.070100 Predcost: 10.705877
iter=1500 : Reward: 0.071000 Predcost: 10.695516
iter=1600 : Reward: 0.064900 Predcost: 10.765745
iter=1700 : Reward: 0.073500 Predcost: 10.666733
iter=1800 : Reward: 0.070700 Predcost: 10.698970
iter=1900 : Reward: 0.067800 Predcost: 10.732357
iter=2000 : Reward: 0.066900 Predcost: 10.742719
ACCURACY: 0.0620666662355
Model saved in file: model_runs/BASIC_DRAM_run_3/classifymodel_2000.ckpt
--- 708.848547 CPU seconds ---
iter=2100 : Reward: 0.073000 Predcost: 10.672490
iter=2200 : Reward: 0.070100 Predcost: 10.705878
iter=2300 : Reward: 0.071500 Predcost: 10.689759
iter=2400 : Reward: 0.068600 Predcost: 10.723147
iter=2500 : Reward: 0.074100 Predcost: 10.659826
iter=2600 : Reward: 0.066700 Predcost: 10.745021
iter=2700 : Reward: 0.074500 Predcost: 10.655221
iter=2800 : Reward: 0.070500 Predcost: 10.701272
iter=2900 : Reward: 0.072700 Predcost: 10.675944
iter=3000 : Reward: 0.073500 Predcost: 10.666734
iter=3100 : Reward: 0.070800 Predcost: 10.697818
iter=3200 : Reward: 0.072900 Predcost: 10.673641
iter=3300 : Reward: 0.067200 Predcost: 10.739265
iter=3400 : Reward: 0.069200 Predcost: 10.716239
iter=3500 : Reward: 0.072600 Predcost: 10.677095
iter=3600 : Reward: 0.064400 Predcost: 10.771501
iter=3700 : Reward: 0.064600 Predcost: 10.769199
iter=3800 : Reward: 0.072600 Predcost: 10.677095
iter=3900 : Reward: 0.069100 Predcost: 10.717390
iter=4000 : Reward: 0.073100 Predcost: 10.671339
ACCURACY: 0.0702666668097
Model saved in file: model_runs/BASIC_DRAM_run_3/classifymodel_4000.ckpt
--- 1407.991906 CPU seconds ---
iter=4100 : Reward: 0.072600 Predcost: 10.677095
iter=4200 : Reward: 0.071700 Predcost: 10.687457
iter=4300 : Reward: 0.066800 Predcost: 10.743870
iter=4400 : Reward: 0.069800 Predcost: 10.709331
iter=4500 : Reward: 0.071300 Predcost: 10.692062
iter=4600 : Reward: 0.067700 Predcost: 10.733509
iter=4700 : Reward: 0.066000 Predcost: 10.753081
iter=4800 : Reward: 0.067600 Predcost: 10.734660
iter=4900 : Reward: 0.071200 Predcost: 10.693213
iter=5000 : Reward: 0.068900 Predcost: 10.719693
iter=5100 : Reward: 0.074400 Predcost: 10.656372
iter=5200 : Reward: 0.071600 Predcost: 10.688608
iter=5300 : Reward: 0.070300 Predcost: 10.703575
iter=5400 : Reward: 0.066700 Predcost: 10.745021
iter=5500 : Reward: 0.072500 Predcost: 10.678246
iter=5600 : Reward: 0.067700 Predcost: 10.733509
iter=5700 : Reward: 0.074500 Predcost: 10.655221
iter=5800 : Reward: 0.067300 Predcost: 10.738114
iter=5900 : Reward: 0.074200 Predcost: 10.658674
iter=6000 : Reward: 0.069200 Predcost: 10.716239
iter=6100 : Reward: 0.069500 Predcost: 10.712785
iter=6200 : Reward: 0.072200 Predcost: 10.681700
iter=6300 : Reward: 0.067900 Predcost: 10.731206
iter=6400 : Reward: 0.073500 Predcost: 10.666734
iter=6500 : Reward: 0.069600 Predcost: 10.711634
iter=6600 : Reward: 0.068600 Predcost: 10.723147
iter=6700 : Reward: 0.068200 Predcost: 10.727752
iter=6800 : Reward: 0.069500 Predcost: 10.712785
iter=6900 : Reward: 0.072200 Predcost: 10.681700
iter=7000 : Reward: 0.075200 Predcost: 10.647162
iter=7100 : Reward: 0.070700 Predcost: 10.698970
iter=7200 : Reward: 0.071400 Predcost: 10.690911
iter=7300 : Reward: 0.070600 Predcost: 10.700121
iter=7400 : Reward: 0.062700 Predcost: 10.791073
iter=7500 : Reward: 0.073100 Predcost: 10.671339
iter=7600 : Reward: 0.067000 Predcost: 10.741568
iter=7700 : Reward: 0.066100 Predcost: 10.751929
iter=7800 : Reward: 0.069000 Predcost: 10.718542
iter=7900 : Reward: 0.068100 Predcost: 10.728903
iter=8000 : Reward: 0.069700 Predcost: 10.710483
ACCURACY: 0.0629333332678
Model saved in file: model_runs/BASIC_DRAM_run_3/classifymodel_8000.ckpt
--- 2792.548433 CPU seconds ---
iter=8100 : Reward: 0.066500 Predcost: 10.747324
iter=8200 : Reward: 0.070300 Predcost: 10.703575
iter=8300 : Reward: 0.069100 Predcost: 10.717390
iter=8400 : Reward: 0.067700 Predcost: 10.733509
iter=8500 : Reward: 0.069800 Predcost: 10.709331
iter=8600 : Reward: 0.073400 Predcost: 10.667885
iter=8700 : Reward: 0.070100 Predcost: 10.705877
iter=8800 : Reward: 0.068800 Predcost: 10.720844
iter=8900 : Reward: 0.072400 Predcost: 10.679398
iter=9000 : Reward: 0.070200 Predcost: 10.704726
iter=9100 : Reward: 0.071900 Predcost: 10.685154
iter=9200 : Reward: 0.069300 Predcost: 10.715088
iter=9300 : Reward: 0.074100 Predcost: 10.659826
iter=9400 : Reward: 0.073200 Predcost: 10.670187
iter=9500 : Reward: 0.066700 Predcost: 10.745021
iter=9600 : Reward: 0.072200 Predcost: 10.681700
iter=9700 : Reward: 0.070600 Predcost: 10.700121
iter=9800 : Reward: 0.068200 Predcost: 10.727752
iter=9900 : Reward: 0.067100 Predcost: 10.740416
iter=10000 : Reward: 0.069400 Predcost: 10.713937
iter=10100 : Reward: 0.070400 Predcost: 10.702424
iter=10200 : Reward: 0.063100 Predcost: 10.786468
iter=10300 : Reward: 0.067700 Predcost: 10.733509
iter=10400 : Reward: 0.070900 Predcost: 10.696667
iter=10500 : Reward: 0.069400 Predcost: 10.713937
iter=10600 : Reward: 0.073300 Predcost: 10.669036
iter=10700 : Reward: 0.069500 Predcost: 10.712785
iter=10800 : Reward: 0.069600 Predcost: 10.711634
iter=10900 : Reward: 0.066400 Predcost: 10.748475
iter=11000 : Reward: 0.072100 Predcost: 10.682852
iter=11100 : Reward: 0.068900 Predcost: 10.719693
iter=11200 : Reward: 0.066400 Predcost: 10.748475
iter=11300 : Reward: 0.071600 Predcost: 10.688608
iter=11400 : Reward: 0.070600 Predcost: 10.700121
iter=11500 : Reward: 0.074000 Predcost: 10.660977
iter=11600 : Reward: 0.070400 Predcost: 10.702424
iter=11700 : Reward: 0.069600 Predcost: 10.711634
iter=11800 : Reward: 0.075600 Predcost: 10.642556
iter=11900 : Reward: 0.068200 Predcost: 10.727752
iter=12000 : Reward: 0.072300 Predcost: 10.680549
iter=12100 : Reward: 0.072800 Predcost: 10.674793
iter=12200 : Reward: 0.070200 Predcost: 10.704726
iter=12300 : Reward: 0.065500 Predcost: 10.758837
iter=12400 : Reward: 0.068800 Predcost: 10.720844
iter=12500 : Reward: 0.069400 Predcost: 10.713937
iter=12600 : Reward: 0.070500 Predcost: 10.701272
iter=12700 : Reward: 0.072300 Predcost: 10.680549
iter=12800 : Reward: 0.069600 Predcost: 10.711634
iter=12900 : Reward: 0.065500 Predcost: 10.758837
iter=13000 : Reward: 0.070300 Predcost: 10.703575
iter=13100 : Reward: 0.068000 Predcost: 10.730055
iter=13200 : Reward: 0.070100 Predcost: 10.705877
iter=13300 : Reward: 0.065800 Predcost: 10.755383
iter=13400 : Reward: 0.067100 Predcost: 10.740416
iter=13500 : Reward: 0.073000 Predcost: 10.672490
iter=13600 : Reward: 0.068600 Predcost: 10.723147
iter=13700 : Reward: 0.073200 Predcost: 10.670187
iter=13800 : Reward: 0.069800 Predcost: 10.709331
iter=13900 : Reward: 0.068900 Predcost: 10.719693
iter=14000 : Reward: 0.068000 Predcost: 10.730055
iter=14100 : Reward: 0.070400 Predcost: 10.702424
iter=14200 : Reward: 0.066600 Predcost: 10.746173
iter=14300 : Reward: 0.071700 Predcost: 10.687457
iter=14400 : Reward: 0.071200 Predcost: 10.693213
iter=14500 : Reward: 0.074300 Predcost: 10.657523
iter=14600 : Reward: 0.067300 Predcost: 10.738114
iter=14700 : Reward: 0.075000 Predcost: 10.649464
iter=14800 : Reward: 0.065600 Predcost: 10.757686
iter=14900 : Reward: 0.071700 Predcost: 10.687457
iter=15000 : Reward: 0.069900 Predcost: 10.708180
iter=15100 : Reward: 0.065600 Predcost: 10.757686
iter=15200 : Reward: 0.073000 Predcost: 10.672490
iter=15300 : Reward: 0.070300 Predcost: 10.703575
iter=15400 : Reward: 0.068100 Predcost: 10.728903
iter=15500 : Reward: 0.071900 Predcost: 10.685154
iter=15600 : Reward: 0.068600 Predcost: 10.723147
iter=15700 : Reward: 0.070700 Predcost: 10.698970
iter=15800 : Reward: 0.070400 Predcost: 10.702424
iter=15900 : Reward: 0.071000 Predcost: 10.695516
iter=16000 : Reward: 0.069700 Predcost: 10.710483
ACCURACY: 0.0710666665062
Model saved in file: model_runs/BASIC_DRAM_run_3/classifymodel_16000.ckpt
--- 5552.636683999999 CPU seconds ---
iter=16100 : Reward: 0.070100 Predcost: 10.705877
iter=16200 : Reward: 0.073400 Predcost: 10.667885
iter=16300 : Reward: 0.071500 Predcost: 10.689759
iter=16400 : Reward: 0.072700 Predcost: 10.675944
iter=16500 : Reward: 0.069800 Predcost: 10.709331
iter=16600 : Reward: 0.071700 Predcost: 10.687457
iter=16700 : Reward: 0.071000 Predcost: 10.695516
iter=16800 : Reward: 0.070400 Predcost: 10.702424
iter=16900 : Reward: 0.071600 Predcost: 10.688608
iter=17000 : Reward: 0.069000 Predcost: 10.718542
iter=17100 : Reward: 0.076300 Predcost: 10.634497
iter=17200 : Reward: 0.069500 Predcost: 10.712785
iter=17300 : Reward: 0.068700 Predcost: 10.721996
iter=17400 : Reward: 0.069900 Predcost: 10.708180
iter=17500 : Reward: 0.065700 Predcost: 10.756534
iter=17600 : Reward: 0.069100 Predcost: 10.717390
iter=17700 : Reward: 0.074300 Predcost: 10.657523
iter=17800 : Reward: 0.072200 Predcost: 10.681700
iter=17900 : Reward: 0.070100 Predcost: 10.705877
iter=18000 : Reward: 0.074200 Predcost: 10.658674
iter=18100 : Reward: 0.069800 Predcost: 10.709331
iter=18200 : Reward: 0.069400 Predcost: 10.713937
iter=18300 : Reward: 0.066100 Predcost: 10.751929
iter=18400 : Reward: 0.072200 Predcost: 10.681700
iter=18500 : Reward: 0.071100 Predcost: 10.694365
iter=18600 : Reward: 0.069500 Predcost: 10.712785
iter=18700 : Reward: 0.071900 Predcost: 10.685154
iter=18800 : Reward: 0.073600 Predcost: 10.665582
iter=18900 : Reward: 0.067300 Predcost: 10.738114
iter=19000 : Reward: 0.068300 Predcost: 10.726601
iter=19100 : Reward: 0.072800 Predcost: 10.674792
iter=19200 : Reward: 0.071800 Predcost: 10.686306
iter=19300 : Reward: 0.068100 Predcost: 10.728903
iter=19400 : Reward: 0.071200 Predcost: 10.693214
iter=19500 : Reward: 0.067900 Predcost: 10.731207
iter=19600 : Reward: 0.071900 Predcost: 10.685154
iter=19700 : Reward: 0.069400 Predcost: 10.713937
iter=19800 : Reward: 0.068100 Predcost: 10.728904
iter=19900 : Reward: 0.070600 Predcost: 10.700121
iter=20000 : Reward: 0.068800 Predcost: 10.720844
iter=20100 : Reward: 0.070500 Predcost: 10.701272
iter=20200 : Reward: 0.069900 Predcost: 10.708180
iter=20300 : Reward: 0.065100 Predcost: 10.763442
iter=20400 : Reward: 0.074600 Predcost: 10.654069
iter=20500 : Reward: 0.064200 Predcost: 10.773804
iter=20600 : Reward: 0.069800 Predcost: 10.709331
iter=20700 : Reward: 0.072700 Predcost: 10.675944
iter=20800 : Reward: 0.071600 Predcost: 10.688608
iter=20900 : Reward: 0.067900 Predcost: 10.731206
iter=21000 : Reward: 0.071600 Predcost: 10.688608
iter=21100 : Reward: 0.069900 Predcost: 10.708180
iter=21200 : Reward: 0.074300 Predcost: 10.657523
iter=21300 : Reward: 0.070200 Predcost: 10.704726
iter=21400 : Reward: 0.069000 Predcost: 10.718542
iter=21500 : Reward: 0.072100 Predcost: 10.682852
iter=21600 : Reward: 0.070300 Predcost: 10.703575
iter=21700 : Reward: 0.067500 Predcost: 10.735811
iter=21800 : Reward: 0.070100 Predcost: 10.705878
iter=21900 : Reward: 0.074700 Predcost: 10.652918
iter=22000 : Reward: 0.074500 Predcost: 10.655221
iter=22100 : Reward: 0.067900 Predcost: 10.731206
iter=22200 : Reward: 0.072700 Predcost: 10.675944
iter=22300 : Reward: 0.074600 Predcost: 10.654069
iter=22400 : Reward: 0.071500 Predcost: 10.689759
iter=22500 : Reward: 0.072500 Predcost: 10.678246
iter=22600 : Reward: 0.070400 Predcost: 10.702424
iter=22700 : Reward: 0.067400 Predcost: 10.736962
iter=22800 : Reward: 0.070500 Predcost: 10.701272
iter=22900 : Reward: 0.069800 Predcost: 10.709331
iter=23000 : Reward: 0.065600 Predcost: 10.757686
iter=23100 : Reward: 0.069700 Predcost: 10.710483
iter=23200 : Reward: 0.071200 Predcost: 10.693213
iter=23300 : Reward: 0.072800 Predcost: 10.674793
iter=23400 : Reward: 0.073400 Predcost: 10.667885
iter=23500 : Reward: 0.068500 Predcost: 10.724298
iter=23600 : Reward: 0.072000 Predcost: 10.684003
iter=23700 : Reward: 0.067600 Predcost: 10.734660
iter=23800 : Reward: 0.074400 Predcost: 10.656372
iter=23900 : Reward: 0.072900 Predcost: 10.673641
iter=24000 : Reward: 0.071200 Predcost: 10.693213
iter=24100 : Reward: 0.067700 Predcost: 10.733509
iter=24200 : Reward: 0.071700 Predcost: 10.687457
iter=24300 : Reward: 0.070500 Predcost: 10.701272
iter=24400 : Reward: 0.067000 Predcost: 10.741568
iter=24500 : Reward: 0.066100 Predcost: 10.751929
iter=24600 : Reward: 0.076100 Predcost: 10.636800
iter=24700 : Reward: 0.068600 Predcost: 10.723147
iter=24800 : Reward: 0.070700 Predcost: 10.698970
iter=24900 : Reward: 0.072800 Predcost: 10.674793
iter=25000 : Reward: 0.073600 Predcost: 10.665582
iter=25100 : Reward: 0.072900 Predcost: 10.673641
iter=25200 : Reward: 0.066300 Predcost: 10.749627
iter=25300 : Reward: 0.075700 Predcost: 10.641405
iter=25400 : Reward: 0.069600 Predcost: 10.711634
iter=25500 : Reward: 0.063800 Predcost: 10.778409
iter=25600 : Reward: 0.068900 Predcost: 10.719693
iter=25700 : Reward: 0.070200 Predcost: 10.704726
iter=25800 : Reward: 0.074300 Predcost: 10.657523
iter=25900 : Reward: 0.073200 Predcost: 10.670187
iter=26000 : Reward: 0.066900 Predcost: 10.742719
iter=26100 : Reward: 0.069600 Predcost: 10.711634
iter=26200 : Reward: 0.073100 Predcost: 10.671339
iter=26300 : Reward: 0.071100 Predcost: 10.694365
iter=26400 : Reward: 0.069700 Predcost: 10.710483
iter=26500 : Reward: 0.071600 Predcost: 10.688608
iter=26600 : Reward: 0.071600 Predcost: 10.688608
iter=26700 : Reward: 0.067900 Predcost: 10.731206
iter=26800 : Reward: 0.070600 Predcost: 10.700121
iter=26900 : Reward: 0.067200 Predcost: 10.739265
iter=27000 : Reward: 0.068300 Predcost: 10.726601
iter=27100 : Reward: 0.070700 Predcost: 10.698970
iter=27200 : Reward: 0.072600 Predcost: 10.677095
iter=27300 : Reward: 0.072600 Predcost: 10.677095
iter=27400 : Reward: 0.070000 Predcost: 10.707029
iter=27500 : Reward: 0.069900 Predcost: 10.708180
iter=27600 : Reward: 0.066600 Predcost: 10.746173
iter=27700 : Reward: 0.074500 Predcost: 10.655221
iter=27800 : Reward: 0.068400 Predcost: 10.725449
iter=27900 : Reward: 0.071900 Predcost: 10.685154
iter=28000 : Reward: 0.073000 Predcost: 10.672490
iter=28100 : Reward: 0.069000 Predcost: 10.718542
iter=28200 : Reward: 0.072600 Predcost: 10.677095
iter=28300 : Reward: 0.069200 Predcost: 10.716239
iter=28400 : Reward: 0.071900 Predcost: 10.685154
iter=28500 : Reward: 0.069500 Predcost: 10.712785
iter=28600 : Reward: 0.070000 Predcost: 10.707029
iter=28700 : Reward: 0.070800 Predcost: 10.697818
iter=28800 : Reward: 0.071900 Predcost: 10.685154
iter=28900 : Reward: 0.063600 Predcost: 10.780712
iter=29000 : Reward: 0.071400 Predcost: 10.690911
iter=29100 : Reward: 0.069800 Predcost: 10.709331
iter=29200 : Reward: 0.077200 Predcost: 10.624136
iter=29300 : Reward: 0.066800 Predcost: 10.743870
iter=29400 : Reward: 0.073300 Predcost: 10.669036
iter=29500 : Reward: 0.068900 Predcost: 10.719693
iter=29600 : Reward: 0.067100 Predcost: 10.740416
iter=29700 : Reward: 0.069900 Predcost: 10.708180
iter=29800 : Reward: 0.071500 Predcost: 10.689759
iter=29900 : Reward: 0.068400 Predcost: 10.725450
iter=30000 : Reward: 0.071800 Predcost: 10.686306
iter=30100 : Reward: 0.074700 Predcost: 10.652918
iter=30200 : Reward: 0.067900 Predcost: 10.731206
iter=30300 : Reward: 0.068100 Predcost: 10.728904
iter=30400 : Reward: 0.072600 Predcost: 10.677096
iter=30500 : Reward: 0.071600 Predcost: 10.688608
iter=30600 : Reward: 0.072000 Predcost: 10.684003
iter=30700 : Reward: 0.068400 Predcost: 10.725450
iter=30800 : Reward: 0.066100 Predcost: 10.751930
iter=30900 : Reward: 0.073200 Predcost: 10.670188
iter=31000 : Reward: 0.063400 Predcost: 10.783016
iter=31100 : Reward: 0.071000 Predcost: 10.695516
iter=31200 : Reward: 0.069100 Predcost: 10.717390
iter=31300 : Reward: 0.068200 Predcost: 10.727752
iter=31400 : Reward: 0.068600 Predcost: 10.723147
iter=31500 : Reward: 0.069800 Predcost: 10.709331
iter=31600 : Reward: 0.071400 Predcost: 10.690911
iter=31700 : Reward: 0.067500 Predcost: 10.735811
iter=31800 : Reward: 0.070600 Predcost: 10.700121
iter=31900 : Reward: 0.072100 Predcost: 10.682852
iter=32000 : Reward: 0.068500 Predcost: 10.724298
ACCURACY: 0.0656666665028
Model saved in file: model_runs/BASIC_DRAM_run_3/classifymodel_32000.ckpt
--- 11091.095921 CPU seconds ---
iter=32100 : Reward: 0.070400 Predcost: 10.702424
iter=32200 : Reward: 0.073400 Predcost: 10.667885
iter=32300 : Reward: 0.067400 Predcost: 10.736962
iter=32400 : Reward: 0.071600 Predcost: 10.688608
iter=32500 : Reward: 0.073200 Predcost: 10.670187
iter=32600 : Reward: 0.075100 Predcost: 10.648313
iter=32700 : Reward: 0.070700 Predcost: 10.698970
iter=32800 : Reward: 0.071000 Predcost: 10.695516
iter=32900 : Reward: 0.068800 Predcost: 10.720844
iter=33000 : Reward: 0.070800 Predcost: 10.697818
iter=33100 : Reward: 0.066800 Predcost: 10.743870
iter=33200 : Reward: 0.069300 Predcost: 10.715088
