['DRAMcopy15.py', 'true', 'true', 'true', 'true', 'true', 'true', 'model_runs/move_attn2/classify_log.csv', 'model_runs/move_attn2/classifymodel_0.ckpt', 'model_runs/move_attn2/classifymodel_', 'model_runs/move_attn2/zzzdraw_data_5000.npy', 'false', 'true', 'false', 'false', 'true']
2017-08-03 17:07:02.021463: W tensorflow/core/platform/cpu_feature_guard.cc:45] The TensorFlow library wasn't compiled to use SSE4.1 instructions, but these are available on your machine and could speed up CPU computations.
2017-08-03 17:07:02.021490: W tensorflow/core/platform/cpu_feature_guard.cc:45] The TensorFlow library wasn't compiled to use SSE4.2 instructions, but these are available on your machine and could speed up CPU computations.
2017-08-03 17:07:02.021494: W tensorflow/core/platform/cpu_feature_guard.cc:45] The TensorFlow library wasn't compiled to use AVX instructions, but these are available on your machine and could speed up CPU computations.
2017-08-03 17:07:02.021499: W tensorflow/core/platform/cpu_feature_guard.cc:45] The TensorFlow library wasn't compiled to use AVX2 instructions, but these are available on your machine and could speed up CPU computations.
2017-08-03 17:07:02.021503: W tensorflow/core/platform/cpu_feature_guard.cc:45] The TensorFlow library wasn't compiled to use FMA instructions, but these are available on your machine and could speed up CPU computations.
2017-08-03 17:07:02.144484: I tensorflow/stream_executor/cuda/cuda_gpu_executor.cc:901] successful NUMA node read from SysFS had negative value (-1), but there must be at least one NUMA node, so returning NUMA node zero
2017-08-03 17:07:02.144847: I tensorflow/core/common_runtime/gpu/gpu_device.cc:887] Found device 0 with properties: 
name: GeForce GTX 1080
major: 6 minor: 1 memoryClockRate (GHz) 1.898
pciBusID 0000:01:00.0
Total memory: 7.92GiB
Free memory: 5.97GiB
2017-08-03 17:07:02.144897: W tensorflow/stream_executor/cuda/cuda_driver.cc:485] creating context when one is currently active; existing: 0x157565d0
2017-08-03 17:07:02.249675: I tensorflow/stream_executor/cuda/cuda_gpu_executor.cc:901] successful NUMA node read from SysFS had negative value (-1), but there must be at least one NUMA node, so returning NUMA node zero
2017-08-03 17:07:02.250030: I tensorflow/core/common_runtime/gpu/gpu_device.cc:887] Found device 1 with properties: 
name: GeForce GTX 1080
major: 6 minor: 1 memoryClockRate (GHz) 1.898
pciBusID 0000:02:00.0
Total memory: 7.92GiB
Free memory: 7.37GiB
2017-08-03 17:07:02.250456: I tensorflow/core/common_runtime/gpu/gpu_device.cc:908] DMA: 0 1 
2017-08-03 17:07:02.250466: I tensorflow/core/common_runtime/gpu/gpu_device.cc:918] 0:   Y Y 
2017-08-03 17:07:02.250470: I tensorflow/core/common_runtime/gpu/gpu_device.cc:918] 1:   Y Y 
2017-08-03 17:07:02.250477: I tensorflow/core/common_runtime/gpu/gpu_device.cc:977] Creating TensorFlow device (/gpu:0) -> (device: 0, name: GeForce GTX 1080, pci bus id: 0000:01:00.0)
2017-08-03 17:07:02.250482: I tensorflow/core/common_runtime/gpu/gpu_device.cc:977] Creating TensorFlow device (/gpu:1) -> (device: 1, name: GeForce GTX 1080, pci bus id: 0000:02:00.0)
iter=0 : Reward: -390.284271
Predict x average: 22.358135
Target x average: 34.250000
ACCURACY: -414.96930106
Model saved in file: model_runs/move_attn2/classifymodel_0.ckpt
--- 44.46166500000004 CPU seconds ---
iter=100 : Reward: -403.713531
Predict x average: -83.006973
Target x average: 92.562500
iter=200 : Reward: -385.772003
Predict x average: 157.775116
Target x average: 131.687500
iter=300 : Reward: -389.112091
Predict x average: -548.562134
Target x average: 65.562500
iter=400 : Reward: -368.892639
Predict x average: -339.496704
Target x average: 88.000000
iter=500 : Reward: -383.666107
Predict x average: -41.552631
Target x average: 119.250000
iter=600 : Reward: -261.099640
Predict x average: 458.929840
Target x average: 86.437500
iter=700 : Reward: -318.021271
Predict x average: 289.066071
Target x average: 21.937500
iter=800 : Reward: -266.621307
Predict x average: 128.032120
Target x average: 93.875000
iter=900 : Reward: -337.513947
Predict x average: 97.277031
Target x average: 80.937500
iter=1000 : Reward: -283.850311
Predict x average: 307.610504
Target x average: 107.562500
ACCURACY: -302.300817105
Model saved in file: model_runs/move_attn2/classifymodel_1000.ckpt
--- 1143.5433249999999 CPU seconds ---
iter=1100 : Reward: -266.691711
Predict x average: 185.245392
Target x average: 153.937500
iter=1200 : Reward: -262.049316
Predict x average: -73.367088
Target x average: 172.250000
iter=1300 : Reward: -219.145233
Predict x average: 446.472900
Target x average: 133.562500
iter=1400 : Reward: -234.061905
Predict x average: 343.244873
Target x average: 48.687500
iter=1500 : Reward: -236.673965
Predict x average: 331.514343
Target x average: 108.750000
iter=1600 : Reward: -247.147400
Predict x average: 553.568542
Target x average: 103.187500
iter=1700 : Reward: -260.138580
Predict x average: -222.029572
Target x average: 42.875000
iter=1800 : Reward: -274.789825
Predict x average: 176.195282
Target x average: 74.187500
iter=1900 : Reward: -203.911743
Predict x average: -74.675713
Target x average: 66.125000
iter=2000 : Reward: -319.705627
Predict x average: -49.907928
Target x average: 74.250000
ACCURACY: -244.380140782
Model saved in file: model_runs/move_attn2/classifymodel_2000.ckpt
--- 2027.2714529999998 CPU seconds ---
iter=2100 : Reward: -268.951965
Predict x average: 525.418213
Target x average: 79.812500
iter=2200 : Reward: -279.211609
Predict x average: -11.325554
Target x average: 118.187500
iter=2300 : Reward: -248.387482
Predict x average: 294.455261
Target x average: 107.875000
iter=2400 : Reward: -296.247681
Predict x average: 271.765717
Target x average: 42.500000
iter=2500 : Reward: -259.284119
Predict x average: 368.904114
Target x average: 134.812500
iter=2600 : Reward: -202.900604
Predict x average: 314.490723
Target x average: 94.062500
iter=2700 : Reward: -272.745636
Predict x average: 628.486633
Target x average: 77.437500
iter=2800 : Reward: -214.333206
Predict x average: 30.145685
Target x average: 115.687500
iter=2900 : Reward: -190.760544
Predict x average: -2.424355
Target x average: 107.312500
iter=3000 : Reward: -242.504837
Predict x average: -153.600266
Target x average: 156.125000
ACCURACY: -206.56582147
Model saved in file: model_runs/move_attn2/classifymodel_3000.ckpt
--- 2908.6170349999998 CPU seconds ---
iter=3100 : Reward: -205.181198
Predict x average: 40.026051
Target x average: 180.562500
iter=3200 : Reward: -215.693619
Predict x average: -7.120464
Target x average: 115.562500
iter=3300 : Reward: -183.647598
Predict x average: 133.829407
Target x average: 127.500000
iter=3400 : Reward: -193.126541
Predict x average: 342.284576
Target x average: 129.437500
iter=3500 : Reward: -218.357224
Predict x average: 161.444092
Target x average: 97.875000
iter=3600 : Reward: -233.371521
Predict x average: -54.952774
Target x average: 31.437500
iter=3700 : Reward: -158.019150
Predict x average: -325.577271
Target x average: 77.000000
iter=3800 : Reward: -208.526688
Predict x average: -116.060486
Target x average: 141.312500
iter=3900 : Reward: -186.161514
Predict x average: 44.614746
Target x average: 125.000000
iter=4000 : Reward: -185.837646
Predict x average: -222.735168
Target x average: 77.375000
ACCURACY: -167.279637509
Model saved in file: model_runs/move_attn2/classifymodel_4000.ckpt
--- 3797.0386289999997 CPU seconds ---
iter=4100 : Reward: -174.254318
Predict x average: 249.429031
Target x average: 169.000000
iter=4200 : Reward: -169.501709
Predict x average: -325.745758
Target x average: 113.750000
iter=4300 : Reward: -179.979446
Predict x average: -37.140167
Target x average: 137.750000
iter=4400 : Reward: -173.365280
Predict x average: 282.704926
Target x average: 152.812500
iter=4500 : Reward: -123.043648
Predict x average: 25.018913
Target x average: 57.625000
iter=4600 : Reward: -156.629700
Predict x average: 83.931900
Target x average: 118.187500
iter=4700 : Reward: -157.988739
Predict x average: 74.321320
Target x average: 123.625000
iter=4800 : Reward: -144.517502
Predict x average: 223.871384
Target x average: 105.437500
iter=4900 : Reward: -120.306931
Predict x average: 286.565399
Target x average: 44.937500
iter=5000 : Reward: -128.154587
Predict x average: 142.079498
Target x average: 129.187500
ACCURACY: -144.468677139
Model saved in file: model_runs/move_attn2/classifymodel_5000.ckpt
--- 4675.045018 CPU seconds ---
iter=5100 : Reward: -100.076996
Predict x average: -103.434166
Target x average: 62.750000
iter=5200 : Reward: -143.549316
Predict x average: 174.464005
Target x average: 127.375000
iter=5300 : Reward: -127.843735
Predict x average: -133.305817
Target x average: 93.000000
iter=5400 : Reward: -159.480759
Predict x average: -403.590668
Target x average: 69.812500
iter=5500 : Reward: -117.843910
Predict x average: 58.514771
Target x average: 163.500000
iter=5600 : Reward: -139.881897
Predict x average: -129.520691
Target x average: 92.875000
iter=5700 : Reward: -140.371811
Predict x average: 107.275803
Target x average: 139.375000
iter=5800 : Reward: -120.136597
Predict x average: -4.425423
Target x average: 145.812500
iter=5900 : Reward: -131.027298
Predict x average: -115.343002
Target x average: 35.812500
iter=6000 : Reward: -99.228935
Predict x average: 162.873367
Target x average: 146.937500
ACCURACY: -125.715165987
Model saved in file: model_runs/move_attn2/classifymodel_6000.ckpt
--- 5604.135477999999 CPU seconds ---
iter=6100 : Reward: -116.739273
Predict x average: -117.839279
Target x average: 128.187500
iter=6200 : Reward: -111.742256
Predict x average: 0.102219
Target x average: 73.000000
iter=6300 : Reward: -127.756836
Predict x average: 143.998459
Target x average: 74.625000
iter=6400 : Reward: -121.428795
Predict x average: 467.017334
Target x average: 165.625000
iter=6500 : Reward: -105.734650
Predict x average: 423.020081
Target x average: 60.875000
iter=6600 : Reward: -102.943520
Predict x average: 66.932205
Target x average: 146.250000
iter=6700 : Reward: -110.935303
Predict x average: 568.291260
Target x average: 128.875000
iter=6800 : Reward: -104.578476
Predict x average: -363.061920
Target x average: 77.875000
iter=6900 : Reward: -96.409943
Predict x average: 144.306122
Target x average: 67.812500
iter=7000 : Reward: -112.563263
Predict x average: 79.742897
Target x average: 39.562500
ACCURACY: -108.657020486
Model saved in file: model_runs/move_attn2/classifymodel_7000.ckpt
--- 7357.450012000001 CPU seconds ---
iter=7100 : Reward: -93.141281
Predict x average: 241.450867
Target x average: 162.875000
iter=7200 : Reward: -99.366150
Predict x average: 9.032926
Target x average: 52.250000
iter=7300 : Reward: -105.354828
Predict x average: -118.941345
Target x average: 125.750000
iter=7400 : Reward: -105.077255
Predict x average: 129.285477
Target x average: 179.562500
iter=7500 : Reward: -109.485062
Predict x average: 184.935577
Target x average: 125.062500
iter=7600 : Reward: -116.420975
Predict x average: -74.894402
Target x average: 167.875000
iter=7700 : Reward: -121.190948
Predict x average: 609.904907
Target x average: 128.250000
iter=7800 : Reward: -104.326180
Predict x average: -7.048561
Target x average: 136.250000
iter=7900 : Reward: -92.569839
Predict x average: 164.666336
Target x average: 135.062500
iter=8000 : Reward: -80.057442
Predict x average: -123.148483
Target x average: 69.187500
ACCURACY: -98.6527826067
Model saved in file: model_runs/move_attn2/classifymodel_8000.ckpt
--- 10219.313032000002 CPU seconds ---
iter=8100 : Reward: -86.485565
Predict x average: 122.413696
Target x average: 52.312500
iter=8200 : Reward: -84.798241
Predict x average: -225.222931
Target x average: 68.250000
iter=8300 : Reward: -83.173447
Predict x average: 199.737427
Target x average: 148.125000
iter=8400 : Reward: -96.884827
Predict x average: 110.732391
Target x average: 58.375000
iter=8500 : Reward: -93.949554
Predict x average: 127.190277
Target x average: 130.250000
iter=8600 : Reward: -77.603493
Predict x average: 67.113708
Target x average: 58.875000
iter=8700 : Reward: -90.474113
Predict x average: 407.028229
Target x average: 161.062500
iter=8800 : Reward: -103.573654
Predict x average: 63.244259
Target x average: 93.812500
iter=8900 : Reward: -98.764938
Predict x average: -15.232094
Target x average: 88.687500
iter=9000 : Reward: -87.764015
Predict x average: 8.820011
Target x average: 83.750000
ACCURACY: -89.4200277537
Model saved in file: model_runs/move_attn2/classifymodel_9000.ckpt
--- 13623.671806000002 CPU seconds ---
iter=9100 : Reward: -95.556488
Predict x average: -113.492714
Target x average: 103.375000
iter=9200 : Reward: -106.139053
Predict x average: -113.823471
Target x average: 85.437500
iter=9300 : Reward: -85.995277
Predict x average: 56.335396
Target x average: 50.875000
iter=9400 : Reward: -82.730553
Predict x average: 29.343512
Target x average: 27.625000
iter=9500 : Reward: -92.650375
Predict x average: 251.286926
Target x average: 142.687500
iter=9600 : Reward: -77.037033
Predict x average: 184.014923
Target x average: 42.187500
iter=9700 : Reward: -85.322258
Predict x average: 47.945427
Target x average: 116.875000
iter=9800 : Reward: -79.688454
Predict x average: -48.385990
Target x average: 67.625000
iter=9900 : Reward: -80.838120
Predict x average: -201.521439
Target x average: 83.687500
iter=10000 : Reward: -101.147705
Predict x average: 241.219116
Target x average: 143.875000
ACCURACY: -81.0465222556
Model saved in file: model_runs/move_attn2/classifymodel_10000.ckpt
--- 17036.333003000003 CPU seconds ---
iter=10100 : Reward: -87.297340
Predict x average: 93.863968
Target x average: 124.687500
iter=10200 : Reward: -74.816086
Predict x average: 179.489044
Target x average: 148.187500
iter=10300 : Reward: -84.580902
Predict x average: 111.801880
Target x average: 70.500000
iter=10400 : Reward: -67.201988
Predict x average: -47.615288
Target x average: 115.937500
iter=10500 : Reward: -78.942017
Predict x average: 62.107037
Target x average: 141.375000
iter=10600 : Reward: -71.912895
Predict x average: 255.280411
Target x average: 70.312500
iter=10700 : Reward: -69.658493
Predict x average: 146.235016
Target x average: 126.437500
iter=10800 : Reward: -79.246750
Predict x average: 89.730103
Target x average: 20.812500
iter=10900 : Reward: -59.745243
Predict x average: 265.124329
Target x average: 106.937500
iter=11000 : Reward: -85.807777
Predict x average: -84.785477
Target x average: 66.812500
ACCURACY: -75.1855571928
Model saved in file: model_runs/move_attn2/classifymodel_11000.ckpt
--- 20466.755520000002 CPU seconds ---
iter=11100 : Reward: -52.910854
Predict x average: 172.059113
Target x average: 139.562500
iter=11200 : Reward: -78.376450
Predict x average: 101.857162
Target x average: 53.312500
iter=11300 : Reward: -92.026390
Predict x average: 520.476868
Target x average: 165.625000
iter=11400 : Reward: -87.949142
Predict x average: 195.461609
Target x average: 89.187500
iter=11500 : Reward: -83.385735
Predict x average: 73.116432
Target x average: 33.875000
iter=11600 : Reward: -61.682369
Predict x average: 71.828232
Target x average: 76.875000
iter=11700 : Reward: -76.974442
Predict x average: 107.396637
Target x average: 70.125000
iter=11800 : Reward: -54.693829
Predict x average: 207.535553
Target x average: 57.687500
iter=11900 : Reward: -66.165367
Predict x average: -11.647343
Target x average: 66.562500
iter=12000 : Reward: -67.800041
Predict x average: 175.975723
Target x average: 140.812500
ACCURACY: -68.6026978132
Model saved in file: model_runs/move_attn2/classifymodel_12000.ckpt
--- 23899.741618000007 CPU seconds ---
iter=12100 : Reward: -64.204483
Predict x average: 87.670837
Target x average: 56.062500
iter=12200 : Reward: -64.466660
Predict x average: 135.594330
Target x average: 105.187500
iter=12300 : Reward: -50.169022
Predict x average: 223.286407
Target x average: 174.312500
iter=12400 : Reward: -60.533859
Predict x average: 132.871857
Target x average: 127.375000
iter=12500 : Reward: -69.322426
Predict x average: 206.233139
Target x average: 138.375000
iter=12600 : Reward: -62.770168
Predict x average: 199.397949
Target x average: 130.125000
iter=12700 : Reward: -60.049389
Predict x average: 130.535980
Target x average: 139.500000
iter=12800 : Reward: -70.346024
Predict x average: -37.466660
Target x average: 56.687500
iter=12900 : Reward: -81.488495
Predict x average: 236.728989
Target x average: 150.250000
iter=13000 : Reward: -62.906597
Predict x average: 175.101624
Target x average: 67.625000
ACCURACY: -64.3500847823
Model saved in file: model_runs/move_attn2/classifymodel_13000.ckpt
--- 26769.13216600001 CPU seconds ---
iter=13100 : Reward: -72.608368
Predict x average: 50.144974
Target x average: 69.062500
iter=13200 : Reward: -62.350666
Predict x average: 130.252045
Target x average: 146.125000
iter=13300 : Reward: -52.256130
Predict x average: 206.494629
Target x average: 88.562500
iter=13400 : Reward: -62.306915
Predict x average: 86.136147
Target x average: 55.625000
iter=13500 : Reward: -62.168526
Predict x average: 124.320633
Target x average: 53.562500
iter=13600 : Reward: -49.014641
Predict x average: 307.810059
Target x average: 136.625000
iter=13700 : Reward: -46.487850
Predict x average: 101.724319
Target x average: 68.437500
iter=13800 : Reward: -57.273659
Predict x average: 188.684464
Target x average: 112.062500
iter=13900 : Reward: -71.128754
Predict x average: 47.135151
Target x average: 144.250000
iter=14000 : Reward: -53.763123
Predict x average: 117.830284
Target x average: 54.750000
ACCURACY: -60.8712947782
Model saved in file: model_runs/move_attn2/classifymodel_14000.ckpt
--- 29549.821680000012 CPU seconds ---
iter=14100 : Reward: -70.407448
Predict x average: -138.673859
Target x average: 113.750000
iter=14200 : Reward: -56.445213
Predict x average: 97.956833
Target x average: 106.562500
iter=14300 : Reward: -50.216343
Predict x average: 12.463329
Target x average: 123.250000
iter=14400 : Reward: -55.158283
Predict x average: 59.758144
Target x average: 47.687500
iter=14500 : Reward: -46.264233
Predict x average: 285.327606
Target x average: 139.375000
iter=14600 : Reward: -72.183670
Predict x average: 140.052353
Target x average: 111.875000
iter=14700 : Reward: -44.848396
Predict x average: 211.131287
Target x average: 70.937500
iter=14800 : Reward: -59.201580
Predict x average: 260.851776
Target x average: 126.437500
iter=14900 : Reward: -58.100346
Predict x average: -17.683193
Target x average: 78.437500
iter=15000 : Reward: -59.778980
Predict x average: -225.728821
Target x average: 119.312500
ACCURACY: -57.3270636548
Model saved in file: model_runs/move_attn2/classifymodel_15000.ckpt
--- 32337.041668000013 CPU seconds ---
iter=15100 : Reward: -63.591492
Predict x average: -78.243660
Target x average: 59.500000
iter=15200 : Reward: -58.211582
Predict x average: 40.259071
Target x average: 78.875000
iter=15300 : Reward: -59.430210
Predict x average: 26.041950
Target x average: 32.062500
iter=15400 : Reward: -56.647816
Predict x average: 85.023232
Target x average: 60.750000
iter=15500 : Reward: -51.686691
Predict x average: 491.486206
Target x average: 117.562500
iter=15600 : Reward: -62.724846
Predict x average: 236.895905
Target x average: 66.250000
iter=15700 : Reward: -57.972778
Predict x average: 195.671646
Target x average: 162.000000
iter=15800 : Reward: -59.032310
Predict x average: 229.833786
Target x average: 86.312500
iter=15900 : Reward: -48.402149
Predict x average: 79.951630
Target x average: 126.125000
iter=16000 : Reward: -46.522823
Predict x average: 149.701355
Target x average: 85.812500
ACCURACY: -53.6600655763
Model saved in file: model_runs/move_attn2/classifymodel_16000.ckpt
--- 35108.81381100001 CPU seconds ---
iter=16100 : Reward: -47.513107
Predict x average: 35.359085
Target x average: 108.250000
iter=16200 : Reward: -55.748402
Predict x average: 152.019073
Target x average: 149.562500
iter=16300 : Reward: -61.532490
Predict x average: 316.332825
Target x average: 160.437500
iter=16400 : Reward: -47.934734
Predict x average: 149.603577
Target x average: 133.062500
iter=16500 : Reward: -42.877712
Predict x average: 230.327759
Target x average: 111.000000
iter=16600 : Reward: -53.203346
Predict x average: -44.200829
Target x average: 120.687500
iter=16700 : Reward: -55.297379
Predict x average: 35.439308
Target x average: 77.187500
iter=16800 : Reward: -59.107311
Predict x average: -219.885391
Target x average: 132.375000
iter=16900 : Reward: -52.493546
Predict x average: -15.727890
Target x average: 126.000000
iter=17000 : Reward: -55.035919
Predict x average: 22.464672
Target x average: 111.687500
ACCURACY: -50.9271094184
Model saved in file: model_runs/move_attn2/classifymodel_17000.ckpt
--- 37901.797704000004 CPU seconds ---
iter=17100 : Reward: -69.624771
Predict x average: 217.098877
Target x average: 116.062500
iter=17200 : Reward: -42.981552
Predict x average: 147.011261
Target x average: 31.312500
iter=17300 : Reward: -46.877640
Predict x average: 90.942314
Target x average: 128.187500
iter=17400 : Reward: -43.780548
Predict x average: 113.680908
Target x average: 119.375000
iter=17500 : Reward: -45.517395
Predict x average: -55.548466
Target x average: 105.625000
iter=17600 : Reward: -49.621143
Predict x average: 21.141954
Target x average: 88.562500
iter=17700 : Reward: -54.268288
Predict x average: 27.354860
Target x average: 51.687500
iter=17800 : Reward: -54.221809
Predict x average: -166.249557
Target x average: 93.875000
iter=17900 : Reward: -46.753433
Predict x average: 160.228958
Target x average: 116.625000
iter=18000 : Reward: -47.472309
Predict x average: 86.500237
Target x average: 149.125000
ACCURACY: -49.0341840739
Model saved in file: model_runs/move_attn2/classifymodel_18000.ckpt
--- 40789.348325 CPU seconds ---
iter=18100 : Reward: -42.124355
Predict x average: 228.879303
Target x average: 86.125000
iter=18200 : Reward: -47.474785
Predict x average: 259.352203
Target x average: 64.937500
iter=18300 : Reward: -47.488880
Predict x average: 33.768162
Target x average: 174.562500
iter=18400 : Reward: -46.961456
Predict x average: 181.506866
Target x average: 157.312500
iter=18500 : Reward: -44.809998
Predict x average: -30.097090
Target x average: 54.937500
iter=18600 : Reward: -50.608608
Predict x average: 92.591644
Target x average: 78.625000
iter=18700 : Reward: -46.779099
Predict x average: 138.334442
Target x average: 115.562500
iter=18800 : Reward: -38.034996
Predict x average: 118.913330
Target x average: 170.687500
iter=18900 : Reward: -39.608940
Predict x average: 47.512390
Target x average: 29.000000
iter=19000 : Reward: -47.306908
Predict x average: -56.472752
Target x average: 113.250000
ACCURACY: -45.9847471411
Model saved in file: model_runs/move_attn2/classifymodel_19000.ckpt
--- 43516.844387 CPU seconds ---
iter=19100 : Reward: -42.198940
Predict x average: -9.542689
Target x average: 31.187500
iter=19200 : Reward: -52.159702
Predict x average: 227.494995
Target x average: 108.062500
iter=19300 : Reward: -48.314014
Predict x average: -154.057251
Target x average: 35.375000
