['BASIC_classify_blobs.py', 'BASIC_DRAM_run_9', 'true', 'true', 'true', 'true', 'true', 'model_runs/BASIC_DRAM_run_9/classify_log.csv', 'model_runs/BASIC_DRAM_run_9/classifymodel_0.ckpt', 'model_runs/BASIC_DRAM_run_9/classifymodel_', 'model_runs/BASIC_DRAM_run_9/zzzdraw_data_5000.npy', 'false', 'true', 'false', 'false', 'true']
2017-10-14 20:29:47.143634: W tensorflow/core/platform/cpu_feature_guard.cc:45] The TensorFlow library wasn't compiled to use SSE4.1 instructions, but these are available on your machine and could speed up CPU computations.
2017-10-14 20:29:47.143948: W tensorflow/core/platform/cpu_feature_guard.cc:45] The TensorFlow library wasn't compiled to use SSE4.2 instructions, but these are available on your machine and could speed up CPU computations.
2017-10-14 20:29:47.143966: W tensorflow/core/platform/cpu_feature_guard.cc:45] The TensorFlow library wasn't compiled to use AVX instructions, but these are available on your machine and could speed up CPU computations.
2017-10-14 20:29:47.143976: W tensorflow/core/platform/cpu_feature_guard.cc:45] The TensorFlow library wasn't compiled to use AVX2 instructions, but these are available on your machine and could speed up CPU computations.
2017-10-14 20:29:47.143986: W tensorflow/core/platform/cpu_feature_guard.cc:45] The TensorFlow library wasn't compiled to use FMA instructions, but these are available on your machine and could speed up CPU computations.
iter=0 : Reward: 0.000100 Predcost: 0.113943
ACCURACY: 0.411733331879
Model saved in file: model_runs/BASIC_DRAM_run_9/classifymodel_0.ckpt
--- 5.073177999999999 CPU seconds ---
iter=100 : Reward: 0.009700 Predcost: 11.390523
iter=200 : Reward: 0.014700 Predcost: 11.329929
ACCURACY: 0.462533330719
Model saved in file: model_runs/BASIC_DRAM_run_9/classifymodel_250.ckpt
--- 96.47811499999999 CPU seconds ---
iter=300 : Reward: 0.020900 Predcost: 11.254780
iter=400 : Reward: 0.022200 Predcost: 11.242000
iter=500 : Reward: 0.020900 Predcost: 11.208634
ACCURACY: 0.471666663885
Model saved in file: model_runs/BASIC_DRAM_run_9/classifymodel_500.ckpt
--- 183.448407 CPU seconds ---
iter=600 : Reward: 0.266100 Predcost: 7.934412
iter=700 : Reward: 0.620300 Predcost: 4.338146
iter=800 : Reward: 0.635300 Predcost: 4.198768
iter=900 : Reward: 0.631700 Predcost: 4.239333
iter=1000 : Reward: 0.629500 Predcost: 4.265281
ACCURACY: 0.460733330846
Model saved in file: model_runs/BASIC_DRAM_run_9/classifymodel_1000.ckpt
--- 361.29807099999994 CPU seconds ---
iter=1100 : Reward: 0.635100 Predcost: 4.200960
iter=1200 : Reward: 0.638700 Predcost: 4.159601
iter=1300 : Reward: 0.637800 Predcost: 4.169140
iter=1400 : Reward: 0.630600 Predcost: 4.252585
iter=1500 : Reward: 0.631200 Predcost: 4.245166
iter=1600 : Reward: 0.636800 Predcost: 4.181147
iter=1700 : Reward: 0.625700 Predcost: 4.308037
iter=1800 : Reward: 0.628200 Predcost: 4.277728
iter=1900 : Reward: 0.633300 Predcost: 4.217436
iter=2000 : Reward: 0.638500 Predcost: 4.146867
ACCURACY: 0.464066664775
Model saved in file: model_runs/BASIC_DRAM_run_9/classifymodel_2000.ckpt
--- 709.2077900000002 CPU seconds ---
iter=2100 : Reward: 0.626200 Predcost: 3.718182
iter=2200 : Reward: 0.627400 Predcost: 1.602237
iter=2300 : Reward: 0.633800 Predcost: 1.354553
iter=2400 : Reward: 0.630400 Predcost: 1.342857
iter=2500 : Reward: 0.629700 Predcost: 1.347617
iter=2600 : Reward: 0.636200 Predcost: 1.332208
iter=2700 : Reward: 0.632500 Predcost: 1.343797
iter=2800 : Reward: 0.633500 Predcost: 1.343774
iter=2900 : Reward: 0.635000 Predcost: 1.334694
iter=3000 : Reward: 0.640200 Predcost: 1.314421
iter=3100 : Reward: 0.630700 Predcost: 1.353901
iter=3200 : Reward: 0.636600 Predcost: 1.338250
iter=3300 : Reward: 0.628700 Predcost: 1.351730
iter=3400 : Reward: 0.633400 Predcost: 1.322998
iter=3500 : Reward: 0.628900 Predcost: 1.351681
iter=3600 : Reward: 0.629400 Predcost: 1.351700
iter=3700 : Reward: 0.642200 Predcost: 1.308544
iter=3800 : Reward: 0.635900 Predcost: 1.332901
iter=3900 : Reward: 0.637200 Predcost: 1.328866
iter=4000 : Reward: 0.627000 Predcost: 1.352665
ACCURACY: 0.468399996956
Model saved in file: model_runs/BASIC_DRAM_run_9/classifymodel_4000.ckpt
--- 1398.1545800000001 CPU seconds ---
iter=4100 : Reward: 0.630800 Predcost: 1.340387
iter=4200 : Reward: 0.631900 Predcost: 1.343169
iter=4300 : Reward: 0.634900 Predcost: 1.338918
iter=4400 : Reward: 0.635000 Predcost: 1.330158
iter=4500 : Reward: 0.631500 Predcost: 1.345562
iter=4600 : Reward: 0.624600 Predcost: 1.352514
iter=4700 : Reward: 0.629700 Predcost: 1.357675
iter=4800 : Reward: 0.633000 Predcost: 1.328441
iter=4900 : Reward: 0.633800 Predcost: 1.342288
iter=5000 : Reward: 0.630900 Predcost: 1.350775
iter=5100 : Reward: 0.620000 Predcost: 1.368078
iter=5200 : Reward: 0.619900 Predcost: 1.367755
iter=5300 : Reward: 0.636100 Predcost: 1.313948
iter=5400 : Reward: 0.636100 Predcost: 1.342425
iter=5500 : Reward: 0.637200 Predcost: 1.324877
iter=5600 : Reward: 0.627900 Predcost: 1.359086
iter=5700 : Reward: 0.624300 Predcost: 1.350544
iter=5800 : Reward: 0.635300 Predcost: 1.337395
iter=5900 : Reward: 0.632300 Predcost: 1.329966
iter=6000 : Reward: 0.627400 Predcost: 1.360421
iter=6100 : Reward: 0.627600 Predcost: 1.357103
iter=6200 : Reward: 0.630800 Predcost: 1.350931
iter=6300 : Reward: 0.630600 Predcost: 1.359752
iter=6400 : Reward: 0.632900 Predcost: 1.331419
iter=6500 : Reward: 0.632800 Predcost: 1.331769
iter=6600 : Reward: 0.633200 Predcost: 1.335571
iter=6700 : Reward: 0.629700 Predcost: 1.348370
iter=6800 : Reward: 0.640300 Predcost: 1.316531
iter=6900 : Reward: 0.636900 Predcost: 1.328541
iter=7000 : Reward: 0.632400 Predcost: 1.348737
iter=7100 : Reward: 0.636200 Predcost: 1.335986
iter=7200 : Reward: 0.635500 Predcost: 1.336728
iter=7300 : Reward: 0.631000 Predcost: 1.336328
iter=7400 : Reward: 0.632500 Predcost: 1.346994
iter=7500 : Reward: 0.622700 Predcost: 1.352687
iter=7600 : Reward: 0.626600 Predcost: 1.344259
iter=7700 : Reward: 0.630200 Predcost: 1.353214
iter=7800 : Reward: 0.631000 Predcost: 1.350680
iter=7900 : Reward: 0.644800 Predcost: 1.313186
iter=8000 : Reward: 0.636700 Predcost: 1.337772
ACCURACY: 0.455933330854
Model saved in file: model_runs/BASIC_DRAM_run_9/classifymodel_8000.ckpt
--- 2769.4003880000005 CPU seconds ---
iter=8100 : Reward: 0.629900 Predcost: 1.348039
iter=8200 : Reward: 0.631700 Predcost: 1.349747
iter=8300 : Reward: 0.632500 Predcost: 1.340699
iter=8400 : Reward: 0.625500 Predcost: 1.356611
iter=8500 : Reward: 0.632900 Predcost: 1.336832
iter=8600 : Reward: 0.632900 Predcost: 1.336290
iter=8700 : Reward: 0.631800 Predcost: 1.338812
iter=8800 : Reward: 0.628900 Predcost: 1.352548
iter=8900 : Reward: 0.629700 Predcost: 1.343894
iter=9000 : Reward: 0.624900 Predcost: 1.350672
iter=9100 : Reward: 0.639200 Predcost: 1.322661
iter=9200 : Reward: 0.626900 Predcost: 1.351063
iter=9300 : Reward: 0.629500 Predcost: 1.343028
iter=9400 : Reward: 0.631600 Predcost: 1.331828
iter=9500 : Reward: 0.633800 Predcost: 1.328551
iter=9600 : Reward: 0.631800 Predcost: 1.338823
iter=9700 : Reward: 0.640900 Predcost: 1.308166
iter=9800 : Reward: 0.631700 Predcost: 1.345492
iter=9900 : Reward: 0.628800 Predcost: 1.350133
iter=10000 : Reward: 0.630100 Predcost: 1.352470
iter=10100 : Reward: 0.630800 Predcost: 1.349769
iter=10200 : Reward: 0.634600 Predcost: 1.333095
iter=10300 : Reward: 0.636200 Predcost: 1.335771
iter=10400 : Reward: 0.625800 Predcost: 1.347447
iter=10500 : Reward: 0.635200 Predcost: 1.350825
iter=10600 : Reward: 0.633000 Predcost: 1.324443
iter=10700 : Reward: 0.633600 Predcost: 1.341245
iter=10800 : Reward: 0.632200 Predcost: 1.338178
iter=10900 : Reward: 0.624600 Predcost: 1.350844
iter=11000 : Reward: 0.634100 Predcost: 1.342580
iter=11100 : Reward: 0.637900 Predcost: 1.316339
iter=11200 : Reward: 0.630400 Predcost: 1.342494
iter=11300 : Reward: 0.641400 Predcost: 1.312702
iter=11400 : Reward: 0.638100 Predcost: 1.325467
iter=11500 : Reward: 0.631200 Predcost: 1.368790
iter=11600 : Reward: 0.629500 Predcost: 1.349793
iter=11700 : Reward: 0.637200 Predcost: 1.336119
iter=11800 : Reward: 0.631200 Predcost: 1.340163
iter=11900 : Reward: 0.635200 Predcost: 1.331442
iter=12000 : Reward: 0.633500 Predcost: 1.319495
iter=12100 : Reward: 0.635800 Predcost: 1.332075
iter=12200 : Reward: 0.634000 Predcost: 1.334283
iter=12300 : Reward: 0.630000 Predcost: 1.331603
iter=12400 : Reward: 0.636900 Predcost: 1.335818
iter=12500 : Reward: 0.632700 Predcost: 1.334384
iter=12600 : Reward: 0.634000 Predcost: 1.340772
iter=12700 : Reward: 0.641100 Predcost: 1.331444
iter=12800 : Reward: 0.634200 Predcost: 1.339049
iter=12900 : Reward: 0.634900 Predcost: 1.346227
iter=13000 : Reward: 0.633200 Predcost: 1.337818
iter=13100 : Reward: 0.633300 Predcost: 1.333660
iter=13200 : Reward: 0.635000 Predcost: 1.324503
iter=13300 : Reward: 0.638100 Predcost: 1.331097
iter=13400 : Reward: 0.624700 Predcost: 1.361048
iter=13500 : Reward: 0.637400 Predcost: 1.324635
iter=13600 : Reward: 0.637100 Predcost: 1.324443
iter=13700 : Reward: 0.632700 Predcost: 1.335678
iter=13800 : Reward: 0.629100 Predcost: 1.340541
iter=13900 : Reward: 0.636600 Predcost: 1.335791
iter=14000 : Reward: 0.631200 Predcost: 1.350481
iter=14100 : Reward: 0.633600 Predcost: 1.338311
iter=14200 : Reward: 0.631100 Predcost: 1.340961
iter=14300 : Reward: 0.624000 Predcost: 1.348197
iter=14400 : Reward: 0.628200 Predcost: 1.356909
iter=14500 : Reward: 0.637100 Predcost: 1.330208
iter=14600 : Reward: 0.631200 Predcost: 1.344560
iter=14700 : Reward: 0.626200 Predcost: 1.356094
iter=14800 : Reward: 0.632300 Predcost: 1.331733
iter=14900 : Reward: 0.637200 Predcost: 1.334863
iter=15000 : Reward: 0.632600 Predcost: 1.339865
iter=15100 : Reward: 0.634700 Predcost: 1.329146
iter=15200 : Reward: 0.636800 Predcost: 1.331855
iter=15300 : Reward: 0.630300 Predcost: 1.348216
iter=15400 : Reward: 0.638400 Predcost: 1.327177
iter=15500 : Reward: 0.627800 Predcost: 1.371057
iter=15600 : Reward: 0.635900 Predcost: 1.333638
iter=15700 : Reward: 0.633300 Predcost: 1.350764
iter=15800 : Reward: 0.630100 Predcost: 1.343565
iter=15900 : Reward: 0.636600 Predcost: 1.325661
iter=16000 : Reward: 0.632000 Predcost: 1.350230
ACCURACY: 0.466799996297
Model saved in file: model_runs/BASIC_DRAM_run_9/classifymodel_16000.ckpt
--- 5508.153397000001 CPU seconds ---
iter=16100 : Reward: 0.635200 Predcost: 1.335703
iter=16200 : Reward: 0.631900 Predcost: 1.347435
iter=16300 : Reward: 0.640700 Predcost: 1.307235
iter=16400 : Reward: 0.625300 Predcost: 1.357409
iter=16500 : Reward: 0.633200 Predcost: 1.320918
iter=16600 : Reward: 0.631200 Predcost: 1.340141
iter=16700 : Reward: 0.638600 Predcost: 1.333176
iter=16800 : Reward: 0.633800 Predcost: 1.345921
iter=16900 : Reward: 0.632700 Predcost: 1.335165
iter=17000 : Reward: 0.642400 Predcost: 1.316217
iter=17100 : Reward: 0.624100 Predcost: 1.356741
iter=17200 : Reward: 0.632500 Predcost: 1.326938
iter=17300 : Reward: 0.620500 Predcost: 1.359433
iter=17400 : Reward: 0.635900 Predcost: 1.331896
iter=17500 : Reward: 0.630600 Predcost: 1.347333
iter=17600 : Reward: 0.637400 Predcost: 1.333139
iter=17700 : Reward: 0.633500 Predcost: 1.331856
iter=17800 : Reward: 0.630400 Predcost: 1.349136
iter=17900 : Reward: 0.627700 Predcost: 1.345625
iter=18000 : Reward: 0.627100 Predcost: 1.369626
iter=18100 : Reward: 0.630400 Predcost: 1.342557
iter=18200 : Reward: 0.631400 Predcost: 1.361107
iter=18300 : Reward: 0.634500 Predcost: 1.337624
iter=18400 : Reward: 0.638600 Predcost: 1.340394
iter=18500 : Reward: 0.621600 Predcost: 1.364629
iter=18600 : Reward: 0.630800 Predcost: 1.347823
iter=18700 : Reward: 0.633400 Predcost: 1.348906
iter=18800 : Reward: 0.629400 Predcost: 1.360723
iter=18900 : Reward: 0.627900 Predcost: 1.354364
iter=19000 : Reward: 0.632000 Predcost: 1.336798
iter=19100 : Reward: 0.631800 Predcost: 1.335227
iter=19200 : Reward: 0.623400 Predcost: 1.355617
iter=19300 : Reward: 0.627500 Predcost: 1.347089
iter=19400 : Reward: 0.634100 Predcost: 1.330766
iter=19500 : Reward: 0.633900 Predcost: 1.331898
iter=19600 : Reward: 0.628300 Predcost: 1.341551
iter=19700 : Reward: 0.627500 Predcost: 1.359198
iter=19800 : Reward: 0.647600 Predcost: 1.311302
iter=19900 : Reward: 0.632900 Predcost: 1.340907
iter=20000 : Reward: 0.625300 Predcost: 1.351425
iter=20100 : Reward: 0.637700 Predcost: 1.327798
iter=20200 : Reward: 0.631600 Predcost: 1.339514
iter=20300 : Reward: 0.631500 Predcost: 1.347922
iter=20400 : Reward: 0.635900 Predcost: 1.333852
iter=20500 : Reward: 0.632200 Predcost: 1.337619
iter=20600 : Reward: 0.625600 Predcost: 1.351383
iter=20700 : Reward: 0.629100 Predcost: 1.353736
iter=20800 : Reward: 0.629900 Predcost: 1.349767
iter=20900 : Reward: 0.629600 Predcost: 1.338598
iter=21000 : Reward: 0.630100 Predcost: 1.355709
iter=21100 : Reward: 0.633400 Predcost: 1.342840
iter=21200 : Reward: 0.624400 Predcost: 1.362005
iter=21300 : Reward: 0.633000 Predcost: 1.337586
iter=21400 : Reward: 0.629300 Predcost: 1.340951
iter=21500 : Reward: 0.638700 Predcost: 1.317527
iter=21600 : Reward: 0.629600 Predcost: 1.354590
iter=21700 : Reward: 0.637900 Predcost: 1.330240
iter=21800 : Reward: 0.642200 Predcost: 1.314530
iter=21900 : Reward: 0.636300 Predcost: 1.334430
iter=22000 : Reward: 0.621100 Predcost: 1.370524
iter=22100 : Reward: 0.632700 Predcost: 1.324122
iter=22200 : Reward: 0.642500 Predcost: 1.313092
iter=22300 : Reward: 0.637900 Predcost: 1.329031
iter=22400 : Reward: 0.630300 Predcost: 1.345309
iter=22500 : Reward: 0.635800 Predcost: 1.330750
iter=22600 : Reward: 0.636800 Predcost: 1.333399
iter=22700 : Reward: 0.635300 Predcost: 1.328238
iter=22800 : Reward: 0.628100 Predcost: 1.357235
iter=22900 : Reward: 0.637700 Predcost: 1.330746
iter=23000 : Reward: 0.636300 Predcost: 1.333183
iter=23100 : Reward: 0.630200 Predcost: 1.352886
iter=23200 : Reward: 0.630500 Predcost: 1.339044
iter=23300 : Reward: 0.632400 Predcost: 1.339033
iter=23400 : Reward: 0.633400 Predcost: 1.349995
iter=23500 : Reward: 0.636200 Predcost: 1.325541
iter=23600 : Reward: 0.639000 Predcost: 1.324096
iter=23700 : Reward: 0.637500 Predcost: 1.330495
iter=23800 : Reward: 0.629900 Predcost: 1.347034
iter=23900 : Reward: 0.637600 Predcost: 1.325058
iter=24000 : Reward: 0.627300 Predcost: 1.333969
iter=24100 : Reward: 0.631500 Predcost: 1.342713
iter=24200 : Reward: 0.634100 Predcost: 1.339175
iter=24300 : Reward: 0.633300 Predcost: 1.332273
iter=24400 : Reward: 0.634500 Predcost: 1.329366
iter=24500 : Reward: 0.629200 Predcost: 1.353104
iter=24600 : Reward: 0.634100 Predcost: 1.334826
iter=24700 : Reward: 0.632800 Predcost: 1.333029
iter=24800 : Reward: 0.626200 Predcost: 1.347548
iter=24900 : Reward: 0.641000 Predcost: 1.322190
iter=25000 : Reward: 0.636200 Predcost: 1.323884
iter=25100 : Reward: 0.632800 Predcost: 1.332686
iter=25200 : Reward: 0.629200 Predcost: 1.354597
iter=25300 : Reward: 0.630700 Predcost: 1.343604
iter=25400 : Reward: 0.627500 Predcost: 1.349044
iter=25500 : Reward: 0.629300 Predcost: 1.350237
iter=25600 : Reward: 0.630300 Predcost: 1.339372
iter=25700 : Reward: 0.638800 Predcost: 1.333124
iter=25800 : Reward: 0.630000 Predcost: 1.338812
iter=25900 : Reward: 0.643400 Predcost: 1.309939
iter=26000 : Reward: 0.635100 Predcost: 1.345582
iter=26100 : Reward: 0.633400 Predcost: 1.341955
iter=26200 : Reward: 0.626700 Predcost: 1.357997
iter=26300 : Reward: 0.629900 Predcost: 1.354142
iter=26400 : Reward: 0.632100 Predcost: 1.337477
iter=26500 : Reward: 0.633400 Predcost: 1.350732
iter=26600 : Reward: 0.628600 Predcost: 1.353508
iter=26700 : Reward: 0.640000 Predcost: 1.315624
iter=26800 : Reward: 0.636600 Predcost: 1.336408
iter=26900 : Reward: 0.628100 Predcost: 1.353444
iter=27000 : Reward: 0.630400 Predcost: 1.348432
iter=27100 : Reward: 0.631100 Predcost: 1.346501
iter=27200 : Reward: 0.640400 Predcost: 1.312844
iter=27300 : Reward: 0.634800 Predcost: 1.335683
iter=27400 : Reward: 0.637800 Predcost: 1.330234
iter=27500 : Reward: 0.629100 Predcost: 1.356001
iter=27600 : Reward: 0.634500 Predcost: 1.332435
iter=27700 : Reward: 0.636100 Predcost: 1.330700
iter=27800 : Reward: 0.635300 Predcost: 1.323065
iter=27900 : Reward: 0.632900 Predcost: 1.332217
iter=28000 : Reward: 0.637700 Predcost: 1.330683
iter=28100 : Reward: 0.629700 Predcost: 1.341690
iter=28200 : Reward: 0.634700 Predcost: 1.330893
iter=28300 : Reward: 0.635600 Predcost: 1.339467
iter=28400 : Reward: 0.629000 Predcost: 1.339364
iter=28500 : Reward: 0.629500 Predcost: 1.345342
iter=28600 : Reward: 0.634000 Predcost: 1.337436
iter=28700 : Reward: 0.630400 Predcost: 1.340721
iter=28800 : Reward: 0.630800 Predcost: 1.350993
iter=28900 : Reward: 0.633800 Predcost: 1.337496
iter=29000 : Reward: 0.637000 Predcost: 1.329766
iter=29100 : Reward: 0.641000 Predcost: 1.307864
iter=29200 : Reward: 0.631300 Predcost: 1.328718
iter=29300 : Reward: 0.620800 Predcost: 1.367291
iter=29400 : Reward: 0.636500 Predcost: 1.331451
iter=29500 : Reward: 0.630400 Predcost: 1.341470
iter=29600 : Reward: 0.634400 Predcost: 1.343617
iter=29700 : Reward: 0.631600 Predcost: 1.341250
iter=29800 : Reward: 0.631700 Predcost: 1.337283
iter=29900 : Reward: 0.637900 Predcost: 1.326489
iter=30000 : Reward: 0.631600 Predcost: 1.346129
iter=30100 : Reward: 0.635200 Predcost: 1.333506
iter=30200 : Reward: 0.632100 Predcost: 1.343189
iter=30300 : Reward: 0.631800 Predcost: 1.340686
iter=30400 : Reward: 0.628300 Predcost: 1.347533
iter=30500 : Reward: 0.637800 Predcost: 1.319723
iter=30600 : Reward: 0.637000 Predcost: 1.333683
iter=30700 : Reward: 0.632700 Predcost: 1.346222
iter=30800 : Reward: 0.626800 Predcost: 1.356650
iter=30900 : Reward: 0.645000 Predcost: 1.303210
iter=31000 : Reward: 0.628300 Predcost: 1.337734
iter=31100 : Reward: 0.630200 Predcost: 1.336271
iter=31200 : Reward: 0.630500 Predcost: 1.345131
iter=31300 : Reward: 0.634100 Predcost: 1.341839
iter=31400 : Reward: 0.634600 Predcost: 1.336220
iter=31500 : Reward: 0.635000 Predcost: 1.340182
iter=31600 : Reward: 0.631900 Predcost: 1.340219
iter=31700 : Reward: 0.623700 Predcost: 1.364512
iter=31800 : Reward: 0.629000 Predcost: 1.326191
iter=31900 : Reward: 0.628900 Predcost: 1.354433
iter=32000 : Reward: 0.630000 Predcost: 1.354263
ACCURACY: 0.463733330568
Model saved in file: model_runs/BASIC_DRAM_run_9/classifymodel_32000.ckpt
--- 10998.499913 CPU seconds ---
iter=32100 : Reward: 0.625600 Predcost: 1.358591
iter=32200 : Reward: 0.637000 Predcost: 1.326594
iter=32300 : Reward: 0.630800 Predcost: 1.347080
iter=32400 : Reward: 0.639000 Predcost: 1.334192
iter=32500 : Reward: 0.638400 Predcost: 1.329148
iter=32600 : Reward: 0.633100 Predcost: 1.333507
iter=32700 : Reward: 0.635400 Predcost: 1.336988
iter=32800 : Reward: 0.634300 Predcost: 1.333017
iter=32900 : Reward: 0.635200 Predcost: 1.347805
iter=33000 : Reward: 0.638800 Predcost: 1.327553
iter=33100 : Reward: 0.630500 Predcost: 1.340728
iter=33200 : Reward: 0.625900 Predcost: 1.347947
iter=33300 : Reward: 0.631200 Predcost: 1.336718
iter=33400 : Reward: 0.623200 Predcost: 1.360197
iter=33500 : Reward: 0.624700 Predcost: 1.363115
iter=33600 : Reward: 0.629600 Predcost: 1.346744
iter=33700 : Reward: 0.640100 Predcost: 1.327857
iter=33800 : Reward: 0.622700 Predcost: 1.359978
iter=33900 : Reward: 0.642300 Predcost: 1.306027
iter=34000 : Reward: 0.634900 Predcost: 1.329131
iter=34100 : Reward: 0.623700 Predcost: 1.357911
iter=34200 : Reward: 0.636100 Predcost: 1.335694
iter=34300 : Reward: 0.638300 Predcost: 1.337758
iter=34400 : Reward: 0.642600 Predcost: 1.312170
iter=34500 : Reward: 0.649500 Predcost: 1.298250
iter=34600 : Reward: 0.628100 Predcost: 1.355792
iter=34700 : Reward: 0.639200 Predcost: 1.309520
iter=34800 : Reward: 0.629900 Predcost: 1.342359
iter=34900 : Reward: 0.643500 Predcost: 1.310977
iter=35000 : Reward: 0.631100 Predcost: 1.344974
iter=35100 : Reward: 0.640200 Predcost: 1.320757
iter=35200 : Reward: 0.635400 Predcost: 1.331198
iter=35300 : Reward: 0.635300 Predcost: 1.321224
iter=35400 : Reward: 0.639900 Predcost: 1.328539
iter=35500 : Reward: 0.642000 Predcost: 1.310767
iter=35600 : Reward: 0.636200 Predcost: 1.326847
iter=35700 : Reward: 0.622100 Predcost: 1.376528
iter=35800 : Reward: 0.636300 Predcost: 1.338824
iter=35900 : Reward: 0.632000 Predcost: 1.345307
iter=36000 : Reward: 0.637500 Predcost: 1.333604
iter=36100 : Reward: 0.640000 Predcost: 1.328454
iter=36200 : Reward: 0.631000 Predcost: 1.347625
iter=36300 : Reward: 0.633000 Predcost: 1.335787
iter=36400 : Reward: 0.638500 Predcost: 1.313743
iter=36500 : Reward: 0.641100 Predcost: 1.319046
iter=36600 : Reward: 0.635100 Predcost: 1.318786
iter=36700 : Reward: 0.623900 Predcost: 1.346133
