['DRAM_move_attn_sigmoid.py', 'DRAM_move_attn_sigmoid/run_4', 'true', 'true', 'true', 'true', 'true', 'model_runs/DRAM_move_attn_sigmoid/run_4/classify_log.csv', 'model_runs/DRAM_move_attn_sigmoid/run_4/classifymodel_0.ckpt', 'model_runs/DRAM_move_attn_sigmoid/run_4/classifymodel_', 'model_runs/DRAM_move_attn_sigmoid/run_4/zzzdraw_data_5000.npy', 'false', 'true', 'false', 'false', 'true']
2017-08-21 18:05:30.935355: W tensorflow/core/platform/cpu_feature_guard.cc:45] The TensorFlow library wasn't compiled to use SSE4.1 instructions, but these are available on your machine and could speed up CPU computations.
2017-08-21 18:05:30.935384: W tensorflow/core/platform/cpu_feature_guard.cc:45] The TensorFlow library wasn't compiled to use SSE4.2 instructions, but these are available on your machine and could speed up CPU computations.
2017-08-21 18:05:30.935390: W tensorflow/core/platform/cpu_feature_guard.cc:45] The TensorFlow library wasn't compiled to use AVX instructions, but these are available on your machine and could speed up CPU computations.
2017-08-21 18:05:30.935395: W tensorflow/core/platform/cpu_feature_guard.cc:45] The TensorFlow library wasn't compiled to use AVX2 instructions, but these are available on your machine and could speed up CPU computations.
2017-08-21 18:05:30.935400: W tensorflow/core/platform/cpu_feature_guard.cc:45] The TensorFlow library wasn't compiled to use FMA instructions, but these are available on your machine and could speed up CPU computations.
2017-08-21 18:05:31.070978: I tensorflow/stream_executor/cuda/cuda_gpu_executor.cc:901] successful NUMA node read from SysFS had negative value (-1), but there must be at least one NUMA node, so returning NUMA node zero
2017-08-21 18:05:31.071345: I tensorflow/core/common_runtime/gpu/gpu_device.cc:887] Found device 0 with properties: 
name: GeForce GTX 1080
major: 6 minor: 1 memoryClockRate (GHz) 1.898
pciBusID 0000:01:00.0
Total memory: 7.92GiB
Free memory: 6.70GiB
2017-08-21 18:05:31.071412: W tensorflow/stream_executor/cuda/cuda_driver.cc:485] creating context when one is currently active; existing: 0xb1b3570
2017-08-21 18:05:31.295268: I tensorflow/stream_executor/cuda/cuda_gpu_executor.cc:901] successful NUMA node read from SysFS had negative value (-1), but there must be at least one NUMA node, so returning NUMA node zero
2017-08-21 18:05:31.295756: I tensorflow/core/common_runtime/gpu/gpu_device.cc:887] Found device 1 with properties: 
name: GeForce GTX 1080
major: 6 minor: 1 memoryClockRate (GHz) 1.898
pciBusID 0000:02:00.0
Total memory: 7.92GiB
Free memory: 6.92GiB
2017-08-21 18:05:31.295932: I tensorflow/core/common_runtime/gpu/gpu_device.cc:908] DMA: 0 1 
2017-08-21 18:05:31.295941: I tensorflow/core/common_runtime/gpu/gpu_device.cc:918] 0:   Y Y 
2017-08-21 18:05:31.295946: I tensorflow/core/common_runtime/gpu/gpu_device.cc:918] 1:   Y Y 
2017-08-21 18:05:31.295958: I tensorflow/core/common_runtime/gpu/gpu_device.cc:977] Creating TensorFlow device (/gpu:0) -> (device: 0, name: GeForce GTX 1080, pci bus id: 0000:01:00.0)
2017-08-21 18:05:31.295964: I tensorflow/core/common_runtime/gpu/gpu_device.cc:977] Creating TensorFlow device (/gpu:1) -> (device: 1, name: GeForce GTX 1080, pci bus id: 0000:02:00.0)
iter=0 : Reward: -4873.790039
iter=0 : Reward: -49.983730
Predict x average: 0.000000
Target x average: 83.666672
POSITION ACCURACY: -4801.91115546
COUNT ACCURACY: 0.277584384013
Model saved in file: model_runs/DRAM_move_attn_sigmoid/run_4/classifymodel_0.ckpt
--- 7.305754999999994 CPU seconds ---
iter=100 : Reward: -761.694153
iter=100 : Reward: -1.306888
Predict x average: 70.815559
Target x average: 59.888889
iter=200 : Reward: -439.459930
iter=200 : Reward: -0.611718
Predict x average: 51.115585
Target x average: 46.000000
iter=300 : Reward: -644.386475
iter=300 : Reward: -0.461593
Predict x average: 61.081543
Target x average: 64.666672
iter=400 : Reward: -757.909180
iter=400 : Reward: -0.505250
Predict x average: 80.655060
Target x average: 79.888885
iter=500 : Reward: -976.515137
iter=500 : Reward: -0.726612
Predict x average: 98.746559
Target x average: 88.111115
