['DRAM_classify_blobs.py', 'DRAM_classify_blobs_4_run_7', 'true', 'true', 'true', 'true', 'true', 'model_runs/DRAM_classify_blobs_4_run_7/classify_log.csv', 'model_runs/DRAM_classify_blobs_4_run_7/classifymodel_0.ckpt', 'model_runs/DRAM_classify_blobs_4_run_7/classifymodel_', 'model_runs/DRAM_classify_blobs_4_run_7/zzzdraw_data_5000.npy', 'false', 'true', 'false', 'false', 'true']
2017-12-30 23:25:24.943932: W tensorflow/core/platform/cpu_feature_guard.cc:45] The TensorFlow library wasn't compiled to use SSE4.1 instructions, but these are available on your machine and could speed up CPU computations.
2017-12-30 23:25:24.943998: W tensorflow/core/platform/cpu_feature_guard.cc:45] The TensorFlow library wasn't compiled to use SSE4.2 instructions, but these are available on your machine and could speed up CPU computations.
2017-12-30 23:25:24.944005: W tensorflow/core/platform/cpu_feature_guard.cc:45] The TensorFlow library wasn't compiled to use AVX instructions, but these are available on your machine and could speed up CPU computations.
2017-12-30 23:25:24.944011: W tensorflow/core/platform/cpu_feature_guard.cc:45] The TensorFlow library wasn't compiled to use AVX2 instructions, but these are available on your machine and could speed up CPU computations.
2017-12-30 23:25:24.944017: W tensorflow/core/platform/cpu_feature_guard.cc:45] The TensorFlow library wasn't compiled to use FMA instructions, but these are available on your machine and could speed up CPU computations.
iter=0 : Reward: 0.020000
ACCURACY: 0.446733330687
Model saved in file: model_runs/DRAM_classify_blobs_4_run_7/classifymodel_0.ckpt
--- 10.000812999999994 CPU seconds ---
iter=100 : Reward: 0.140000
iter=200 : Reward: 0.320000
ACCURACY: 0.461266664664
Model saved in file: model_runs/DRAM_classify_blobs_4_run_7/classifymodel_250.ckpt
--- 1292.463727 CPU seconds ---
iter=300 : Reward: 0.380000
iter=400 : Reward: 0.410000
iter=500 : Reward: 0.490000
ACCURACY: 0.475266663829
Model saved in file: model_runs/DRAM_classify_blobs_4_run_7/classifymodel_500.ckpt
--- 2574.3213800000003 CPU seconds ---
iter=600 : Reward: 0.510000
iter=700 : Reward: 0.650000
