['DRAMcopy13.py', 'true', 'true', 'true', 'true', 'true', 'true', 'model_runs/20glimpse_9max_10N/classify_log.csv', 'model_runs/20glimpse_9max_10N/classifymodel_0.ckpt', 'model_runs/20glimpse_9max_10N/classifymodel_', 'model_runs/20glimpse_9max_10N/zzzdraw_data_5000.npy', 'false', 'true', 'false', 'false', 'true']
2017-07-10 17:28:10.594107: W tensorflow/core/platform/cpu_feature_guard.cc:45] The TensorFlow library wasn't compiled to use SSE4.1 instructions, but these are available on your machine and could speed up CPU computations.
2017-07-10 17:28:10.594135: W tensorflow/core/platform/cpu_feature_guard.cc:45] The TensorFlow library wasn't compiled to use SSE4.2 instructions, but these are available on your machine and could speed up CPU computations.
2017-07-10 17:28:10.594142: W tensorflow/core/platform/cpu_feature_guard.cc:45] The TensorFlow library wasn't compiled to use AVX instructions, but these are available on your machine and could speed up CPU computations.
2017-07-10 17:28:10.594145: W tensorflow/core/platform/cpu_feature_guard.cc:45] The TensorFlow library wasn't compiled to use AVX2 instructions, but these are available on your machine and could speed up CPU computations.
2017-07-10 17:28:10.594147: W tensorflow/core/platform/cpu_feature_guard.cc:45] The TensorFlow library wasn't compiled to use FMA instructions, but these are available on your machine and could speed up CPU computations.
2017-07-10 17:28:10.731736: I tensorflow/stream_executor/cuda/cuda_gpu_executor.cc:901] successful NUMA node read from SysFS had negative value (-1), but there must be at least one NUMA node, so returning NUMA node zero
2017-07-10 17:28:10.732054: I tensorflow/core/common_runtime/gpu/gpu_device.cc:887] Found device 0 with properties: 
name: GeForce GTX 1080
major: 6 minor: 1 memoryClockRate (GHz) 1.898
pciBusID 0000:01:00.0
Total memory: 7.92GiB
Free memory: 5.42GiB
2017-07-10 17:28:10.732101: W tensorflow/stream_executor/cuda/cuda_driver.cc:485] creating context when one is currently active; existing: 0x7702d80
2017-07-10 17:28:10.823615: I tensorflow/stream_executor/cuda/cuda_gpu_executor.cc:901] successful NUMA node read from SysFS had negative value (-1), but there must be at least one NUMA node, so returning NUMA node zero
2017-07-10 17:28:10.823896: I tensorflow/core/common_runtime/gpu/gpu_device.cc:887] Found device 1 with properties: 
name: GeForce GTX 1080
major: 6 minor: 1 memoryClockRate (GHz) 1.898
pciBusID 0000:02:00.0
Total memory: 7.92GiB
Free memory: 7.15GiB
2017-07-10 17:28:10.824018: I tensorflow/core/common_runtime/gpu/gpu_device.cc:908] DMA: 0 1 
2017-07-10 17:28:10.824024: I tensorflow/core/common_runtime/gpu/gpu_device.cc:918] 0:   Y Y 
2017-07-10 17:28:10.824027: I tensorflow/core/common_runtime/gpu/gpu_device.cc:918] 1:   Y Y 
2017-07-10 17:28:10.824032: I tensorflow/core/common_runtime/gpu/gpu_device.cc:977] Creating TensorFlow device (/gpu:0) -> (device: 0, name: GeForce GTX 1080, pci bus id: 0000:01:00.0)
2017-07-10 17:28:10.824036: I tensorflow/core/common_runtime/gpu/gpu_device.cc:977] Creating TensorFlow device (/gpu:1) -> (device: 1, name: GeForce GTX 1080, pci bus id: 0000:02:00.0)
iter=0 : Reward: 0.170000
ACCURACY: 0.200999992862
Model saved in file: model_runs/20glimpse_9max_10N/classifymodel_0.ckpt
--- 2.939136999999997 CPU seconds ---
iter=1000 : Reward: 0.180000
iter=2000 : Reward: 0.210000
iter=3000 : Reward: 0.190000
iter=4000 : Reward: 0.230000
iter=5000 : Reward: 0.180000
iter=6000 : Reward: 0.250000
iter=7000 : Reward: 0.280000
iter=8000 : Reward: 0.190000
iter=9000 : Reward: 0.210000
iter=10000 : Reward: 0.180000
ACCURACY: 0.230999993235
Model saved in file: model_runs/20glimpse_9max_10N/classifymodel_10000.ckpt
--- 3392.614623 CPU seconds ---
iter=11000 : Reward: 0.210000
iter=12000 : Reward: 0.200000
iter=13000 : Reward: 0.130000
iter=14000 : Reward: 0.200000
iter=15000 : Reward: 0.230000
iter=16000 : Reward: 0.200000
iter=17000 : Reward: 0.280000
iter=18000 : Reward: 0.230000
iter=19000 : Reward: 0.210000
iter=20000 : Reward: 0.250000
ACCURACY: 0.303299991786
Model saved in file: model_runs/20glimpse_9max_10N/classifymodel_20000.ckpt
--- 6498.027586 CPU seconds ---
iter=21000 : Reward: 0.330000
iter=22000 : Reward: 0.300000
iter=23000 : Reward: 0.330000
iter=24000 : Reward: 0.400000
iter=25000 : Reward: 0.400000
iter=26000 : Reward: 0.360000
iter=27000 : Reward: 0.400000
iter=28000 : Reward: 0.440000
iter=29000 : Reward: 0.430000
iter=30000 : Reward: 0.460000
ACCURACY: 0.457299982011
Model saved in file: model_runs/20glimpse_9max_10N/classifymodel_30000.ckpt
--- 9097.822391999998 CPU seconds ---
iter=31000 : Reward: 0.590000
iter=32000 : Reward: 0.530000
iter=33000 : Reward: 0.460000
iter=34000 : Reward: 0.550000
iter=35000 : Reward: 0.610000
iter=36000 : Reward: 0.550000
iter=37000 : Reward: 0.480000
iter=38000 : Reward: 0.630000
iter=39000 : Reward: 0.600000
iter=40000 : Reward: 0.580000
ACCURACY: 0.532699979246
Model saved in file: model_runs/20glimpse_9max_10N/classifymodel_40000.ckpt
--- 11590.948123999999 CPU seconds ---
iter=41000 : Reward: 0.540000
iter=42000 : Reward: 0.550000
iter=43000 : Reward: 0.400000
iter=44000 : Reward: 0.600000
iter=45000 : Reward: 0.550000
iter=46000 : Reward: 0.520000
iter=47000 : Reward: 0.530000
iter=48000 : Reward: 0.620000
iter=49000 : Reward: 0.660000
iter=50000 : Reward: 0.620000
ACCURACY: 0.542899980545
Model saved in file: model_runs/20glimpse_9max_10N/classifymodel_50000.ckpt
--- 14089.941120999998 CPU seconds ---
iter=51000 : Reward: 0.530000
iter=52000 : Reward: 0.520000
iter=53000 : Reward: 0.560000
iter=54000 : Reward: 0.480000
iter=55000 : Reward: 0.550000
iter=56000 : Reward: 0.410000
iter=57000 : Reward: 0.600000
iter=58000 : Reward: 0.580000
iter=59000 : Reward: 0.580000
iter=60000 : Reward: 0.550000
ACCURACY: 0.54879997611
Model saved in file: model_runs/20glimpse_9max_10N/classifymodel_60000.ckpt
--- 16585.280064 CPU seconds ---
iter=61000 : Reward: 0.520000
iter=62000 : Reward: 0.520000
iter=63000 : Reward: 0.550000
iter=64000 : Reward: 0.620000
iter=65000 : Reward: 0.510000
iter=66000 : Reward: 0.580000
iter=67000 : Reward: 0.670000
iter=68000 : Reward: 0.620000
iter=69000 : Reward: 0.560000
iter=70000 : Reward: 0.580000
ACCURACY: 0.562299976945
Model saved in file: model_runs/20glimpse_9max_10N/classifymodel_70000.ckpt
--- 19083.459892 CPU seconds ---
iter=71000 : Reward: 0.570000
iter=72000 : Reward: 0.540000
iter=73000 : Reward: 0.470000
iter=74000 : Reward: 0.630000
iter=75000 : Reward: 0.690000
iter=76000 : Reward: 0.480000
iter=77000 : Reward: 0.580000
iter=78000 : Reward: 0.620000
iter=79000 : Reward: 0.640000
iter=80000 : Reward: 0.620000
ACCURACY: 0.548899976313
Model saved in file: model_runs/20glimpse_9max_10N/classifymodel_80000.ckpt
--- 21577.325751999997 CPU seconds ---
iter=81000 : Reward: 0.560000
iter=82000 : Reward: 0.580000
iter=83000 : Reward: 0.560000
iter=84000 : Reward: 0.560000
iter=85000 : Reward: 0.540000
iter=86000 : Reward: 0.570000
iter=87000 : Reward: 0.570000
iter=88000 : Reward: 0.510000
iter=89000 : Reward: 0.600000
iter=90000 : Reward: 0.560000
ACCURACY: 0.567299978137
Model saved in file: model_runs/20glimpse_9max_10N/classifymodel_90000.ckpt
--- 24071.627027 CPU seconds ---
iter=91000 : Reward: 0.560000
iter=92000 : Reward: 0.540000
iter=93000 : Reward: 0.530000
iter=94000 : Reward: 0.590000
iter=95000 : Reward: 0.670000
iter=96000 : Reward: 0.610000
iter=97000 : Reward: 0.530000
iter=98000 : Reward: 0.560000
iter=99000 : Reward: 0.510000
iter=100000 : Reward: 0.550000
ACCURACY: 0.575499979854
Model saved in file: model_runs/20glimpse_9max_10N/classifymodel_100000.ckpt
--- 26563.311136999997 CPU seconds ---
iter=101000 : Reward: 0.620000
iter=102000 : Reward: 0.600000
iter=103000 : Reward: 0.640000
iter=104000 : Reward: 0.600000
iter=105000 : Reward: 0.590000
iter=106000 : Reward: 0.470000
iter=107000 : Reward: 0.560000
iter=108000 : Reward: 0.530000
iter=109000 : Reward: 0.580000
iter=110000 : Reward: 0.640000
ACCURACY: 0.585699980259
Model saved in file: model_runs/20glimpse_9max_10N/classifymodel_110000.ckpt
--- 29058.870130999996 CPU seconds ---
iter=111000 : Reward: 0.620000
iter=112000 : Reward: 0.520000
iter=113000 : Reward: 0.550000
iter=114000 : Reward: 0.670000
iter=115000 : Reward: 0.610000
iter=116000 : Reward: 0.530000
iter=117000 : Reward: 0.670000
iter=118000 : Reward: 0.630000
iter=119000 : Reward: 0.630000
iter=120000 : Reward: 0.630000
ACCURACY: 0.569199979007
Model saved in file: model_runs/20glimpse_9max_10N/classifymodel_120000.ckpt
--- 31554.492712999996 CPU seconds ---
iter=121000 : Reward: 0.550000
iter=122000 : Reward: 0.580000
iter=123000 : Reward: 0.630000
iter=124000 : Reward: 0.540000
iter=125000 : Reward: 0.500000
iter=126000 : Reward: 0.600000
iter=127000 : Reward: 0.570000
iter=128000 : Reward: 0.640000
iter=129000 : Reward: 0.560000
iter=130000 : Reward: 0.490000
ACCURACY: 0.576099978387
Model saved in file: model_runs/20glimpse_9max_10N/classifymodel_130000.ckpt
--- 34046.56644999999 CPU seconds ---
iter=131000 : Reward: 0.570000
iter=132000 : Reward: 0.610000
iter=133000 : Reward: 0.570000
iter=134000 : Reward: 0.610000
iter=135000 : Reward: 0.560000
iter=136000 : Reward: 0.530000
iter=137000 : Reward: 0.530000
iter=138000 : Reward: 0.590000
iter=139000 : Reward: 0.560000
iter=140000 : Reward: 0.670000
ACCURACY: 0.569799976349
Model saved in file: model_runs/20glimpse_9max_10N/classifymodel_140000.ckpt
--- 36541.60668899999 CPU seconds ---
iter=141000 : Reward: 0.560000
iter=142000 : Reward: 0.620000
iter=143000 : Reward: 0.630000
iter=144000 : Reward: 0.570000
iter=145000 : Reward: 0.600000
iter=146000 : Reward: 0.630000
iter=147000 : Reward: 0.580000
iter=148000 : Reward: 0.630000
iter=149000 : Reward: 0.560000
iter=150000 : Reward: 0.620000
ACCURACY: 0.58519998163
Model saved in file: model_runs/20glimpse_9max_10N/classifymodel_150000.ckpt
--- 39032.85589199999 CPU seconds ---
iter=151000 : Reward: 0.520000
iter=152000 : Reward: 0.570000
iter=153000 : Reward: 0.550000
iter=154000 : Reward: 0.650000
iter=155000 : Reward: 0.540000
iter=156000 : Reward: 0.610000
iter=157000 : Reward: 0.680000
iter=158000 : Reward: 0.560000
iter=159000 : Reward: 0.600000
iter=160000 : Reward: 0.570000
ACCURACY: 0.571099978387
Model saved in file: model_runs/20glimpse_9max_10N/classifymodel_160000.ckpt
--- 41528.31520899999 CPU seconds ---
iter=161000 : Reward: 0.640000
iter=162000 : Reward: 0.590000
iter=163000 : Reward: 0.600000
iter=164000 : Reward: 0.540000
iter=165000 : Reward: 0.590000
iter=166000 : Reward: 0.650000
iter=167000 : Reward: 0.540000
iter=168000 : Reward: 0.590000
iter=169000 : Reward: 0.660000
iter=170000 : Reward: 0.620000
ACCURACY: 0.602399984598
Model saved in file: model_runs/20glimpse_9max_10N/classifymodel_170000.ckpt
--- 44024.323781999985 CPU seconds ---
iter=171000 : Reward: 0.610000
iter=172000 : Reward: 0.590000
iter=173000 : Reward: 0.670000
iter=174000 : Reward: 0.680000
iter=175000 : Reward: 0.660000
iter=176000 : Reward: 0.610000
iter=177000 : Reward: 0.580000
iter=178000 : Reward: 0.590000
iter=179000 : Reward: 0.560000
iter=180000 : Reward: 0.660000
ACCURACY: 0.617899979353
Model saved in file: model_runs/20glimpse_9max_10N/classifymodel_180000.ckpt
--- 46517.95090799999 CPU seconds ---
iter=181000 : Reward: 0.590000
iter=182000 : Reward: 0.590000
iter=183000 : Reward: 0.600000
iter=184000 : Reward: 0.710000
iter=185000 : Reward: 0.600000
iter=186000 : Reward: 0.640000
iter=187000 : Reward: 0.590000
iter=188000 : Reward: 0.660000
iter=189000 : Reward: 0.580000
iter=190000 : Reward: 0.620000
ACCURACY: 0.615499973893
Model saved in file: model_runs/20glimpse_9max_10N/classifymodel_190000.ckpt
--- 49014.15624099998 CPU seconds ---
iter=191000 : Reward: 0.680000
iter=192000 : Reward: 0.570000
iter=193000 : Reward: 0.550000
iter=194000 : Reward: 0.580000
iter=195000 : Reward: 0.620000
iter=196000 : Reward: 0.500000
iter=197000 : Reward: 0.560000
iter=198000 : Reward: 0.570000
iter=199000 : Reward: 0.650000
iter=200000 : Reward: 0.610000
ACCURACY: 0.628899980187
Model saved in file: model_runs/20glimpse_9max_10N/classifymodel_200000.ckpt
--- 51507.74419799998 CPU seconds ---
iter=201000 : Reward: 0.570000
iter=202000 : Reward: 0.650000
iter=203000 : Reward: 0.630000
iter=204000 : Reward: 0.620000
iter=205000 : Reward: 0.570000
iter=206000 : Reward: 0.630000
iter=207000 : Reward: 0.660000
iter=208000 : Reward: 0.620000
iter=209000 : Reward: 0.530000
iter=210000 : Reward: 0.580000
ACCURACY: 0.612699980736
Model saved in file: model_runs/20glimpse_9max_10N/classifymodel_210000.ckpt
--- 54000.51930699997 CPU seconds ---
iter=211000 : Reward: 0.660000
iter=212000 : Reward: 0.590000
iter=213000 : Reward: 0.620000
iter=214000 : Reward: 0.650000
iter=215000 : Reward: 0.640000
iter=216000 : Reward: 0.590000
iter=217000 : Reward: 0.640000
iter=218000 : Reward: 0.740000
iter=219000 : Reward: 0.610000
iter=220000 : Reward: 0.680000
ACCURACY: 0.630899978876
Model saved in file: model_runs/20glimpse_9max_10N/classifymodel_220000.ckpt
--- 56495.25869999997 CPU seconds ---
iter=221000 : Reward: 0.660000
iter=222000 : Reward: 0.660000
iter=223000 : Reward: 0.610000
iter=224000 : Reward: 0.600000
iter=225000 : Reward: 0.640000
iter=226000 : Reward: 0.640000
iter=227000 : Reward: 0.590000
iter=228000 : Reward: 0.700000
iter=229000 : Reward: 0.670000
iter=230000 : Reward: 0.650000
ACCURACY: 0.628499977589
Model saved in file: model_runs/20glimpse_9max_10N/classifymodel_230000.ckpt
--- 58990.41239199997 CPU seconds ---
iter=231000 : Reward: 0.650000
iter=232000 : Reward: 0.590000
iter=233000 : Reward: 0.670000
iter=234000 : Reward: 0.610000
iter=235000 : Reward: 0.630000
iter=236000 : Reward: 0.590000
iter=237000 : Reward: 0.620000
iter=238000 : Reward: 0.680000
iter=239000 : Reward: 0.640000
iter=240000 : Reward: 0.560000
ACCURACY: 0.6195999825
Model saved in file: model_runs/20glimpse_9max_10N/classifymodel_240000.ckpt
--- 62100.27709899998 CPU seconds ---
iter=241000 : Reward: 0.600000
iter=242000 : Reward: 0.630000
iter=243000 : Reward: 0.670000
iter=244000 : Reward: 0.690000
iter=245000 : Reward: 0.630000
iter=246000 : Reward: 0.640000
iter=247000 : Reward: 0.650000
iter=248000 : Reward: 0.620000
iter=249000 : Reward: 0.630000
iter=250000 : Reward: 0.630000
ACCURACY: 0.616399981976
Model saved in file: model_runs/20glimpse_9max_10N/classifymodel_250000.ckpt
--- 65988.74128699998 CPU seconds ---
iter=251000 : Reward: 0.710000
iter=252000 : Reward: 0.660000
iter=253000 : Reward: 0.660000
iter=254000 : Reward: 0.580000
iter=255000 : Reward: 0.610000
iter=256000 : Reward: 0.630000
iter=257000 : Reward: 0.680000
iter=258000 : Reward: 0.660000
iter=259000 : Reward: 0.630000
iter=260000 : Reward: 0.640000
ACCURACY: 0.653699977994
Model saved in file: model_runs/20glimpse_9max_10N/classifymodel_260000.ckpt
--- 70163.95217799998 CPU seconds ---
iter=261000 : Reward: 0.630000
iter=262000 : Reward: 0.690000
iter=263000 : Reward: 0.620000
iter=264000 : Reward: 0.690000
iter=265000 : Reward: 0.550000
iter=266000 : Reward: 0.660000
iter=267000 : Reward: 0.670000
iter=268000 : Reward: 0.600000
iter=269000 : Reward: 0.640000
iter=270000 : Reward: 0.630000
ACCURACY: 0.639199979305
Model saved in file: model_runs/20glimpse_9max_10N/classifymodel_270000.ckpt
--- 74349.96987499998 CPU seconds ---
iter=271000 : Reward: 0.660000
