['BASIC_classify_blobs.py', 'BASIC_DRAM_run_6', 'true', 'true', 'true', 'true', 'true', 'model_runs/BASIC_DRAM_run_6/classify_log.csv', 'model_runs/BASIC_DRAM_run_6/classifymodel_0.ckpt', 'model_runs/BASIC_DRAM_run_6/classifymodel_', 'model_runs/BASIC_DRAM_run_6/zzzdraw_data_5000.npy', 'false', 'true', 'false', 'false', 'true']
2017-10-14 20:29:47.144914: W tensorflow/core/platform/cpu_feature_guard.cc:45] The TensorFlow library wasn't compiled to use SSE4.1 instructions, but these are available on your machine and could speed up CPU computations.
2017-10-14 20:29:47.144965: W tensorflow/core/platform/cpu_feature_guard.cc:45] The TensorFlow library wasn't compiled to use SSE4.2 instructions, but these are available on your machine and could speed up CPU computations.
2017-10-14 20:29:47.144975: W tensorflow/core/platform/cpu_feature_guard.cc:45] The TensorFlow library wasn't compiled to use AVX instructions, but these are available on your machine and could speed up CPU computations.
2017-10-14 20:29:47.144984: W tensorflow/core/platform/cpu_feature_guard.cc:45] The TensorFlow library wasn't compiled to use AVX2 instructions, but these are available on your machine and could speed up CPU computations.
2017-10-14 20:29:47.144992: W tensorflow/core/platform/cpu_feature_guard.cc:45] The TensorFlow library wasn't compiled to use FMA instructions, but these are available on your machine and could speed up CPU computations.
iter=0 : Reward: 0.000700 Predcost: 0.107070
ACCURACY: 0.46313332955
Model saved in file: model_runs/BASIC_DRAM_run_6/classifymodel_0.ckpt
--- 4.828924000000001 CPU seconds ---
iter=100 : Reward: 0.024500 Predcost: 11.225149
iter=200 : Reward: 0.022000 Predcost: 11.256322
ACCURACY: 0.0664666663979
Model saved in file: model_runs/BASIC_DRAM_run_6/classifymodel_250.ckpt
--- 94.20909999999998 CPU seconds ---
iter=300 : Reward: 0.024900 Predcost: 11.221260
iter=400 : Reward: 0.027400 Predcost: 11.194180
iter=500 : Reward: 0.029000 Predcost: 11.167337
ACCURACY: 0.0655333331476
Model saved in file: model_runs/BASIC_DRAM_run_6/classifymodel_500.ckpt
--- 180.18577299999998 CPU seconds ---
iter=600 : Reward: 0.029400 Predcost: 11.162067
iter=700 : Reward: 0.030300 Predcost: 11.144109
iter=800 : Reward: 0.032900 Predcost: 11.113354
iter=900 : Reward: 0.033100 Predcost: 11.125064
iter=1000 : Reward: 0.033400 Predcost: 11.111460
ACCURACY: 0.0685999999444
Model saved in file: model_runs/BASIC_DRAM_run_6/classifymodel_1000.ckpt
--- 354.15011599999997 CPU seconds ---
iter=1100 : Reward: 0.034200 Predcost: 11.109052
iter=1200 : Reward: 0.030600 Predcost: 11.152594
iter=1300 : Reward: 0.032500 Predcost: 11.130676
iter=1400 : Reward: 0.038200 Predcost: 11.060118
iter=1500 : Reward: 0.034500 Predcost: 11.111059
iter=1600 : Reward: 0.032400 Predcost: 11.135195
iter=1700 : Reward: 0.038000 Predcost: 11.073196
iter=1800 : Reward: 0.043500 Predcost: 11.012096
iter=1900 : Reward: 0.036700 Predcost: 11.090379
iter=2000 : Reward: 0.039600 Predcost: 11.054254
ACCURACY: 0.0670666664715
Model saved in file: model_runs/BASIC_DRAM_run_6/classifymodel_2000.ckpt
--- 700.1306669999999 CPU seconds ---
iter=2100 : Reward: 0.037000 Predcost: 11.085829
iter=2200 : Reward: 0.038300 Predcost: 11.070460
iter=2300 : Reward: 0.038600 Predcost: 11.068380
iter=2400 : Reward: 0.040300 Predcost: 11.048962
iter=2500 : Reward: 0.040100 Predcost: 11.051264
iter=2600 : Reward: 0.039200 Predcost: 11.061626
iter=2700 : Reward: 0.038400 Predcost: 11.070836
iter=2800 : Reward: 0.038400 Predcost: 11.070837
iter=2900 : Reward: 0.036600 Predcost: 11.091560
iter=3000 : Reward: 0.037900 Predcost: 11.076593
iter=3100 : Reward: 0.035800 Predcost: 11.100770
iter=3200 : Reward: 0.040100 Predcost: 11.051265
iter=3300 : Reward: 0.041800 Predcost: 11.031692
iter=3400 : Reward: 0.044500 Predcost: 11.000608
iter=3500 : Reward: 0.043400 Predcost: 11.013272
iter=3600 : Reward: 0.040800 Predcost: 11.043206
iter=3700 : Reward: 0.040900 Predcost: 11.042055
iter=3800 : Reward: 0.036800 Predcost: 11.089258
iter=3900 : Reward: 0.040500 Predcost: 11.046659
iter=4000 : Reward: 0.038700 Predcost: 11.067383
ACCURACY: 0.0679999999826
Model saved in file: model_runs/BASIC_DRAM_run_6/classifymodel_4000.ckpt
--- 1390.9592979999998 CPU seconds ---
iter=4100 : Reward: 0.042200 Predcost: 11.027088
iter=4200 : Reward: 0.038400 Predcost: 11.070837
iter=4300 : Reward: 0.039200 Predcost: 11.061626
iter=4400 : Reward: 0.038500 Predcost: 11.069685
iter=4500 : Reward: 0.042500 Predcost: 11.023634
iter=4600 : Reward: 0.037600 Predcost: 11.080047
iter=4700 : Reward: 0.041800 Predcost: 11.031692
iter=4800 : Reward: 0.040900 Predcost: 11.042054
iter=4900 : Reward: 0.041000 Predcost: 11.040903
iter=5000 : Reward: 0.039500 Predcost: 11.058172
iter=5100 : Reward: 0.039300 Predcost: 11.060475
iter=5200 : Reward: 0.043400 Predcost: 11.013272
iter=5300 : Reward: 0.041100 Predcost: 11.039751
iter=5400 : Reward: 0.041400 Predcost: 11.036298
iter=5500 : Reward: 0.041200 Predcost: 11.038601
iter=5600 : Reward: 0.038600 Predcost: 11.068535
iter=5700 : Reward: 0.041500 Predcost: 11.035146
iter=5800 : Reward: 0.039700 Predcost: 11.055870
iter=5900 : Reward: 0.041200 Predcost: 11.038600
iter=6000 : Reward: 0.042300 Predcost: 11.025936
iter=6100 : Reward: 0.039900 Predcost: 11.053568
iter=6200 : Reward: 0.035300 Predcost: 11.106527
iter=6300 : Reward: 0.041500 Predcost: 11.035147
iter=6400 : Reward: 0.039900 Predcost: 11.053567
iter=6500 : Reward: 0.039500 Predcost: 11.058173
iter=6600 : Reward: 0.037000 Predcost: 11.086955
iter=6700 : Reward: 0.039900 Predcost: 11.053568
iter=6800 : Reward: 0.040900 Predcost: 11.042054
iter=6900 : Reward: 0.041300 Predcost: 11.037449
iter=7000 : Reward: 0.035700 Predcost: 11.101922
iter=7100 : Reward: 0.041400 Predcost: 11.036298
iter=7200 : Reward: 0.041500 Predcost: 11.035147
iter=7300 : Reward: 0.041900 Predcost: 11.030542
iter=7400 : Reward: 0.039100 Predcost: 11.062778
iter=7500 : Reward: 0.038400 Predcost: 11.070837
iter=7600 : Reward: 0.039400 Predcost: 11.059324
iter=7700 : Reward: 0.036600 Predcost: 11.091560
iter=7800 : Reward: 0.037200 Predcost: 11.084653
iter=7900 : Reward: 0.042200 Predcost: 11.027088
iter=8000 : Reward: 0.041100 Predcost: 11.039752
ACCURACY: 0.072266666616
Model saved in file: model_runs/BASIC_DRAM_run_6/classifymodel_8000.ckpt
--- 2774.14707 CPU seconds ---
iter=8100 : Reward: 0.040000 Predcost: 11.052416
iter=8200 : Reward: 0.040900 Predcost: 11.042054
iter=8300 : Reward: 0.038300 Predcost: 11.071987
iter=8400 : Reward: 0.039400 Predcost: 11.059324
iter=8500 : Reward: 0.043200 Predcost: 11.015575
iter=8600 : Reward: 0.043500 Predcost: 11.012121
iter=8700 : Reward: 0.038800 Predcost: 11.066232
iter=8800 : Reward: 0.040500 Predcost: 11.046660
iter=8900 : Reward: 0.037800 Predcost: 11.077744
iter=9000 : Reward: 0.038100 Predcost: 11.074290
iter=9100 : Reward: 0.038700 Predcost: 11.067382
iter=9200 : Reward: 0.039400 Predcost: 11.059324
iter=9300 : Reward: 0.035200 Predcost: 11.107678
iter=9400 : Reward: 0.038100 Predcost: 11.074291
iter=9500 : Reward: 0.038200 Predcost: 11.073139
iter=9600 : Reward: 0.042800 Predcost: 11.020180
iter=9700 : Reward: 0.034000 Predcost: 11.121494
iter=9800 : Reward: 0.039400 Predcost: 11.059324
iter=9900 : Reward: 0.036200 Predcost: 11.096165
iter=10000 : Reward: 0.037400 Predcost: 11.082350
iter=10100 : Reward: 0.037300 Predcost: 11.083501
iter=10200 : Reward: 0.039500 Predcost: 11.058172
iter=10300 : Reward: 0.041500 Predcost: 11.035147
iter=10400 : Reward: 0.041600 Predcost: 11.033995
iter=10500 : Reward: 0.041500 Predcost: 11.035147
iter=10600 : Reward: 0.042000 Predcost: 11.029390
iter=10700 : Reward: 0.041300 Predcost: 11.037449
iter=10800 : Reward: 0.044100 Predcost: 11.005213
iter=10900 : Reward: 0.040400 Predcost: 11.047811
iter=11000 : Reward: 0.041400 Predcost: 11.036298
iter=11100 : Reward: 0.041900 Predcost: 11.030542
iter=11200 : Reward: 0.040600 Predcost: 11.045509
iter=11300 : Reward: 0.037800 Predcost: 11.077745
iter=11400 : Reward: 0.039200 Predcost: 11.061627
iter=11500 : Reward: 0.038800 Predcost: 11.066232
iter=11600 : Reward: 0.037900 Predcost: 11.076594
iter=11700 : Reward: 0.041200 Predcost: 11.038601
iter=11800 : Reward: 0.037400 Predcost: 11.082350
iter=11900 : Reward: 0.038700 Predcost: 11.067383
iter=12000 : Reward: 0.039300 Predcost: 11.060475
iter=12100 : Reward: 0.037500 Predcost: 11.081199
iter=12200 : Reward: 0.040700 Predcost: 11.044357
iter=12300 : Reward: 0.039500 Predcost: 11.058173
iter=12400 : Reward: 0.037900 Predcost: 11.076593
iter=12500 : Reward: 0.035000 Predcost: 11.109981
iter=12600 : Reward: 0.039100 Predcost: 11.062777
iter=12700 : Reward: 0.037000 Predcost: 11.086955
iter=12800 : Reward: 0.040500 Predcost: 11.046660
iter=12900 : Reward: 0.038700 Predcost: 11.067383
iter=13000 : Reward: 0.039000 Predcost: 11.063929
iter=13100 : Reward: 0.038500 Predcost: 11.069686
iter=13200 : Reward: 0.036300 Predcost: 11.095014
iter=13300 : Reward: 0.038800 Predcost: 11.066232
iter=13400 : Reward: 0.041400 Predcost: 11.036298
iter=13500 : Reward: 0.042600 Predcost: 11.022483
iter=13600 : Reward: 0.039400 Predcost: 11.059324
iter=13700 : Reward: 0.040100 Predcost: 11.051265
iter=13800 : Reward: 0.038300 Predcost: 11.071989
iter=13900 : Reward: 0.038200 Predcost: 11.073140
iter=14000 : Reward: 0.040600 Predcost: 11.045509
iter=14100 : Reward: 0.038100 Predcost: 11.074291
iter=14200 : Reward: 0.039200 Predcost: 11.061626
iter=14300 : Reward: 0.035700 Predcost: 11.101922
iter=14400 : Reward: 0.039500 Predcost: 11.058173
iter=14500 : Reward: 0.036800 Predcost: 11.089257
iter=14600 : Reward: 0.037700 Predcost: 11.078896
iter=14700 : Reward: 0.040300 Predcost: 11.048962
iter=14800 : Reward: 0.039200 Predcost: 11.061627
iter=14900 : Reward: 0.041300 Predcost: 11.037449
iter=15000 : Reward: 0.040200 Predcost: 11.050114
iter=15100 : Reward: 0.038300 Predcost: 11.071988
iter=15200 : Reward: 0.039200 Predcost: 11.061626
iter=15300 : Reward: 0.040100 Predcost: 11.051265
iter=15400 : Reward: 0.038200 Predcost: 11.073139
iter=15500 : Reward: 0.040100 Predcost: 11.051265
iter=15600 : Reward: 0.043100 Predcost: 11.016726
iter=15700 : Reward: 0.038700 Predcost: 11.067382
iter=15800 : Reward: 0.035200 Predcost: 11.107679
iter=15900 : Reward: 0.036700 Predcost: 11.090409
iter=16000 : Reward: 0.042100 Predcost: 11.028239
ACCURACY: 0.0666666665673
Model saved in file: model_runs/BASIC_DRAM_run_6/classifymodel_16000.ckpt
--- 5544.72783 CPU seconds ---
iter=16100 : Reward: 0.041900 Predcost: 11.030542
iter=16200 : Reward: 0.039200 Predcost: 11.061627
iter=16300 : Reward: 0.040500 Predcost: 11.046659
iter=16400 : Reward: 0.041000 Predcost: 11.040904
iter=16500 : Reward: 0.038600 Predcost: 11.068535
iter=16600 : Reward: 0.041900 Predcost: 11.030541
iter=16700 : Reward: 0.041200 Predcost: 11.038600
iter=16800 : Reward: 0.037000 Predcost: 11.086954
iter=16900 : Reward: 0.039900 Predcost: 11.053567
iter=17000 : Reward: 0.038200 Predcost: 11.073139
iter=17100 : Reward: 0.038400 Predcost: 11.070837
iter=17200 : Reward: 0.038900 Predcost: 11.065081
iter=17300 : Reward: 0.041000 Predcost: 11.040903
iter=17400 : Reward: 0.040100 Predcost: 11.051265
iter=17500 : Reward: 0.039100 Predcost: 11.062777
iter=17600 : Reward: 0.037300 Predcost: 11.083501
iter=17700 : Reward: 0.040000 Predcost: 11.052416
iter=17800 : Reward: 0.039900 Predcost: 11.053568
iter=17900 : Reward: 0.043100 Predcost: 11.016726
iter=18000 : Reward: 0.039800 Predcost: 11.054719
iter=18100 : Reward: 0.043700 Predcost: 11.009818
iter=18200 : Reward: 0.036700 Predcost: 11.090409
iter=18300 : Reward: 0.040800 Predcost: 11.043206
iter=18400 : Reward: 0.038800 Predcost: 11.066232
iter=18500 : Reward: 0.040200 Predcost: 11.050114
iter=18600 : Reward: 0.041000 Predcost: 11.040903
iter=18700 : Reward: 0.037500 Predcost: 11.081199
iter=18800 : Reward: 0.044200 Predcost: 11.004062
iter=18900 : Reward: 0.043400 Predcost: 11.013272
iter=19000 : Reward: 0.042500 Predcost: 11.023634
iter=19100 : Reward: 0.040100 Predcost: 11.051265
iter=19200 : Reward: 0.040600 Predcost: 11.045508
iter=19300 : Reward: 0.040100 Predcost: 11.051265
iter=19400 : Reward: 0.042500 Predcost: 11.023634
iter=19500 : Reward: 0.034500 Predcost: 11.115738
iter=19600 : Reward: 0.040300 Predcost: 11.048962
iter=19700 : Reward: 0.038400 Predcost: 11.070837
iter=19800 : Reward: 0.040300 Predcost: 11.048962
iter=19900 : Reward: 0.041200 Predcost: 11.038601
iter=20000 : Reward: 0.041700 Predcost: 11.032844
iter=20100 : Reward: 0.038700 Predcost: 11.067383
iter=20200 : Reward: 0.039500 Predcost: 11.058173
iter=20300 : Reward: 0.038900 Predcost: 11.065080
iter=20400 : Reward: 0.038400 Predcost: 11.070837
iter=20500 : Reward: 0.040800 Predcost: 11.043205
iter=20600 : Reward: 0.040800 Predcost: 11.043206
iter=20700 : Reward: 0.037100 Predcost: 11.085804
iter=20800 : Reward: 0.039800 Predcost: 11.054718
iter=20900 : Reward: 0.040300 Predcost: 11.048962
iter=21000 : Reward: 0.038800 Predcost: 11.066232
iter=21100 : Reward: 0.038100 Predcost: 11.074291
iter=21200 : Reward: 0.042300 Predcost: 11.025936
iter=21300 : Reward: 0.042500 Predcost: 11.023634
iter=21400 : Reward: 0.041700 Predcost: 11.032844
iter=21500 : Reward: 0.038100 Predcost: 11.074291
iter=21600 : Reward: 0.040200 Predcost: 11.050114
iter=21700 : Reward: 0.036100 Predcost: 11.097317
iter=21800 : Reward: 0.040000 Predcost: 11.052416
iter=21900 : Reward: 0.039300 Predcost: 11.060475
iter=22000 : Reward: 0.038200 Predcost: 11.073139
iter=22100 : Reward: 0.037100 Predcost: 11.085804
iter=22200 : Reward: 0.040900 Predcost: 11.042054
iter=22300 : Reward: 0.039400 Predcost: 11.059324
iter=22400 : Reward: 0.040800 Predcost: 11.043206
iter=22500 : Reward: 0.040700 Predcost: 11.044357
iter=22600 : Reward: 0.040100 Predcost: 11.051265
iter=22700 : Reward: 0.036200 Predcost: 11.096165
iter=22800 : Reward: 0.041200 Predcost: 11.038600
iter=22900 : Reward: 0.037800 Predcost: 11.077745
iter=23000 : Reward: 0.040800 Predcost: 11.043206
iter=23100 : Reward: 0.038100 Predcost: 11.074291
iter=23200 : Reward: 0.038300 Predcost: 11.071988
iter=23300 : Reward: 0.038200 Predcost: 11.073139
iter=23400 : Reward: 0.037600 Predcost: 11.080047
iter=23500 : Reward: 0.038800 Predcost: 11.066232
iter=23600 : Reward: 0.039400 Predcost: 11.059323
iter=23700 : Reward: 0.041800 Predcost: 11.031693
iter=23800 : Reward: 0.035200 Predcost: 11.107678
iter=23900 : Reward: 0.036900 Predcost: 11.088106
iter=24000 : Reward: 0.038900 Predcost: 11.065080
iter=24100 : Reward: 0.041200 Predcost: 11.038600
iter=24200 : Reward: 0.039000 Predcost: 11.063929
iter=24300 : Reward: 0.041200 Predcost: 11.038600
iter=24400 : Reward: 0.038300 Predcost: 11.071988
iter=24500 : Reward: 0.039200 Predcost: 11.061626
iter=24600 : Reward: 0.039500 Predcost: 11.058172
iter=24700 : Reward: 0.037300 Predcost: 11.083501
iter=24800 : Reward: 0.034800 Predcost: 11.112283
iter=24900 : Reward: 0.044100 Predcost: 11.005212
iter=25000 : Reward: 0.038900 Predcost: 11.065080
iter=25100 : Reward: 0.037500 Predcost: 11.081198
iter=25200 : Reward: 0.040800 Predcost: 11.043206
iter=25300 : Reward: 0.037800 Predcost: 11.077744
iter=25400 : Reward: 0.037100 Predcost: 11.085802
iter=25500 : Reward: 0.044900 Predcost: 10.996003
iter=25600 : Reward: 0.042700 Predcost: 11.021330
iter=25700 : Reward: 0.038700 Predcost: 11.067382
iter=25800 : Reward: 0.041900 Predcost: 11.030542
iter=25900 : Reward: 0.038100 Predcost: 11.074291
iter=26000 : Reward: 0.039800 Predcost: 11.054717
iter=26100 : Reward: 0.038100 Predcost: 11.074289
iter=26200 : Reward: 0.036700 Predcost: 11.090407
iter=26300 : Reward: 0.040800 Predcost: 11.043204
iter=26400 : Reward: 0.040200 Predcost: 11.050113
iter=26500 : Reward: 0.040100 Predcost: 11.051263
iter=26600 : Reward: 0.040000 Predcost: 11.052414
iter=26700 : Reward: 0.038800 Predcost: 11.066231
iter=26800 : Reward: 0.042300 Predcost: 11.025934
iter=26900 : Reward: 0.040900 Predcost: 11.042053
iter=27000 : Reward: 0.038400 Predcost: 11.070835
iter=27100 : Reward: 0.040800 Predcost: 11.043205
iter=27200 : Reward: 0.043700 Predcost: 11.009818
iter=27300 : Reward: 0.043100 Predcost: 11.016726
iter=27400 : Reward: 0.040400 Predcost: 11.047811
iter=27500 : Reward: 0.039600 Predcost: 11.057022
iter=27600 : Reward: 0.041700 Predcost: 11.032844
iter=27700 : Reward: 0.040000 Predcost: 11.052416
iter=27800 : Reward: 0.038200 Predcost: 11.073139
iter=27900 : Reward: 0.038900 Predcost: 11.065080
iter=28000 : Reward: 0.042500 Predcost: 11.023634
iter=28100 : Reward: 0.037100 Predcost: 11.085802
iter=28200 : Reward: 0.041100 Predcost: 11.039751
iter=28300 : Reward: 0.039700 Predcost: 11.055869
iter=28400 : Reward: 0.039500 Predcost: 11.058171
iter=28500 : Reward: 0.038700 Predcost: 11.067381
iter=28600 : Reward: 0.042600 Predcost: 11.022482
iter=28700 : Reward: 0.040100 Predcost: 11.051263
iter=28800 : Reward: 0.036900 Predcost: 11.088104
iter=28900 : Reward: 0.038800 Predcost: 11.066231
iter=29000 : Reward: 0.039600 Predcost: 11.057021
iter=29100 : Reward: 0.041700 Predcost: 11.032843
iter=29200 : Reward: 0.037900 Predcost: 11.076592
iter=29300 : Reward: 0.039800 Predcost: 11.054718
iter=29400 : Reward: 0.040500 Predcost: 11.046659
iter=29500 : Reward: 0.040700 Predcost: 11.044357
iter=29600 : Reward: 0.040200 Predcost: 11.050112
iter=29700 : Reward: 0.039300 Predcost: 11.060474
iter=29800 : Reward: 0.038200 Predcost: 11.073139
iter=29900 : Reward: 0.042700 Predcost: 11.021331
iter=30000 : Reward: 0.041400 Predcost: 11.036297
iter=30100 : Reward: 0.037400 Predcost: 11.082349
iter=30200 : Reward: 0.043600 Predcost: 11.010969
iter=30300 : Reward: 0.040200 Predcost: 11.050113
iter=30400 : Reward: 0.044900 Predcost: 10.996003
iter=30500 : Reward: 0.040100 Predcost: 11.051265
iter=30600 : Reward: 0.036000 Predcost: 11.098467
iter=30700 : Reward: 0.037000 Predcost: 11.086955
iter=30800 : Reward: 0.037100 Predcost: 11.085802
iter=30900 : Reward: 0.037300 Predcost: 11.083501
iter=31000 : Reward: 0.038800 Predcost: 11.066230
iter=31100 : Reward: 0.035100 Predcost: 11.108828
iter=31200 : Reward: 0.038300 Predcost: 11.071988
iter=31300 : Reward: 0.037100 Predcost: 11.085802
iter=31400 : Reward: 0.037500 Predcost: 11.081197
iter=31500 : Reward: 0.041700 Predcost: 11.032842
iter=31600 : Reward: 0.036500 Predcost: 11.092709
iter=31700 : Reward: 0.038500 Predcost: 11.069684
iter=31800 : Reward: 0.039700 Predcost: 11.055869
iter=31900 : Reward: 0.039800 Predcost: 11.054717
iter=32000 : Reward: 0.039700 Predcost: 11.055870
ACCURACY: 0.067399999996
Model saved in file: model_runs/BASIC_DRAM_run_6/classifymodel_32000.ckpt
--- 11082.85389 CPU seconds ---
iter=32100 : Reward: 0.037200 Predcost: 11.084653
iter=32200 : Reward: 0.042300 Predcost: 11.025936
iter=32300 : Reward: 0.042300 Predcost: 11.025936
iter=32400 : Reward: 0.039600 Predcost: 11.057021
iter=32500 : Reward: 0.040200 Predcost: 11.050113
iter=32600 : Reward: 0.040200 Predcost: 11.050113
iter=32700 : Reward: 0.040100 Predcost: 11.051265
iter=32800 : Reward: 0.040500 Predcost: 11.046659
iter=32900 : Reward: 0.040900 Predcost: 11.042054
iter=33000 : Reward: 0.038300 Predcost: 11.071988
iter=33100 : Reward: 0.037800 Predcost: 11.077741
