['DRAMcopy10_nli_classification.py', 'true', 'false', 'true', 'false', 'true', 'true', 'model_runs/all_knower_last_glimpse_rand_init/classify_log.csv', 'model_runs/all_knower_last_glimpse_rand_init/classifymodel_270000.ckpt', 'model_runs/all_knower_last_glimpse_rand_init/classifymodel_', 'model_runs/all_knower_last_glimpse_rand_init/zzzdraw_data_5000.npy', 'false', 'true', 'false', 'false', 'true']
WARNING:tensorflow:<tensorflow.contrib.rnn.python.ops.core_rnn_cell_impl.LSTMCell object at 0x7ff7c9b76f28>: The input_size parameter is deprecated.
WARNING:tensorflow:<tensorflow.contrib.rnn.python.ops.core_rnn_cell_impl.LSTMCell object at 0x7ff7d03fb908>: The input_size parameter is deprecated.
classification.shape, the batch_size, z_size:  (10, 9)
classification.shape, the batch_size, z_size:  (10, 9)
classification.shape, the batch_size, z_size:  (10, 9)
classification.shape, the batch_size, z_size:  (10, 9)
classification.shape, the batch_size, z_size:  (10, 9)
classification.shape, the batch_size, z_size:  (10, 9)
classification.shape, the batch_size, z_size:  (10, 9)
classification.shape, the batch_size, z_size:  (10, 9)
classification.shape, the batch_size, z_size:  (10, 9)
classification.shape, the batch_size, z_size:  (10, 9)
classification.shape, the batch_size, z_size:  (10, 9)
classification.shape, the batch_size, z_size:  (10, 9)
classification.shape, the batch_size, z_size:  (10, 9)
classification.shape, the batch_size, z_size:  (10, 9)
classification.shape, the batch_size, z_size:  (10, 9)
classification.shape, the batch_size, z_size:  (10, 9)
classification.shape, the batch_size, z_size:  (10, 9)
classification.shape, the batch_size, z_size:  (10, 9)
classification.shape, the batch_size, z_size:  (10, 9)
classification.shape, the batch_size, z_size:  (10, 9)
classification.shape, the batch_size, z_size:  (10, 9)
classification.shape, the batch_size, z_size:  (10, 9)
classification.shape, the batch_size, z_size:  (10, 9)
classification.shape, the batch_size, z_size:  (10, 9)
classification.shape, the batch_size, z_size:  (10, 9)
classification.shape, the batch_size, z_size:  (10, 9)
classification.shape, the batch_size, z_size:  (10, 9)
classification.shape, the batch_size, z_size:  (10, 9)
classification.shape, the batch_size, z_size:  (10, 9)
classification.shape, the batch_size, z_size:  (10, 9)
classification.shape, the batch_size, z_size:  (10, 9)
classification.shape, the batch_size, z_size:  (10, 9)
classification.shape, the batch_size, z_size:  (10, 9)
classification.shape, the batch_size, z_size:  (10, 9)
classification.shape, the batch_size, z_size:  (10, 9)
classification.shape, the batch_size, z_size:  (10, 9)
classification.shape, the batch_size, z_size:  (10, 9)
classification.shape, the batch_size, z_size:  (10, 9)
classification.shape, the batch_size, z_size:  (10, 9)
classification.shape, the batch_size, z_size:  (10, 9)
classification.shape, the batch_size, z_size:  (10, 9)
classification.shape, the batch_size, z_size:  (10, 9)
classification.shape, the batch_size, z_size:  (10, 9)
classification.shape, the batch_size, z_size:  (10, 9)
classification.shape, the batch_size, z_size:  (10, 9)
classification.shape, the batch_size, z_size:  (10, 9)
classification.shape, the batch_size, z_size:  (10, 9)
classification.shape, the batch_size, z_size:  (10, 9)
classification.shape, the batch_size, z_size:  (10, 9)
classification.shape, the batch_size, z_size:  (10, 9)
classification.shape, the batch_size, z_size:  (10, 9)
classification.shape, the batch_size, z_size:  (10, 9)
classification.shape, the batch_size, z_size:  (10, 9)
classification.shape, the batch_size, z_size:  (10, 9)
classification.shape, the batch_size, z_size:  (10, 9)
classification.shape, the batch_size, z_size:  (10, 9)
classification.shape, the batch_size, z_size:  (10, 9)
classification.shape, the batch_size, z_size:  (10, 9)
classification.shape, the batch_size, z_size:  (10, 9)
classification.shape, the batch_size, z_size:  (10, 9)
classification.shape, the batch_size, z_size:  (10, 9)
classification.shape, the batch_size, z_size:  (10, 9)
classification.shape, the batch_size, z_size:  (10, 9)
classification.shape, the batch_size, z_size:  (10, 9)
classification.shape, the batch_size, z_size:  (10, 9)
classification.shape, the batch_size, z_size:  (10, 9)
classification.shape, the batch_size, z_size:  (10, 9)
classification.shape, the batch_size, z_size:  (10, 9)
classification.shape, the batch_size, z_size:  (10, 9)
classification.shape, the batch_size, z_size:  (10, 9)
classification.shape, the batch_size, z_size:  (10, 9)
classification.shape, the batch_size, z_size:  (10, 9)
classification.shape, the batch_size, z_size:  (10, 9)
classification.shape, the batch_size, z_size:  (10, 9)
classification.shape, the batch_size, z_size:  (10, 9)
classification.shape, the batch_size, z_size:  (10, 9)
classification.shape, the batch_size, z_size:  (10, 9)
classification.shape, the batch_size, z_size:  (10, 9)
classification.shape, the batch_size, z_size:  (10, 9)
classification.shape, the batch_size, z_size:  (10, 9)
classification.shape, the batch_size, z_size:  (10, 9)
classification.shape, the batch_size, z_size:  (10, 9)
classification.shape, the batch_size, z_size:  (10, 9)
classification.shape, the batch_size, z_size:  (10, 9)
classification.shape, the batch_size, z_size:  (10, 9)
classification.shape, the batch_size, z_size:  (10, 9)
classification.shape, the batch_size, z_size:  (10, 9)
classification.shape, the batch_size, z_size:  (10, 9)
classification.shape, the batch_size, z_size:  (10, 9)
classification.shape, the batch_size, z_size:  (10, 9)
classification.shape, the batch_size, z_size:  (10, 9)
classification.shape, the batch_size, z_size:  (10, 9)
classification.shape, the batch_size, z_size:  (10, 9)
classification.shape, the batch_size, z_size:  (10, 9)
classification.shape, the batch_size, z_size:  (10, 9)
classification.shape, the batch_size, z_size:  (10, 9)
classification.shape, the batch_size, z_size:  (10, 9)
classification.shape, the batch_size, z_size:  (10, 9)
classification.shape, the batch_size, z_size:  (10, 9)
classification.shape, the batch_size, z_size:  (10, 9)
read/w:0
read/b:0
z/w:0
z/b:0
hidden1/w:0
hidden1/b:0
hidden2/w:0
hidden2/b:0
2017-06-27 10:38:26.569258: W tensorflow/core/platform/cpu_feature_guard.cc:45] The TensorFlow library wasn't compiled to use SSE4.1 instructions, but these are available on your machine and could speed up CPU computations.
2017-06-27 10:38:26.569286: W tensorflow/core/platform/cpu_feature_guard.cc:45] The TensorFlow library wasn't compiled to use SSE4.2 instructions, but these are available on your machine and could speed up CPU computations.
2017-06-27 10:38:26.569292: W tensorflow/core/platform/cpu_feature_guard.cc:45] The TensorFlow library wasn't compiled to use AVX instructions, but these are available on your machine and could speed up CPU computations.
2017-06-27 10:38:26.569296: W tensorflow/core/platform/cpu_feature_guard.cc:45] The TensorFlow library wasn't compiled to use AVX2 instructions, but these are available on your machine and could speed up CPU computations.
2017-06-27 10:38:26.569300: W tensorflow/core/platform/cpu_feature_guard.cc:45] The TensorFlow library wasn't compiled to use FMA instructions, but these are available on your machine and could speed up CPU computations.
2017-06-27 10:38:26.695870: I tensorflow/stream_executor/cuda/cuda_gpu_executor.cc:901] successful NUMA node read from SysFS had negative value (-1), but there must be at least one NUMA node, so returning NUMA node zero
2017-06-27 10:38:26.696416: I tensorflow/core/common_runtime/gpu/gpu_device.cc:887] Found device 0 with properties: 
name: GeForce GTX 1080
major: 6 minor: 1 memoryClockRate (GHz) 1.898
pciBusID 0000:01:00.0
Total memory: 7.92GiB
Free memory: 7.13GiB
2017-06-27 10:38:26.696472: W tensorflow/stream_executor/cuda/cuda_driver.cc:485] creating context when one is currently active; existing: 0x1feb5240
2017-06-27 10:38:26.794511: I tensorflow/stream_executor/cuda/cuda_gpu_executor.cc:901] successful NUMA node read from SysFS had negative value (-1), but there must be at least one NUMA node, so returning NUMA node zero
2017-06-27 10:38:26.794874: I tensorflow/core/common_runtime/gpu/gpu_device.cc:887] Found device 1 with properties: 
name: GeForce GTX 1080
major: 6 minor: 1 memoryClockRate (GHz) 1.898
pciBusID 0000:02:00.0
Total memory: 7.92GiB
Free memory: 7.59GiB
2017-06-27 10:38:26.796625: I tensorflow/core/common_runtime/gpu/gpu_device.cc:908] DMA: 0 1 
2017-06-27 10:38:26.796634: I tensorflow/core/common_runtime/gpu/gpu_device.cc:918] 0:   Y Y 
2017-06-27 10:38:26.796639: I tensorflow/core/common_runtime/gpu/gpu_device.cc:918] 1:   Y Y 
2017-06-27 10:38:26.796646: I tensorflow/core/common_runtime/gpu/gpu_device.cc:977] Creating TensorFlow device (/gpu:0) -> (device: 0, name: GeForce GTX 1080, pci bus id: 0000:01:00.0)
2017-06-27 10:38:26.796652: I tensorflow/core/common_runtime/gpu/gpu_device.cc:977] Creating TensorFlow device (/gpu:1) -> (device: 1, name: GeForce GTX 1080, pci bus id: 0000:02:00.0)
iter=270000 : Reward: 0.100000
batches_in_epoch:  900
ACCURACY: 0.111555557806
Model saved in file: model_runs/all_knower_last_glimpse_rand_init/classifymodel_270000.ckpt
--- 7.870051000000018 CPU seconds ---
iter=271000 : Reward: 0.300000
iter=272000 : Reward: 0.400000
iter=273000 : Reward: 0.100000
iter=274000 : Reward: 0.200000
iter=275000 : Reward: 0.300000
iter=276000 : Reward: 0.300000
iter=277000 : Reward: 0.400000
iter=278000 : Reward: 0.400000
iter=279000 : Reward: 0.000000
iter=280000 : Reward: 0.300000
batches_in_epoch:  900
ACCURACY: 0.424000010226
Model saved in file: model_runs/all_knower_last_glimpse_rand_init/classifymodel_280000.ckpt
--- 2864.140778 CPU seconds ---
iter=281000 : Reward: 0.300000
iter=282000 : Reward: 0.500000
iter=283000 : Reward: 0.000000
iter=284000 : Reward: 0.200000
iter=285000 : Reward: 0.500000
iter=286000 : Reward: 0.100000
iter=287000 : Reward: 0.100000
iter=288000 : Reward: 0.000000
iter=289000 : Reward: 0.100000
iter=290000 : Reward: 0.200000
batches_in_epoch:  900
ACCURACY: 0.108444446532
Model saved in file: model_runs/all_knower_last_glimpse_rand_init/classifymodel_290000.ckpt
--- 5724.852435000001 CPU seconds ---
iter=291000 : Reward: 0.300000
iter=292000 : Reward: 0.000000
iter=293000 : Reward: 0.200000
iter=294000 : Reward: 0.100000
iter=295000 : Reward: 0.000000
iter=296000 : Reward: 0.000000
iter=297000 : Reward: 0.100000
iter=298000 : Reward: 0.000000
iter=299000 : Reward: 0.300000
iter=300000 : Reward: 0.200000
batches_in_epoch:  900
ACCURACY: 0.115222224452
Model saved in file: model_runs/all_knower_last_glimpse_rand_init/classifymodel_300000.ckpt
--- 8591.418134 CPU seconds ---
iter=301000 : Reward: 0.100000
iter=302000 : Reward: 0.000000
iter=303000 : Reward: 0.200000
iter=304000 : Reward: 0.200000
iter=305000 : Reward: 0.100000
iter=306000 : Reward: 0.200000
iter=307000 : Reward: 0.300000
iter=308000 : Reward: 0.200000
iter=309000 : Reward: 0.200000
iter=310000 : Reward: 0.100000
batches_in_epoch:  900
ACCURACY: 0.109555557635
Model saved in file: model_runs/all_knower_last_glimpse_rand_init/classifymodel_310000.ckpt
--- 11534.366378 CPU seconds ---
iter=311000 : Reward: 0.100000
