['DRAM_classify_blobs.py', 'DRAM_classify_blobs_run_7', 'true', 'true', 'true', 'true', 'true', 'model_runs/DRAM_classify_blobs_run_7/classify_log.csv', 'model_runs/DRAM_classify_blobs_run_7/classifymodel_0.ckpt', 'model_runs/DRAM_classify_blobs_run_7/classifymodel_', 'model_runs/DRAM_classify_blobs_run_7/zzzdraw_data_5000.npy', 'false', 'true', 'false', 'false', 'true']
2017-08-09 15:07:56.871426: W tensorflow/core/platform/cpu_feature_guard.cc:45] The TensorFlow library wasn't compiled to use SSE4.1 instructions, but these are available on your machine and could speed up CPU computations.
2017-08-09 15:07:56.871482: W tensorflow/core/platform/cpu_feature_guard.cc:45] The TensorFlow library wasn't compiled to use SSE4.2 instructions, but these are available on your machine and could speed up CPU computations.
2017-08-09 15:07:56.871489: W tensorflow/core/platform/cpu_feature_guard.cc:45] The TensorFlow library wasn't compiled to use AVX instructions, but these are available on your machine and could speed up CPU computations.
2017-08-09 15:07:56.871494: W tensorflow/core/platform/cpu_feature_guard.cc:45] The TensorFlow library wasn't compiled to use AVX2 instructions, but these are available on your machine and could speed up CPU computations.
2017-08-09 15:07:56.871499: W tensorflow/core/platform/cpu_feature_guard.cc:45] The TensorFlow library wasn't compiled to use FMA instructions, but these are available on your machine and could speed up CPU computations.
iter=0 : Reward: 0.090000
ACCURACY: 0.111666666882
Model saved in file: model_runs/DRAM_classify_blobs_run_7/classifymodel_0.ckpt
--- 10.701572999999996 CPU seconds ---
iter=100 : Reward: 0.090000
iter=200 : Reward: 0.100000
ACCURACY: 0.110666666718
Model saved in file: model_runs/DRAM_classify_blobs_run_7/classifymodel_250.ckpt
--- 751.665164 CPU seconds ---
iter=300 : Reward: 0.120000
iter=400 : Reward: 0.070000
iter=500 : Reward: 0.110000
ACCURACY: 0.117999999473
Model saved in file: model_runs/DRAM_classify_blobs_run_7/classifymodel_500.ckpt
--- 1482.0794819999999 CPU seconds ---
iter=600 : Reward: 0.080000
iter=700 : Reward: 0.070000
iter=800 : Reward: 0.130000
iter=900 : Reward: 0.180000
iter=1000 : Reward: 0.180000
ACCURACY: 0.13077777769
Model saved in file: model_runs/DRAM_classify_blobs_run_7/classifymodel_1000.ckpt
--- 2950.7127119999996 CPU seconds ---
iter=1100 : Reward: 0.250000
iter=1200 : Reward: 0.190000
iter=1300 : Reward: 0.200000
iter=1400 : Reward: 0.260000
iter=1500 : Reward: 0.220000
iter=1600 : Reward: 0.250000
iter=1700 : Reward: 0.340000
iter=1800 : Reward: 0.290000
iter=1900 : Reward: 0.200000
iter=2000 : Reward: 0.270000
ACCURACY: 0.137111111151
Model saved in file: model_runs/DRAM_classify_blobs_run_7/classifymodel_2000.ckpt
--- 5878.228356 CPU seconds ---
iter=2100 : Reward: 0.400000
iter=2200 : Reward: 0.320000
iter=2300 : Reward: 0.190000
iter=2400 : Reward: 0.280000
iter=2500 : Reward: 0.330000
iter=2600 : Reward: 0.380000
iter=2700 : Reward: 0.310000
iter=2800 : Reward: 0.250000
iter=2900 : Reward: 0.330000
iter=3000 : Reward: 0.260000
iter=3100 : Reward: 0.310000
iter=3200 : Reward: 0.370000
iter=3300 : Reward: 0.220000
iter=3400 : Reward: 0.320000
iter=3500 : Reward: 0.330000
iter=3600 : Reward: 0.250000
iter=3700 : Reward: 0.270000
iter=3800 : Reward: 0.330000
iter=3900 : Reward: 0.320000
iter=4000 : Reward: 0.410000
ACCURACY: 0.138888888516
Model saved in file: model_runs/DRAM_classify_blobs_run_7/classifymodel_4000.ckpt
--- 11731.463874000001 CPU seconds ---
iter=4100 : Reward: 0.240000
iter=4200 : Reward: 0.280000
iter=4300 : Reward: 0.260000
iter=4400 : Reward: 0.310000
iter=4500 : Reward: 0.290000
iter=4600 : Reward: 0.270000
iter=4700 : Reward: 0.350000
iter=4800 : Reward: 0.260000
iter=4900 : Reward: 0.270000
iter=5000 : Reward: 0.310000
iter=5100 : Reward: 0.310000
iter=5200 : Reward: 0.340000
iter=5300 : Reward: 0.300000
iter=5400 : Reward: 0.260000
iter=5500 : Reward: 0.270000
iter=5600 : Reward: 0.300000
iter=5700 : Reward: 0.350000
iter=5800 : Reward: 0.350000
iter=5900 : Reward: 0.290000
iter=6000 : Reward: 0.370000
iter=6100 : Reward: 0.320000
iter=6200 : Reward: 0.250000
iter=6300 : Reward: 0.280000
iter=6400 : Reward: 0.280000
iter=6500 : Reward: 0.320000
iter=6600 : Reward: 0.350000
iter=6700 : Reward: 0.300000
iter=6800 : Reward: 0.330000
iter=6900 : Reward: 0.310000
iter=7000 : Reward: 0.280000
iter=7100 : Reward: 0.360000
iter=7200 : Reward: 0.320000
iter=7300 : Reward: 0.300000
iter=7400 : Reward: 0.240000
iter=7500 : Reward: 0.310000
iter=7600 : Reward: 0.320000
iter=7700 : Reward: 0.330000
iter=7800 : Reward: 0.330000
iter=7900 : Reward: 0.380000
iter=8000 : Reward: 0.320000
ACCURACY: 0.144000000258
Model saved in file: model_runs/DRAM_classify_blobs_run_7/classifymodel_8000.ckpt
--- 23650.504792999996 CPU seconds ---
iter=8100 : Reward: 0.330000
iter=8200 : Reward: 0.270000
iter=8300 : Reward: 0.300000
iter=8400 : Reward: 0.300000
iter=8500 : Reward: 0.320000
iter=8600 : Reward: 0.340000
iter=8700 : Reward: 0.350000
iter=8800 : Reward: 0.290000
iter=8900 : Reward: 0.270000
iter=9000 : Reward: 0.280000
iter=9100 : Reward: 0.290000
iter=9200 : Reward: 0.300000
iter=9300 : Reward: 0.360000
iter=9400 : Reward: 0.320000
iter=9500 : Reward: 0.360000
iter=9600 : Reward: 0.340000
iter=9700 : Reward: 0.260000
iter=9800 : Reward: 0.360000
iter=9900 : Reward: 0.380000
iter=10000 : Reward: 0.390000
ACCURACY: 0.164666665842
Model saved in file: model_runs/DRAM_classify_blobs_run_7/classifymodel_10000.ckpt
--- 29716.146163999998 CPU seconds ---
iter=10100 : Reward: 0.320000
iter=10200 : Reward: 0.360000
iter=10300 : Reward: 0.310000
iter=10400 : Reward: 0.370000
iter=10500 : Reward: 0.390000
iter=10600 : Reward: 0.390000
iter=10700 : Reward: 0.380000
iter=10800 : Reward: 0.450000
iter=10900 : Reward: 0.290000
iter=11000 : Reward: 0.350000
iter=11100 : Reward: 0.310000
iter=11200 : Reward: 0.410000
iter=11300 : Reward: 0.330000
iter=11400 : Reward: 0.380000
iter=11500 : Reward: 0.340000
iter=11600 : Reward: 0.420000
iter=11700 : Reward: 0.300000
iter=11800 : Reward: 0.310000
iter=11900 : Reward: 0.370000
iter=12000 : Reward: 0.380000
iter=12100 : Reward: 0.390000
iter=12200 : Reward: 0.260000
iter=12300 : Reward: 0.300000
iter=12400 : Reward: 0.380000
iter=12500 : Reward: 0.280000
iter=12600 : Reward: 0.300000
iter=12700 : Reward: 0.400000
iter=12800 : Reward: 0.390000
iter=12900 : Reward: 0.240000
iter=13000 : Reward: 0.250000
iter=13100 : Reward: 0.410000
iter=13200 : Reward: 0.260000
iter=13300 : Reward: 0.400000
iter=13400 : Reward: 0.380000
iter=13500 : Reward: 0.320000
iter=13600 : Reward: 0.330000
iter=13700 : Reward: 0.360000
iter=13800 : Reward: 0.360000
iter=13900 : Reward: 0.360000
iter=14000 : Reward: 0.260000
iter=14100 : Reward: 0.330000
iter=14200 : Reward: 0.340000
iter=14300 : Reward: 0.340000
iter=14400 : Reward: 0.330000
iter=14500 : Reward: 0.340000
iter=14600 : Reward: 0.360000
iter=14700 : Reward: 0.300000
iter=14800 : Reward: 0.390000
iter=14900 : Reward: 0.400000
iter=15000 : Reward: 0.310000
iter=15100 : Reward: 0.450000
iter=15200 : Reward: 0.300000
iter=15300 : Reward: 0.310000
iter=15400 : Reward: 0.400000
iter=15500 : Reward: 0.370000
iter=15600 : Reward: 0.320000
iter=15700 : Reward: 0.400000
iter=15800 : Reward: 0.270000
iter=15900 : Reward: 0.270000
iter=16000 : Reward: 0.390000
ACCURACY: 0.161000000603
Model saved in file: model_runs/DRAM_classify_blobs_run_7/classifymodel_16000.ckpt
--- 47955.247470999995 CPU seconds ---
iter=16100 : Reward: 0.430000
iter=16200 : Reward: 0.320000
iter=16300 : Reward: 0.380000
iter=16400 : Reward: 0.360000
iter=16500 : Reward: 0.280000
iter=16600 : Reward: 0.370000
iter=16700 : Reward: 0.290000
iter=16800 : Reward: 0.350000
iter=16900 : Reward: 0.370000
iter=17000 : Reward: 0.320000
iter=17100 : Reward: 0.370000
iter=17200 : Reward: 0.340000
iter=17300 : Reward: 0.340000
iter=17400 : Reward: 0.440000
iter=17500 : Reward: 0.340000
iter=17600 : Reward: 0.400000
iter=17700 : Reward: 0.340000
iter=17800 : Reward: 0.310000
iter=17900 : Reward: 0.290000
iter=18000 : Reward: 0.370000
iter=18100 : Reward: 0.300000
iter=18200 : Reward: 0.380000
iter=18300 : Reward: 0.410000
iter=18400 : Reward: 0.390000
iter=18500 : Reward: 0.320000
iter=18600 : Reward: 0.300000
iter=18700 : Reward: 0.350000
iter=18800 : Reward: 0.350000
iter=18900 : Reward: 0.440000
iter=19000 : Reward: 0.420000
iter=19100 : Reward: 0.240000
iter=19200 : Reward: 0.300000
iter=19300 : Reward: 0.250000
iter=19400 : Reward: 0.330000
iter=19500 : Reward: 0.360000
iter=19600 : Reward: 0.400000
iter=19700 : Reward: 0.400000
iter=19800 : Reward: 0.400000
iter=19900 : Reward: 0.310000
iter=20000 : Reward: 0.390000
ACCURACY: 0.166333334396
Model saved in file: model_runs/DRAM_classify_blobs_run_7/classifymodel_20000.ckpt
--- 60160.38557 CPU seconds ---
iter=20100 : Reward: 0.410000
iter=20200 : Reward: 0.290000
iter=20300 : Reward: 0.490000
iter=20400 : Reward: 0.390000
iter=20500 : Reward: 0.350000
iter=20600 : Reward: 0.340000
iter=20700 : Reward: 0.360000
iter=20800 : Reward: 0.370000
iter=20900 : Reward: 0.390000
iter=21000 : Reward: 0.330000
iter=21100 : Reward: 0.320000
iter=21200 : Reward: 0.340000
iter=21300 : Reward: 0.350000
iter=21400 : Reward: 0.280000
iter=21500 : Reward: 0.370000
iter=21600 : Reward: 0.390000
iter=21700 : Reward: 0.380000
iter=21800 : Reward: 0.370000
iter=21900 : Reward: 0.320000
iter=22000 : Reward: 0.320000
iter=22100 : Reward: 0.390000
iter=22200 : Reward: 0.400000
iter=22300 : Reward: 0.380000
iter=22400 : Reward: 0.470000
iter=22500 : Reward: 0.400000
iter=22600 : Reward: 0.280000
iter=22700 : Reward: 0.360000
iter=22800 : Reward: 0.260000
iter=22900 : Reward: 0.330000
iter=23000 : Reward: 0.390000
iter=23100 : Reward: 0.410000
iter=23200 : Reward: 0.280000
iter=23300 : Reward: 0.370000
iter=23400 : Reward: 0.400000
iter=23500 : Reward: 0.330000
iter=23600 : Reward: 0.410000
iter=23700 : Reward: 0.310000
iter=23800 : Reward: 0.390000
iter=23900 : Reward: 0.440000
iter=24000 : Reward: 0.400000
iter=24100 : Reward: 0.350000
iter=24200 : Reward: 0.440000
iter=24300 : Reward: 0.360000
iter=24400 : Reward: 0.400000
iter=24500 : Reward: 0.290000
iter=24600 : Reward: 0.380000
iter=24700 : Reward: 0.350000
iter=24800 : Reward: 0.330000
iter=24900 : Reward: 0.410000
iter=25000 : Reward: 0.380000
iter=25100 : Reward: 0.310000
iter=25200 : Reward: 0.440000
iter=25300 : Reward: 0.310000
iter=25400 : Reward: 0.380000
iter=25500 : Reward: 0.460000
iter=25600 : Reward: 0.350000
iter=25700 : Reward: 0.370000
iter=25800 : Reward: 0.400000
iter=25900 : Reward: 0.340000
iter=26000 : Reward: 0.390000
iter=26100 : Reward: 0.280000
iter=26200 : Reward: 0.390000
iter=26300 : Reward: 0.380000
iter=26400 : Reward: 0.400000
iter=26500 : Reward: 0.350000
iter=26600 : Reward: 0.330000
iter=26700 : Reward: 0.340000
iter=26800 : Reward: 0.330000
iter=26900 : Reward: 0.380000
iter=27000 : Reward: 0.380000
iter=27100 : Reward: 0.320000
iter=27200 : Reward: 0.350000
iter=27300 : Reward: 0.320000
iter=27400 : Reward: 0.370000
iter=27500 : Reward: 0.490000
iter=27600 : Reward: 0.360000
iter=27700 : Reward: 0.420000
iter=27800 : Reward: 0.400000
iter=27900 : Reward: 0.370000
iter=28000 : Reward: 0.320000
iter=28100 : Reward: 0.350000
iter=28200 : Reward: 0.400000
iter=28300 : Reward: 0.350000
iter=28400 : Reward: 0.320000
iter=28500 : Reward: 0.390000
iter=28600 : Reward: 0.290000
iter=28700 : Reward: 0.360000
iter=28800 : Reward: 0.410000
iter=28900 : Reward: 0.240000
iter=29000 : Reward: 0.290000
iter=29100 : Reward: 0.400000
iter=29200 : Reward: 0.380000
iter=29300 : Reward: 0.470000
iter=29400 : Reward: 0.430000
iter=29500 : Reward: 0.360000
iter=29600 : Reward: 0.430000
iter=29700 : Reward: 0.410000
iter=29800 : Reward: 0.410000
iter=29900 : Reward: 0.310000
iter=30000 : Reward: 0.380000
ACCURACY: 0.178222222543
Model saved in file: model_runs/DRAM_classify_blobs_run_7/classifymodel_30000.ckpt
--- 90720.216086 CPU seconds ---
iter=30100 : Reward: 0.370000
iter=30200 : Reward: 0.260000
iter=30300 : Reward: 0.370000
iter=30400 : Reward: 0.380000
iter=30500 : Reward: 0.400000
iter=30600 : Reward: 0.300000
iter=30700 : Reward: 0.390000
iter=30800 : Reward: 0.380000
iter=30900 : Reward: 0.430000
iter=31000 : Reward: 0.440000
iter=31100 : Reward: 0.440000
iter=31200 : Reward: 0.370000
iter=31300 : Reward: 0.370000
iter=31400 : Reward: 0.400000
iter=31500 : Reward: 0.470000
iter=31600 : Reward: 0.380000
iter=31700 : Reward: 0.350000
iter=31800 : Reward: 0.360000
iter=31900 : Reward: 0.340000
iter=32000 : Reward: 0.400000
ACCURACY: 0.173555556271
Model saved in file: model_runs/DRAM_classify_blobs_run_7/classifymodel_32000.ckpt
--- 96847.205858 CPU seconds ---
iter=32100 : Reward: 0.290000
iter=32200 : Reward: 0.410000
iter=32300 : Reward: 0.370000
iter=32400 : Reward: 0.390000
iter=32500 : Reward: 0.380000
iter=32600 : Reward: 0.310000
iter=32700 : Reward: 0.350000
iter=32800 : Reward: 0.400000
iter=32900 : Reward: 0.340000
iter=33000 : Reward: 0.370000
iter=33100 : Reward: 0.380000
iter=33200 : Reward: 0.440000
iter=33300 : Reward: 0.360000
iter=33400 : Reward: 0.410000
iter=33500 : Reward: 0.350000
iter=33600 : Reward: 0.400000
iter=33700 : Reward: 0.340000
iter=33800 : Reward: 0.490000
iter=33900 : Reward: 0.370000
iter=34000 : Reward: 0.380000
iter=34100 : Reward: 0.460000
iter=34200 : Reward: 0.320000
iter=34300 : Reward: 0.470000
iter=34400 : Reward: 0.370000
iter=34500 : Reward: 0.290000
iter=34600 : Reward: 0.350000
iter=34700 : Reward: 0.410000
iter=34800 : Reward: 0.290000
iter=34900 : Reward: 0.380000
iter=35000 : Reward: 0.340000
iter=35100 : Reward: 0.340000
iter=35200 : Reward: 0.470000
iter=35300 : Reward: 0.360000
iter=35400 : Reward: 0.410000
iter=35500 : Reward: 0.400000
iter=35600 : Reward: 0.350000
iter=35700 : Reward: 0.330000
iter=35800 : Reward: 0.430000
iter=35900 : Reward: 0.340000
iter=36000 : Reward: 0.340000
iter=36100 : Reward: 0.410000
iter=36200 : Reward: 0.440000
iter=36300 : Reward: 0.370000
iter=36400 : Reward: 0.320000
iter=36500 : Reward: 0.310000
iter=36600 : Reward: 0.390000
iter=36700 : Reward: 0.360000
iter=36800 : Reward: 0.450000
iter=36900 : Reward: 0.340000
iter=37000 : Reward: 0.320000
iter=37100 : Reward: 0.420000
iter=37200 : Reward: 0.340000
iter=37300 : Reward: 0.320000
iter=37400 : Reward: 0.470000
iter=37500 : Reward: 0.320000
iter=37600 : Reward: 0.320000
iter=37700 : Reward: 0.420000
iter=37800 : Reward: 0.370000
iter=37900 : Reward: 0.380000
iter=38000 : Reward: 0.290000
iter=38100 : Reward: 0.370000
iter=38200 : Reward: 0.390000
iter=38300 : Reward: 0.460000
iter=38400 : Reward: 0.410000
iter=38500 : Reward: 0.350000
iter=38600 : Reward: 0.450000
iter=38700 : Reward: 0.340000
iter=38800 : Reward: 0.440000
iter=38900 : Reward: 0.370000
iter=39000 : Reward: 0.410000
iter=39100 : Reward: 0.410000
iter=39200 : Reward: 0.420000
iter=39300 : Reward: 0.450000
iter=39400 : Reward: 0.420000
iter=39500 : Reward: 0.380000
iter=39600 : Reward: 0.430000
iter=39700 : Reward: 0.440000
iter=39800 : Reward: 0.410000
iter=39900 : Reward: 0.320000
iter=40000 : Reward: 0.400000
ACCURACY: 0.209666666968
Model saved in file: model_runs/DRAM_classify_blobs_run_7/classifymodel_40000.ckpt
--- 121316.096178 CPU seconds ---
iter=40100 : Reward: 0.370000
iter=40200 : Reward: 0.420000
iter=40300 : Reward: 0.460000
iter=40400 : Reward: 0.450000
iter=40500 : Reward: 0.400000
iter=40600 : Reward: 0.490000
iter=40700 : Reward: 0.430000
iter=40800 : Reward: 0.430000
iter=40900 : Reward: 0.410000
iter=41000 : Reward: 0.390000
iter=41100 : Reward: 0.470000
iter=41200 : Reward: 0.340000
iter=41300 : Reward: 0.300000
iter=41400 : Reward: 0.470000
iter=41500 : Reward: 0.500000
iter=41600 : Reward: 0.390000
iter=41700 : Reward: 0.390000
iter=41800 : Reward: 0.470000
iter=41900 : Reward: 0.430000
iter=42000 : Reward: 0.430000
iter=42100 : Reward: 0.540000
iter=42200 : Reward: 0.430000
iter=42300 : Reward: 0.350000
iter=42400 : Reward: 0.400000
iter=42500 : Reward: 0.560000
iter=42600 : Reward: 0.360000
iter=42700 : Reward: 0.330000
iter=42800 : Reward: 0.430000
iter=42900 : Reward: 0.450000
iter=43000 : Reward: 0.340000
iter=43100 : Reward: 0.380000
iter=43200 : Reward: 0.360000
iter=43300 : Reward: 0.410000
iter=43400 : Reward: 0.470000
iter=43500 : Reward: 0.460000
iter=43600 : Reward: 0.460000
iter=43700 : Reward: 0.470000
iter=43800 : Reward: 0.410000
iter=43900 : Reward: 0.470000
iter=44000 : Reward: 0.470000
iter=44100 : Reward: 0.380000
iter=44200 : Reward: 0.390000
iter=44300 : Reward: 0.470000
iter=44400 : Reward: 0.410000
iter=44500 : Reward: 0.490000
iter=44600 : Reward: 0.480000
iter=44700 : Reward: 0.480000
iter=44800 : Reward: 0.400000
iter=44900 : Reward: 0.300000
iter=45000 : Reward: 0.480000
iter=45100 : Reward: 0.450000
iter=45200 : Reward: 0.540000
iter=45300 : Reward: 0.380000
iter=45400 : Reward: 0.550000
iter=45500 : Reward: 0.370000
iter=45600 : Reward: 0.490000
iter=45700 : Reward: 0.460000
iter=45800 : Reward: 0.440000
iter=45900 : Reward: 0.370000
iter=46000 : Reward: 0.400000
iter=46100 : Reward: 0.480000
iter=46200 : Reward: 0.470000
iter=46300 : Reward: 0.470000
iter=46400 : Reward: 0.480000
iter=46500 : Reward: 0.460000
iter=46600 : Reward: 0.410000
iter=46700 : Reward: 0.540000
iter=46800 : Reward: 0.490000
iter=46900 : Reward: 0.530000
iter=47000 : Reward: 0.530000
iter=47100 : Reward: 0.480000
iter=47200 : Reward: 0.480000
iter=47300 : Reward: 0.460000
iter=47400 : Reward: 0.500000
iter=47500 : Reward: 0.520000
iter=47600 : Reward: 0.460000
iter=47700 : Reward: 0.510000
iter=47800 : Reward: 0.460000
iter=47900 : Reward: 0.490000
iter=48000 : Reward: 0.520000
iter=48100 : Reward: 0.500000
iter=48200 : Reward: 0.570000
iter=48300 : Reward: 0.470000
iter=48400 : Reward: 0.550000
iter=48500 : Reward: 0.540000
iter=48600 : Reward: 0.500000
iter=48700 : Reward: 0.510000
iter=48800 : Reward: 0.520000
iter=48900 : Reward: 0.520000
iter=49000 : Reward: 0.500000
iter=49100 : Reward: 0.510000
iter=49200 : Reward: 0.540000
iter=49300 : Reward: 0.490000
iter=49400 : Reward: 0.420000
iter=49500 : Reward: 0.580000
iter=49600 : Reward: 0.570000
iter=49700 : Reward: 0.460000
iter=49800 : Reward: 0.520000
iter=49900 : Reward: 0.450000
iter=50000 : Reward: 0.530000
ACCURACY: 0.321888892518
Model saved in file: model_runs/DRAM_classify_blobs_run_7/classifymodel_50000.ckpt
--- 151816.497816 CPU seconds ---
iter=50100 : Reward: 0.450000
iter=50200 : Reward: 0.520000
iter=50300 : Reward: 0.520000
iter=50400 : Reward: 0.430000
iter=50500 : Reward: 0.510000
iter=50600 : Reward: 0.510000
iter=50700 : Reward: 0.510000
iter=50800 : Reward: 0.570000
iter=50900 : Reward: 0.570000
iter=51000 : Reward: 0.590000
iter=51100 : Reward: 0.550000
iter=51200 : Reward: 0.560000
iter=51300 : Reward: 0.610000
iter=51400 : Reward: 0.520000
iter=51500 : Reward: 0.560000
iter=51600 : Reward: 0.540000
iter=51700 : Reward: 0.620000
iter=51800 : Reward: 0.540000
iter=51900 : Reward: 0.550000
iter=52000 : Reward: 0.550000
iter=52100 : Reward: 0.480000
iter=52200 : Reward: 0.570000
iter=52300 : Reward: 0.500000
iter=52400 : Reward: 0.530000
iter=52500 : Reward: 0.530000
iter=52600 : Reward: 0.580000
iter=52700 : Reward: 0.490000
iter=52800 : Reward: 0.540000
iter=52900 : Reward: 0.500000
iter=53000 : Reward: 0.580000
iter=53100 : Reward: 0.490000
iter=53200 : Reward: 0.530000
iter=53300 : Reward: 0.510000
iter=53400 : Reward: 0.570000
iter=53500 : Reward: 0.500000
iter=53600 : Reward: 0.520000
iter=53700 : Reward: 0.560000
iter=53800 : Reward: 0.500000
iter=53900 : Reward: 0.570000
iter=54000 : Reward: 0.620000
iter=54100 : Reward: 0.650000
iter=54200 : Reward: 0.590000
iter=54300 : Reward: 0.570000
iter=54400 : Reward: 0.500000
iter=54500 : Reward: 0.490000
iter=54600 : Reward: 0.580000
iter=54700 : Reward: 0.500000
iter=54800 : Reward: 0.500000
iter=54900 : Reward: 0.660000
iter=55000 : Reward: 0.550000
iter=55100 : Reward: 0.460000
iter=55200 : Reward: 0.540000
iter=55300 : Reward: 0.630000
iter=55400 : Reward: 0.550000
iter=55500 : Reward: 0.550000
iter=55600 : Reward: 0.550000
iter=55700 : Reward: 0.560000
iter=55800 : Reward: 0.560000
iter=55900 : Reward: 0.560000
iter=56000 : Reward: 0.520000
iter=56100 : Reward: 0.700000
iter=56200 : Reward: 0.630000
iter=56300 : Reward: 0.520000
iter=56400 : Reward: 0.550000
iter=56500 : Reward: 0.600000
iter=56600 : Reward: 0.480000
iter=56700 : Reward: 0.650000
iter=56800 : Reward: 0.570000
iter=56900 : Reward: 0.560000
iter=57000 : Reward: 0.540000
iter=57100 : Reward: 0.510000
iter=57200 : Reward: 0.540000
iter=57300 : Reward: 0.600000
iter=57400 : Reward: 0.550000
iter=57500 : Reward: 0.610000
iter=57600 : Reward: 0.490000
iter=57700 : Reward: 0.550000
iter=57800 : Reward: 0.580000
iter=57900 : Reward: 0.570000
iter=58000 : Reward: 0.580000
iter=58100 : Reward: 0.520000
iter=58200 : Reward: 0.570000
