['DRAM_classify_blobs.py', 'DRAM_classify_blobs_run_4', 'true', 'true', 'true', 'true', 'true', 'model_runs/DRAM_classify_blobs_run_4/classify_log.csv', 'model_runs/DRAM_classify_blobs_run_4/classifymodel_0.ckpt', 'model_runs/DRAM_classify_blobs_run_4/classifymodel_', 'model_runs/DRAM_classify_blobs_run_4/zzzdraw_data_5000.npy', 'false', 'true', 'false', 'false', 'true']
2017-08-09 15:07:56.670422: W tensorflow/core/platform/cpu_feature_guard.cc:45] The TensorFlow library wasn't compiled to use SSE4.1 instructions, but these are available on your machine and could speed up CPU computations.
2017-08-09 15:07:56.670476: W tensorflow/core/platform/cpu_feature_guard.cc:45] The TensorFlow library wasn't compiled to use SSE4.2 instructions, but these are available on your machine and could speed up CPU computations.
2017-08-09 15:07:56.670487: W tensorflow/core/platform/cpu_feature_guard.cc:45] The TensorFlow library wasn't compiled to use AVX instructions, but these are available on your machine and could speed up CPU computations.
2017-08-09 15:07:56.670496: W tensorflow/core/platform/cpu_feature_guard.cc:45] The TensorFlow library wasn't compiled to use AVX2 instructions, but these are available on your machine and could speed up CPU computations.
2017-08-09 15:07:56.670505: W tensorflow/core/platform/cpu_feature_guard.cc:45] The TensorFlow library wasn't compiled to use FMA instructions, but these are available on your machine and could speed up CPU computations.
iter=0 : Reward: 0.140000
ACCURACY: 0.102222222462
Model saved in file: model_runs/DRAM_classify_blobs_run_4/classifymodel_0.ckpt
--- 10.429807000000011 CPU seconds ---
iter=100 : Reward: 0.180000
iter=200 : Reward: 0.150000
ACCURACY: 0.111888889016
Model saved in file: model_runs/DRAM_classify_blobs_run_4/classifymodel_250.ckpt
--- 761.882077 CPU seconds ---
iter=300 : Reward: 0.170000
iter=400 : Reward: 0.210000
iter=500 : Reward: 0.130000
ACCURACY: 0.122333332813
Model saved in file: model_runs/DRAM_classify_blobs_run_4/classifymodel_500.ckpt
--- 1500.2364579999999 CPU seconds ---
iter=600 : Reward: 0.210000
iter=700 : Reward: 0.280000
iter=800 : Reward: 0.240000
iter=900 : Reward: 0.270000
iter=1000 : Reward: 0.260000
ACCURACY: 0.131000000321
Model saved in file: model_runs/DRAM_classify_blobs_run_4/classifymodel_1000.ckpt
--- 3006.414995 CPU seconds ---
iter=1100 : Reward: 0.230000
iter=1200 : Reward: 0.270000
iter=1300 : Reward: 0.320000
iter=1400 : Reward: 0.320000
iter=1500 : Reward: 0.340000
iter=1600 : Reward: 0.310000
iter=1700 : Reward: 0.380000
iter=1800 : Reward: 0.330000
iter=1900 : Reward: 0.330000
iter=2000 : Reward: 0.290000
ACCURACY: 0.128444445009
Model saved in file: model_runs/DRAM_classify_blobs_run_4/classifymodel_2000.ckpt
--- 6007.438367999999 CPU seconds ---
iter=2100 : Reward: 0.370000
iter=2200 : Reward: 0.340000
iter=2300 : Reward: 0.310000
iter=2400 : Reward: 0.270000
iter=2500 : Reward: 0.340000
iter=2600 : Reward: 0.350000
iter=2700 : Reward: 0.400000
iter=2800 : Reward: 0.320000
iter=2900 : Reward: 0.400000
iter=3000 : Reward: 0.330000
iter=3100 : Reward: 0.280000
iter=3200 : Reward: 0.310000
iter=3300 : Reward: 0.300000
iter=3400 : Reward: 0.330000
iter=3500 : Reward: 0.320000
iter=3600 : Reward: 0.330000
iter=3700 : Reward: 0.310000
iter=3800 : Reward: 0.280000
iter=3900 : Reward: 0.320000
iter=4000 : Reward: 0.340000
ACCURACY: 0.135222222408
Model saved in file: model_runs/DRAM_classify_blobs_run_4/classifymodel_4000.ckpt
--- 11980.232328999999 CPU seconds ---
iter=4100 : Reward: 0.330000
iter=4200 : Reward: 0.330000
iter=4300 : Reward: 0.320000
iter=4400 : Reward: 0.350000
iter=4500 : Reward: 0.280000
iter=4600 : Reward: 0.280000
iter=4700 : Reward: 0.280000
iter=4800 : Reward: 0.430000
iter=4900 : Reward: 0.390000
iter=5000 : Reward: 0.230000
iter=5100 : Reward: 0.320000
iter=5200 : Reward: 0.360000
iter=5300 : Reward: 0.320000
iter=5400 : Reward: 0.300000
iter=5500 : Reward: 0.280000
iter=5600 : Reward: 0.230000
iter=5700 : Reward: 0.350000
iter=5800 : Reward: 0.290000
iter=5900 : Reward: 0.320000
iter=6000 : Reward: 0.220000
iter=6100 : Reward: 0.270000
iter=6200 : Reward: 0.300000
iter=6300 : Reward: 0.330000
iter=6400 : Reward: 0.380000
iter=6500 : Reward: 0.410000
iter=6600 : Reward: 0.420000
iter=6700 : Reward: 0.320000
iter=6800 : Reward: 0.370000
iter=6900 : Reward: 0.290000
iter=7000 : Reward: 0.310000
iter=7100 : Reward: 0.200000
iter=7200 : Reward: 0.270000
iter=7300 : Reward: 0.340000
iter=7400 : Reward: 0.300000
iter=7500 : Reward: 0.290000
iter=7600 : Reward: 0.280000
iter=7700 : Reward: 0.280000
iter=7800 : Reward: 0.370000
iter=7900 : Reward: 0.340000
iter=8000 : Reward: 0.320000
ACCURACY: 0.151222221636
Model saved in file: model_runs/DRAM_classify_blobs_run_4/classifymodel_8000.ckpt
--- 24046.463408999996 CPU seconds ---
iter=8100 : Reward: 0.300000
iter=8200 : Reward: 0.270000
iter=8300 : Reward: 0.390000
iter=8400 : Reward: 0.360000
iter=8500 : Reward: 0.390000
iter=8600 : Reward: 0.380000
iter=8700 : Reward: 0.400000
iter=8800 : Reward: 0.270000
iter=8900 : Reward: 0.380000
iter=9000 : Reward: 0.380000
iter=9100 : Reward: 0.400000
iter=9200 : Reward: 0.310000
iter=9300 : Reward: 0.320000
iter=9400 : Reward: 0.300000
iter=9500 : Reward: 0.290000
iter=9600 : Reward: 0.370000
iter=9700 : Reward: 0.270000
iter=9800 : Reward: 0.310000
iter=9900 : Reward: 0.260000
iter=10000 : Reward: 0.330000
ACCURACY: 0.156333333337
Model saved in file: model_runs/DRAM_classify_blobs_run_4/classifymodel_10000.ckpt
--- 30202.931322999997 CPU seconds ---
iter=10100 : Reward: 0.430000
iter=10200 : Reward: 0.310000
iter=10300 : Reward: 0.290000
iter=10400 : Reward: 0.400000
iter=10500 : Reward: 0.270000
iter=10600 : Reward: 0.350000
iter=10700 : Reward: 0.370000
iter=10800 : Reward: 0.360000
iter=10900 : Reward: 0.340000
iter=11000 : Reward: 0.270000
iter=11100 : Reward: 0.390000
iter=11200 : Reward: 0.380000
iter=11300 : Reward: 0.310000
iter=11400 : Reward: 0.390000
iter=11500 : Reward: 0.460000
iter=11600 : Reward: 0.360000
iter=11700 : Reward: 0.280000
iter=11800 : Reward: 0.290000
iter=11900 : Reward: 0.370000
iter=12000 : Reward: 0.290000
iter=12100 : Reward: 0.310000
iter=12200 : Reward: 0.400000
iter=12300 : Reward: 0.340000
iter=12400 : Reward: 0.290000
iter=12500 : Reward: 0.350000
iter=12600 : Reward: 0.360000
iter=12700 : Reward: 0.320000
iter=12800 : Reward: 0.380000
iter=12900 : Reward: 0.310000
iter=13000 : Reward: 0.460000
iter=13100 : Reward: 0.370000
iter=13200 : Reward: 0.400000
iter=13300 : Reward: 0.370000
iter=13400 : Reward: 0.340000
iter=13500 : Reward: 0.400000
iter=13600 : Reward: 0.320000
iter=13700 : Reward: 0.390000
iter=13800 : Reward: 0.340000
iter=13900 : Reward: 0.400000
iter=14000 : Reward: 0.290000
iter=14100 : Reward: 0.270000
iter=14200 : Reward: 0.330000
iter=14300 : Reward: 0.310000
iter=14400 : Reward: 0.300000
iter=14500 : Reward: 0.350000
iter=14600 : Reward: 0.330000
iter=14700 : Reward: 0.360000
iter=14800 : Reward: 0.360000
iter=14900 : Reward: 0.420000
iter=15000 : Reward: 0.450000
iter=15100 : Reward: 0.360000
iter=15200 : Reward: 0.370000
iter=15300 : Reward: 0.290000
iter=15400 : Reward: 0.380000
iter=15500 : Reward: 0.420000
iter=15600 : Reward: 0.340000
iter=15700 : Reward: 0.320000
iter=15800 : Reward: 0.420000
iter=15900 : Reward: 0.350000
iter=16000 : Reward: 0.380000
ACCURACY: 0.171000000586
Model saved in file: model_runs/DRAM_classify_blobs_run_4/classifymodel_16000.ckpt
--- 48634.425758000005 CPU seconds ---
iter=16100 : Reward: 0.360000
iter=16200 : Reward: 0.330000
iter=16300 : Reward: 0.430000
iter=16400 : Reward: 0.330000
iter=16500 : Reward: 0.350000
iter=16600 : Reward: 0.460000
iter=16700 : Reward: 0.300000
iter=16800 : Reward: 0.370000
iter=16900 : Reward: 0.340000
iter=17000 : Reward: 0.380000
iter=17100 : Reward: 0.400000
iter=17200 : Reward: 0.420000
iter=17300 : Reward: 0.300000
iter=17400 : Reward: 0.280000
iter=17500 : Reward: 0.350000
iter=17600 : Reward: 0.340000
iter=17700 : Reward: 0.330000
iter=17800 : Reward: 0.330000
iter=17900 : Reward: 0.390000
iter=18000 : Reward: 0.390000
iter=18100 : Reward: 0.420000
iter=18200 : Reward: 0.330000
iter=18300 : Reward: 0.350000
iter=18400 : Reward: 0.430000
iter=18500 : Reward: 0.350000
iter=18600 : Reward: 0.360000
iter=18700 : Reward: 0.330000
iter=18800 : Reward: 0.330000
iter=18900 : Reward: 0.290000
iter=19000 : Reward: 0.380000
iter=19100 : Reward: 0.310000
iter=19200 : Reward: 0.360000
iter=19300 : Reward: 0.400000
iter=19400 : Reward: 0.350000
iter=19500 : Reward: 0.370000
iter=19600 : Reward: 0.380000
iter=19700 : Reward: 0.430000
iter=19800 : Reward: 0.380000
iter=19900 : Reward: 0.370000
iter=20000 : Reward: 0.400000
ACCURACY: 0.18711111173
Model saved in file: model_runs/DRAM_classify_blobs_run_4/classifymodel_20000.ckpt
--- 60934.456914 CPU seconds ---
iter=20100 : Reward: 0.410000
iter=20200 : Reward: 0.380000
iter=20300 : Reward: 0.380000
iter=20400 : Reward: 0.330000
iter=20500 : Reward: 0.480000
iter=20600 : Reward: 0.340000
iter=20700 : Reward: 0.440000
iter=20800 : Reward: 0.270000
iter=20900 : Reward: 0.350000
iter=21000 : Reward: 0.330000
iter=21100 : Reward: 0.420000
iter=21200 : Reward: 0.370000
iter=21300 : Reward: 0.310000
iter=21400 : Reward: 0.350000
iter=21500 : Reward: 0.310000
iter=21600 : Reward: 0.340000
iter=21700 : Reward: 0.340000
iter=21800 : Reward: 0.350000
iter=21900 : Reward: 0.370000
iter=22000 : Reward: 0.270000
iter=22100 : Reward: 0.350000
iter=22200 : Reward: 0.370000
iter=22300 : Reward: 0.250000
iter=22400 : Reward: 0.280000
iter=22500 : Reward: 0.320000
iter=22600 : Reward: 0.270000
iter=22700 : Reward: 0.310000
iter=22800 : Reward: 0.440000
iter=22900 : Reward: 0.370000
iter=23000 : Reward: 0.380000
iter=23100 : Reward: 0.360000
iter=23200 : Reward: 0.340000
iter=23300 : Reward: 0.440000
iter=23400 : Reward: 0.310000
iter=23500 : Reward: 0.420000
iter=23600 : Reward: 0.440000
iter=23700 : Reward: 0.310000
iter=23800 : Reward: 0.400000
iter=23900 : Reward: 0.460000
iter=24000 : Reward: 0.420000
iter=24100 : Reward: 0.360000
iter=24200 : Reward: 0.340000
iter=24300 : Reward: 0.340000
iter=24400 : Reward: 0.360000
iter=24500 : Reward: 0.340000
iter=24600 : Reward: 0.270000
iter=24700 : Reward: 0.360000
iter=24800 : Reward: 0.410000
iter=24900 : Reward: 0.480000
iter=25000 : Reward: 0.370000
iter=25100 : Reward: 0.400000
iter=25200 : Reward: 0.390000
iter=25300 : Reward: 0.460000
iter=25400 : Reward: 0.490000
iter=25500 : Reward: 0.380000
iter=25600 : Reward: 0.340000
iter=25700 : Reward: 0.300000
iter=25800 : Reward: 0.430000
iter=25900 : Reward: 0.340000
iter=26000 : Reward: 0.400000
iter=26100 : Reward: 0.460000
iter=26200 : Reward: 0.390000
iter=26300 : Reward: 0.390000
iter=26400 : Reward: 0.340000
iter=26500 : Reward: 0.310000
iter=26600 : Reward: 0.470000
iter=26700 : Reward: 0.340000
iter=26800 : Reward: 0.390000
iter=26900 : Reward: 0.550000
iter=27000 : Reward: 0.380000
iter=27100 : Reward: 0.440000
iter=27200 : Reward: 0.400000
iter=27300 : Reward: 0.360000
iter=27400 : Reward: 0.400000
iter=27500 : Reward: 0.440000
iter=27600 : Reward: 0.380000
iter=27700 : Reward: 0.510000
iter=27800 : Reward: 0.390000
iter=27900 : Reward: 0.400000
iter=28000 : Reward: 0.360000
iter=28100 : Reward: 0.360000
iter=28200 : Reward: 0.510000
iter=28300 : Reward: 0.360000
iter=28400 : Reward: 0.330000
iter=28500 : Reward: 0.470000
iter=28600 : Reward: 0.520000
iter=28700 : Reward: 0.340000
iter=28800 : Reward: 0.390000
iter=28900 : Reward: 0.430000
iter=29000 : Reward: 0.380000
iter=29100 : Reward: 0.380000
iter=29200 : Reward: 0.440000
iter=29300 : Reward: 0.400000
iter=29400 : Reward: 0.490000
iter=29500 : Reward: 0.440000
iter=29600 : Reward: 0.380000
iter=29700 : Reward: 0.410000
iter=29800 : Reward: 0.330000
iter=29900 : Reward: 0.340000
iter=30000 : Reward: 0.510000
ACCURACY: 0.206888888445
Model saved in file: model_runs/DRAM_classify_blobs_run_4/classifymodel_30000.ckpt
--- 91678.012398 CPU seconds ---
iter=30100 : Reward: 0.460000
iter=30200 : Reward: 0.460000
iter=30300 : Reward: 0.460000
iter=30400 : Reward: 0.430000
iter=30500 : Reward: 0.420000
iter=30600 : Reward: 0.410000
iter=30700 : Reward: 0.440000
iter=30800 : Reward: 0.510000
iter=30900 : Reward: 0.460000
iter=31000 : Reward: 0.410000
iter=31100 : Reward: 0.480000
iter=31200 : Reward: 0.450000
iter=31300 : Reward: 0.450000
iter=31400 : Reward: 0.450000
iter=31500 : Reward: 0.470000
iter=31600 : Reward: 0.470000
iter=31700 : Reward: 0.450000
iter=31800 : Reward: 0.450000
iter=31900 : Reward: 0.430000
iter=32000 : Reward: 0.350000
ACCURACY: 0.238888888889
Model saved in file: model_runs/DRAM_classify_blobs_run_4/classifymodel_32000.ckpt
--- 97828.71304300001 CPU seconds ---
iter=32100 : Reward: 0.280000
iter=32200 : Reward: 0.530000
iter=32300 : Reward: 0.490000
iter=32400 : Reward: 0.460000
iter=32500 : Reward: 0.440000
iter=32600 : Reward: 0.510000
iter=32700 : Reward: 0.400000
iter=32800 : Reward: 0.500000
iter=32900 : Reward: 0.530000
iter=33000 : Reward: 0.390000
iter=33100 : Reward: 0.430000
iter=33200 : Reward: 0.510000
iter=33300 : Reward: 0.510000
iter=33400 : Reward: 0.460000
iter=33500 : Reward: 0.480000
iter=33600 : Reward: 0.430000
iter=33700 : Reward: 0.530000
iter=33800 : Reward: 0.500000
iter=33900 : Reward: 0.500000
iter=34000 : Reward: 0.370000
iter=34100 : Reward: 0.470000
iter=34200 : Reward: 0.570000
iter=34300 : Reward: 0.570000
iter=34400 : Reward: 0.590000
iter=34500 : Reward: 0.480000
iter=34600 : Reward: 0.470000
iter=34700 : Reward: 0.430000
iter=34800 : Reward: 0.510000
iter=34900 : Reward: 0.600000
iter=35000 : Reward: 0.550000
iter=35100 : Reward: 0.490000
iter=35200 : Reward: 0.460000
iter=35300 : Reward: 0.530000
iter=35400 : Reward: 0.540000
iter=35500 : Reward: 0.450000
iter=35600 : Reward: 0.530000
iter=35700 : Reward: 0.510000
iter=35800 : Reward: 0.490000
iter=35900 : Reward: 0.500000
iter=36000 : Reward: 0.560000
iter=36100 : Reward: 0.560000
iter=36200 : Reward: 0.480000
iter=36300 : Reward: 0.460000
iter=36400 : Reward: 0.460000
iter=36500 : Reward: 0.460000
iter=36600 : Reward: 0.490000
iter=36700 : Reward: 0.420000
iter=36800 : Reward: 0.440000
iter=36900 : Reward: 0.450000
iter=37000 : Reward: 0.600000
iter=37100 : Reward: 0.500000
iter=37200 : Reward: 0.450000
iter=37300 : Reward: 0.470000
iter=37400 : Reward: 0.530000
iter=37500 : Reward: 0.480000
iter=37600 : Reward: 0.590000
iter=37700 : Reward: 0.560000
iter=37800 : Reward: 0.500000
iter=37900 : Reward: 0.450000
iter=38000 : Reward: 0.600000
iter=38100 : Reward: 0.540000
iter=38200 : Reward: 0.570000
iter=38300 : Reward: 0.540000
iter=38400 : Reward: 0.450000
iter=38500 : Reward: 0.590000
iter=38600 : Reward: 0.540000
iter=38700 : Reward: 0.520000
iter=38800 : Reward: 0.620000
iter=38900 : Reward: 0.490000
iter=39000 : Reward: 0.490000
iter=39100 : Reward: 0.630000
iter=39200 : Reward: 0.550000
iter=39300 : Reward: 0.550000
iter=39400 : Reward: 0.490000
iter=39500 : Reward: 0.560000
iter=39600 : Reward: 0.500000
iter=39700 : Reward: 0.560000
iter=39800 : Reward: 0.570000
iter=39900 : Reward: 0.470000
iter=40000 : Reward: 0.590000
ACCURACY: 0.334666667879
Model saved in file: model_runs/DRAM_classify_blobs_run_4/classifymodel_40000.ckpt
--- 122414.547602 CPU seconds ---
iter=40100 : Reward: 0.430000
iter=40200 : Reward: 0.560000
iter=40300 : Reward: 0.500000
iter=40400 : Reward: 0.440000
iter=40500 : Reward: 0.530000
iter=40600 : Reward: 0.480000
iter=40700 : Reward: 0.520000
iter=40800 : Reward: 0.480000
iter=40900 : Reward: 0.590000
iter=41000 : Reward: 0.520000
iter=41100 : Reward: 0.520000
iter=41200 : Reward: 0.490000
iter=41300 : Reward: 0.530000
iter=41400 : Reward: 0.580000
iter=41500 : Reward: 0.520000
iter=41600 : Reward: 0.520000
iter=41700 : Reward: 0.500000
iter=41800 : Reward: 0.610000
iter=41900 : Reward: 0.520000
iter=42000 : Reward: 0.560000
iter=42100 : Reward: 0.500000
iter=42200 : Reward: 0.490000
iter=42300 : Reward: 0.560000
iter=42400 : Reward: 0.440000
iter=42500 : Reward: 0.590000
iter=42600 : Reward: 0.590000
iter=42700 : Reward: 0.540000
iter=42800 : Reward: 0.570000
iter=42900 : Reward: 0.550000
iter=43000 : Reward: 0.600000
iter=43100 : Reward: 0.540000
iter=43200 : Reward: 0.570000
iter=43300 : Reward: 0.650000
iter=43400 : Reward: 0.620000
iter=43500 : Reward: 0.610000
iter=43600 : Reward: 0.600000
iter=43700 : Reward: 0.590000
iter=43800 : Reward: 0.560000
iter=43900 : Reward: 0.520000
iter=44000 : Reward: 0.500000
iter=44100 : Reward: 0.570000
iter=44200 : Reward: 0.570000
iter=44300 : Reward: 0.530000
iter=44400 : Reward: 0.580000
iter=44500 : Reward: 0.540000
iter=44600 : Reward: 0.440000
iter=44700 : Reward: 0.550000
iter=44800 : Reward: 0.630000
iter=44900 : Reward: 0.610000
iter=45000 : Reward: 0.540000
iter=45100 : Reward: 0.590000
iter=45200 : Reward: 0.570000
iter=45300 : Reward: 0.480000
iter=45400 : Reward: 0.480000
iter=45500 : Reward: 0.410000
iter=45600 : Reward: 0.560000
iter=45700 : Reward: 0.570000
iter=45800 : Reward: 0.560000
iter=45900 : Reward: 0.490000
iter=46000 : Reward: 0.630000
iter=46100 : Reward: 0.590000
iter=46200 : Reward: 0.540000
iter=46300 : Reward: 0.560000
iter=46400 : Reward: 0.590000
iter=46500 : Reward: 0.550000
iter=46600 : Reward: 0.510000
iter=46700 : Reward: 0.550000
iter=46800 : Reward: 0.600000
iter=46900 : Reward: 0.550000
iter=47000 : Reward: 0.600000
iter=47100 : Reward: 0.540000
iter=47200 : Reward: 0.570000
iter=47300 : Reward: 0.570000
iter=47400 : Reward: 0.610000
iter=47500 : Reward: 0.560000
iter=47600 : Reward: 0.520000
iter=47700 : Reward: 0.530000
iter=47800 : Reward: 0.480000
iter=47900 : Reward: 0.570000
iter=48000 : Reward: 0.620000
iter=48100 : Reward: 0.600000
iter=48200 : Reward: 0.520000
iter=48300 : Reward: 0.540000
iter=48400 : Reward: 0.620000
iter=48500 : Reward: 0.630000
iter=48600 : Reward: 0.620000
iter=48700 : Reward: 0.600000
iter=48800 : Reward: 0.550000
iter=48900 : Reward: 0.510000
iter=49000 : Reward: 0.570000
iter=49100 : Reward: 0.530000
iter=49200 : Reward: 0.610000
iter=49300 : Reward: 0.600000
iter=49400 : Reward: 0.530000
iter=49500 : Reward: 0.540000
iter=49600 : Reward: 0.560000
iter=49700 : Reward: 0.490000
iter=49800 : Reward: 0.600000
iter=49900 : Reward: 0.630000
iter=50000 : Reward: 0.650000
ACCURACY: 0.397111108568
Model saved in file: model_runs/DRAM_classify_blobs_run_4/classifymodel_50000.ckpt
--- 153147.483169 CPU seconds ---
iter=50100 : Reward: 0.570000
iter=50200 : Reward: 0.490000
iter=50300 : Reward: 0.560000
iter=50400 : Reward: 0.530000
iter=50500 : Reward: 0.530000
iter=50600 : Reward: 0.550000
iter=50700 : Reward: 0.540000
iter=50800 : Reward: 0.510000
iter=50900 : Reward: 0.580000
iter=51000 : Reward: 0.610000
iter=51100 : Reward: 0.510000
iter=51200 : Reward: 0.600000
iter=51300 : Reward: 0.550000
iter=51400 : Reward: 0.560000
iter=51500 : Reward: 0.540000
iter=51600 : Reward: 0.470000
iter=51700 : Reward: 0.580000
iter=51800 : Reward: 0.570000
iter=51900 : Reward: 0.560000
iter=52000 : Reward: 0.600000
iter=52100 : Reward: 0.500000
iter=52200 : Reward: 0.580000
iter=52300 : Reward: 0.540000
iter=52400 : Reward: 0.550000
iter=52500 : Reward: 0.550000
iter=52600 : Reward: 0.590000
iter=52700 : Reward: 0.540000
iter=52800 : Reward: 0.570000
iter=52900 : Reward: 0.570000
iter=53000 : Reward: 0.610000
iter=53100 : Reward: 0.610000
iter=53200 : Reward: 0.520000
iter=53300 : Reward: 0.550000
iter=53400 : Reward: 0.490000
iter=53500 : Reward: 0.610000
iter=53600 : Reward: 0.570000
iter=53700 : Reward: 0.560000
iter=53800 : Reward: 0.600000
iter=53900 : Reward: 0.600000
iter=54000 : Reward: 0.610000
iter=54100 : Reward: 0.650000
iter=54200 : Reward: 0.590000
iter=54300 : Reward: 0.660000
iter=54400 : Reward: 0.600000
iter=54500 : Reward: 0.630000
iter=54600 : Reward: 0.620000
iter=54700 : Reward: 0.620000
iter=54800 : Reward: 0.580000
iter=54900 : Reward: 0.560000
iter=55000 : Reward: 0.480000
iter=55100 : Reward: 0.640000
iter=55200 : Reward: 0.540000
iter=55300 : Reward: 0.580000
iter=55400 : Reward: 0.650000
iter=55500 : Reward: 0.590000
iter=55600 : Reward: 0.490000
iter=55700 : Reward: 0.560000
iter=55800 : Reward: 0.590000
iter=55900 : Reward: 0.580000
iter=56000 : Reward: 0.510000
iter=56100 : Reward: 0.540000
iter=56200 : Reward: 0.620000
iter=56300 : Reward: 0.570000
iter=56400 : Reward: 0.620000
iter=56500 : Reward: 0.640000
iter=56600 : Reward: 0.610000
iter=56700 : Reward: 0.640000
iter=56800 : Reward: 0.600000
iter=56900 : Reward: 0.580000
iter=57000 : Reward: 0.590000
iter=57100 : Reward: 0.640000
iter=57200 : Reward: 0.640000
iter=57300 : Reward: 0.510000
iter=57400 : Reward: 0.600000
iter=57500 : Reward: 0.560000
iter=57600 : Reward: 0.590000
iter=57700 : Reward: 0.540000
iter=57800 : Reward: 0.540000
iter=57900 : Reward: 0.500000
iter=58000 : Reward: 0.540000
iter=58100 : Reward: 0.610000
iter=58200 : Reward: 0.560000
iter=58300 : Reward: 0.620000
iter=58400 : Reward: 0.500000
iter=58500 : Reward: 0.640000
iter=58600 : Reward: 0.570000
iter=58700 : Reward: 0.650000
iter=58800 : Reward: 0.530000
iter=58900 : Reward: 0.560000
iter=59000 : Reward: 0.540000
iter=59100 : Reward: 0.540000
iter=59200 : Reward: 0.690000
iter=59300 : Reward: 0.560000
iter=59400 : Reward: 0.670000
iter=59500 : Reward: 0.600000
iter=59600 : Reward: 0.540000
iter=59700 : Reward: 0.620000
iter=59800 : Reward: 0.580000
iter=59900 : Reward: 0.550000
iter=60000 : Reward: 0.530000
ACCURACY: 0.432666662998
Model saved in file: model_runs/DRAM_classify_blobs_run_4/classifymodel_60000.ckpt
--- 183830.49695800003 CPU seconds ---
iter=60100 : Reward: 0.550000
iter=60200 : Reward: 0.540000
iter=60300 : Reward: 0.630000
iter=60400 : Reward: 0.620000
iter=60500 : Reward: 0.500000
iter=60600 : Reward: 0.560000
iter=60700 : Reward: 0.560000
iter=60800 : Reward: 0.590000
iter=60900 : Reward: 0.610000
iter=61000 : Reward: 0.550000
iter=61100 : Reward: 0.580000
iter=61200 : Reward: 0.600000
iter=61300 : Reward: 0.550000
iter=61400 : Reward: 0.500000
iter=61500 : Reward: 0.650000
iter=61600 : Reward: 0.500000
iter=61700 : Reward: 0.590000
iter=61800 : Reward: 0.730000
iter=61900 : Reward: 0.530000
iter=62000 : Reward: 0.640000
iter=62100 : Reward: 0.610000
iter=62200 : Reward: 0.650000
iter=62300 : Reward: 0.590000
iter=62400 : Reward: 0.610000
iter=62500 : Reward: 0.500000
iter=62600 : Reward: 0.630000
iter=62700 : Reward: 0.550000
iter=62800 : Reward: 0.530000
iter=62900 : Reward: 0.590000
iter=63000 : Reward: 0.660000
iter=63100 : Reward: 0.590000
iter=63200 : Reward: 0.630000
iter=63300 : Reward: 0.550000
iter=63400 : Reward: 0.650000
iter=63500 : Reward: 0.540000
iter=63600 : Reward: 0.540000
iter=63700 : Reward: 0.520000
iter=63800 : Reward: 0.650000
iter=63900 : Reward: 0.540000
iter=64000 : Reward: 0.600000
ACCURACY: 0.427777776784
Model saved in file: model_runs/DRAM_classify_blobs_run_4/classifymodel_64000.ckpt
--- 196056.78817100005 CPU seconds ---
iter=64100 : Reward: 0.670000
iter=64200 : Reward: 0.660000
iter=64300 : Reward: 0.610000
iter=64400 : Reward: 0.560000
iter=64500 : Reward: 0.490000
iter=64600 : Reward: 0.570000
iter=64700 : Reward: 0.640000
iter=64800 : Reward: 0.540000
iter=64900 : Reward: 0.530000
iter=65000 : Reward: 0.560000
iter=65100 : Reward: 0.470000
iter=65200 : Reward: 0.640000
iter=65300 : Reward: 0.480000
iter=65400 : Reward: 0.630000
iter=65500 : Reward: 0.580000
iter=65600 : Reward: 0.620000
iter=65700 : Reward: 0.590000
iter=65800 : Reward: 0.600000
iter=65900 : Reward: 0.560000
iter=66000 : Reward: 0.520000
iter=66100 : Reward: 0.610000
iter=66200 : Reward: 0.530000
iter=66300 : Reward: 0.580000
iter=66400 : Reward: 0.700000
iter=66500 : Reward: 0.590000
iter=66600 : Reward: 0.570000
iter=66700 : Reward: 0.580000
iter=66800 : Reward: 0.640000
iter=66900 : Reward: 0.580000
iter=67000 : Reward: 0.600000
iter=67100 : Reward: 0.520000
iter=67200 : Reward: 0.610000
iter=67300 : Reward: 0.560000
iter=67400 : Reward: 0.580000
iter=67500 : Reward: 0.570000
iter=67600 : Reward: 0.550000
iter=67700 : Reward: 0.610000
iter=67800 : Reward: 0.690000
iter=67900 : Reward: 0.610000
iter=68000 : Reward: 0.610000
iter=68100 : Reward: 0.570000
iter=68200 : Reward: 0.530000
iter=68300 : Reward: 0.640000
iter=68400 : Reward: 0.580000
iter=68500 : Reward: 0.510000
iter=68600 : Reward: 0.580000
iter=68700 : Reward: 0.580000
iter=68800 : Reward: 0.550000
iter=68900 : Reward: 0.590000
iter=69000 : Reward: 0.640000
iter=69100 : Reward: 0.530000
iter=69200 : Reward: 0.590000
iter=69300 : Reward: 0.580000
iter=69400 : Reward: 0.570000
iter=69500 : Reward: 0.640000
iter=69600 : Reward: 0.640000
iter=69700 : Reward: 0.620000
iter=69800 : Reward: 0.650000
iter=69900 : Reward: 0.630000
iter=70000 : Reward: 0.670000
ACCURACY: 0.433555553026
Model saved in file: model_runs/DRAM_classify_blobs_run_4/classifymodel_70000.ckpt
--- 214513.05069600005 CPU seconds ---
iter=70100 : Reward: 0.530000
iter=70200 : Reward: 0.630000
iter=70300 : Reward: 0.560000
iter=70400 : Reward: 0.590000
iter=70500 : Reward: 0.580000
iter=70600 : Reward: 0.580000
iter=70700 : Reward: 0.600000
iter=70800 : Reward: 0.490000
iter=70900 : Reward: 0.590000
iter=71000 : Reward: 0.610000
iter=71100 : Reward: 0.580000
iter=71200 : Reward: 0.700000
iter=71300 : Reward: 0.540000
iter=71400 : Reward: 0.640000
iter=71500 : Reward: 0.520000
iter=71600 : Reward: 0.630000
iter=71700 : Reward: 0.610000
iter=71800 : Reward: 0.620000
iter=71900 : Reward: 0.590000
iter=72000 : Reward: 0.610000
iter=72100 : Reward: 0.670000
iter=72200 : Reward: 0.570000
iter=72300 : Reward: 0.580000
iter=72400 : Reward: 0.600000
iter=72500 : Reward: 0.570000
iter=72600 : Reward: 0.620000
iter=72700 : Reward: 0.650000
iter=72800 : Reward: 0.600000
iter=72900 : Reward: 0.590000
iter=73000 : Reward: 0.720000
iter=73100 : Reward: 0.530000
iter=73200 : Reward: 0.630000
iter=73300 : Reward: 0.560000
iter=73400 : Reward: 0.550000
iter=73500 : Reward: 0.640000
iter=73600 : Reward: 0.600000
iter=73700 : Reward: 0.590000
iter=73800 : Reward: 0.610000
iter=73900 : Reward: 0.570000
iter=74000 : Reward: 0.640000
iter=74100 : Reward: 0.550000
iter=74200 : Reward: 0.560000
iter=74300 : Reward: 0.670000
iter=74400 : Reward: 0.630000
iter=74500 : Reward: 0.600000
iter=74600 : Reward: 0.590000
iter=74700 : Reward: 0.590000
iter=74800 : Reward: 0.690000
iter=74900 : Reward: 0.580000
iter=75000 : Reward: 0.640000
iter=75100 : Reward: 0.590000
iter=75200 : Reward: 0.700000
iter=75300 : Reward: 0.550000
iter=75400 : Reward: 0.620000
iter=75500 : Reward: 0.640000
iter=75600 : Reward: 0.620000
iter=75700 : Reward: 0.620000
iter=75800 : Reward: 0.740000
iter=75900 : Reward: 0.530000
iter=76000 : Reward: 0.540000
iter=76100 : Reward: 0.620000
iter=76200 : Reward: 0.570000
iter=76300 : Reward: 0.590000
iter=76400 : Reward: 0.600000
iter=76500 : Reward: 0.660000
iter=76600 : Reward: 0.510000
iter=76700 : Reward: 0.620000
iter=76800 : Reward: 0.510000
iter=76900 : Reward: 0.660000
iter=77000 : Reward: 0.620000
iter=77100 : Reward: 0.620000
iter=77200 : Reward: 0.650000
iter=77300 : Reward: 0.580000
iter=77400 : Reward: 0.630000
iter=77500 : Reward: 0.550000
iter=77600 : Reward: 0.600000
iter=77700 : Reward: 0.620000
iter=77800 : Reward: 0.660000
iter=77900 : Reward: 0.630000
iter=78000 : Reward: 0.630000
iter=78100 : Reward: 0.640000
iter=78200 : Reward: 0.580000
iter=78300 : Reward: 0.600000
iter=78400 : Reward: 0.570000
iter=78500 : Reward: 0.640000
iter=78600 : Reward: 0.560000
iter=78700 : Reward: 0.610000
iter=78800 : Reward: 0.670000
iter=78900 : Reward: 0.600000
iter=79000 : Reward: 0.690000
iter=79100 : Reward: 0.690000
iter=79200 : Reward: 0.670000
iter=79300 : Reward: 0.640000
iter=79400 : Reward: 0.570000
iter=79500 : Reward: 0.520000
iter=79600 : Reward: 0.600000
iter=79700 : Reward: 0.660000
iter=79800 : Reward: 0.630000
iter=79900 : Reward: 0.660000
iter=80000 : Reward: 0.600000
ACCURACY: 0.43033333189
Model saved in file: model_runs/DRAM_classify_blobs_run_4/classifymodel_80000.ckpt
--- 245291.12225900005 CPU seconds ---
iter=80100 : Reward: 0.570000
iter=80200 : Reward: 0.670000
iter=80300 : Reward: 0.580000
iter=80400 : Reward: 0.620000
iter=80500 : Reward: 0.680000
iter=80600 : Reward: 0.610000
iter=80700 : Reward: 0.590000
iter=80800 : Reward: 0.630000
iter=80900 : Reward: 0.540000
iter=81000 : Reward: 0.550000
iter=81100 : Reward: 0.650000
iter=81200 : Reward: 0.610000
iter=81300 : Reward: 0.610000
iter=81400 : Reward: 0.660000
iter=81500 : Reward: 0.720000
iter=81600 : Reward: 0.640000
iter=81700 : Reward: 0.590000
iter=81800 : Reward: 0.590000
iter=81900 : Reward: 0.710000
iter=82000 : Reward: 0.740000
iter=82100 : Reward: 0.640000
iter=82200 : Reward: 0.620000
iter=82300 : Reward: 0.600000
iter=82400 : Reward: 0.650000
iter=82500 : Reward: 0.640000
iter=82600 : Reward: 0.670000
iter=82700 : Reward: 0.680000
iter=82800 : Reward: 0.630000
iter=82900 : Reward: 0.560000
iter=83000 : Reward: 0.570000
iter=83100 : Reward: 0.650000
iter=83200 : Reward: 0.660000
iter=83300 : Reward: 0.680000
iter=83400 : Reward: 0.610000
iter=83500 : Reward: 0.570000
iter=83600 : Reward: 0.550000
iter=83700 : Reward: 0.610000
iter=83800 : Reward: 0.580000
iter=83900 : Reward: 0.520000
iter=84000 : Reward: 0.670000
iter=84100 : Reward: 0.620000
iter=84200 : Reward: 0.640000
iter=84300 : Reward: 0.640000
iter=84400 : Reward: 0.530000
iter=84500 : Reward: 0.610000
iter=84600 : Reward: 0.580000
iter=84700 : Reward: 0.630000
iter=84800 : Reward: 0.610000
iter=84900 : Reward: 0.580000
iter=85000 : Reward: 0.620000
iter=85100 : Reward: 0.680000
iter=85200 : Reward: 0.510000
iter=85300 : Reward: 0.600000
iter=85400 : Reward: 0.570000
iter=85500 : Reward: 0.630000
iter=85600 : Reward: 0.600000
iter=85700 : Reward: 0.570000
iter=85800 : Reward: 0.670000
iter=85900 : Reward: 0.580000
iter=86000 : Reward: 0.720000
iter=86100 : Reward: 0.640000
iter=86200 : Reward: 0.650000
iter=86300 : Reward: 0.550000
iter=86400 : Reward: 0.590000
iter=86500 : Reward: 0.660000
iter=86600 : Reward: 0.600000
iter=86700 : Reward: 0.620000
iter=86800 : Reward: 0.660000
iter=86900 : Reward: 0.570000
iter=87000 : Reward: 0.670000
iter=87100 : Reward: 0.690000
iter=87200 : Reward: 0.660000
iter=87300 : Reward: 0.590000
iter=87400 : Reward: 0.520000
iter=87500 : Reward: 0.580000
iter=87600 : Reward: 0.640000
iter=87700 : Reward: 0.600000
iter=87800 : Reward: 0.550000
iter=87900 : Reward: 0.650000
iter=88000 : Reward: 0.540000
iter=88100 : Reward: 0.590000
iter=88200 : Reward: 0.580000
iter=88300 : Reward: 0.640000
iter=88400 : Reward: 0.610000
iter=88500 : Reward: 0.680000
iter=88600 : Reward: 0.530000
iter=88700 : Reward: 0.610000
iter=88800 : Reward: 0.760000
iter=88900 : Reward: 0.620000
iter=89000 : Reward: 0.540000
iter=89100 : Reward: 0.700000
iter=89200 : Reward: 0.600000
iter=89300 : Reward: 0.590000
iter=89400 : Reward: 0.690000
iter=89500 : Reward: 0.660000
iter=89600 : Reward: 0.610000
iter=89700 : Reward: 0.660000
iter=89800 : Reward: 0.550000
iter=89900 : Reward: 0.700000
iter=90000 : Reward: 0.680000
ACCURACY: 0.434333332049
Model saved in file: model_runs/DRAM_classify_blobs_run_4/classifymodel_90000.ckpt
--- 276071.712819 CPU seconds ---
iter=90100 : Reward: 0.600000
iter=90200 : Reward: 0.650000
iter=90300 : Reward: 0.680000
iter=90400 : Reward: 0.610000
iter=90500 : Reward: 0.570000
iter=90600 : Reward: 0.640000
iter=90700 : Reward: 0.580000
iter=90800 : Reward: 0.680000
iter=90900 : Reward: 0.620000
iter=91000 : Reward: 0.620000
iter=91100 : Reward: 0.630000
iter=91200 : Reward: 0.570000
iter=91300 : Reward: 0.710000
iter=91400 : Reward: 0.610000
iter=91500 : Reward: 0.640000
iter=91600 : Reward: 0.640000
iter=91700 : Reward: 0.640000
iter=91800 : Reward: 0.680000
iter=91900 : Reward: 0.630000
iter=92000 : Reward: 0.560000
iter=92100 : Reward: 0.590000
iter=92200 : Reward: 0.630000
iter=92300 : Reward: 0.610000
iter=92400 : Reward: 0.560000
iter=92500 : Reward: 0.610000
iter=92600 : Reward: 0.610000
iter=92700 : Reward: 0.680000
iter=92800 : Reward: 0.650000
iter=92900 : Reward: 0.660000
iter=93000 : Reward: 0.610000
iter=93100 : Reward: 0.700000
iter=93200 : Reward: 0.620000
iter=93300 : Reward: 0.640000
iter=93400 : Reward: 0.590000
iter=93500 : Reward: 0.530000
iter=93600 : Reward: 0.660000
iter=93700 : Reward: 0.610000
iter=93800 : Reward: 0.580000
iter=93900 : Reward: 0.710000
iter=94000 : Reward: 0.610000
iter=94100 : Reward: 0.600000
iter=94200 : Reward: 0.580000
iter=94300 : Reward: 0.590000
iter=94400 : Reward: 0.680000
iter=94500 : Reward: 0.490000
iter=94600 : Reward: 0.650000
iter=94700 : Reward: 0.730000
iter=94800 : Reward: 0.690000
iter=94900 : Reward: 0.610000
iter=95000 : Reward: 0.740000
iter=95100 : Reward: 0.640000
iter=95200 : Reward: 0.680000
iter=95300 : Reward: 0.650000
iter=95400 : Reward: 0.580000
iter=95500 : Reward: 0.660000
iter=95600 : Reward: 0.660000
iter=95700 : Reward: 0.680000
iter=95800 : Reward: 0.670000
iter=95900 : Reward: 0.650000
iter=96000 : Reward: 0.660000
iter=96100 : Reward: 0.630000
iter=96200 : Reward: 0.690000
iter=96300 : Reward: 0.700000
iter=96400 : Reward: 0.610000
iter=96500 : Reward: 0.600000
iter=96600 : Reward: 0.620000
iter=96700 : Reward: 0.580000
iter=96800 : Reward: 0.630000
iter=96900 : Reward: 0.600000
iter=97000 : Reward: 0.640000
iter=97100 : Reward: 0.690000
iter=97200 : Reward: 0.580000
iter=97300 : Reward: 0.670000
iter=97400 : Reward: 0.630000
iter=97500 : Reward: 0.680000
iter=97600 : Reward: 0.680000
iter=97700 : Reward: 0.600000
iter=97800 : Reward: 0.730000
iter=97900 : Reward: 0.640000
iter=98000 : Reward: 0.610000
iter=98100 : Reward: 0.640000
iter=98200 : Reward: 0.640000
iter=98300 : Reward: 0.650000
iter=98400 : Reward: 0.620000
iter=98500 : Reward: 0.660000
iter=98600 : Reward: 0.620000
iter=98700 : Reward: 0.660000
iter=98800 : Reward: 0.620000
iter=98900 : Reward: 0.730000
iter=99000 : Reward: 0.690000
iter=99100 : Reward: 0.590000
iter=99200 : Reward: 0.650000
iter=99300 : Reward: 0.690000
iter=99400 : Reward: 0.570000
iter=99500 : Reward: 0.640000
iter=99600 : Reward: 0.540000
iter=99700 : Reward: 0.700000
iter=99800 : Reward: 0.660000
iter=99900 : Reward: 0.610000
iter=100000 : Reward: 0.600000
ACCURACY: 0.467444440391
Model saved in file: model_runs/DRAM_classify_blobs_run_4/classifymodel_100000.ckpt
--- 306869.38741299993 CPU seconds ---
iter=100100 : Reward: 0.620000
iter=100200 : Reward: 0.690000
iter=100300 : Reward: 0.680000
iter=100400 : Reward: 0.570000
iter=100500 : Reward: 0.590000
iter=100600 : Reward: 0.600000
iter=100700 : Reward: 0.640000
iter=100800 : Reward: 0.710000
iter=100900 : Reward: 0.570000
iter=101000 : Reward: 0.700000
iter=101100 : Reward: 0.700000
iter=101200 : Reward: 0.690000
iter=101300 : Reward: 0.610000
iter=101400 : Reward: 0.640000
iter=101500 : Reward: 0.690000
iter=101600 : Reward: 0.620000
iter=101700 : Reward: 0.670000
iter=101800 : Reward: 0.660000
iter=101900 : Reward: 0.700000
iter=102000 : Reward: 0.700000
iter=102100 : Reward: 0.670000
iter=102200 : Reward: 0.630000
iter=102300 : Reward: 0.660000
iter=102400 : Reward: 0.700000
iter=102500 : Reward: 0.680000
iter=102600 : Reward: 0.590000
iter=102700 : Reward: 0.710000
iter=102800 : Reward: 0.610000
iter=102900 : Reward: 0.680000
iter=103000 : Reward: 0.620000
iter=103100 : Reward: 0.710000
iter=103200 : Reward: 0.580000
iter=103300 : Reward: 0.650000
iter=103400 : Reward: 0.670000
iter=103500 : Reward: 0.590000
iter=103600 : Reward: 0.750000
iter=103700 : Reward: 0.650000
iter=103800 : Reward: 0.580000
iter=103900 : Reward: 0.650000
iter=104000 : Reward: 0.730000
iter=104100 : Reward: 0.650000
iter=104200 : Reward: 0.710000
iter=104300 : Reward: 0.670000
iter=104400 : Reward: 0.660000
iter=104500 : Reward: 0.630000
iter=104600 : Reward: 0.680000
iter=104700 : Reward: 0.690000
iter=104800 : Reward: 0.690000
iter=104900 : Reward: 0.660000
iter=105000 : Reward: 0.630000
iter=105100 : Reward: 0.620000
iter=105200 : Reward: 0.710000
iter=105300 : Reward: 0.640000
iter=105400 : Reward: 0.660000
iter=105500 : Reward: 0.650000
iter=105600 : Reward: 0.610000
iter=105700 : Reward: 0.670000
iter=105800 : Reward: 0.600000
iter=105900 : Reward: 0.710000
iter=106000 : Reward: 0.700000
iter=106100 : Reward: 0.720000
iter=106200 : Reward: 0.690000
iter=106300 : Reward: 0.650000
iter=106400 : Reward: 0.640000
iter=106500 : Reward: 0.700000
iter=106600 : Reward: 0.680000
iter=106700 : Reward: 0.700000
iter=106800 : Reward: 0.750000
iter=106900 : Reward: 0.590000
iter=107000 : Reward: 0.650000
iter=107100 : Reward: 0.580000
iter=107200 : Reward: 0.650000
iter=107300 : Reward: 0.580000
iter=107400 : Reward: 0.630000
iter=107500 : Reward: 0.580000
iter=107600 : Reward: 0.610000
iter=107700 : Reward: 0.620000
iter=107800 : Reward: 0.660000
iter=107900 : Reward: 0.630000
iter=108000 : Reward: 0.630000
iter=108100 : Reward: 0.610000
iter=108200 : Reward: 0.710000
iter=108300 : Reward: 0.570000
iter=108400 : Reward: 0.640000
iter=108500 : Reward: 0.620000
iter=108600 : Reward: 0.700000
iter=108700 : Reward: 0.720000
iter=108800 : Reward: 0.620000
iter=108900 : Reward: 0.700000
iter=109000 : Reward: 0.720000
iter=109100 : Reward: 0.740000
iter=109200 : Reward: 0.650000
iter=109300 : Reward: 0.590000
iter=109400 : Reward: 0.720000
iter=109500 : Reward: 0.610000
iter=109600 : Reward: 0.650000
iter=109700 : Reward: 0.700000
iter=109800 : Reward: 0.640000
iter=109900 : Reward: 0.700000
iter=110000 : Reward: 0.650000
ACCURACY: 0.478999998172
Model saved in file: model_runs/DRAM_classify_blobs_run_4/classifymodel_110000.ckpt
--- 337622.80207199993 CPU seconds ---
iter=110100 : Reward: 0.610000
iter=110200 : Reward: 0.690000
iter=110300 : Reward: 0.570000
iter=110400 : Reward: 0.660000
iter=110500 : Reward: 0.650000
iter=110600 : Reward: 0.570000
iter=110700 : Reward: 0.640000
iter=110800 : Reward: 0.570000
iter=110900 : Reward: 0.580000
iter=111000 : Reward: 0.610000
iter=111100 : Reward: 0.680000
iter=111200 : Reward: 0.650000
iter=111300 : Reward: 0.660000
iter=111400 : Reward: 0.700000
iter=111500 : Reward: 0.610000
iter=111600 : Reward: 0.670000
iter=111700 : Reward: 0.550000
iter=111800 : Reward: 0.670000
iter=111900 : Reward: 0.700000
iter=112000 : Reward: 0.660000
iter=112100 : Reward: 0.690000
iter=112200 : Reward: 0.590000
iter=112300 : Reward: 0.620000
iter=112400 : Reward: 0.620000
iter=112500 : Reward: 0.700000
iter=112600 : Reward: 0.780000
iter=112700 : Reward: 0.570000
iter=112800 : Reward: 0.730000
iter=112900 : Reward: 0.560000
iter=113000 : Reward: 0.720000
iter=113100 : Reward: 0.690000
iter=113200 : Reward: 0.660000
iter=113300 : Reward: 0.790000
iter=113400 : Reward: 0.740000
iter=113500 : Reward: 0.700000
iter=113600 : Reward: 0.680000
iter=113700 : Reward: 0.670000
iter=113800 : Reward: 0.700000
iter=113900 : Reward: 0.680000
iter=114000 : Reward: 0.630000
iter=114100 : Reward: 0.660000
iter=114200 : Reward: 0.670000
iter=114300 : Reward: 0.690000
iter=114400 : Reward: 0.640000
iter=114500 : Reward: 0.700000
iter=114600 : Reward: 0.670000
iter=114700 : Reward: 0.630000
iter=114800 : Reward: 0.650000
iter=114900 : Reward: 0.680000
iter=115000 : Reward: 0.590000
iter=115100 : Reward: 0.690000
iter=115200 : Reward: 0.620000
iter=115300 : Reward: 0.580000
iter=115400 : Reward: 0.700000
iter=115500 : Reward: 0.710000
iter=115600 : Reward: 0.660000
iter=115700 : Reward: 0.620000
iter=115800 : Reward: 0.620000
iter=115900 : Reward: 0.630000
iter=116000 : Reward: 0.620000
iter=116100 : Reward: 0.570000
iter=116200 : Reward: 0.620000
iter=116300 : Reward: 0.690000
iter=116400 : Reward: 0.650000
iter=116500 : Reward: 0.670000
iter=116600 : Reward: 0.680000
iter=116700 : Reward: 0.630000
iter=116800 : Reward: 0.670000
iter=116900 : Reward: 0.690000
iter=117000 : Reward: 0.740000
iter=117100 : Reward: 0.650000
iter=117200 : Reward: 0.740000
iter=117300 : Reward: 0.660000
iter=117400 : Reward: 0.640000
iter=117500 : Reward: 0.750000
iter=117600 : Reward: 0.690000
iter=117700 : Reward: 0.620000
iter=117800 : Reward: 0.640000
iter=117900 : Reward: 0.730000
iter=118000 : Reward: 0.590000
iter=118100 : Reward: 0.640000
iter=118200 : Reward: 0.590000
iter=118300 : Reward: 0.570000
iter=118400 : Reward: 0.680000
iter=118500 : Reward: 0.660000
iter=118600 : Reward: 0.760000
iter=118700 : Reward: 0.660000
iter=118800 : Reward: 0.640000
iter=118900 : Reward: 0.650000
iter=119000 : Reward: 0.660000
iter=119100 : Reward: 0.660000
iter=119200 : Reward: 0.650000
iter=119300 : Reward: 0.690000
iter=119400 : Reward: 0.700000
iter=119500 : Reward: 0.580000
iter=119600 : Reward: 0.650000
iter=119700 : Reward: 0.730000
iter=119800 : Reward: 0.610000
iter=119900 : Reward: 0.600000
iter=120000 : Reward: 0.620000
ACCURACY: 0.477222220103
Model saved in file: model_runs/DRAM_classify_blobs_run_4/classifymodel_120000.ckpt
--- 368372.33096099994 CPU seconds ---
iter=120100 : Reward: 0.650000
iter=120200 : Reward: 0.740000
iter=120300 : Reward: 0.660000
iter=120400 : Reward: 0.690000
iter=120500 : Reward: 0.640000
iter=120600 : Reward: 0.730000
iter=120700 : Reward: 0.600000
iter=120800 : Reward: 0.690000
iter=120900 : Reward: 0.700000
iter=121000 : Reward: 0.710000
iter=121100 : Reward: 0.620000
iter=121200 : Reward: 0.650000
iter=121300 : Reward: 0.720000
iter=121400 : Reward: 0.610000
iter=121500 : Reward: 0.630000
iter=121600 : Reward: 0.720000
iter=121700 : Reward: 0.660000
iter=121800 : Reward: 0.660000
iter=121900 : Reward: 0.640000
iter=122000 : Reward: 0.690000
iter=122100 : Reward: 0.720000
iter=122200 : Reward: 0.660000
iter=122300 : Reward: 0.640000
iter=122400 : Reward: 0.730000
iter=122500 : Reward: 0.700000
iter=122600 : Reward: 0.700000
iter=122700 : Reward: 0.650000
iter=122800 : Reward: 0.700000
iter=122900 : Reward: 0.660000
iter=123000 : Reward: 0.660000
iter=123100 : Reward: 0.680000
iter=123200 : Reward: 0.640000
iter=123300 : Reward: 0.710000
iter=123400 : Reward: 0.630000
iter=123500 : Reward: 0.720000
iter=123600 : Reward: 0.620000
iter=123700 : Reward: 0.750000
iter=123800 : Reward: 0.660000
iter=123900 : Reward: 0.540000
iter=124000 : Reward: 0.670000
iter=124100 : Reward: 0.680000
iter=124200 : Reward: 0.670000
iter=124300 : Reward: 0.720000
iter=124400 : Reward: 0.620000
iter=124500 : Reward: 0.630000
iter=124600 : Reward: 0.680000
