['DRAM_move_attn_0done.py', 'DRAM_move_attn_0done/run_5', 'true', 'true', 'true', 'true', 'true', 'model_runs/DRAM_move_attn_0done/run_5/classify_log.csv', 'model_runs/DRAM_move_attn_0done/run_5/classifymodel_0.ckpt', 'model_runs/DRAM_move_attn_0done/run_5/classifymodel_', 'model_runs/DRAM_move_attn_0done/run_5/zzzdraw_data_5000.npy', 'false', 'true', 'false', 'false', 'true']
2017-08-21 18:05:33.052071: W tensorflow/core/platform/cpu_feature_guard.cc:45] The TensorFlow library wasn't compiled to use SSE4.1 instructions, but these are available on your machine and could speed up CPU computations.
2017-08-21 18:05:33.052112: W tensorflow/core/platform/cpu_feature_guard.cc:45] The TensorFlow library wasn't compiled to use SSE4.2 instructions, but these are available on your machine and could speed up CPU computations.
2017-08-21 18:05:33.052118: W tensorflow/core/platform/cpu_feature_guard.cc:45] The TensorFlow library wasn't compiled to use AVX instructions, but these are available on your machine and could speed up CPU computations.
2017-08-21 18:05:33.052123: W tensorflow/core/platform/cpu_feature_guard.cc:45] The TensorFlow library wasn't compiled to use AVX2 instructions, but these are available on your machine and could speed up CPU computations.
2017-08-21 18:05:33.052127: W tensorflow/core/platform/cpu_feature_guard.cc:45] The TensorFlow library wasn't compiled to use FMA instructions, but these are available on your machine and could speed up CPU computations.
2017-08-21 18:05:33.200475: I tensorflow/stream_executor/cuda/cuda_gpu_executor.cc:901] successful NUMA node read from SysFS had negative value (-1), but there must be at least one NUMA node, so returning NUMA node zero
2017-08-21 18:05:33.200843: I tensorflow/core/common_runtime/gpu/gpu_device.cc:887] Found device 0 with properties: 
name: GeForce GTX 1080
major: 6 minor: 1 memoryClockRate (GHz) 1.898
pciBusID 0000:01:00.0
Total memory: 7.92GiB
Free memory: 6.28GiB
2017-08-21 18:05:33.200941: W tensorflow/stream_executor/cuda/cuda_driver.cc:485] creating context when one is currently active; existing: 0xbfd9050
2017-08-21 18:05:33.383416: I tensorflow/stream_executor/cuda/cuda_gpu_executor.cc:901] successful NUMA node read from SysFS had negative value (-1), but there must be at least one NUMA node, so returning NUMA node zero
2017-08-21 18:05:33.383785: I tensorflow/core/common_runtime/gpu/gpu_device.cc:887] Found device 1 with properties: 
name: GeForce GTX 1080
major: 6 minor: 1 memoryClockRate (GHz) 1.898
pciBusID 0000:02:00.0
Total memory: 7.92GiB
Free memory: 6.70GiB
2017-08-21 18:05:33.383969: I tensorflow/core/common_runtime/gpu/gpu_device.cc:908] DMA: 0 1 
2017-08-21 18:05:33.383983: I tensorflow/core/common_runtime/gpu/gpu_device.cc:918] 0:   Y Y 
2017-08-21 18:05:33.383987: I tensorflow/core/common_runtime/gpu/gpu_device.cc:918] 1:   Y Y 
2017-08-21 18:05:33.383995: I tensorflow/core/common_runtime/gpu/gpu_device.cc:977] Creating TensorFlow device (/gpu:0) -> (device: 0, name: GeForce GTX 1080, pci bus id: 0000:01:00.0)
2017-08-21 18:05:33.384001: I tensorflow/core/common_runtime/gpu/gpu_device.cc:977] Creating TensorFlow device (/gpu:1) -> (device: 1, name: GeForce GTX 1080, pci bus id: 0000:02:00.0)
iter=0 : Reward: -1718.598145
iter=0 : Reward: -10.468643
Predict x average: 81.604904
Target x average: 85.666672
POSITION ACCURACY: -1673.16113659
COUNT ACCURACY: 0.0718599839194
Model saved in file: model_runs/DRAM_move_attn_0done/run_5/classifymodel_0.ckpt
--- 8.322384999999997 CPU seconds ---
iter=100 : Reward: -854.501770
iter=100 : Reward: -3.600428
Predict x average: 53.673347
Target x average: 60.777779
iter=200 : Reward: -842.936096
iter=200 : Reward: -3.591667
Predict x average: 76.906769
Target x average: 81.444443
iter=300 : Reward: -656.622986
iter=300 : Reward: -2.181845
Predict x average: 59.014183
Target x average: 60.888885
iter=400 : Reward: -727.464539
iter=400 : Reward: -2.149491
Predict x average: 63.655972
Target x average: 88.444443
iter=500 : Reward: -745.074646
iter=500 : Reward: -2.094547
Predict x average: 83.962341
Target x average: 59.000000
iter=600 : Reward: -644.486145
iter=600 : Reward: -2.010355
Predict x average: 79.832718
Target x average: 99.666664
iter=700 : Reward: -657.370789
iter=700 : Reward: -2.134933
Predict x average: 68.201218
Target x average: 80.111115
iter=800 : Reward: -677.374146
iter=800 : Reward: -1.961277
Predict x average: 83.802338
Target x average: 72.000000
iter=900 : Reward: -664.229736
iter=900 : Reward: -2.121779
Predict x average: 72.526077
Target x average: 81.111115
iter=1000 : Reward: -771.443298
iter=1000 : Reward: -1.961444
Predict x average: 51.198250
Target x average: 62.666664
Traceback (most recent call last):
  File "DRAM_move_attn_0done.py", line 478, in <module>
    train_data.get_train(even=1, shiny=True, done_vector="end")
  File "/home/sychen23/DRAM/load_teacher.py", line 40, in get_train
    _, self.images, self.labels, self.traces, _ = trace_data.get_my_teacher()
  File "/home/sychen23/DRAM/trace_data_new.py", line 40, in get_my_teacher
    train = np.zeros([total, img_size])   #training imgs
MemoryError
