['COUNT_twolayer2.py', '1206_9blobs', 'true', 'true', 'true', 'true', 'true', 'model_runs/1206_9blobs/count_log.csv', 'model_runs/1206_9blobs/countmodel_0.ckpt', 'model_runs/1206_9blobs/countmodel_', 'true', 'false', 'false', 'true']
WARNING:tensorflow:From COUNT_twolayer2.py:290: arg_max (from tensorflow.python.ops.gen_math_ops) is deprecated and will be removed in a future version.
Instructions for updating:
Use `argmax` instead
WARNING:tensorflow:From COUNT_twolayer2.py:291: arg_max (from tensorflow.python.ops.gen_math_ops) is deprecated and will be removed in a future version.
Instructions for updating:
Use `argmax` instead
WARNING:tensorflow:From COUNT_twolayer2.py:290: arg_max (from tensorflow.python.ops.gen_math_ops) is deprecated and will be removed in a future version.
Instructions for updating:
Use `argmax` instead
WARNING:tensorflow:From COUNT_twolayer2.py:291: arg_max (from tensorflow.python.ops.gen_math_ops) is deprecated and will be removed in a future version.
Instructions for updating:
Use `argmax` instead
WARNING:tensorflow:From COUNT_twolayer2.py:290: arg_max (from tensorflow.python.ops.gen_math_ops) is deprecated and will be removed in a future version.
Instructions for updating:
Use `argmax` instead
WARNING:tensorflow:From COUNT_twolayer2.py:291: arg_max (from tensorflow.python.ops.gen_math_ops) is deprecated and will be removed in a future version.
Instructions for updating:
Use `argmax` instead
WARNING:tensorflow:From COUNT_twolayer2.py:290: arg_max (from tensorflow.python.ops.gen_math_ops) is deprecated and will be removed in a future version.
Instructions for updating:
Use `argmax` instead
WARNING:tensorflow:From COUNT_twolayer2.py:291: arg_max (from tensorflow.python.ops.gen_math_ops) is deprecated and will be removed in a future version.
Instructions for updating:
Use `argmax` instead
WARNING:tensorflow:From COUNT_twolayer2.py:290: arg_max (from tensorflow.python.ops.gen_math_ops) is deprecated and will be removed in a future version.
Instructions for updating:
Use `argmax` instead
WARNING:tensorflow:From COUNT_twolayer2.py:291: arg_max (from tensorflow.python.ops.gen_math_ops) is deprecated and will be removed in a future version.
Instructions for updating:
Use `argmax` instead
WARNING:tensorflow:From COUNT_twolayer2.py:290: arg_max (from tensorflow.python.ops.gen_math_ops) is deprecated and will be removed in a future version.
Instructions for updating:
Use `argmax` instead
WARNING:tensorflow:From COUNT_twolayer2.py:291: arg_max (from tensorflow.python.ops.gen_math_ops) is deprecated and will be removed in a future version.
Instructions for updating:
Use `argmax` instead
WARNING:tensorflow:From COUNT_twolayer2.py:290: arg_max (from tensorflow.python.ops.gen_math_ops) is deprecated and will be removed in a future version.
Instructions for updating:
Use `argmax` instead
WARNING:tensorflow:From COUNT_twolayer2.py:291: arg_max (from tensorflow.python.ops.gen_math_ops) is deprecated and will be removed in a future version.
Instructions for updating:
Use `argmax` instead
WARNING:tensorflow:From COUNT_twolayer2.py:290: arg_max (from tensorflow.python.ops.gen_math_ops) is deprecated and will be removed in a future version.
Instructions for updating:
Use `argmax` instead
WARNING:tensorflow:From COUNT_twolayer2.py:291: arg_max (from tensorflow.python.ops.gen_math_ops) is deprecated and will be removed in a future version.
Instructions for updating:
Use `argmax` instead
WARNING:tensorflow:From COUNT_twolayer2.py:290: arg_max (from tensorflow.python.ops.gen_math_ops) is deprecated and will be removed in a future version.
Instructions for updating:
Use `argmax` instead
WARNING:tensorflow:From COUNT_twolayer2.py:291: arg_max (from tensorflow.python.ops.gen_math_ops) is deprecated and will be removed in a future version.
Instructions for updating:
Use `argmax` instead
WARNING:tensorflow:From COUNT_twolayer2.py:290: arg_max (from tensorflow.python.ops.gen_math_ops) is deprecated and will be removed in a future version.
Instructions for updating:
Use `argmax` instead
WARNING:tensorflow:From COUNT_twolayer2.py:291: arg_max (from tensorflow.python.ops.gen_math_ops) is deprecated and will be removed in a future version.
Instructions for updating:
Use `argmax` instead
2017-12-06 16:31:53.567454: W tensorflow/core/platform/cpu_feature_guard.cc:45] The TensorFlow library wasn't compiled to use SSE4.1 instructions, but these are available on your machine and could speed up CPU computations.
2017-12-06 16:31:53.567529: W tensorflow/core/platform/cpu_feature_guard.cc:45] The TensorFlow library wasn't compiled to use SSE4.2 instructions, but these are available on your machine and could speed up CPU computations.
2017-12-06 16:31:53.567538: W tensorflow/core/platform/cpu_feature_guard.cc:45] The TensorFlow library wasn't compiled to use AVX instructions, but these are available on your machine and could speed up CPU computations.
2017-12-06 16:31:53.567543: W tensorflow/core/platform/cpu_feature_guard.cc:45] The TensorFlow library wasn't compiled to use AVX2 instructions, but these are available on your machine and could speed up CPU computations.
2017-12-06 16:31:53.567547: W tensorflow/core/platform/cpu_feature_guard.cc:45] The TensorFlow library wasn't compiled to use FMA instructions, but these are available on your machine and could speed up CPU computations.
2017-12-06 16:31:53.701536: I tensorflow/stream_executor/cuda/cuda_gpu_executor.cc:893] successful NUMA node read from SysFS had negative value (-1), but there must be at least one NUMA node, so returning NUMA node zero
2017-12-06 16:31:53.701826: I tensorflow/core/common_runtime/gpu/gpu_device.cc:955] Found device 0 with properties: 
name: GeForce GTX 1080
major: 6 minor: 1 memoryClockRate (GHz) 1.898
pciBusID 0000:01:00.0
Total memory: 7.92GiB
Free memory: 5.81GiB
2017-12-06 16:31:53.821170: W tensorflow/stream_executor/cuda/cuda_driver.cc:523] A non-primary context 0x7fc3a10 exists before initializing the StreamExecutor. We haven't verified StreamExecutor works with that.
2017-12-06 16:31:53.821383: I tensorflow/stream_executor/cuda/cuda_gpu_executor.cc:893] successful NUMA node read from SysFS had negative value (-1), but there must be at least one NUMA node, so returning NUMA node zero
2017-12-06 16:31:53.821695: I tensorflow/core/common_runtime/gpu/gpu_device.cc:955] Found device 1 with properties: 
name: GeForce GTX 1080
major: 6 minor: 1 memoryClockRate (GHz) 1.898
pciBusID 0000:02:00.0
Total memory: 7.92GiB
Free memory: 7.35GiB
2017-12-06 16:31:53.821817: I tensorflow/core/common_runtime/gpu/gpu_device.cc:976] DMA: 0 1 
2017-12-06 16:31:53.821828: I tensorflow/core/common_runtime/gpu/gpu_device.cc:986] 0:   Y Y 
2017-12-06 16:31:53.821833: I tensorflow/core/common_runtime/gpu/gpu_device.cc:986] 1:   Y Y 
2017-12-06 16:31:53.821841: I tensorflow/core/common_runtime/gpu/gpu_device.cc:1045] Creating TensorFlow device (/gpu:0) -> (device: 0, name: GeForce GTX 1080, pci bus id: 0000:01:00.0)
2017-12-06 16:31:53.821848: I tensorflow/core/common_runtime/gpu/gpu_device.cc:1045] Creating TensorFlow device (/gpu:1) -> (device: 1, name: GeForce GTX 1080, pci bus id: 0000:02:00.0)
iter=0 : Accuracy: 0.002500 Pc: 0.430150
point_x: [8.0, 13.0, 19.0, 99.0, 99.0, 99.0, 99.0, 99.0, 99.0, 99.0]
point_y: [43.0, 62.0, 41.0, 54.0, 54.0, 54.0, 54.0, 54.0, 54.0, 54.0]
predict_x: [50.0, 50.001968, 49.982647, 49.967415, 49.958408, 49.956112, 49.95644, 49.957996, 49.959965, 49.961887]
predict_y: [50.0, 50.03017, 50.027393, 50.023926, 50.021938, 50.012569, 50.000607, 49.988216, 49.976463, 49.965805]
TESTING!
LabelSums: [ 1012.  1032.   985.  1011.  1018.  1002.  1002.   984.   954.]
COUNT_QUALITY: [2.302624, 2.3328283, 2.2956285, 2.3205247, 2.3435285, 2.3428497, 2.3414748, 2.3396609, 2.3376117, 2.3354831]
POINT_QUALITY: [46.872017, 39.370262, 32.229771, 27.216349, 50.416172, 50.442242, 50.463123, 50.479649, 50.492683, 50.502754]
TESTACCURACY: 0.105850222161
CORRECT: [1, 2, 3, 4, 0, 0, 0, 0, 0, 0]
COUNT: [5, 5, 5, 5, 5, 5, 5, 5, 5, 5]
POINT_X: [49.999851, 50.173176, 50.093781, 50.05513, 50.023842, 49.998871, 49.978512, 49.962425, 49.949711, 49.939846]
POINT_Y: [49.999996, 49.934441, 49.957603, 49.957962, 49.963539, 49.971191, 49.975834, 49.979622, 49.982513, 49.984547]
PREDICT_X: [49.999851, 50.173176, 50.093781, 50.05513, 50.023842, 49.998871, 49.978512, 49.962425, 49.949711, 49.939846]
PREDICT_Y: [49.999996, 49.934441, 49.957603, 49.957962, 49.963539, 49.971191, 49.975834, 49.979622, 49.982513, 49.984547]
TEACHER: [[4.0, 59.0], [11.0, 46.0], [18.0, 47.0], [23.0, 47.0], [99.0, 38.0], [99.0, 38.0], [99.0, 38.0], [99.0, 38.0], [99.0, 38.0], [99.0, 38.0]]
Model saved in file: model_runs/1206_9blobs/countmodel_0.ckpt
--- 2.3218969999999786 CPU seconds ---
iter=100 : Accuracy: 0.260762 Pc: 46.010393
point_x: [4.0, 99.0, 99.0, 99.0, 99.0, 99.0, 99.0, 99.0, 99.0, 99.0]
point_y: [45.0, 48.0, 48.0, 48.0, 48.0, 48.0, 48.0, 48.0, 48.0, 48.0]
predict_x: [49.972038, 49.969879, 49.96719, 49.968884, 49.972595, 49.977066, 49.981548, 49.985626, 49.989101, 49.99192]
predict_y: [49.997177, 50.026199, 50.024727, 50.01635, 50.004669, 49.992161, 49.980099, 49.969055, 49.959213, 49.950562]
iter=200 : Accuracy: 0.433290 Pc: 46.475708
point_x: [9.0, 17.0, 99.0, 99.0, 99.0, 99.0, 99.0, 99.0, 99.0, 99.0]
point_y: [64.0, 49.0, 62.0, 62.0, 62.0, 62.0, 62.0, 62.0, 62.0, 62.0]
predict_x: [49.932037, 50.020523, 50.029957, 50.035702, 50.045227, 50.055229, 50.064587, 50.072781, 50.079643, 50.08519]
predict_y: [50.001175, 50.039612, 50.035912, 50.032581, 50.023499, 50.012276, 50.000729, 49.989769, 49.979778, 49.970852]
TESTING!
LabelSums: [ 1045.   985.   999.   986.   971.  1027.  1005.   989.   993.]
COUNT_QUALITY: [2.1045938, 2.3591597, 2.3142598, 2.3473244, 2.3844411, 2.3599379, 2.3137183, 1.9074306, 1.8979486, 1.8900129]
POINT_QUALITY: [40.697601, 32.245968, 22.881422, 14.188243, 11.460965, 11.033905, 11.593836, 50.133179, 50.12759, 50.122879]
TESTACCURACY: 0.225243433402
CORRECT: [1, 2, 3, 4, 5, 6, 7, 0, 0, 0]
COUNT: [0, 0, 0, 0, 0, 0, 0, 0, 0, 0]
POINT_X: [49.903927, 50.000107, 50.024956, 50.042271, 50.055389, 50.065567, 50.073673, 50.080284, 50.085796, 50.090473]
POINT_Y: [49.998215, 50.025635, 50.028332, 50.029991, 50.031898, 50.03371, 50.035278, 50.036552, 50.037518, 50.038181]
PREDICT_X: [49.903927, 50.000107, 50.024956, 50.042271, 50.055389, 50.065567, 50.073673, 50.080284, 50.085796, 50.090473]
PREDICT_Y: [49.998215, 50.025635, 50.028332, 50.029991, 50.031898, 50.03371, 50.035278, 50.036552, 50.037518, 50.038181]
TEACHER: [[10.0, 42.0], [18.0, 54.0], [29.0, 41.0], [36.0, 48.0], [43.0, 41.0], [50.0, 39.0], [56.0, 60.0], [99.0, 61.0], [99.0, 61.0], [99.0, 61.0]]
Model saved in file: model_runs/1206_9blobs/countmodel_250.ckpt
--- 33.918632 CPU seconds ---
iter=300 : Accuracy: 0.435206 Pc: 46.284201
point_x: [2.0, 13.0, 21.0, 99.0, 99.0, 99.0, 99.0, 99.0, 99.0, 99.0]
point_y: [49.0, 56.0, 50.0, 43.0, 43.0, 43.0, 43.0, 43.0, 43.0, 43.0]
predict_x: [49.876007, 50.022621, 50.058125, 50.083748, 50.100464, 50.120213, 50.13916, 50.156246, 50.171021, 50.183434]
predict_y: [50.000748, 50.006615, 50.018318, 50.026016, 50.030987, 50.026825, 50.018627, 50.008965, 49.99918, 49.989902]
iter=400 : Accuracy: 0.439254 Pc: 46.195577
point_x: [8.0, 17.0, 99.0, 99.0, 99.0, 99.0, 99.0, 99.0, 99.0, 99.0]
point_y: [48.0, 55.0, 63.0, 63.0, 63.0, 63.0, 63.0, 63.0, 63.0, 63.0]
predict_x: [49.806107, 50.049156, 50.114597, 50.154011, 50.190826, 50.222645, 50.249531, 50.271843, 50.290089, 50.304821]
predict_y: [49.996059, 49.997559, 50.010113, 50.018917, 50.017986, 50.012081, 50.00407, 49.995506, 49.98716, 49.979374]
iter=500 : Accuracy: 0.420635 Pc: 45.863833
point_x: [11.0, 19.0, 99.0, 99.0, 99.0, 99.0, 99.0, 99.0, 99.0, 99.0]
point_y: [63.0, 59.0, 57.0, 57.0, 57.0, 57.0, 57.0, 57.0, 57.0, 57.0]
predict_x: [49.726208, 50.012409, 50.133427, 50.209766, 50.276009, 50.330811, 50.375755, 50.412323, 50.441879, 50.465607]
predict_y: [49.98214, 49.977619, 49.984829, 49.989285, 49.985771, 49.978466, 49.969749, 49.96088, 49.952454, 49.944714]
TESTING!
LabelSums: [  990.  1021.  1018.   963.  1003.  1016.  1061.   990.   938.]
COUNT_QUALITY: [1.8027047, 2.3022022, 1.6695335, 1.6468898, 1.6295656, 1.6161647, 1.6057459, 1.5976493, 1.5914018, 1.586648]
POINT_QUALITY: [45.822124, 42.460873, 48.921764, 48.883766, 48.851574, 48.824551, 48.801678, 48.782215, 48.765587, 48.752415]
TESTACCURACY: 0.228319800359
CORRECT: [1, 2, 0, 0, 0, 0, 0, 0, 0, 0]
COUNT: [0, 0, 0, 0, 0, 0, 0, 0, 0, 0]
POINT_X: [49.724964, 50.236938, 50.249199, 50.286942, 50.318382, 50.344486, 50.36644, 50.385071, 50.400974, 50.41354]
POINT_Y: [49.982384, 49.878712, 49.913658, 49.91824, 49.9286, 49.940754, 49.952709, 49.963551, 49.972923, 49.980812]
PREDICT_X: [49.724964, 50.236938, 50.249199, 50.286942, 50.318382, 50.344486, 50.36644, 50.385071, 50.400974, 50.41354]
PREDICT_Y: [49.982384, 49.878712, 49.913658, 49.91824, 49.9286, 49.940754, 49.952709, 49.963551, 49.972923, 49.980812]
TEACHER: [[4.0, 47.0], [9.0, 60.0], [99.0, 54.0], [99.0, 54.0], [99.0, 54.0], [99.0, 54.0], [99.0, 54.0], [99.0, 54.0], [99.0, 54.0], [99.0, 54.0]]
Model saved in file: model_runs/1206_9blobs/countmodel_500.ckpt
--- 65.31782400000009 CPU seconds ---
iter=600 : Accuracy: 0.445607 Pc: 44.814165
point_x: [8.0, 99.0, 99.0, 99.0, 99.0, 99.0, 99.0, 99.0, 99.0, 99.0]
point_y: [56.0, 54.0, 54.0, 54.0, 54.0, 54.0, 54.0, 54.0, 54.0, 54.0]
predict_x: [49.623539, 50.161217, 50.2677, 50.363571, 50.444698, 50.512474, 50.568428, 50.614166, 50.651226, 50.681034]
predict_y: [49.984589, 50.001545, 50.001415, 49.99469, 49.985195, 49.975098, 49.965515, 49.956905, 49.949379, 49.942879]
iter=700 : Accuracy: 0.447274 Pc: 45.511727
point_x: [5.0, 10.0, 18.0, 26.0, 99.0, 99.0, 99.0, 99.0, 99.0, 99.0]
point_y: [38.0, 37.0, 57.0, 51.0, 52.0, 52.0, 52.0, 52.0, 52.0, 52.0]
predict_x: [49.53231, 50.310238, 50.576702, 50.750854, 50.88221, 50.946033, 51.016235, 51.080925, 51.138367, 51.18779]
predict_y: [49.993019, 50.013962, 50.020973, 50.032291, 50.045845, 50.056171, 50.054947, 50.049007, 50.041241, 50.033169]
iter=800 : Accuracy: 0.439163 Pc: 45.490916
point_x: [8.0, 99.0, 99.0, 99.0, 99.0, 99.0, 99.0, 99.0, 99.0, 99.0]
point_y: [57.0, 46.0, 46.0, 46.0, 46.0, 46.0, 46.0, 46.0, 46.0, 46.0]
predict_x: [49.432297, 50.896637, 51.137577, 51.366512, 51.558929, 51.719223, 51.851326, 51.959095, 52.046169, 52.115875]
predict_y: [49.977371, 49.997093, 50.012344, 50.009228, 50.000275, 49.989456, 49.978985, 49.969837, 49.962322, 49.956394]
iter=900 : Accuracy: 0.459202 Pc: 45.296537
point_x: [10.0, 19.0, 25.0, 34.0, 99.0, 99.0, 99.0, 99.0, 99.0, 99.0]
point_y: [47.0, 48.0, 61.0, 47.0, 61.0, 61.0, 61.0, 61.0, 61.0, 61.0]
predict_x: [49.347275, 51.643814, 52.538071, 53.252266, 53.80122, 54.020363, 54.24749, 54.433952, 54.584579, 54.702175]
predict_y: [49.964619, 49.936718, 49.963215, 49.983524, 50.006886, 50.010052, 49.990551, 49.968388, 49.948746, 49.933392]
iter=1000 : Accuracy: 0.465429 Pc: 44.224674
point_x: [3.0, 13.0, 21.0, 27.0, 33.0, 38.0, 47.0, 58.0, 67.0, 99.0]
point_y: [46.0, 53.0, 59.0, 37.0, 47.0, 49.0, 48.0, 40.0, 47.0, 41.0]
predict_x: [49.270859, 55.232162, 57.728462, 59.900288, 61.429405, 62.49337, 63.215706, 63.701782, 64.030556, 64.256279]
predict_y: [49.953468, 49.701775, 49.680389, 49.657558, 49.647659, 49.645702, 49.647797, 49.651222, 49.654625, 49.657497]
TESTING!
LabelSums: [ 1012.   996.   971.   998.   976.   977.  1043.   999.  1028.]
COUNT_QUALITY: [1.304976, 2.5037961, 2.9330916, 2.9897647, 3.2220066, 0.92536867, 0.88892204, 0.85821205, 0.83530915, 0.81163788]
POINT_QUALITY: [44.66835, 43.120056, 35.157986, 32.24218, 30.807743, 38.357841, 37.728504, 36.732822, 36.086887, 35.792961]
TESTACCURACY: 0.244125135654
CORRECT: [1, 2, 3, 4, 5, 0, 0, 0, 0, 0]
COUNT: [0, 0, 0, 0, 0, 0, 0, 0, 0, 0]
POINT_X: [49.269859, 54.63953, 56.056053, 58.068649, 59.915348, 60.819256, 61.452747, 62.45084, 63.099415, 63.39101]
POINT_Y: [49.953243, 49.580517, 49.733223, 49.65937, 49.631073, 49.681686, 49.693733, 49.668652, 49.662163, 49.624336]
PREDICT_X: [49.269859, 54.63953, 56.056053, 58.068649, 59.915348, 60.819256, 61.452747, 62.45084, 63.099415, 63.39101]
PREDICT_Y: [49.953243, 49.580517, 49.733223, 49.65937, 49.631073, 49.681686, 49.693733, 49.668652, 49.662163, 49.624336]
TEACHER: [[5.0, 44.0], [12.0, 56.0], [22.0, 41.0], [26.0, 53.0], [31.0, 39.0], [99.0, 46.0], [99.0, 46.0], [99.0, 46.0], [99.0, 46.0], [99.0, 46.0]]
Model saved in file: model_runs/1206_9blobs/countmodel_1000.ckpt
--- 130.09387000000015 CPU seconds ---
iter=1100 : Accuracy: 0.452500 Pc: 41.167546
point_x: [10.0, 99.0, 99.0, 99.0, 99.0, 99.0, 99.0, 99.0, 99.0, 99.0]
point_y: [43.0, 55.0, 55.0, 55.0, 55.0, 55.0, 55.0, 55.0, 55.0, 55.0]
predict_x: [49.191746, 79.804749, 81.79895, 81.813904, 81.70417, 81.66922, 81.647202, 81.62915, 81.613327, 81.599411]
predict_y: [49.953781, 50.031002, 49.73547, 49.661858, 49.634979, 49.62603, 49.620354, 49.615726, 49.611588, 49.607792]
iter=1200 : Accuracy: 0.434762 Pc: 34.683116
point_x: [8.0, 99.0, 99.0, 99.0, 99.0, 99.0, 99.0, 99.0, 99.0, 99.0]
point_y: [60.0, 54.0, 54.0, 54.0, 54.0, 54.0, 54.0, 54.0, 54.0, 54.0]
predict_x: [49.020378, 99.0, 96.344635, 96.017937, 95.81913, 95.80909, 95.821762, 95.836121, 95.84935, 95.861229]
predict_y: [49.933266, 49.441566, 48.92448, 48.801453, 48.773617, 48.770683, 48.770977, 48.771481, 48.771805, 48.771938]
iter=1300 : Accuracy: 0.553694 Pc: 34.424200
point_x: [6.0, 10.0, 15.0, 26.0, 36.0, 99.0, 99.0, 99.0, 99.0, 99.0]
point_y: [61.0, 47.0, 42.0, 37.0, 40.0, 57.0, 57.0, 57.0, 57.0, 57.0]
predict_x: [48.740116, 97.099045, 99.0, 99.0, 99.0, 99.0, 99.0, 99.0, 99.0, 98.577385]
predict_y: [49.922493, 49.080357, 49.06192, 48.955208, 48.934319, 48.931282, 48.833046, 48.855579, 48.835934, 48.696583]
iter=1400 : Accuracy: 0.772262 Pc: 33.621745
point_x: [4.0, 99.0, 99.0, 99.0, 99.0, 99.0, 99.0, 99.0, 99.0, 99.0]
point_y: [57.0, 49.0, 49.0, 49.0, 49.0, 49.0, 49.0, 49.0, 49.0, 49.0]
predict_x: [48.46629, 98.271271, 94.23999, 93.19191, 92.860695, 92.810616, 92.804688, 92.804771, 92.805588, 92.806435]
predict_y: [49.920063, 49.7076, 48.614635, 48.375576, 48.32542, 48.317051, 48.314911, 48.313675, 48.312592, 48.311558]
iter=1500 : Accuracy: 0.824516 Pc: 33.877159
point_x: [7.0, 17.0, 99.0, 99.0, 99.0, 99.0, 99.0, 99.0, 99.0, 99.0]
point_y: [55.0, 54.0, 63.0, 63.0, 63.0, 63.0, 63.0, 63.0, 63.0, 63.0]
predict_x: [48.181377, 91.725105, 99.0, 97.064018, 94.368286, 92.880402, 92.57547, 92.529076, 92.520187, 92.516266]
predict_y: [49.909946, 49.413548, 49.722759, 48.857105, 48.525669, 48.335823, 48.295841, 48.29068, 48.290691, 48.291451]
iter=1600 : Accuracy: 0.787238 Pc: 35.328978
point_x: [7.0, 15.0, 22.0, 28.0, 99.0, 99.0, 99.0, 99.0, 99.0, 99.0]
point_y: [46.0, 40.0, 36.0, 43.0, 39.0, 39.0, 39.0, 39.0, 39.0, 39.0]
predict_x: [47.910156, 92.070908, 99.0, 99.0, 99.0, 98.888634, 97.67659, 95.326645, 92.390427, 90.999481]
predict_y: [49.90556, 48.566334, 48.886429, 48.919098, 48.888554, 48.412384, 48.455425, 48.235367, 47.999222, 47.936691]
iter=1700 : Accuracy: 0.856960 Pc: 31.345633
point_x: [9.0, 99.0, 99.0, 99.0, 99.0, 99.0, 99.0, 99.0, 99.0, 99.0]
point_y: [61.0, 41.0, 41.0, 41.0, 41.0, 41.0, 41.0, 41.0, 41.0, 41.0]
predict_x: [47.611488, 96.229187, 89.132324, 87.379196, 86.899368, 86.815552, 86.799789, 86.793839, 86.789162, 86.78463]
predict_y: [49.890415, 47.811863, 46.97311, 46.83461, 46.810513, 46.80545, 46.804005, 46.803169, 46.802437, 46.801731]
iter=1800 : Accuracy: 0.849873 Pc: 31.875324
point_x: [7.0, 99.0, 99.0, 99.0, 99.0, 99.0, 99.0, 99.0, 99.0, 99.0]
point_y: [63.0, 41.0, 41.0, 41.0, 41.0, 41.0, 41.0, 41.0, 41.0, 41.0]
predict_x: [47.31562, 99.0, 89.30896, 86.178902, 85.266052, 85.119904, 85.099777, 85.094864, 85.090546, 85.085587]
predict_y: [49.913841, 50.59584, 49.117275, 48.754333, 48.658463, 48.640476, 48.636482, 48.634892, 48.633743, 48.632698]
iter=1900 : Accuracy: 0.823468 Pc: 32.516161
point_x: [9.0, 99.0, 99.0, 99.0, 99.0, 99.0, 99.0, 99.0, 99.0, 99.0]
point_y: [36.0, 37.0, 37.0, 37.0, 37.0, 37.0, 37.0, 37.0, 37.0, 37.0]
predict_x: [47.013714, 97.196762, 85.455109, 81.941444, 81.092735, 81.020996, 81.046471, 81.054001, 81.037399, 81.005043]
predict_y: [49.894028, 48.727505, 47.667164, 47.316265, 47.197308, 47.155331, 47.135159, 47.124981, 47.120918, 47.120884]
iter=2000 : Accuracy: 0.817651 Pc: 31.420332
point_x: [4.0, 99.0, 99.0, 99.0, 99.0, 99.0, 99.0, 99.0, 99.0, 99.0]
point_y: [47.0, 52.0, 52.0, 52.0, 52.0, 52.0, 52.0, 52.0, 52.0, 52.0]
predict_x: [46.711987, 99.0, 85.235832, 78.188484, 73.448563, 73.196594, 72.585449, 72.254929, 71.919022, 71.632431]
predict_y: [49.89542, 50.485779, 48.991756, 48.697556, 48.72533, 48.772507, 48.807957, 48.840214, 48.86908, 48.894547]
TESTING!
LabelSums: [  997.  1053.  1014.   976.  1014.  1016.  1005.   927.   998.]
COUNT_QUALITY: [0.38786247, 2.138618, 2.7537761, 3.4068906, 3.3854122, 0.97718745, 1.1319653, 1.4562659, 1.7185984, 1.6926352]
POINT_QUALITY: [35.826084, 59.908375, 73.414619, 44.325077, 45.643394, 7.2489271, 19.714825, 20.48361, 12.634649, 8.9708462]
TESTACCURACY: 0.262396520744
CORRECT: [1, 2, 3, 4, 5, 0, 0, 0, 0, 0]
COUNT: [1, 1, 0, 0, 0, 0, 0, 2, 2, 2]
POINT_X: [46.708778, 80.427376, 99.0, 76.25975, 84.657959, 95.975052, 80.460464, 79.627609, 88.19162, 92.692291]
POINT_Y: [49.896835, 50.423683, 50.791439, 49.594406, 49.56675, 49.587612, 49.705215, 49.654976, 49.543186, 49.378784]
PREDICT_X: [46.708778, 80.427376, 99.0, 76.25975, 84.657959, 95.975052, 80.460464, 79.627609, 88.19162, 92.692291]
PREDICT_Y: [49.896835, 50.423683, 50.791439, 49.594406, 49.56675, 49.587612, 49.705215, 49.654976, 49.543186, 49.378784]
TEACHER: [[11.0, 47.0], [21.0, 58.0], [26.0, 43.0], [32.0, 52.0], [40.0, 59.0], [99.0, 43.0], [99.0, 43.0], [99.0, 43.0], [99.0, 43.0], [99.0, 43.0]]
Model saved in file: model_runs/1206_9blobs/countmodel_2000.ckpt
--- 259.48244799999975 CPU seconds ---
iter=2100 : Accuracy: 0.805579 Pc: 32.376388
point_x: [3.0, 99.0, 99.0, 99.0, 99.0, 99.0, 99.0, 99.0, 99.0, 99.0]
point_y: [51.0, 54.0, 54.0, 54.0, 54.0, 54.0, 54.0, 54.0, 54.0, 54.0]
predict_x: [46.395889, 97.409546, 82.413757, 75.9711, 71.9935, 71.931046, 71.447205, 71.176186, 70.879883, 70.629089]
predict_y: [49.92651, 52.980469, 50.582764, 50.165119, 50.049656, 50.126968, 50.159721, 50.190506, 50.209526, 50.222893]
iter=2200 : Accuracy: 0.838889 Pc: 31.200652
point_x: [3.0, 12.0, 19.0, 30.0, 99.0, 99.0, 99.0, 99.0, 99.0, 99.0]
point_y: [60.0, 46.0, 46.0, 48.0, 44.0, 44.0, 44.0, 44.0, 44.0, 44.0]
predict_x: [46.089775, 77.16877, 99.0, 99.0, 99.0, 86.908554, 85.179749, 81.320549, 77.62735, 75.903778]
predict_y: [49.91325, 49.718746, 50.02581, 49.982159, 49.922512, 48.90546, 48.784233, 48.53373, 48.311157, 48.265751]
iter=2300 : Accuracy: 0.794817 Pc: 31.451203
point_x: [4.0, 99.0, 99.0, 99.0, 99.0, 99.0, 99.0, 99.0, 99.0, 99.0]
point_y: [52.0, 42.0, 42.0, 42.0, 42.0, 42.0, 42.0, 42.0, 42.0, 42.0]
predict_x: [45.784458, 98.79451, 79.273125, 65.153687, 64.392403, 61.951431, 60.837582, 59.656784, 58.813957, 58.112289]
predict_y: [49.880222, 47.59272, 47.163357, 47.958607, 47.99115, 48.206257, 48.304512, 48.410313, 48.482376, 48.540844]
iter=2400 : Accuracy: 0.840627 Pc: 30.333392
point_x: [11.0, 21.0, 29.0, 99.0, 99.0, 99.0, 99.0, 99.0, 99.0, 99.0]
point_y: [55.0, 59.0, 56.0, 46.0, 46.0, 46.0, 46.0, 46.0, 46.0, 46.0]
predict_x: [45.479004, 63.407051, 68.593246, 96.577759, 77.066658, 69.242455, 65.216782, 64.546776, 63.109447, 62.346668]
predict_y: [49.918896, 49.560493, 49.64119, 50.284607, 48.912125, 48.958549, 49.129528, 49.214687, 49.285931, 49.332432]
iter=2500 : Accuracy: 0.831155 Pc: 28.906895
point_x: [5.0, 14.0, 22.0, 29.0, 99.0, 99.0, 99.0, 99.0, 99.0, 99.0]
point_y: [48.0, 45.0, 44.0, 48.0, 62.0, 62.0, 62.0, 62.0, 62.0, 62.0]
predict_x: [45.172192, 43.031868, 46.143257, 53.497562, 64.110771, 62.100296, 55.790863, 56.335041, 54.890636, 54.834255]
predict_y: [49.923809, 49.27726, 49.681007, 49.686989, 49.82774, 49.366291, 49.486595, 49.431389, 49.466484, 49.442699]
iter=2600 : Accuracy: 0.880746 Pc: 30.102044
point_x: [8.0, 13.0, 99.0, 99.0, 99.0, 99.0, 99.0, 99.0, 99.0, 99.0]
point_y: [41.0, 56.0, 46.0, 46.0, 46.0, 46.0, 46.0, 46.0, 46.0, 46.0]
predict_x: [44.878159, 97.255226, 99.0, 84.258698, 76.245544, 66.374641, 63.310795, 62.828022, 61.626835, 60.939014]
predict_y: [49.907394, 49.614441, 49.346447, 48.244919, 47.957081, 48.133362, 48.359634, 48.402679, 48.477722, 48.516567]
iter=2700 : Accuracy: 0.894103 Pc: 28.355637
point_x: [3.0, 9.0, 99.0, 99.0, 99.0, 99.0, 99.0, 99.0, 99.0, 99.0]
point_y: [56.0, 42.0, 50.0, 50.0, 50.0, 50.0, 50.0, 50.0, 50.0, 50.0]
predict_x: [44.57383, 99.0, 99.0, 83.997566, 72.977829, 62.346394, 61.501575, 59.275124, 58.142757, 56.859337]
predict_y: [49.921799, 50.985493, 50.81736, 48.95924, 48.763542, 48.988853, 49.013119, 49.10183, 49.137985, 49.182327]
iter=2800 : Accuracy: 0.926917 Pc: 27.618832
point_x: [9.0, 99.0, 99.0, 99.0, 99.0, 99.0, 99.0, 99.0, 99.0, 99.0]
point_y: [56.0, 44.0, 44.0, 44.0, 44.0, 44.0, 44.0, 44.0, 44.0, 44.0]
predict_x: [44.2659, 99.0, 76.995132, 66.139877, 59.26767, 59.103436, 57.3255, 56.626514, 55.771805, 55.274288]
predict_y: [49.923553, 50.257332, 48.360092, 48.172611, 48.53212, 48.512238, 48.619617, 48.648247, 48.690517, 48.704605]
iter=2900 : Accuracy: 0.927952 Pc: 28.886038
point_x: [3.0, 99.0, 99.0, 99.0, 99.0, 99.0, 99.0, 99.0, 99.0, 99.0]
point_y: [57.0, 55.0, 55.0, 55.0, 55.0, 55.0, 55.0, 55.0, 55.0, 55.0]
predict_x: [43.960705, 98.05632, 76.404175, 63.561527, 57.873524, 56.708534, 54.769726, 53.570244, 52.509087, 51.728935]
predict_y: [49.928448, 50.192139, 48.419121, 48.398952, 48.725571, 48.763546, 48.868145, 48.919312, 48.965061, 48.991032]
iter=3000 : Accuracy: 0.912631 Pc: 25.938765
point_x: [10.0, 99.0, 99.0, 99.0, 99.0, 99.0, 99.0, 99.0, 99.0, 99.0]
point_y: [61.0, 37.0, 37.0, 37.0, 37.0, 37.0, 37.0, 37.0, 37.0, 37.0]
predict_x: [43.645313, 97.523216, 74.072006, 58.304005, 55.465103, 52.486046, 50.270245, 48.392166, 46.851452, 45.573616]
predict_y: [49.94437, 52.919888, 50.179436, 49.793526, 49.766182, 49.744053, 49.723957, 49.700203, 49.671555, 49.639729]
iter=3100 : Accuracy: 0.857687 Pc: 28.743192
point_x: [6.0, 99.0, 99.0, 99.0, 99.0, 99.0, 99.0, 99.0, 99.0, 99.0]
point_y: [62.0, 41.0, 41.0, 41.0, 41.0, 41.0, 41.0, 41.0, 41.0, 41.0]
predict_x: [43.384029, 99.0, 76.742409, 64.64547, 55.858292, 54.530994, 52.488544, 51.092354, 49.989201, 49.204315]
predict_y: [49.929955, 50.708691, 48.748653, 48.349972, 48.633606, 48.663754, 48.731422, 48.773666, 48.802223, 48.813034]
iter=3200 : Accuracy: 0.912944 Pc: 26.133424
point_x: [11.0, 99.0, 99.0, 99.0, 99.0, 99.0, 99.0, 99.0, 99.0, 99.0]
point_y: [45.0, 37.0, 37.0, 37.0, 37.0, 37.0, 37.0, 37.0, 37.0, 37.0]
predict_x: [43.084045, 99.0, 73.82785, 57.626232, 52.805405, 50.05798, 47.552166, 45.603714, 44.009983, 42.710892]
predict_y: [49.938553, 50.733059, 48.778439, 48.766449, 48.974606, 49.03138, 49.105984, 49.145237, 49.170185, 49.18082]
iter=3300 : Accuracy: 0.925048 Pc: 25.944526
point_x: [10.0, 99.0, 99.0, 99.0, 99.0, 99.0, 99.0, 99.0, 99.0, 99.0]
point_y: [46.0, 37.0, 37.0, 37.0, 37.0, 37.0, 37.0, 37.0, 37.0, 37.0]
predict_x: [42.786037, 99.0, 74.119179, 58.563251, 51.349144, 49.050133, 46.386505, 44.408794, 42.760155, 41.41309]
predict_y: [49.917351, 48.667877, 47.551567, 47.755772, 48.361214, 48.44017, 48.614479, 48.716652, 48.800682, 48.856575]
iter=3400 : Accuracy: 0.911448 Pc: 24.960527
point_x: [10.0, 99.0, 99.0, 99.0, 99.0, 99.0, 99.0, 99.0, 99.0, 99.0]
point_y: [59.0, 58.0, 58.0, 58.0, 58.0, 58.0, 58.0, 58.0, 58.0, 58.0]
predict_x: [42.472492, 99.0, 71.879761, 54.438557, 50.160236, 46.697296, 43.817226, 41.485016, 39.589039, 38.047318]
predict_y: [49.918076, 46.659187, 46.373901, 47.675217, 48.105808, 48.393578, 48.654076, 48.851826, 49.006302, 49.124092]
iter=3500 : Accuracy: 0.926250 Pc: 26.011508
point_x: [12.0, 99.0, 99.0, 99.0, 99.0, 99.0, 99.0, 99.0, 99.0, 99.0]
point_y: [58.0, 44.0, 44.0, 44.0, 44.0, 44.0, 44.0, 44.0, 44.0, 44.0]
predict_x: [42.183346, 96.345856, 65.473045, 50.027039, 46.662758, 43.361511, 40.781803, 38.639565, 36.880943, 35.460083]
predict_y: [49.943935, 49.348045, 48.404476, 49.089626, 49.144379, 49.280144, 49.366688, 49.438824, 49.488136, 49.51944]
iter=3600 : Accuracy: 0.914988 Pc: 25.013122
point_x: [7.0, 99.0, 99.0, 99.0, 99.0, 99.0, 99.0, 99.0, 99.0, 99.0]
point_y: [60.0, 42.0, 42.0, 42.0, 42.0, 42.0, 42.0, 42.0, 42.0, 42.0]
predict_x: [41.916183, 99.0, 68.15889, 51.938095, 47.944641, 44.631256, 41.900925, 39.709587, 37.95393, 36.549828]
predict_y: [49.967098, 50.48143, 48.968983, 49.223797, 49.373066, 49.458206, 49.528603, 49.576492, 49.607346, 49.62289]
iter=3700 : Accuracy: 0.974452 Pc: 24.468306
point_x: [8.0, 99.0, 99.0, 99.0, 99.0, 99.0, 99.0, 99.0, 99.0, 99.0]
point_y: [54.0, 55.0, 55.0, 55.0, 55.0, 55.0, 55.0, 55.0, 55.0, 55.0]
predict_x: [41.611019, 99.0, 65.508682, 49.711746, 45.50111, 41.690174, 38.664707, 36.279068, 34.420784, 32.99081]
predict_y: [49.977383, 51.154739, 49.628944, 49.610767, 49.66552, 49.707195, 49.737164, 49.751831, 49.751732, 49.740673]
iter=3800 : Accuracy: 0.916028 Pc: 24.255455
point_x: [5.0, 99.0, 99.0, 99.0, 99.0, 99.0, 99.0, 99.0, 99.0, 99.0]
point_y: [38.0, 57.0, 57.0, 57.0, 57.0, 57.0, 57.0, 57.0, 57.0, 57.0]
predict_x: [41.335007, 97.941742, 63.344742, 48.18082, 44.269627, 40.571659, 37.64996, 35.331146, 33.506416, 32.079258]
predict_y: [49.97192, 50.491978, 49.344761, 49.537659, 49.645771, 49.715904, 49.76458, 49.792416, 49.802322, 49.799358]
iter=3900 : Accuracy: 0.937607 Pc: 23.746662
point_x: [4.0, 99.0, 99.0, 99.0, 99.0, 99.0, 99.0, 99.0, 99.0, 99.0]
point_y: [45.0, 44.0, 44.0, 44.0, 44.0, 44.0, 44.0, 44.0, 44.0, 44.0]
predict_x: [41.060158, 97.126358, 63.458775, 48.345222, 44.159916, 40.418446, 37.46785, 35.155418, 33.332016, 31.911446]
predict_y: [49.965935, 49.743286, 48.955856, 49.34763, 49.479015, 49.598221, 49.684071, 49.745003, 49.782406, 49.802456]
iter=4000 : Accuracy: 0.950524 Pc: 25.568653
point_x: [10.0, 16.0, 23.0, 99.0, 99.0, 99.0, 99.0, 99.0, 99.0, 99.0]
point_y: [49.0, 49.0, 49.0, 49.0, 49.0, 49.0, 49.0, 49.0, 49.0, 49.0]
predict_x: [40.799606, 16.354122, 26.273338, 31.960531, 27.144251, 30.265343, 28.605856, 28.425194, 27.879524, 27.538616]
predict_y: [49.95409, 49.794842, 49.914425, 49.753738, 49.727139, 49.817448, 49.827736, 49.862389, 49.881104, 49.899395]
TESTING!
LabelSums: [  948.  1013.  1003.  1005.  1011.  1052.  1014.   954.  1000.]
COUNT_QUALITY: [0.094466351, 0.82574946, 1.0258685, 6.2443681, 6.182209, 6.1186948, 4.4778142, 3.2036505, 0.0034719708, 0.0082967188]
POINT_QUALITY: [34.922028, 15.101793, 32.480892, 69.170479, 22.281094, 13.249052, 5.8580446, 29.457737, 2.9238396, 38.17786]
TESTACCURACY: 0.401812351561
CORRECT: [1, 2, 3, 4, 5, 6, 7, 0, 0, 0]
COUNT: [1, 1, 2, 0, 0, 0, 0, 4, 0, 0]
POINT_X: [40.796852, 27.663841, 55.476685, 99.0, 56.71875, 49.548313, 52.750401, 69.619598, 99.0, 60.912247]
POINT_Y: [49.954159, 49.592651, 49.014156, 48.328938, 48.626091, 49.111458, 49.117847, 48.866848, 48.07616, 48.378571]
PREDICT_X: [40.796852, 27.663841, 55.476685, 99.0, 56.71875, 49.548313, 52.750401, 69.619598, 99.0, 60.912247]
PREDICT_Y: [49.954159, 49.592651, 49.014156, 48.328938, 48.626091, 49.111458, 49.117847, 48.866848, 48.07616, 48.378571]
TEACHER: [[6.0, 47.0], [16.0, 40.0], [24.0, 41.0], [31.0, 61.0], [37.0, 59.0], [42.0, 60.0], [47.0, 48.0], [99.0, 51.0], [99.0, 51.0], [99.0, 51.0]]
Model saved in file: model_runs/1206_9blobs/countmodel_4000.ckpt
--- 522.7771580000003 CPU seconds ---
iter=4100 : Accuracy: 0.934333 Pc: 23.366620
point_x: [6.0, 99.0, 99.0, 99.0, 99.0, 99.0, 99.0, 99.0, 99.0, 99.0]
point_y: [62.0, 56.0, 56.0, 56.0, 56.0, 56.0, 56.0, 56.0, 56.0, 56.0]
predict_x: [40.546257, 99.0, 55.746746, 43.460796, 39.4375, 36.288338, 33.597237, 31.463421, 29.736534, 28.404644]
predict_y: [49.989967, 50.283112, 49.505253, 49.688538, 49.736713, 49.78331, 49.816319, 49.838814, 49.848843, 49.849632]
iter=4200 : Accuracy: 0.952024 Pc: 23.033353
point_x: [10.0, 99.0, 99.0, 99.0, 99.0, 99.0, 99.0, 99.0, 99.0, 99.0]
point_y: [44.0, 39.0, 39.0, 39.0, 39.0, 39.0, 39.0, 39.0, 39.0, 39.0]
predict_x: [40.269035, 98.759811, 59.335754, 45.793789, 41.170242, 37.36618, 34.172592, 31.741013, 29.796072, 28.304386]
predict_y: [50.000977, 51.079338, 49.899452, 49.877079, 49.897388, 49.910282, 49.922867, 49.928051, 49.924126, 49.913273]
iter=4300 : Accuracy: 0.933869 Pc: 22.452359
point_x: [6.0, 99.0, 99.0, 99.0, 99.0, 99.0, 99.0, 99.0, 99.0, 99.0]
point_y: [62.0, 52.0, 52.0, 52.0, 52.0, 52.0, 52.0, 52.0, 52.0, 52.0]
predict_x: [40.016132, 99.0, 62.662666, 47.087627, 42.419983, 38.472374, 35.238964, 32.744545, 30.755766, 29.205185]
predict_y: [49.990826, 50.869225, 49.601311, 49.711498, 49.760708, 49.810417, 49.84679, 49.872776, 49.885509, 49.887508]
iter=4400 : Accuracy: 0.970667 Pc: 21.782841
point_x: [11.0, 20.0, 26.0, 35.0, 43.0, 99.0, 99.0, 99.0, 99.0, 99.0]
point_y: [46.0, 44.0, 48.0, 38.0, 44.0, 42.0, 42.0, 42.0, 42.0, 42.0]
predict_x: [39.729771, 11.548782, 22.632391, 26.557705, 36.103596, 73.337357, 53.250011, 42.761326, 38.783775, 35.731564]
predict_y: [49.991482, 50.532711, 50.296638, 50.409664, 50.639725, 51.407944, 50.323265, 50.069546, 50.131027, 50.139118]
iter=4500 : Accuracy: 0.961079 Pc: 21.728369
point_x: [9.0, 16.0, 26.0, 33.0, 39.0, 46.0, 99.0, 99.0, 99.0, 99.0]
point_y: [54.0, 46.0, 60.0, 47.0, 49.0, 48.0, 62.0, 62.0, 62.0, 62.0]
predict_x: [39.466335, 6.125103, 20.924747, 28.312126, 55.171333, 99.0, 99.0, 65.01442, 48.697121, 42.076717]
predict_y: [49.943161, 50.66946, 50.270515, 49.764465, 48.418358, 46.714779, 46.467594, 47.475941, 48.098934, 48.732342]
iter=4600 : Accuracy: 0.944643 Pc: 22.554268
point_x: [3.0, 9.0, 15.0, 25.0, 99.0, 99.0, 99.0, 99.0, 99.0, 99.0]
point_y: [53.0, 43.0, 62.0, 58.0, 60.0, 60.0, 60.0, 60.0, 60.0, 60.0]
predict_x: [39.214474, 42.653873, 42.535736, 89.600418, 99.0, 62.746902, 47.433819, 42.322311, 38.55899, 35.898384]
predict_y: [49.978462, 50.823196, 50.589153, 51.43819, 51.580051, 50.215752, 50.030571, 50.134972, 50.244701, 50.305958]
iter=4700 : Accuracy: 0.963270 Pc: 21.442201
point_x: [4.0, 99.0, 99.0, 99.0, 99.0, 99.0, 99.0, 99.0, 99.0, 99.0]
point_y: [60.0, 50.0, 50.0, 50.0, 50.0, 50.0, 50.0, 50.0, 50.0, 50.0]
predict_x: [38.967865, 99.0, 58.773918, 45.161983, 40.466171, 36.973763, 33.913582, 31.830002, 30.156755, 28.937912]
predict_y: [49.975731, 48.459587, 48.90612, 49.484409, 49.602501, 49.763454, 49.873547, 49.958229, 50.017616, 50.058434]
iter=4800 : Accuracy: 0.965107 Pc: 23.062266
point_x: [12.0, 99.0, 99.0, 99.0, 99.0, 99.0, 99.0, 99.0, 99.0, 99.0]
point_y: [41.0, 56.0, 56.0, 56.0, 56.0, 56.0, 56.0, 56.0, 56.0, 56.0]
predict_x: [38.7379, 99.0, 57.672791, 44.403816, 39.8909, 36.402477, 33.490334, 31.434177, 29.823645, 28.612749]
predict_y: [50.002033, 50.035736, 49.606785, 49.829884, 49.922207, 50.000652, 50.063122, 50.10619, 50.135002, 50.151958]
iter=4900 : Accuracy: 0.961452 Pc: 22.141385
point_x: [4.0, 99.0, 99.0, 99.0, 99.0, 99.0, 99.0, 99.0, 99.0, 99.0]
point_y: [51.0, 37.0, 37.0, 37.0, 37.0, 37.0, 37.0, 37.0, 37.0, 37.0]
predict_x: [38.488693, 99.0, 57.689995, 44.213947, 39.591057, 36.06892, 33.197472, 31.146427, 29.536121, 28.298733]
predict_y: [49.984211, 48.337936, 48.488575, 49.275501, 49.411827, 49.599159, 49.732037, 49.836987, 49.914173, 49.970592]
iter=5000 : Accuracy: 0.952710 Pc: 22.275983
point_x: [7.0, 13.0, 99.0, 99.0, 99.0, 99.0, 99.0, 99.0, 99.0, 99.0]
point_y: [54.0, 37.0, 36.0, 36.0, 36.0, 36.0, 36.0, 36.0, 36.0, 36.0]
predict_x: [38.243637, 67.717506, 99.0, 60.182735, 44.96452, 40.165573, 36.737804, 34.200111, 32.315765, 30.898434]
predict_y: [50.021782, 51.249123, 50.744514, 49.736465, 49.760288, 49.861805, 49.942284, 49.997852, 50.028168, 50.040226]
iter=5100 : Accuracy: 0.983893 Pc: 21.247505
point_x: [9.0, 99.0, 99.0, 99.0, 99.0, 99.0, 99.0, 99.0, 99.0, 99.0]
point_y: [47.0, 61.0, 61.0, 61.0, 61.0, 61.0, 61.0, 61.0, 61.0, 61.0]
predict_x: [37.981121, 99.0, 57.267475, 43.874733, 39.349651, 36.02618, 33.283978, 31.407232, 29.939812, 28.838461]
predict_y: [49.991806, 48.206356, 47.793293, 48.916767, 48.990498, 49.202934, 49.335697, 49.450016, 49.532352, 49.593895]
iter=5200 : Accuracy: 0.981143 Pc: 21.503200
point_x: [11.0, 99.0, 99.0, 99.0, 99.0, 99.0, 99.0, 99.0, 99.0, 99.0]
point_y: [48.0, 60.0, 60.0, 60.0, 60.0, 60.0, 60.0, 60.0, 60.0, 60.0]
predict_x: [37.715538, 99.0, 58.619122, 43.802261, 38.924667, 35.568848, 32.929321, 31.276484, 30.016676, 29.153955]
predict_y: [49.998413, 47.679775, 47.061211, 48.40873, 48.550022, 48.818138, 48.971741, 49.107162, 49.197472, 49.266071]
iter=5300 : Accuracy: 0.977504 Pc: 22.054010
point_x: [2.0, 99.0, 99.0, 99.0, 99.0, 99.0, 99.0, 99.0, 99.0, 99.0]
point_y: [50.0, 40.0, 40.0, 40.0, 40.0, 40.0, 40.0, 40.0, 40.0, 40.0]
predict_x: [37.462666, 98.21447, 56.744595, 43.36129, 38.362961, 35.010395, 32.198009, 30.385201, 28.966286, 27.942417]
predict_y: [50.034119, 50.977837, 48.854584, 49.423016, 49.414696, 49.514141, 49.56477, 49.611057, 49.637783, 49.654552]
iter=5400 : Accuracy: 0.978917 Pc: 20.572583
point_x: [7.0, 13.0, 99.0, 99.0, 99.0, 99.0, 99.0, 99.0, 99.0, 99.0]
point_y: [54.0, 47.0, 63.0, 63.0, 63.0, 63.0, 63.0, 63.0, 63.0, 63.0]
predict_x: [37.201756, 60.377243, 99.0, 60.161034, 44.914799, 40.021748, 36.600777, 33.793465, 31.977064, 30.534698]
predict_y: [50.034679, 49.997414, 49.596138, 48.443485, 49.111179, 49.190712, 49.366844, 49.457386, 49.532368, 49.573246]
iter=5500 : Accuracy: 0.987583 Pc: 20.756695
point_x: [9.0, 99.0, 99.0, 99.0, 99.0, 99.0, 99.0, 99.0, 99.0, 99.0]
point_y: [59.0, 58.0, 58.0, 58.0, 58.0, 58.0, 58.0, 58.0, 58.0, 58.0]
predict_x: [36.935562, 99.0, 58.03978, 43.631889, 38.637199, 35.269493, 32.418797, 30.752026, 29.415045, 28.548864]
predict_y: [50.016472, 48.832443, 47.89819, 48.993744, 49.020947, 49.226192, 49.319447, 49.409763, 49.462814, 49.50272]
iter=5600 : Accuracy: 0.980500 Pc: 21.527019
point_x: [6.0, 99.0, 99.0, 99.0, 99.0, 99.0, 99.0, 99.0, 99.0, 99.0]
point_y: [55.0, 51.0, 51.0, 51.0, 51.0, 51.0, 51.0, 51.0, 51.0, 51.0]
predict_x: [36.695503, 99.0, 58.833263, 43.846882, 38.709995, 35.22942, 32.34174, 30.741917, 29.464178, 28.705885]
predict_y: [50.027267, 50.627766, 49.176605, 49.568737, 49.556477, 49.645111, 49.681618, 49.72002, 49.737362, 49.749146]
iter=5700 : Accuracy: 0.968214 Pc: 22.103418
point_x: [7.0, 99.0, 99.0, 99.0, 99.0, 99.0, 99.0, 99.0, 99.0, 99.0]
point_y: [50.0, 57.0, 57.0, 57.0, 57.0, 57.0, 57.0, 57.0, 57.0, 57.0]
predict_x: [36.478065, 99.0, 58.62682, 43.922592, 38.787884, 35.54911, 32.685928, 31.339901, 30.131935, 29.610891]
predict_y: [50.023026, 50.26738, 49.00967, 49.506432, 49.50198, 49.607807, 49.64481, 49.688232, 49.704098, 49.718044]
iter=5800 : Accuracy: 0.991476 Pc: 20.965813
point_x: [5.0, 99.0, 99.0, 99.0, 99.0, 99.0, 99.0, 99.0, 99.0, 99.0]
point_y: [49.0, 37.0, 37.0, 37.0, 37.0, 37.0, 37.0, 37.0, 37.0, 37.0]
predict_x: [36.220119, 99.0, 54.894966, 41.746639, 36.428093, 33.809048, 31.019024, 29.905994, 28.725208, 28.328703]
predict_y: [50.032093, 50.388317, 49.413044, 49.772808, 49.809322, 49.87682, 49.905685, 49.928486, 49.936756, 49.940971]
iter=5900 : Accuracy: 0.983333 Pc: 21.002351
point_x: [9.0, 99.0, 99.0, 99.0, 99.0, 99.0, 99.0, 99.0, 99.0, 99.0]
point_y: [53.0, 55.0, 55.0, 55.0, 55.0, 55.0, 55.0, 55.0, 55.0, 55.0]
predict_x: [35.961182, 99.0, 58.340752, 43.184593, 37.814766, 34.432304, 31.433548, 30.001215, 28.73349, 28.14292]
predict_y: [50.037693, 52.482693, 50.136566, 50.091183, 50.063637, 50.059612, 50.056236, 50.053837, 50.048233, 50.042496]
iter=6000 : Accuracy: 0.978167 Pc: 20.645687
point_x: [7.0, 99.0, 99.0, 99.0, 99.0, 99.0, 99.0, 99.0, 99.0, 99.0]
point_y: [60.0, 44.0, 44.0, 44.0, 44.0, 44.0, 44.0, 44.0, 44.0, 44.0]
predict_x: [35.717236, 99.0, 57.618477, 42.800053, 37.807167, 34.589714, 31.783962, 30.568989, 29.413137, 29.011543]
predict_y: [50.008976, 50.568432, 49.190365, 49.605618, 49.625614, 49.720963, 49.757069, 49.794407, 49.807068, 49.818451]
iter=6100 : Accuracy: 0.950988 Pc: 21.031823
point_x: [7.0, 99.0, 99.0, 99.0, 99.0, 99.0, 99.0, 99.0, 99.0, 99.0]
point_y: [61.0, 43.0, 43.0, 43.0, 43.0, 43.0, 43.0, 43.0, 43.0, 43.0]
predict_x: [35.493919, 99.0, 57.929062, 42.801247, 37.995544, 34.404175, 31.565197, 29.867563, 28.585451, 27.775154]
predict_y: [49.999485, 49.646835, 48.76796, 49.454159, 49.513885, 49.637257, 49.70834, 49.762859, 49.795746, 49.816963]
iter=6200 : Accuracy: 0.967103 Pc: 20.517852
point_x: [3.0, 10.0, 99.0, 99.0, 99.0, 99.0, 99.0, 99.0, 99.0, 99.0]
point_y: [39.0, 50.0, 48.0, 48.0, 48.0, 48.0, 48.0, 48.0, 48.0, 48.0]
predict_x: [35.278976, 12.452, 99.0, 54.029289, 42.302395, 38.109642, 35.513622, 33.246304, 32.122437, 31.11768]
predict_y: [50.006931, 51.433887, 51.401649, 49.753944, 49.891628, 49.950672, 50.020931, 50.058407, 50.077148, 50.081902]
iter=6300 : Accuracy: 0.986357 Pc: 20.273317
point_x: [9.0, 99.0, 99.0, 99.0, 99.0, 99.0, 99.0, 99.0, 99.0, 99.0]
point_y: [37.0, 63.0, 63.0, 63.0, 63.0, 63.0, 63.0, 63.0, 63.0, 63.0]
predict_x: [35.016289, 98.807358, 55.458447, 41.484352, 36.849728, 34.209396, 31.877163, 30.887897, 30.012171, 29.696657]
predict_y: [49.99305, 51.283226, 50.011547, 50.051575, 50.102539, 50.107994, 50.113327, 50.109524, 50.107525, 50.103107]
iter=6400 : Accuracy: 0.982524 Pc: 19.642957
point_x: [9.0, 99.0, 99.0, 99.0, 99.0, 99.0, 99.0, 99.0, 99.0, 99.0]
point_y: [53.0, 47.0, 47.0, 47.0, 47.0, 47.0, 47.0, 47.0, 47.0, 47.0]
predict_x: [34.773766, 99.0, 56.590694, 42.278221, 36.849815, 34.351154, 31.075575, 31.083157, 29.187309, 30.370871]
predict_y: [49.971416, 50.729019, 49.523819, 49.794502, 49.83165, 49.895096, 49.927933, 49.941917, 49.952271, 49.946346]
iter=6500 : Accuracy: 0.974036 Pc: 22.216775
point_x: [9.0, 99.0, 99.0, 99.0, 99.0, 99.0, 99.0, 99.0, 99.0, 99.0]
point_y: [55.0, 57.0, 57.0, 57.0, 57.0, 57.0, 57.0, 57.0, 57.0, 57.0]
predict_x: [34.562004, 99.0, 57.423637, 42.522331, 37.770252, 34.744797, 32.388416, 31.233006, 30.327047, 29.896284]
predict_y: [49.957172, 50.282158, 49.331741, 49.719032, 49.777973, 49.842434, 49.881775, 49.904495, 49.917263, 49.923439]
iter=6600 : Accuracy: 0.981452 Pc: 19.850835
point_x: [10.0, 99.0, 99.0, 99.0, 99.0, 99.0, 99.0, 99.0, 99.0, 99.0]
point_y: [37.0, 39.0, 39.0, 39.0, 39.0, 39.0, 39.0, 39.0, 39.0, 39.0]
predict_x: [34.306671, 99.0, 57.545425, 42.566574, 38.147423, 34.964626, 32.73423, 31.544569, 30.741682, 30.338985]
predict_y: [49.957188, 51.233871, 49.743584, 49.943291, 49.992214, 50.012657, 50.023426, 50.024857, 50.023716, 50.021255]
iter=6700 : Accuracy: 0.985306 Pc: 21.231883
point_x: [7.0, 13.0, 20.0, 26.0, 99.0, 99.0, 99.0, 99.0, 99.0, 99.0]
point_y: [50.0, 60.0, 50.0, 58.0, 41.0, 41.0, 41.0, 41.0, 41.0, 41.0]
predict_x: [34.070225, 31.343283, 31.902483, 49.81192, 90.992912, 57.063843, 43.434246, 40.032299, 37.107285, 34.926857]
predict_y: [49.966572, 51.49612, 50.477325, 50.591648, 50.838356, 49.608383, 49.857143, 49.973564, 50.036148, 50.07695]
iter=6800 : Accuracy: 0.976230 Pc: 19.665180
point_x: [9.0, 99.0, 99.0, 99.0, 99.0, 99.0, 99.0, 99.0, 99.0, 99.0]
point_y: [62.0, 58.0, 58.0, 58.0, 58.0, 58.0, 58.0, 58.0, 58.0, 58.0]
predict_x: [33.847652, 99.0, 58.356567, 42.689758, 38.102409, 34.561859, 32.074802, 30.685982, 29.756538, 29.271822]
predict_y: [49.961853, 50.177311, 48.937145, 49.606468, 49.73315, 49.838188, 49.904549, 49.941154, 49.960114, 49.968021]
iter=6900 : Accuracy: 0.985571 Pc: 19.654253
point_x: [3.0, 99.0, 99.0, 99.0, 99.0, 99.0, 99.0, 99.0, 99.0, 99.0]
point_y: [63.0, 56.0, 56.0, 56.0, 56.0, 56.0, 56.0, 56.0, 56.0, 56.0]
predict_x: [33.613152, 96.859665, 57.041534, 41.906914, 37.356831, 33.778893, 31.269758, 29.754236, 28.754375, 28.180977]
predict_y: [49.959953, 48.723442, 48.222855, 49.24382, 49.42696, 49.594173, 49.697144, 49.760674, 49.795494, 49.81295]
iter=7000 : Accuracy: 0.980238 Pc: 19.956909
point_x: [3.0, 99.0, 99.0, 99.0, 99.0, 99.0, 99.0, 99.0, 99.0, 99.0]
point_y: [56.0, 49.0, 49.0, 49.0, 49.0, 49.0, 49.0, 49.0, 49.0, 49.0]
predict_x: [33.386654, 96.234955, 54.635925, 40.948509, 36.434708, 33.369465, 31.097797, 29.710499, 28.720978, 28.094437]
predict_y: [49.96455, 49.936886, 49.149269, 49.621235, 49.752098, 49.826218, 49.873997, 49.901875, 49.91671, 49.922916]
iter=7100 : Accuracy: 0.973802 Pc: 19.791641
point_x: [5.0, 9.0, 99.0, 99.0, 99.0, 99.0, 99.0, 99.0, 99.0, 99.0]
point_y: [42.0, 36.0, 51.0, 51.0, 51.0, 51.0, 51.0, 51.0, 51.0, 51.0]
predict_x: [33.172497, 87.768486, 99.0, 61.736282, 44.616413, 40.54464, 37.073875, 34.672462, 33.18008, 32.112083]
predict_y: [49.958492, 48.784477, 48.173317, 47.856663, 48.958626, 49.072441, 49.256207, 49.359699, 49.437065, 49.482006]
iter=7200 : Accuracy: 0.985381 Pc: 19.096100
point_x: [10.0, 99.0, 99.0, 99.0, 99.0, 99.0, 99.0, 99.0, 99.0, 99.0]
point_y: [52.0, 58.0, 58.0, 58.0, 58.0, 58.0, 58.0, 58.0, 58.0, 58.0]
predict_x: [32.934486, 98.805122, 56.473564, 41.596268, 36.930397, 33.72921, 31.41934, 30.098545, 29.144115, 28.538391]
predict_y: [49.960434, 48.431641, 47.81456, 49.02095, 49.174057, 49.361168, 49.464558, 49.537724, 49.580719, 49.608566]
iter=7300 : Accuracy: 0.979433 Pc: 21.134261
point_x: [5.0, 99.0, 99.0, 99.0, 99.0, 99.0, 99.0, 99.0, 99.0, 99.0]
point_y: [52.0, 48.0, 48.0, 48.0, 48.0, 48.0, 48.0, 48.0, 48.0, 48.0]
predict_x: [32.723133, 99.0, 58.718189, 42.682438, 38.229702, 34.905651, 32.623909, 31.36681, 30.505072, 30.027702]
predict_y: [49.961639, 49.891788, 48.777172, 49.441254, 49.548088, 49.651688, 49.705444, 49.739342, 49.755356, 49.763565]
iter=7400 : Accuracy: 0.986476 Pc: 19.797693
point_x: [10.0, 17.0, 23.0, 99.0, 99.0, 99.0, 99.0, 99.0, 99.0, 99.0]
point_y: [58.0, 50.0, 38.0, 53.0, 53.0, 53.0, 53.0, 53.0, 53.0, 53.0]
predict_x: [32.495758, 9.231041, 32.605717, 98.826149, 55.560455, 43.108292, 39.833801, 37.735199, 36.139969, 35.472301]
predict_y: [49.937622, 49.961914, 49.368061, 48.552483, 47.991207, 48.950619, 49.021702, 49.176342, 49.221226, 49.27668]
iter=7500 : Accuracy: 0.987071 Pc: 18.234352
point_x: [10.0, 18.0, 27.0, 33.0, 42.0, 99.0, 99.0, 99.0, 99.0, 99.0]
point_y: [52.0, 51.0, 60.0, 45.0, 42.0, 63.0, 63.0, 63.0, 63.0, 63.0]
predict_x: [32.253197, 3.0962296, 20.352291, 26.102818, 35.808849, 54.934631, 43.748596, 40.357941, 37.29438, 37.250977]
predict_y: [49.954681, 51.061348, 50.322575, 50.393353, 50.481026, 50.827595, 50.39782, 50.16415, 50.220016, 50.185703]
iter=7600 : Accuracy: 0.979599 Pc: 19.257874
point_x: [8.0, 17.0, 23.0, 99.0, 99.0, 99.0, 99.0, 99.0, 99.0, 99.0]
point_y: [41.0, 54.0, 55.0, 44.0, 44.0, 44.0, 44.0, 44.0, 44.0, 44.0]
predict_x: [32.022278, 9.8198547, 51.477879, 99.0, 58.285633, 44.445332, 40.807354, 38.962727, 37.581787, 37.259064]
predict_y: [49.920666, 49.958813, 48.521778, 47.692154, 47.546463, 48.603428, 48.657242, 48.907295, 48.948296, 49.036407]
iter=7700 : Accuracy: 0.985476 Pc: 18.881725
point_x: [4.0, 99.0, 99.0, 99.0, 99.0, 99.0, 99.0, 99.0, 99.0, 99.0]
point_y: [61.0, 55.0, 55.0, 55.0, 55.0, 55.0, 55.0, 55.0, 55.0, 55.0]
predict_x: [31.790947, 99.0, 57.653381, 42.393066, 38.295998, 35.484703, 33.735146, 32.862179, 32.356358, 32.173927]
predict_y: [49.959332, 52.316734, 50.66893, 50.293312, 50.355583, 50.321007, 50.308254, 50.29351, 50.286213, 50.280506]
iter=7800 : Accuracy: 0.991000 Pc: 19.046774
point_x: [7.0, 99.0, 99.0, 99.0, 99.0, 99.0, 99.0, 99.0, 99.0, 99.0]
point_y: [50.0, 58.0, 58.0, 58.0, 58.0, 58.0, 58.0, 58.0, 58.0, 58.0]
predict_x: [31.550007, 99.0, 57.48307, 41.765873, 37.242336, 34.413528, 32.614487, 31.735559, 31.203552, 31.000963]
predict_y: [49.965752, 54.000484, 51.32177, 50.633392, 50.694164, 50.619736, 50.595974, 50.564968, 50.547756, 50.533493]
iter=7900 : Accuracy: 0.981702 Pc: 17.892377
point_x: [6.0, 99.0, 99.0, 99.0, 99.0, 99.0, 99.0, 99.0, 99.0, 99.0]
point_y: [58.0, 53.0, 53.0, 53.0, 53.0, 53.0, 53.0, 53.0, 53.0, 53.0]
predict_x: [31.315365, 99.0, 57.218555, 41.449158, 36.977337, 34.14521, 32.403473, 31.495609, 30.955433, 30.705971]
predict_y: [49.962162, 53.564514, 50.595837, 50.245914, 50.258644, 50.20961, 50.179237, 50.14975, 50.126476, 50.108856]
iter=8000 : Accuracy: 0.988917 Pc: 17.809864
point_x: [11.0, 15.0, 99.0, 99.0, 99.0, 99.0, 99.0, 99.0, 99.0, 99.0]
point_y: [49.0, 37.0, 62.0, 62.0, 62.0, 62.0, 62.0, 62.0, 62.0, 62.0]
predict_x: [31.08478, 55.057697, 99.0, 59.158878, 43.33395, 39.103485, 37.157082, 35.863472, 35.467327, 35.060844]
predict_y: [49.931103, 48.964096, 48.175217, 47.779335, 48.66803, 48.755348, 48.941677, 48.983025, 49.041927, 49.048439]
TESTING!
LabelSums: [  976.   979.   993.   995.   964.  1073.  1003.  1038.   979.]
COUNT_QUALITY: [0.0029827689, 0.073031671, 0.16079152, 0.4464314, 1.2226468, 7.6666718, 5.9217305, 0.038205571, 0.21764503, 2.2367904]
POINT_QUALITY: [24.141088, 13.937447, 3.3435171, 0.0, 17.221466, 53.78479, 5.9040971, 56.50985, 54.720245, 49.34164]
TESTACCURACY: 0.560862661317
CORRECT: [1, 2, 3, 4, 5, 6, 7, 0, 0, 0]
COUNT: [1, 2, 3, 4, 5, 0, 0, 0, 0, 7]
POINT_X: [31.08292, 5.354435, 20.962769, 28.668011, 53.452923, 99.0, 56.095299, 43.606716, 45.430344, 50.979713]
POINT_Y: [49.930988, 50.346771, 49.821438, 49.482704, 48.601715, 48.154423, 47.903328, 48.822006, 48.837681, 48.657627]
PREDICT_X: [31.08292, 5.354435, 20.962769, 28.668011, 53.452923, 99.0, 56.095299, 43.606716, 45.430344, 50.979713]
PREDICT_Y: [49.930988, 50.346771, 49.821438, 49.482704, 48.601715, 48.154423, 47.903328, 48.822006, 48.837681, 48.657627]
TEACHER: [[8.0, 57.0], [13.0, 62.0], [22.0, 53.0], [29.0, 50.0], [38.0, 41.0], [46.0, 39.0], [56.0, 42.0], [99.0, 60.0], [99.0, 60.0], [99.0, 60.0]]
Model saved in file: model_runs/1206_9blobs/countmodel_8000.ckpt
--- 1041.9155689999998 CPU seconds ---
iter=8100 : Accuracy: 0.994583 Pc: 17.711274
point_x: [10.0, 17.0, 22.0, 30.0, 39.0, 44.0, 99.0, 99.0, 99.0, 99.0]
point_y: [41.0, 36.0, 53.0, 57.0, 42.0, 55.0, 44.0, 44.0, 44.0, 44.0]
predict_x: [30.846167, 4.2456055, 18.756193, 24.081841, 35.582523, 61.639954, 99.0, 56.776062, 42.657036, 39.668243]
predict_y: [49.950718, 50.602131, 50.059219, 49.944153, 49.730145, 49.51041, 49.922485, 48.960217, 49.409771, 49.428356]
iter=8200 : Accuracy: 0.989000 Pc: 17.186238
point_x: [7.0, 99.0, 99.0, 99.0, 99.0, 99.0, 99.0, 99.0, 99.0, 99.0]
point_y: [49.0, 62.0, 62.0, 62.0, 62.0, 62.0, 62.0, 62.0, 62.0, 62.0]
predict_x: [30.593735, 99.0, 56.407463, 41.732189, 37.752701, 35.623653, 34.359303, 34.203983, 34.138439, 34.49577]
predict_y: [49.943588, 49.22364, 48.423023, 49.165028, 49.218208, 49.322033, 49.331776, 49.349571, 49.334915, 49.334759]
iter=8300 : Accuracy: 0.983544 Pc: 17.425738
point_x: [9.0, 14.0, 99.0, 99.0, 99.0, 99.0, 99.0, 99.0, 99.0, 99.0]
point_y: [41.0, 42.0, 54.0, 54.0, 54.0, 54.0, 54.0, 54.0, 54.0, 54.0]
predict_x: [30.368021, 24.366617, 99.0, 55.772957, 42.799461, 39.682171, 37.862198, 36.832321, 36.343506, 36.017475]
predict_y: [49.959568, 51.03587, 51.589619, 49.919666, 49.894432, 49.997833, 50.028687, 50.048893, 50.052246, 50.050056]
iter=8400 : Accuracy: 0.983393 Pc: 19.349402
point_x: [3.0, 9.0, 14.0, 21.0, 29.0, 39.0, 45.0, 99.0, 99.0, 99.0]
point_y: [49.0, 57.0, 36.0, 38.0, 56.0, 53.0, 56.0, 38.0, 38.0, 38.0]
predict_x: [30.131521, 2.5257034, 19.528299, 23.412361, 27.506262, 32.686996, 39.043827, 46.291138, 40.688168, 39.844193]
predict_y: [49.931953, 50.138134, 49.709217, 49.593372, 49.430515, 49.231926, 48.993618, 48.734371, 48.615082, 48.954998]
iter=8500 : Accuracy: 0.984905 Pc: 18.422151
point_x: [10.0, 15.0, 23.0, 99.0, 99.0, 99.0, 99.0, 99.0, 99.0, 99.0]
point_y: [43.0, 55.0, 63.0, 38.0, 38.0, 38.0, 38.0, 38.0, 38.0, 38.0]
predict_x: [29.894487, 42.305523, 64.377556, 99.0, 59.39119, 43.854828, 39.815586, 38.461555, 36.910545, 37.408157]
predict_y: [49.974266, 51.385738, 50.605919, 50.611645, 49.374794, 49.654961, 49.66132, 49.722061, 49.720516, 49.736145]
iter=8600 : Accuracy: 0.985333 Pc: 17.360004
point_x: [7.0, 12.0, 99.0, 99.0, 99.0, 99.0, 99.0, 99.0, 99.0, 99.0]
point_y: [55.0, 59.0, 51.0, 51.0, 51.0, 51.0, 51.0, 51.0, 51.0, 51.0]
predict_x: [29.650343, 9.0876541, 24.952026, 28.617025, 33.998539, 33.160507, 33.209866, 32.866859, 32.661499, 32.341736]
predict_y: [49.980366, 50.876587, 49.960342, 49.627766, 49.620251, 49.628948, 49.617115, 49.600647, 49.596912, 49.595276]
iter=8700 : Accuracy: 0.993571 Pc: 17.990010
point_x: [5.0, 12.0, 99.0, 99.0, 99.0, 99.0, 99.0, 99.0, 99.0, 99.0]
point_y: [38.0, 54.0, 63.0, 63.0, 63.0, 63.0, 63.0, 63.0, 63.0, 63.0]
predict_x: [29.394238, 28.135643, 99.0, 56.293037, 42.160851, 38.283924, 37.153664, 35.563347, 36.140854, 35.246002]
predict_y: [49.974178, 48.098835, 45.179623, 45.968903, 47.589962, 47.496498, 47.99757, 47.910435, 48.135265, 48.002907]
iter=8800 : Accuracy: 0.989571 Pc: 17.756220
point_x: [8.0, 15.0, 99.0, 99.0, 99.0, 99.0, 99.0, 99.0, 99.0, 99.0]
point_y: [53.0, 63.0, 39.0, 39.0, 39.0, 39.0, 39.0, 39.0, 39.0, 39.0]
predict_x: [29.141802, 12.981285, 99.0, 53.684372, 41.224884, 37.29113, 36.484222, 34.596512, 35.466759, 34.173599]
predict_y: [50.015125, 50.76926, 49.564865, 48.597481, 49.195805, 49.263855, 49.461536, 49.469685, 49.551216, 49.517864]
iter=8900 : Accuracy: 0.989393 Pc: 17.313958
point_x: [6.0, 17.0, 24.0, 99.0, 99.0, 99.0, 99.0, 99.0, 99.0, 99.0]
point_y: [63.0, 48.0, 63.0, 38.0, 38.0, 38.0, 38.0, 38.0, 38.0, 38.0]
predict_x: [28.91782, 11.811127, 49.282593, 99.0, 55.75016, 41.846642, 38.286953, 36.896164, 35.492435, 35.619766]
predict_y: [49.99292, 49.601212, 48.005772, 46.404671, 46.972897, 48.338764, 48.278809, 48.679802, 48.692177, 48.825779]
iter=9000 : Accuracy: 0.993849 Pc: 16.700575
point_x: [4.0, 99.0, 99.0, 99.0, 99.0, 99.0, 99.0, 99.0, 99.0, 99.0]
point_y: [39.0, 48.0, 48.0, 48.0, 48.0, 48.0, 48.0, 48.0, 48.0, 48.0]
predict_x: [28.655743, 99.0, 54.894264, 40.619957, 36.563423, 35.087807, 33.594082, 34.008293, 33.523846, 34.354713]
predict_y: [49.988377, 48.323906, 48.127808, 49.025536, 49.079529, 49.228806, 49.222176, 49.269375, 49.232605, 49.263023]
iter=9100 : Accuracy: 0.990127 Pc: 16.538897
point_x: [3.0, 99.0, 99.0, 99.0, 99.0, 99.0, 99.0, 99.0, 99.0, 99.0]
point_y: [45.0, 49.0, 49.0, 49.0, 49.0, 49.0, 49.0, 49.0, 49.0, 49.0]
predict_x: [28.410398, 99.0, 54.435001, 39.890087, 36.239761, 33.804207, 32.492027, 31.920282, 31.67271, 31.679886]
predict_y: [50.007511, 50.74015, 49.946674, 49.938004, 50.035793, 50.044361, 50.048935, 50.047985, 50.047058, 50.04451]
iter=9200 : Accuracy: 0.986143 Pc: 16.082648
point_x: [10.0, 15.0, 19.0, 27.0, 37.0, 46.0, 99.0, 99.0, 99.0, 99.0]
point_y: [37.0, 60.0, 37.0, 61.0, 37.0, 44.0, 45.0, 45.0, 45.0, 45.0]
predict_x: [28.16444, 8.4308662, 20.840818, 28.972174, 41.984539, 70.461533, 99.0, 55.327896, 42.007999, 39.031635]
predict_y: [49.998657, 51.167244, 50.219166, 49.991344, 49.522041, 48.818138, 48.22234, 48.406494, 49.130936, 49.241943]
iter=9300 : Accuracy: 0.986821 Pc: 18.082513
point_x: [6.0, 99.0, 99.0, 99.0, 99.0, 99.0, 99.0, 99.0, 99.0, 99.0]
point_y: [59.0, 53.0, 53.0, 53.0, 53.0, 53.0, 53.0, 53.0, 53.0, 53.0]
predict_x: [27.953737, 98.239876, 54.339123, 40.202976, 36.807484, 34.612831, 33.451035, 33.247025, 33.132156, 33.383072]
predict_y: [49.994526, 47.802387, 47.997219, 48.981514, 49.119488, 49.245644, 49.284332, 49.310261, 49.307381, 49.308006]
iter=9400 : Accuracy: 0.995893 Pc: 16.172962
point_x: [7.0, 99.0, 99.0, 99.0, 99.0, 99.0, 99.0, 99.0, 99.0, 99.0]
point_y: [53.0, 54.0, 54.0, 54.0, 54.0, 54.0, 54.0, 54.0, 54.0, 54.0]
predict_x: [27.720573, 99.0, 54.989094, 40.494339, 36.949165, 35.395405, 34.358757, 34.809097, 34.734276, 35.496922]
predict_y: [50.011372, 50.681793, 49.574917, 49.783192, 49.934235, 49.95158, 50.001694, 49.990791, 50.009556, 49.987835]
iter=9500 : Accuracy: 0.993071 Pc: 17.015822
point_x: [3.0, 99.0, 99.0, 99.0, 99.0, 99.0, 99.0, 99.0, 99.0, 99.0]
point_y: [43.0, 50.0, 50.0, 50.0, 50.0, 50.0, 50.0, 50.0, 50.0, 50.0]
predict_x: [27.474215, 99.0, 54.743874, 40.368122, 36.890217, 34.726883, 33.646755, 33.329399, 33.219696, 33.33239]
predict_y: [50.018284, 51.999393, 50.142754, 50.032585, 50.159191, 50.166752, 50.188313, 50.192398, 50.196453, 50.195499]
iter=9600 : Accuracy: 0.987321 Pc: 16.599121
point_x: [12.0, 99.0, 99.0, 99.0, 99.0, 99.0, 99.0, 99.0, 99.0, 99.0]
point_y: [60.0, 45.0, 45.0, 45.0, 45.0, 45.0, 45.0, 45.0, 45.0, 45.0]
predict_x: [27.245178, 99.0, 55.197193, 41.146324, 37.378078, 36.302929, 35.151043, 35.939072, 35.560562, 36.602409]
predict_y: [49.980061, 52.709091, 50.79282, 50.340729, 50.56749, 50.433533, 50.540627, 50.470566, 50.56583, 50.485394]
iter=9700 : Accuracy: 0.992321 Pc: 16.509733
point_x: [6.0, 15.0, 99.0, 99.0, 99.0, 99.0, 99.0, 99.0, 99.0, 99.0]
point_y: [55.0, 46.0, 61.0, 61.0, 61.0, 61.0, 61.0, 61.0, 61.0, 61.0]
predict_x: [26.988369, 13.534954, 99.0, 53.931946, 40.904747, 38.306892, 36.42408, 35.51096, 35.275028, 35.068825]
predict_y: [49.953037, 49.686302, 47.910919, 47.753284, 48.790455, 48.898033, 49.09687, 49.16523, 49.229019, 49.253105]
iter=9800 : Accuracy: 0.991849 Pc: 16.013643
point_x: [12.0, 19.0, 99.0, 99.0, 99.0, 99.0, 99.0, 99.0, 99.0, 99.0]
point_y: [51.0, 58.0, 39.0, 39.0, 39.0, 39.0, 39.0, 39.0, 39.0, 39.0]
predict_x: [26.723642, 15.860947, 99.0, 53.337036, 40.810715, 38.2994, 36.870316, 36.18684, 36.428268, 36.407124]
predict_y: [49.938255, 49.751453, 48.938805, 48.055527, 48.925224, 48.97879, 49.188747, 49.210205, 49.279449, 49.26593]
iter=9900 : Accuracy: 0.996889 Pc: 16.332899
point_x: [5.0, 13.0, 99.0, 99.0, 99.0, 99.0, 99.0, 99.0, 99.0, 99.0]
point_y: [51.0, 43.0, 39.0, 39.0, 39.0, 39.0, 39.0, 39.0, 39.0, 39.0]
predict_x: [26.495161, 12.546127, 34.284248, 41.291256, 38.595711, 36.91769, 37.043556, 37.008865, 37.659668, 37.682281]
predict_y: [49.931675, 48.938194, 48.458466, 47.461929, 48.653606, 48.65976, 48.821217, 48.737354, 48.831566, 48.731739]
iter=10000 : Accuracy: 0.995893 Pc: 15.879458
point_x: [7.0, 15.0, 21.0, 31.0, 39.0, 48.0, 99.0, 99.0, 99.0, 99.0]
point_y: [43.0, 41.0, 43.0, 45.0, 54.0, 61.0, 47.0, 47.0, 47.0, 47.0]
predict_x: [26.235186, 16.067997, 27.68396, 83.654274, 99.0, 99.0, 99.0, 61.504654, 46.499252, 43.26141]
predict_y: [49.915199, 48.52702, 48.787605, 46.805004, 46.360287, 46.297817, 46.287663, 46.333107, 47.693703, 47.325233]
TESTING!
LabelSums: [  991.  1056.   991.  1019.   994.   933.  1020.   999.   997.]
COUNT_QUALITY: [0.0022569117, 0.012836175, 0.065714836, 4.1941891, 3.3201795, 2.8168225, 0.88193351, 4.8531489, 7.0936456, 0.011993458]
POINT_QUALITY: [21.437525, 7.490798, 19.094667, 76.466461, 13.102556, 8.3657608, 54.674725, 48.432728, 27.955744, 10.602226]
TESTACCURACY: 0.662198772593
CORRECT: [1, 2, 3, 4, 5, 6, 0, 0, 0, 0]
COUNT: [1, 2, 3, 0, 0, 0, 0, 7, 7, 0]
POINT_X: [26.232758, 6.1558228, 36.181099, 99.0, 40.503536, 37.946098, 45.083267, 51.473469, 73.023651, 99.0]
POINT_Y: [49.914593, 49.42918, 48.164425, 46.43325, 46.832798, 48.29911, 47.927429, 47.674881, 46.667873, 46.397774]
PREDICT_X: [26.232758, 6.1558228, 36.181099, 99.0, 40.503536, 37.946098, 45.083267, 51.473469, 73.023651, 99.0]
PREDICT_Y: [49.914593, 49.42918, 48.164425, 46.43325, 46.832798, 48.29911, 47.927429, 47.674881, 46.667873, 46.397774]
TEACHER: [[6.0, 57.0], [10.0, 43.0], [18.0, 54.0], [23.0, 38.0], [30.0, 39.0], [39.0, 40.0], [99.0, 57.0], [99.0, 57.0], [99.0, 57.0], [99.0, 57.0]]
Model saved in file: model_runs/1206_9blobs/countmodel_10000.ckpt
--- 1298.8741719999998 CPU seconds ---
iter=10100 : Accuracy: 0.996667 Pc: 15.615775
point_x: [12.0, 19.0, 99.0, 99.0, 99.0, 99.0, 99.0, 99.0, 99.0, 99.0]
point_y: [46.0, 43.0, 36.0, 36.0, 36.0, 36.0, 36.0, 36.0, 36.0, 36.0]
predict_x: [25.994577, 19.969646, 99.0, 54.660973, 42.309006, 39.970421, 38.789837, 37.756859, 38.716339, 37.697384]
predict_y: [49.904789, 48.902813, 48.15287, 47.557087, 48.601273, 48.444046, 48.864586, 48.698528, 48.952442, 48.690983]
iter=10200 : Accuracy: 0.994306 Pc: 14.807868
point_x: [3.0, 99.0, 99.0, 99.0, 99.0, 99.0, 99.0, 99.0, 99.0, 99.0]
point_y: [50.0, 41.0, 41.0, 41.0, 41.0, 41.0, 41.0, 41.0, 41.0, 41.0]
predict_x: [25.756229, 99.0, 55.342796, 40.321018, 37.454735, 35.798767, 35.383301, 35.871769, 36.372524, 37.115311]
predict_y: [49.870213, 44.664455, 45.022495, 47.467197, 47.482975, 47.741188, 47.688931, 47.731773, 47.609531, 47.639561]
iter=10300 : Accuracy: 0.996349 Pc: 16.359138
point_x: [7.0, 99.0, 99.0, 99.0, 99.0, 99.0, 99.0, 99.0, 99.0, 99.0]
point_y: [46.0, 46.0, 46.0, 46.0, 46.0, 46.0, 46.0, 46.0, 46.0, 46.0]
predict_x: [25.53603, 98.77858, 54.011436, 40.292007, 37.000233, 36.525276, 35.465572, 37.204594, 35.745564, 37.725082]
predict_y: [49.906639, 51.629642, 49.757416, 49.838272, 49.933136, 49.963165, 49.986744, 50.01479, 50.007069, 50.036144]
iter=10400 : Accuracy: 0.989444 Pc: 15.555871
point_x: [10.0, 99.0, 99.0, 99.0, 99.0, 99.0, 99.0, 99.0, 99.0, 99.0]
point_y: [59.0, 51.0, 51.0, 51.0, 51.0, 51.0, 51.0, 51.0, 51.0, 51.0]
predict_x: [25.305532, 97.363182, 52.38607, 38.553246, 35.830933, 34.550831, 34.38578, 35.416733, 35.915203, 37.085819]
predict_y: [49.885136, 49.71278, 48.544125, 49.214027, 49.279774, 49.34465, 49.321537, 49.344048, 49.281967, 49.337624]
iter=10500 : Accuracy: 0.987976 Pc: 16.051563
point_x: [9.0, 19.0, 25.0, 35.0, 43.0, 53.0, 59.0, 63.0, 99.0, 99.0]
point_y: [46.0, 52.0, 61.0, 38.0, 41.0, 56.0, 62.0, 43.0, 59.0, 59.0]
predict_x: [25.103407, 11.207565, 20.767876, 26.855556, 36.989288, 52.814346, 82.410759, 99.0, 99.0, 57.223328]
predict_y: [49.866188, 50.058056, 49.700123, 49.57756, 49.278011, 48.812321, 48.51144, 48.544987, 48.492535, 47.833378]
iter=10600 : Accuracy: 0.989671 Pc: 14.477792
point_x: [2.0, 99.0, 99.0, 99.0, 99.0, 99.0, 99.0, 99.0, 99.0, 99.0]
point_y: [42.0, 60.0, 60.0, 60.0, 60.0, 60.0, 60.0, 60.0, 60.0, 60.0]
predict_x: [24.886419, 99.0, 54.276268, 40.147121, 37.348839, 36.37183, 36.086983, 37.195156, 37.210793, 38.286392]
predict_y: [49.892094, 50.835728, 49.499229, 49.72422, 49.856628, 49.878754, 49.920658, 49.921017, 49.948124, 49.93359]
iter=10700 : Accuracy: 0.988905 Pc: 14.478262
point_x: [3.0, 14.0, 99.0, 99.0, 99.0, 99.0, 99.0, 99.0, 99.0, 99.0]
point_y: [60.0, 56.0, 38.0, 38.0, 38.0, 38.0, 38.0, 38.0, 38.0, 38.0]
predict_x: [24.655169, 12.176285, 57.995697, 50.307228, 42.275356, 39.948196, 39.928795, 38.893757, 40.099548, 39.235146]
predict_y: [49.849674, 48.428375, 47.779469, 47.277016, 48.40546, 48.122524, 48.686443, 48.450741, 48.770638, 48.465382]
iter=10800 : Accuracy: 0.993667 Pc: 15.821428
point_x: [10.0, 99.0, 99.0, 99.0, 99.0, 99.0, 99.0, 99.0, 99.0, 99.0]
point_y: [44.0, 61.0, 61.0, 61.0, 61.0, 61.0, 61.0, 61.0, 61.0, 61.0]
predict_x: [24.412903, 99.0, 54.531784, 41.035465, 38.590851, 37.771545, 37.948196, 39.015549, 39.466309, 40.197372]
predict_y: [49.853577, 49.383305, 48.269695, 49.055965, 49.084476, 49.170902, 49.109623, 49.175488, 49.057163, 49.199394]
iter=10900 : Accuracy: 0.996389 Pc: 15.842838
point_x: [7.0, 99.0, 99.0, 99.0, 99.0, 99.0, 99.0, 99.0, 99.0, 99.0]
point_y: [63.0, 44.0, 44.0, 44.0, 44.0, 44.0, 44.0, 44.0, 44.0, 44.0]
predict_x: [24.177841, 96.918503, 53.470245, 40.582138, 37.906013, 37.000324, 37.271084, 38.300476, 39.220592, 40.195061]
predict_y: [49.86993, 51.87545, 50.333622, 50.063618, 50.153584, 50.145653, 50.179573, 50.198513, 50.229496, 50.239586]
iter=11000 : Accuracy: 0.991250 Pc: 15.093441
point_x: [2.0, 99.0, 99.0, 99.0, 99.0, 99.0, 99.0, 99.0, 99.0, 99.0]
point_y: [45.0, 42.0, 42.0, 42.0, 42.0, 42.0, 42.0, 42.0, 42.0, 42.0]
predict_x: [23.959282, 97.247635, 52.104515, 41.046539, 38.654133, 38.139599, 38.779938, 40.074276, 40.954685, 41.648323]
predict_y: [49.864552, 50.13142, 49.215641, 49.405048, 49.462391, 49.46991, 49.441154, 49.452316, 49.408615, 49.45974]
iter=11100 : Accuracy: 0.995750 Pc: 15.379770
point_x: [7.0, 12.0, 21.0, 26.0, 34.0, 99.0, 99.0, 99.0, 99.0, 99.0]
point_y: [60.0, 45.0, 45.0, 61.0, 56.0, 37.0, 37.0, 37.0, 37.0, 37.0]
predict_x: [23.730112, 10.621502, 22.532969, 29.700415, 43.133751, 69.480736, 48.972237, 41.998589, 41.209221, 41.153309]
predict_y: [49.859821, 50.432053, 49.919361, 50.038403, 50.189541, 50.813267, 49.866558, 49.893036, 49.988319, 49.976154]
iter=11200 : Accuracy: 0.991333 Pc: 14.729455
point_x: [9.0, 99.0, 99.0, 99.0, 99.0, 99.0, 99.0, 99.0, 99.0, 99.0]
point_y: [47.0, 61.0, 61.0, 61.0, 61.0, 61.0, 61.0, 61.0, 61.0, 61.0]
predict_x: [23.50861, 99.0, 53.543312, 40.007645, 37.807671, 37.130009, 37.832409, 39.174316, 40.222801, 41.121487]
predict_y: [49.846909, 50.426727, 48.664467, 49.228127, 49.264832, 49.289425, 49.251316, 49.274746, 49.210732, 49.287762]
iter=11300 : Accuracy: 0.995278 Pc: 13.892426
point_x: [7.0, 13.0, 99.0, 99.0, 99.0, 99.0, 99.0, 99.0, 99.0, 99.0]
point_y: [50.0, 46.0, 50.0, 50.0, 50.0, 50.0, 50.0, 50.0, 50.0, 50.0]
predict_x: [23.252966, 13.390877, 99.0, 54.262329, 41.46833, 40.425972, 39.107098, 39.407936, 40.088638, 40.522861]
predict_y: [49.83112, 47.976757, 48.854382, 47.390873, 48.46859, 48.212376, 48.668438, 48.479225, 48.723141, 48.444832]
iter=11400 : Accuracy: 0.998000 Pc: 15.366798
point_x: [10.0, 99.0, 99.0, 99.0, 99.0, 99.0, 99.0, 99.0, 99.0, 99.0]
point_y: [42.0, 56.0, 56.0, 56.0, 56.0, 56.0, 56.0, 56.0, 56.0, 56.0]
predict_x: [23.037596, 99.0, 54.213352, 40.55162, 38.298805, 37.767834, 38.352699, 39.720528, 40.224003, 40.847378]
predict_y: [49.834026, 51.067131, 48.73024, 49.304798, 49.254807, 49.32748, 49.237812, 49.342175, 49.17725, 49.399261]
iter=11500 : Accuracy: 0.998889 Pc: 14.129871
point_x: [4.0, 9.0, 16.0, 25.0, 31.0, 38.0, 43.0, 99.0, 99.0, 99.0]
point_y: [49.0, 44.0, 54.0, 52.0, 48.0, 55.0, 63.0, 39.0, 39.0, 39.0]
predict_x: [22.771042, 7.0905952, 20.171188, 37.390427, 60.90638, 99.0, 99.0, 99.0, 60.744282, 45.504707]
predict_y: [49.805553, 47.550068, 48.596352, 48.099022, 47.615154, 48.225636, 48.329659, 48.340893, 46.984589, 48.028843]
iter=11600 : Accuracy: 0.998000 Pc: 13.953034
point_x: [5.0, 99.0, 99.0, 99.0, 99.0, 99.0, 99.0, 99.0, 99.0, 99.0]
point_y: [47.0, 43.0, 43.0, 43.0, 43.0, 43.0, 43.0, 43.0, 43.0, 43.0]
predict_x: [22.527088, 99.0, 54.75021, 39.896984, 37.860706, 36.962795, 37.728394, 38.932682, 39.956566, 40.270439]
predict_y: [49.822269, 49.855907, 48.206638, 48.991413, 49.007957, 49.059769, 48.980221, 49.055573, 48.89344, 49.129051]
iter=11700 : Accuracy: 0.997778 Pc: 14.598776
point_x: [4.0, 99.0, 99.0, 99.0, 99.0, 99.0, 99.0, 99.0, 99.0, 99.0]
point_y: [38.0, 41.0, 41.0, 41.0, 41.0, 41.0, 41.0, 41.0, 41.0, 41.0]
predict_x: [22.301819, 99.0, 55.833324, 40.357632, 38.057888, 36.940701, 37.454956, 38.494827, 39.683578, 40.492561]
predict_y: [49.790432, 46.496094, 45.791534, 47.749649, 47.743736, 47.882683, 47.785351, 47.808933, 47.659443, 47.750996]
iter=11800 : Accuracy: 0.995238 Pc: 14.533081
point_x: [8.0, 18.0, 26.0, 34.0, 39.0, 44.0, 99.0, 99.0, 99.0, 99.0]
point_y: [49.0, 57.0, 51.0, 63.0, 62.0, 37.0, 38.0, 38.0, 38.0, 38.0]
predict_x: [22.068394, 10.000263, 20.991142, 32.872837, 60.784752, 99.0, 99.0, 56.767616, 45.805054, 43.976494]
predict_y: [49.822105, 49.428356, 49.425304, 49.499794, 49.640957, 50.864315, 50.915943, 49.104797, 49.12986, 49.15543]
iter=11900 : Accuracy: 0.998000 Pc: 13.992240
point_x: [6.0, 99.0, 99.0, 99.0, 99.0, 99.0, 99.0, 99.0, 99.0, 99.0]
point_y: [57.0, 45.0, 45.0, 45.0, 45.0, 45.0, 45.0, 45.0, 45.0, 45.0]
predict_x: [21.86256, 99.0, 54.837563, 39.816128, 37.421391, 36.236179, 36.801662, 37.863655, 39.098572, 39.747185]
predict_y: [49.789295, 46.142609, 45.929527, 47.793507, 47.856163, 47.969028, 47.876984, 47.90947, 47.738789, 47.90649]
iter=12000 : Accuracy: 0.995750 Pc: 13.056622
point_x: [4.0, 11.0, 16.0, 26.0, 99.0, 99.0, 99.0, 99.0, 99.0, 99.0]
point_y: [50.0, 62.0, 54.0, 56.0, 39.0, 39.0, 39.0, 39.0, 39.0, 39.0]
predict_x: [21.620987, 7.7203751, 20.069445, 52.098633, 99.0, 54.136684, 42.67141, 43.770618, 39.953529, 40.524132]
predict_y: [49.833435, 49.111553, 49.316692, 49.078121, 49.825081, 48.317528, 48.901424, 48.754791, 49.160976, 49.0485]
iter=12100 : Accuracy: 0.991556 Pc: 13.638797
point_x: [7.0, 99.0, 99.0, 99.0, 99.0, 99.0, 99.0, 99.0, 99.0, 99.0]
point_y: [55.0, 40.0, 40.0, 40.0, 40.0, 40.0, 40.0, 40.0, 40.0, 40.0]
predict_x: [21.385195, 99.0, 54.333023, 39.964188, 37.217663, 36.001442, 36.38895, 37.459427, 38.722031, 39.801285]
predict_y: [49.826401, 50.855331, 49.712826, 49.706799, 49.83403, 49.863068, 49.898289, 49.928696, 49.952034, 49.971985]
iter=12200 : Accuracy: 0.997778 Pc: 12.905984
point_x: [3.0, 99.0, 99.0, 99.0, 99.0, 99.0, 99.0, 99.0, 99.0, 99.0]
point_y: [36.0, 47.0, 47.0, 47.0, 47.0, 47.0, 47.0, 47.0, 47.0, 47.0]
predict_x: [21.148479, 99.0, 49.543228, 38.61528, 36.553444, 35.892166, 36.443626, 37.431648, 38.466141, 39.224373]
predict_y: [49.799442, 47.104862, 47.364548, 48.458633, 48.510818, 48.630676, 48.60416, 48.64621, 48.594635, 48.636284]
iter=12300 : Accuracy: 0.990556 Pc: 13.540652
point_x: [12.0, 99.0, 99.0, 99.0, 99.0, 99.0, 99.0, 99.0, 99.0, 99.0]
point_y: [60.0, 54.0, 54.0, 54.0, 54.0, 54.0, 54.0, 54.0, 54.0, 54.0]
predict_x: [20.928926, 99.0, 53.512413, 40.074303, 37.29174, 36.081078, 36.21917, 36.918434, 37.802395, 38.655434]
predict_y: [49.809662, 48.537235, 48.283844, 48.94453, 49.037792, 49.088844, 49.100063, 49.10408, 49.091866, 49.08342]
iter=12400 : Accuracy: 0.997639 Pc: 13.293626
point_x: [8.0, 99.0, 99.0, 99.0, 99.0, 99.0, 99.0, 99.0, 99.0, 99.0]
point_y: [54.0, 37.0, 37.0, 37.0, 37.0, 37.0, 37.0, 37.0, 37.0, 37.0]
predict_x: [20.70363, 97.497314, 47.029507, 37.948788, 36.082024, 35.3507, 35.630653, 36.289043, 37.027412, 37.714359]
predict_y: [49.846661, 50.518959, 49.676186, 49.692284, 49.820412, 49.843277, 49.869759, 49.892551, 49.908043, 49.920322]
iter=12500 : Accuracy: 0.998889 Pc: 13.838518
point_x: [2.0, 99.0, 99.0, 99.0, 99.0, 99.0, 99.0, 99.0, 99.0, 99.0]
point_y: [53.0, 60.0, 60.0, 60.0, 60.0, 60.0, 60.0, 60.0, 60.0, 60.0]
predict_x: [20.46734, 97.621468, 51.547089, 39.483925, 37.325993, 36.249435, 36.440964, 37.090958, 37.874992, 38.582214]
predict_y: [49.821018, 48.079948, 48.097046, 48.865479, 48.983017, 49.069633, 49.085857, 49.106911, 49.098015, 49.101521]
iter=12600 : Accuracy: 0.989667 Pc: 13.301205
point_x: [5.0, 15.0, 99.0, 99.0, 99.0, 99.0, 99.0, 99.0, 99.0, 99.0]
point_y: [41.0, 47.0, 45.0, 45.0, 45.0, 45.0, 45.0, 45.0, 45.0, 45.0]
predict_x: [20.254915, 15.734455, 28.281971, 43.184677, 37.854713, 37.43576, 37.91317, 39.295254, 39.99501, 41.133545]
predict_y: [49.854187, 50.504269, 50.24049, 50.317318, 50.033871, 50.233391, 50.240036, 50.288681, 50.285503, 50.316853]
iter=12700 : Accuracy: 0.996250 Pc: 12.400820
point_x: [9.0, 99.0, 99.0, 99.0, 99.0, 99.0, 99.0, 99.0, 99.0, 99.0]
point_y: [54.0, 63.0, 63.0, 63.0, 63.0, 63.0, 63.0, 63.0, 63.0, 63.0]
predict_x: [20.030777, 99.0, 52.6325, 39.229897, 37.21571, 36.194794, 36.652477, 37.56134, 38.612991, 39.431545]
predict_y: [49.853313, 53.519653, 52.050446, 50.993984, 51.224205, 51.224201, 51.323997, 51.376301, 51.461506, 51.487919]
iter=12800 : Accuracy: 0.991643 Pc: 13.163663
point_x: [7.0, 12.0, 21.0, 30.0, 36.0, 43.0, 47.0, 99.0, 99.0, 99.0]
point_y: [48.0, 46.0, 60.0, 62.0, 43.0, 37.0, 49.0, 41.0, 41.0, 41.0]
predict_x: [19.789289, 7.8269463, 19.176146, 22.923471, 26.41531, 31.121767, 37.125977, 43.927887, 44.19175, 42.23634]
predict_y: [49.831841, 49.275913, 49.559048, 49.658566, 49.68623, 49.673794, 49.627766, 49.554482, 49.431393, 49.57346]
iter=12900 : Accuracy: 0.993667 Pc: 13.328497
point_x: [2.0, 99.0, 99.0, 99.0, 99.0, 99.0, 99.0, 99.0, 99.0, 99.0]
point_y: [46.0, 55.0, 55.0, 55.0, 55.0, 55.0, 55.0, 55.0, 55.0, 55.0]
predict_x: [19.593697, 97.335739, 52.653183, 39.516792, 38.438736, 38.430832, 40.004562, 41.689816, 43.420525, 44.135723]
predict_y: [49.809704, 47.869579, 47.963203, 48.736504, 48.882751, 48.924465, 48.894455, 48.896278, 48.842514, 48.891953]
iter=13000 : Accuracy: 0.996889 Pc: 13.332315
point_x: [11.0, 99.0, 99.0, 99.0, 99.0, 99.0, 99.0, 99.0, 99.0, 99.0]
point_y: [63.0, 40.0, 40.0, 40.0, 40.0, 40.0, 40.0, 40.0, 40.0, 40.0]
predict_x: [19.390062, 99.0, 53.681808, 40.890495, 40.654564, 40.824989, 42.527939, 42.594685, 43.029503, 42.377396]
predict_y: [49.81321, 52.41993, 50.941414, 50.413597, 50.712231, 50.701878, 50.952213, 50.800549, 51.139252, 50.800922]
iter=13100 : Accuracy: 0.996889 Pc: 12.931280
point_x: [3.0, 99.0, 99.0, 99.0, 99.0, 99.0, 99.0, 99.0, 99.0, 99.0]
point_y: [57.0, 60.0, 60.0, 60.0, 60.0, 60.0, 60.0, 60.0, 60.0, 60.0]
predict_x: [19.169973, 99.0, 53.788017, 40.693073, 40.188694, 40.350136, 42.097786, 42.637257, 43.501373, 42.728928]
predict_y: [49.770271, 48.944019, 48.408024, 48.891491, 48.943748, 49.052109, 48.939564, 49.108822, 48.867172, 49.161747]
iter=13200 : Accuracy: 0.995556 Pc: 13.240162
point_x: [7.0, 99.0, 99.0, 99.0, 99.0, 99.0, 99.0, 99.0, 99.0, 99.0]
point_y: [60.0, 62.0, 62.0, 62.0, 62.0, 62.0, 62.0, 62.0, 62.0, 62.0]
predict_x: [18.916023, 99.0, 48.950768, 38.327526, 37.321041, 37.745647, 39.546135, 40.836128, 41.78178, 41.236443]
predict_y: [49.766956, 50.507427, 49.513058, 49.538906, 49.733414, 49.779362, 49.837418, 49.857559, 49.902283, 49.886284]
iter=13300 : Accuracy: 0.996889 Pc: 13.114686
point_x: [8.0, 14.0, 21.0, 99.0, 99.0, 99.0, 99.0, 99.0, 99.0, 99.0]
point_y: [49.0, 49.0, 60.0, 48.0, 48.0, 48.0, 48.0, 48.0, 48.0, 48.0]
predict_x: [18.693977, 12.252098, 21.355982, 99.0, 52.413097, 40.339745, 40.224251, 39.588264, 40.94463, 41.077881]
predict_y: [49.752445, 48.776558, 49.047134, 47.978958, 47.67366, 48.474792, 48.482979, 48.723454, 48.568722, 48.793671]
iter=13400 : Accuracy: 1.000000 Pc: 13.230613
point_x: [4.0, 99.0, 99.0, 99.0, 99.0, 99.0, 99.0, 99.0, 99.0, 99.0]
point_y: [40.0, 45.0, 45.0, 45.0, 45.0, 45.0, 45.0, 45.0, 45.0, 45.0]
predict_x: [18.469954, 99.0, 52.240532, 39.904541, 38.919495, 38.930183, 40.095669, 40.393475, 40.602901, 40.513702]
predict_y: [49.765503, 50.735249, 49.503544, 49.589779, 49.749104, 49.807644, 49.853428, 49.891209, 49.914444, 49.919186]
iter=13500 : Accuracy: 0.996750 Pc: 13.280198
point_x: [5.0, 99.0, 99.0, 99.0, 99.0, 99.0, 99.0, 99.0, 99.0, 99.0]
point_y: [61.0, 41.0, 41.0, 41.0, 41.0, 41.0, 41.0, 41.0, 41.0, 41.0]
predict_x: [18.245867, 99.0, 52.217522, 38.677311, 36.789524, 36.330982, 37.439968, 38.971786, 40.550049, 41.655918]
predict_y: [49.776615, 50.022869, 49.178143, 49.400047, 49.567966, 49.62096, 49.652023, 49.676468, 49.684067, 49.69809]
iter=13600 : Accuracy: 0.996889 Pc: 12.385953
point_x: [6.0, 99.0, 99.0, 99.0, 99.0, 99.0, 99.0, 99.0, 99.0, 99.0]
point_y: [42.0, 59.0, 59.0, 59.0, 59.0, 59.0, 59.0, 59.0, 59.0, 59.0]
predict_x: [18.022791, 99.0, 53.940781, 39.001381, 37.734131, 38.02227, 39.909233, 41.873478, 43.795532, 44.251602]
predict_y: [49.770901, 49.338787, 48.747887, 49.12925, 49.267235, 49.306637, 49.306141, 49.328201, 49.299458, 49.364815]
iter=13700 : Accuracy: 0.997778 Pc: 11.766795
point_x: [7.0, 99.0, 99.0, 99.0, 99.0, 99.0, 99.0, 99.0, 99.0, 99.0]
point_y: [62.0, 57.0, 57.0, 57.0, 57.0, 57.0, 57.0, 57.0, 57.0, 57.0]
predict_x: [17.788059, 99.0, 52.921947, 39.301338, 37.612347, 37.420013, 38.707424, 40.140297, 41.669876, 42.404072]
predict_y: [49.773617, 50.339493, 48.929882, 49.261639, 49.397865, 49.442764, 49.460129, 49.48436, 49.48362, 49.507408]
iter=13800 : Accuracy: 0.997778 Pc: 12.593371
point_x: [8.0, 99.0, 99.0, 99.0, 99.0, 99.0, 99.0, 99.0, 99.0, 99.0]
point_y: [47.0, 46.0, 46.0, 46.0, 46.0, 46.0, 46.0, 46.0, 46.0, 46.0]
predict_x: [17.572369, 99.0, 53.040634, 38.426819, 36.494404, 36.177261, 37.458134, 39.180237, 40.837784, 41.992294]
predict_y: [49.799068, 51.227745, 50.157032, 49.906975, 50.081532, 50.137749, 50.205772, 50.262238, 50.312027, 50.339848]
iter=13900 : Accuracy: 0.990032 Pc: 13.291177
point_x: [5.0, 12.0, 99.0, 99.0, 99.0, 99.0, 99.0, 99.0, 99.0, 99.0]
point_y: [53.0, 57.0, 39.0, 39.0, 39.0, 39.0, 39.0, 39.0, 39.0, 39.0]
predict_x: [17.364147, 9.8476143, 99.0, 56.314526, 44.86235, 43.726379, 43.586693, 44.735775, 44.910213, 46.119308]
predict_y: [49.775414, 50.479225, 51.353985, 49.497585, 49.590755, 49.785984, 49.866493, 49.939617, 49.979298, 50.028015]
iter=14000 : Accuracy: 0.997000 Pc: 12.393440
point_x: [11.0, 99.0, 99.0, 99.0, 99.0, 99.0, 99.0, 99.0, 99.0, 99.0]
point_y: [48.0, 63.0, 63.0, 63.0, 63.0, 63.0, 63.0, 63.0, 63.0, 63.0]
predict_x: [17.126724, 96.820763, 45.873577, 38.384285, 37.048378, 37.479599, 39.09832, 40.746525, 42.25325, 43.197334]
predict_y: [49.771282, 49.725319, 48.795303, 49.27533, 49.431446, 49.494556, 49.532795, 49.566154, 49.581875, 49.602474]
iter=14100 : Accuracy: 0.994111 Pc: 12.457996
point_x: [5.0, 14.0, 99.0, 99.0, 99.0, 99.0, 99.0, 99.0, 99.0, 99.0]
point_y: [44.0, 63.0, 41.0, 41.0, 41.0, 41.0, 41.0, 41.0, 41.0, 41.0]
predict_x: [16.948841, 60.214199, 99.0, 44.612385, 42.311134, 43.623241, 43.982243, 45.887192, 45.629398, 47.091156]
predict_y: [49.756084, 48.512669, 48.3582, 47.5774, 48.456104, 48.581497, 48.847481, 48.796425, 48.991329, 48.858837]
iter=14200 : Accuracy: 0.992238 Pc: 12.853414
point_x: [9.0, 99.0, 99.0, 99.0, 99.0, 99.0, 99.0, 99.0, 99.0, 99.0]
point_y: [47.0, 45.0, 45.0, 45.0, 45.0, 45.0, 45.0, 45.0, 45.0, 45.0]
predict_x: [16.747856, 96.915016, 43.620033, 39.514938, 38.743561, 39.921524, 41.896461, 43.804722, 45.336563, 46.526764]
predict_y: [49.71471, 46.929859, 46.525219, 48.033783, 48.193733, 48.213776, 48.192059, 48.148983, 48.118294, 48.084885]
iter=14300 : Accuracy: 0.998000 Pc: 11.446431
point_x: [5.0, 99.0, 99.0, 99.0, 99.0, 99.0, 99.0, 99.0, 99.0, 99.0]
point_y: [48.0, 42.0, 42.0, 42.0, 42.0, 42.0, 42.0, 42.0, 42.0, 42.0]
predict_x: [16.513027, 99.0, 49.172085, 40.108582, 38.650772, 39.168762, 40.537918, 41.9571, 43.192787, 44.196194]
predict_y: [49.757259, 49.962372, 49.070084, 49.491432, 49.636494, 49.713745, 49.76442, 49.801731, 49.828007, 49.846489]
iter=14400 : Accuracy: 0.998571 Pc: 12.696010
point_x: [3.0, 99.0, 99.0, 99.0, 99.0, 99.0, 99.0, 99.0, 99.0, 99.0]
point_y: [54.0, 52.0, 52.0, 52.0, 52.0, 52.0, 52.0, 52.0, 52.0, 52.0]
predict_x: [16.306938, 99.0, 49.374352, 39.790379, 38.922943, 40.088524, 42.471237, 44.816284, 46.585747, 47.96064]
predict_y: [49.77734, 51.064899, 49.765202, 49.840839, 50.007717, 50.09692, 50.166664, 50.226715, 50.264473, 50.299084]
iter=14500 : Accuracy: 0.992639 Pc: 13.034531
point_x: [8.0, 99.0, 99.0, 99.0, 99.0, 99.0, 99.0, 99.0, 99.0, 99.0]
point_y: [62.0, 54.0, 54.0, 54.0, 54.0, 54.0, 54.0, 54.0, 54.0, 54.0]
predict_x: [16.109642, 98.220795, 40.553864, 38.791603, 38.951534, 41.103714, 43.967518, 46.191803, 47.917076, 48.567146]
predict_y: [49.782631, 50.12112, 49.02739, 49.472496, 49.650337, 49.735519, 49.787979, 49.824989, 49.851955, 49.871067]
iter=14600 : Accuracy: 0.998000 Pc: 12.046059
point_x: [6.0, 99.0, 99.0, 99.0, 99.0, 99.0, 99.0, 99.0, 99.0, 99.0]
point_y: [37.0, 59.0, 59.0, 59.0, 59.0, 59.0, 59.0, 59.0, 59.0, 59.0]
predict_x: [15.901394, 98.781876, 48.759174, 39.83075, 39.030762, 39.935623, 42.035637, 43.512253, 45.264015, 45.147575]
predict_y: [49.787392, 50.458546, 49.392456, 49.64389, 49.814766, 49.896839, 49.962265, 50.007515, 50.05085, 50.069298]
iter=14700 : Accuracy: 0.996667 Pc: 12.300771
point_x: [4.0, 99.0, 99.0, 99.0, 99.0, 99.0, 99.0, 99.0, 99.0, 99.0]
point_y: [55.0, 62.0, 62.0, 62.0, 62.0, 62.0, 62.0, 62.0, 62.0, 62.0]
predict_x: [15.693481, 99.0, 48.86684, 40.435745, 38.961433, 39.795628, 41.701622, 43.680923, 45.279987, 46.561218]
predict_y: [49.79599, 50.222618, 49.358223, 49.558834, 49.7048, 49.76841, 49.80711, 49.837711, 49.862316, 49.882225]
iter=14800 : Accuracy: 0.993889 Pc: 11.856683
point_x: [9.0, 99.0, 99.0, 99.0, 99.0, 99.0, 99.0, 99.0, 99.0, 99.0]
point_y: [38.0, 58.0, 58.0, 58.0, 58.0, 58.0, 58.0, 58.0, 58.0, 58.0]
predict_x: [15.492027, 98.145844, 50.171158, 40.71616, 39.936646, 41.242252, 43.612789, 45.612961, 47.309334, 48.158085]
predict_y: [49.791321, 49.632538, 48.596786, 49.210552, 49.339775, 49.401997, 49.428276, 49.459076, 49.468327, 49.496609]
iter=14900 : Accuracy: 0.996778 Pc: 11.322042
point_x: [4.0, 13.0, 17.0, 99.0, 99.0, 99.0, 99.0, 99.0, 99.0, 99.0]
point_y: [37.0, 48.0, 63.0, 51.0, 51.0, 51.0, 51.0, 51.0, 51.0, 51.0]
predict_x: [15.299335, 14.073551, 58.009563, 99.0, 54.918411, 44.572601, 45.394196, 45.338051, 47.527145, 47.284279]
predict_y: [49.78722, 50.232155, 48.87611, 48.221294, 47.585701, 48.520947, 48.556026, 48.786289, 48.749264, 48.937309]
iter=15000 : Accuracy: 1.000000 Pc: 12.238014
point_x: [9.0, 99.0, 99.0, 99.0, 99.0, 99.0, 99.0, 99.0, 99.0, 99.0]
point_y: [49.0, 40.0, 40.0, 40.0, 40.0, 40.0, 40.0, 40.0, 40.0, 40.0]
predict_x: [15.123089, 99.0, 54.767887, 42.730259, 42.636387, 44.042538, 46.554474, 48.13718, 50.096165, 49.920033]
predict_y: [49.796837, 48.921745, 47.985737, 48.852005, 48.941715, 49.014786, 49.012413, 49.067089, 49.028393, 49.129097]
iter=15100 : Accuracy: 0.998750 Pc: 11.076890
point_x: [5.0, 99.0, 99.0, 99.0, 99.0, 99.0, 99.0, 99.0, 99.0, 99.0]
point_y: [39.0, 37.0, 37.0, 37.0, 37.0, 37.0, 37.0, 37.0, 37.0, 37.0]
predict_x: [14.914211, 99.0, 56.254051, 42.066757, 41.559029, 42.780834, 44.960667, 46.946857, 48.516235, 49.613342]
predict_y: [49.835724, 51.819244, 50.29707, 50.169884, 50.316406, 50.408051, 50.497501, 50.573532, 50.63485, 50.678509]
iter=15200 : Accuracy: 0.998000 Pc: 11.138003
point_x: [8.0, 99.0, 99.0, 99.0, 99.0, 99.0, 99.0, 99.0, 99.0, 99.0]
point_y: [51.0, 52.0, 52.0, 52.0, 52.0, 52.0, 52.0, 52.0, 52.0, 52.0]
predict_x: [14.707073, 98.046463, 49.331673, 40.892494, 40.045593, 41.481075, 43.702698, 45.855904, 47.528111, 48.847775]
predict_y: [49.825314, 50.657799, 49.547241, 49.739574, 49.879715, 49.96236, 50.026134, 50.079453, 50.119091, 50.150173]
iter=15300 : Accuracy: 0.996750 Pc: 11.033043
point_x: [5.0, 99.0, 99.0, 99.0, 99.0, 99.0, 99.0, 99.0, 99.0, 99.0]
point_y: [50.0, 38.0, 38.0, 38.0, 38.0, 38.0, 38.0, 38.0, 38.0, 38.0]
predict_x: [14.508583, 99.0, 55.071098, 41.304695, 41.097092, 43.205822, 46.138458, 48.834465, 50.054157, 51.717453]
predict_y: [49.806168, 49.183632, 48.537956, 49.14357, 49.257393, 49.286247, 49.309166, 49.312744, 49.350651, 49.329082]
iter=15400 : Accuracy: 0.999000 Pc: 10.343082
point_x: [4.0, 99.0, 99.0, 99.0, 99.0, 99.0, 99.0, 99.0, 99.0, 99.0]
point_y: [62.0, 43.0, 43.0, 43.0, 43.0, 43.0, 43.0, 43.0, 43.0, 43.0]
predict_x: [14.302647, 99.0, 55.154041, 41.150955, 41.356102, 43.625431, 46.843102, 49.334709, 51.197647, 51.839508]
predict_y: [49.791084, 50.234039, 49.145821, 49.486935, 49.597363, 49.650421, 49.696751, 49.74036, 49.770885, 49.802338]
iter=15500 : Accuracy: 0.994778 Pc: 10.251365
point_x: [2.0, 99.0, 99.0, 99.0, 99.0, 99.0, 99.0, 99.0, 99.0, 99.0]
point_y: [49.0, 58.0, 58.0, 58.0, 58.0, 58.0, 58.0, 58.0, 58.0, 58.0]
predict_x: [14.105019, 99.0, 53.931221, 40.559448, 40.120407, 41.696342, 44.283577, 46.757847, 48.468201, 49.913589]
predict_y: [49.817173, 50.115356, 49.080448, 49.457478, 49.565838, 49.609886, 49.656414, 49.689999, 49.72472, 49.740807]
iter=15600 : Accuracy: 1.000000 Pc: 10.877916
point_x: [4.0, 9.0, 18.0, 24.0, 99.0, 99.0, 99.0, 99.0, 99.0, 99.0]
point_y: [42.0, 59.0, 48.0, 58.0, 38.0, 38.0, 38.0, 38.0, 38.0, 38.0]
predict_x: [13.910488, 20.89246, 99.0, 99.0, 99.0, 60.458611, 53.27573, 50.724751, 49.926147, 50.83112]
predict_y: [49.801678, 48.633015, 48.440422, 48.416859, 48.41222, 47.735188, 47.858585, 47.959126, 48.30999, 48.57568]
iter=15700 : Accuracy: 0.997889 Pc: 9.985250
point_x: [9.0, 99.0, 99.0, 99.0, 99.0, 99.0, 99.0, 99.0, 99.0, 99.0]
point_y: [41.0, 46.0, 46.0, 46.0, 46.0, 46.0, 46.0, 46.0, 46.0, 46.0]
predict_x: [13.709995, 99.0, 54.870331, 40.519402, 40.485687, 42.288673, 44.901039, 47.13406, 48.743187, 49.896996]
predict_y: [49.838135, 51.804874, 50.381344, 50.205505, 50.332966, 50.397038, 50.462517, 50.520813, 50.563148, 50.597237]
iter=15800 : Accuracy: 0.995750 Pc: 9.968568
point_x: [5.0, 10.0, 15.0, 99.0, 99.0, 99.0, 99.0, 99.0, 99.0, 99.0]
point_y: [55.0, 41.0, 44.0, 36.0, 36.0, 36.0, 36.0, 36.0, 36.0, 36.0]
predict_x: [13.505241, 9.1206589, 99.0, 99.0, 55.857086, 49.642708, 46.891773, 47.650196, 48.033535, 49.040283]
predict_y: [49.856117, 50.680023, 51.764023, 51.742783, 50.280682, 50.304008, 50.211876, 50.334385, 50.327057, 50.485325]
iter=15900 : Accuracy: 0.998000 Pc: 9.878835
point_x: [11.0, 99.0, 99.0, 99.0, 99.0, 99.0, 99.0, 99.0, 99.0, 99.0]
point_y: [57.0, 44.0, 44.0, 44.0, 44.0, 44.0, 44.0, 44.0, 44.0, 44.0]
predict_x: [13.309208, 99.0, 51.896221, 39.77203, 38.676495, 39.338215, 41.258022, 43.316422, 45.048393, 46.406261]
predict_y: [49.84977, 47.910469, 47.58699, 48.554352, 48.673309, 48.688972, 48.671886, 48.64275, 48.620468, 48.599915]
iter=16000 : Accuracy: 0.998750 Pc: 11.470054
point_x: [7.0, 99.0, 99.0, 99.0, 99.0, 99.0, 99.0, 99.0, 99.0, 99.0]
point_y: [59.0, 42.0, 42.0, 42.0, 42.0, 42.0, 42.0, 42.0, 42.0, 42.0]
predict_x: [13.13821, 99.0, 51.148518, 40.066322, 39.879314, 41.676235, 44.430515, 46.865902, 48.485363, 49.800392]
predict_y: [49.860119, 50.009987, 48.925671, 49.301727, 49.404873, 49.410404, 49.40995, 49.406326, 49.41367, 49.410824]
