['DRAM_classify_blobs.py', 'DRAM_classify_blobs_4_run_1', 'true', 'true', 'true', 'true', 'true', 'model_runs/DRAM_classify_blobs_4_run_1/classify_log.csv', 'model_runs/DRAM_classify_blobs_4_run_1/classifymodel_0.ckpt', 'model_runs/DRAM_classify_blobs_4_run_1/classifymodel_', 'model_runs/DRAM_classify_blobs_4_run_1/zzzdraw_data_5000.npy', 'false', 'true', 'false', 'false', 'true']
2017-12-30 23:25:24.225353: W tensorflow/core/platform/cpu_feature_guard.cc:45] The TensorFlow library wasn't compiled to use SSE4.1 instructions, but these are available on your machine and could speed up CPU computations.
2017-12-30 23:25:24.225400: W tensorflow/core/platform/cpu_feature_guard.cc:45] The TensorFlow library wasn't compiled to use SSE4.2 instructions, but these are available on your machine and could speed up CPU computations.
2017-12-30 23:25:24.225407: W tensorflow/core/platform/cpu_feature_guard.cc:45] The TensorFlow library wasn't compiled to use AVX instructions, but these are available on your machine and could speed up CPU computations.
2017-12-30 23:25:24.225413: W tensorflow/core/platform/cpu_feature_guard.cc:45] The TensorFlow library wasn't compiled to use AVX2 instructions, but these are available on your machine and could speed up CPU computations.
2017-12-30 23:25:24.225418: W tensorflow/core/platform/cpu_feature_guard.cc:45] The TensorFlow library wasn't compiled to use FMA instructions, but these are available on your machine and could speed up CPU computations.
iter=0 : Reward: 0.110000
ACCURACY: 0.459866663615
Model saved in file: model_runs/DRAM_classify_blobs_4_run_1/classifymodel_0.ckpt
--- 8.602942999999982 CPU seconds ---
iter=100 : Reward: 0.320000
iter=200 : Reward: 0.390000
ACCURACY: 0.475199998617
Model saved in file: model_runs/DRAM_classify_blobs_4_run_1/classifymodel_250.ckpt
--- 1290.0420849999998 CPU seconds ---
iter=300 : Reward: 0.490000
iter=400 : Reward: 0.510000
iter=500 : Reward: 0.590000
ACCURACY: 0.473333329161
Model saved in file: model_runs/DRAM_classify_blobs_4_run_1/classifymodel_500.ckpt
--- 2560.7980740000003 CPU seconds ---
iter=600 : Reward: 0.600000
iter=700 : Reward: 0.670000
