nohup: ignoring input
['DRAMcopy10_nli_classification.py', 'true', 'false', 'true', 'false', 'true', 'true', 'model_runs/how_infant_grows/classify_log.csv', 'model_runs/how_infant_grows/classifymodel_0.ckpt', 'model_runs/how_infant_grows/classifymodel_', 'model_runs/how_infant_grows/zzzdraw_data_5000.npy', 'false', 'true', 'false', 'false', 'true']
WARNING:tensorflow:<tensorflow.contrib.rnn.python.ops.core_rnn_cell_impl.LSTMCell object at 0x7fe1baaa8cc0>: The input_size parameter is deprecated.
WARNING:tensorflow:<tensorflow.contrib.rnn.python.ops.core_rnn_cell_impl.LSTMCell object at 0x7fe1bf028978>: The input_size parameter is deprecated.
classification.shape, the batch_size, z_size:  (10, 2)
classification.shape, the batch_size, z_size:  (10, 2)
classification.shape, the batch_size, z_size:  (10, 2)
len(pqs):  3
read/w:0
read/b:0
z/w:0
z/b:0
hidden1/w:0
hidden1/b:0
hidden2/w:0
hidden2/b:0
2017-06-22 15:07:39.545291: W tensorflow/core/platform/cpu_feature_guard.cc:45] The TensorFlow library wasn't compiled to use SSE4.1 instructions, but these are available on your machine and could speed up CPU computations.
2017-06-22 15:07:39.545317: W tensorflow/core/platform/cpu_feature_guard.cc:45] The TensorFlow library wasn't compiled to use SSE4.2 instructions, but these are available on your machine and could speed up CPU computations.
2017-06-22 15:07:39.545321: W tensorflow/core/platform/cpu_feature_guard.cc:45] The TensorFlow library wasn't compiled to use AVX instructions, but these are available on your machine and could speed up CPU computations.
2017-06-22 15:07:39.545324: W tensorflow/core/platform/cpu_feature_guard.cc:45] The TensorFlow library wasn't compiled to use AVX2 instructions, but these are available on your machine and could speed up CPU computations.
2017-06-22 15:07:39.545327: W tensorflow/core/platform/cpu_feature_guard.cc:45] The TensorFlow library wasn't compiled to use FMA instructions, but these are available on your machine and could speed up CPU computations.
2017-06-22 15:07:39.680168: I tensorflow/stream_executor/cuda/cuda_gpu_executor.cc:901] successful NUMA node read from SysFS had negative value (-1), but there must be at least one NUMA node, so returning NUMA node zero
2017-06-22 15:07:39.680517: I tensorflow/core/common_runtime/gpu/gpu_device.cc:887] Found device 0 with properties: 
name: GeForce GTX 1080
major: 6 minor: 1 memoryClockRate (GHz) 1.898
pciBusID 0000:01:00.0
Total memory: 7.92GiB
Free memory: 6.52GiB
2017-06-22 15:07:39.680565: W tensorflow/stream_executor/cuda/cuda_driver.cc:485] creating context when one is currently active; existing: 0x55ffa00
2017-06-22 15:07:39.779653: I tensorflow/stream_executor/cuda/cuda_gpu_executor.cc:901] successful NUMA node read from SysFS had negative value (-1), but there must be at least one NUMA node, so returning NUMA node zero
2017-06-22 15:07:39.779936: I tensorflow/core/common_runtime/gpu/gpu_device.cc:887] Found device 1 with properties: 
name: GeForce GTX 1080
major: 6 minor: 1 memoryClockRate (GHz) 1.898
pciBusID 0000:02:00.0
Total memory: 7.92GiB
Free memory: 7.37GiB
2017-06-22 15:07:39.780060: I tensorflow/core/common_runtime/gpu/gpu_device.cc:908] DMA: 0 1 
2017-06-22 15:07:39.780066: I tensorflow/core/common_runtime/gpu/gpu_device.cc:918] 0:   Y Y 
2017-06-22 15:07:39.780069: I tensorflow/core/common_runtime/gpu/gpu_device.cc:918] 1:   Y Y 
2017-06-22 15:07:39.780077: I tensorflow/core/common_runtime/gpu/gpu_device.cc:977] Creating TensorFlow device (/gpu:0) -> (device: 0, name: GeForce GTX 1080, pci bus id: 0000:01:00.0)
2017-06-22 15:07:39.780081: I tensorflow/core/common_runtime/gpu/gpu_device.cc:977] Creating TensorFlow device (/gpu:1) -> (device: 1, name: GeForce GTX 1080, pci bus id: 0000:02:00.0)
iter=0 : Reward: 1.000000
batches_in_epoch:  900
ACCURACY: 0.881333330936
Model saved in file: model_runs/how_infant_grows/classifymodel_0.ckpt
--- 1.3642969999999988 CPU seconds ---
iter=1 : Reward: 1.000000
iter=2 : Reward: 0.100000
iter=3 : Reward: 0.000000
iter=4 : Reward: 0.100000
iter=5 : Reward: 0.100000
iter=6 : Reward: 0.000000
iter=7 : Reward: 0.000000
iter=8 : Reward: 0.100000
iter=9 : Reward: 0.000000
iter=10 : Reward: 0.000000
batches_in_epoch:  900
ACCURACY: 0.0967777796007
Model saved in file: model_runs/how_infant_grows/classifymodel_10.ckpt
--- 2.032589999999999 CPU seconds ---
iter=11 : Reward: 0.000000
iter=12 : Reward: 0.000000
iter=13 : Reward: 0.100000
iter=14 : Reward: 0.100000
iter=15 : Reward: 0.100000
iter=16 : Reward: 0.200000
iter=17 : Reward: 0.100000
iter=18 : Reward: 0.200000
iter=19 : Reward: 0.000000
iter=20 : Reward: 0.100000
batches_in_epoch:  900
ACCURACY: 0.0977777796073
Model saved in file: model_runs/how_infant_grows/classifymodel_20.ckpt
--- 2.6373669999999976 CPU seconds ---
iter=21 : Reward: 0.000000
iter=22 : Reward: 0.100000
iter=23 : Reward: 0.200000
iter=24 : Reward: 0.200000
iter=25 : Reward: 0.100000
iter=26 : Reward: 0.200000
iter=27 : Reward: 0.000000
iter=28 : Reward: 0.100000
iter=29 : Reward: 0.200000
iter=30 : Reward: 0.100000
batches_in_epoch:  900
ACCURACY: 0.1072222243
Model saved in file: model_runs/how_infant_grows/classifymodel_30.ckpt
--- 3.2576110000000043 CPU seconds ---
iter=31 : Reward: 0.200000
iter=32 : Reward: 0.300000
iter=33 : Reward: 0.200000
iter=34 : Reward: 0.000000
iter=35 : Reward: 0.100000
iter=36 : Reward: 0.100000
iter=37 : Reward: 0.000000
iter=38 : Reward: 0.200000
iter=39 : Reward: 0.100000
iter=40 : Reward: 0.000000
batches_in_epoch:  900
ACCURACY: 0.094888890725
Model saved in file: model_runs/how_infant_grows/classifymodel_40.ckpt
--- 3.867670000000018 CPU seconds ---
iter=41 : Reward: 0.000000
iter=42 : Reward: 0.000000
iter=43 : Reward: 0.100000
iter=44 : Reward: 0.000000
iter=45 : Reward: 0.100000
iter=46 : Reward: 0.000000
iter=47 : Reward: 0.000000
iter=48 : Reward: 0.000000
iter=49 : Reward: 0.200000
iter=50 : Reward: 0.200000
batches_in_epoch:  900
ACCURACY: 0.0994444463568
Model saved in file: model_runs/how_infant_grows/classifymodel_50.ckpt
--- 4.499223999999998 CPU seconds ---
iter=51 : Reward: 0.200000
iter=52 : Reward: 0.100000
iter=53 : Reward: 0.000000
iter=54 : Reward: 0.200000
iter=55 : Reward: 0.200000
iter=56 : Reward: 0.800000
iter=57 : Reward: 0.700000
iter=58 : Reward: 0.900000
iter=59 : Reward: 1.000000
iter=60 : Reward: 0.900000
batches_in_epoch:  900
ACCURACY: 0.890666663316
Model saved in file: model_runs/how_infant_grows/classifymodel_60.ckpt
--- 5.118907000000007 CPU seconds ---
iter=61 : Reward: 0.800000
iter=62 : Reward: 0.900000
iter=63 : Reward: 0.900000
iter=64 : Reward: 0.800000
iter=65 : Reward: 0.800000
iter=66 : Reward: 1.000000
iter=67 : Reward: 1.000000
iter=68 : Reward: 1.000000
iter=69 : Reward: 1.000000
iter=70 : Reward: 0.900000
batches_in_epoch:  900
ACCURACY: 0.890333329505
Model saved in file: model_runs/how_infant_grows/classifymodel_70.ckpt
--- 5.737480000000005 CPU seconds ---
iter=71 : Reward: 0.900000
iter=72 : Reward: 0.800000
iter=73 : Reward: 0.900000
iter=74 : Reward: 0.500000
iter=75 : Reward: 0.900000
iter=76 : Reward: 0.900000
iter=77 : Reward: 0.900000
iter=78 : Reward: 0.800000
iter=79 : Reward: 0.900000
iter=80 : Reward: 0.700000
batches_in_epoch:  900
ACCURACY: 0.877444442577
Model saved in file: model_runs/how_infant_grows/classifymodel_80.ckpt
--- 6.337343000000033 CPU seconds ---
iter=81 : Reward: 0.800000
iter=82 : Reward: 1.000000
iter=83 : Reward: 0.900000
iter=84 : Reward: 1.000000
iter=85 : Reward: 0.800000
iter=86 : Reward: 0.700000
iter=87 : Reward: 1.000000
iter=88 : Reward: 0.700000
iter=89 : Reward: 0.900000
iter=90 : Reward: 0.900000
batches_in_epoch:  900
ACCURACY: 0.888999996384
Model saved in file: model_runs/how_infant_grows/classifymodel_90.ckpt
--- 6.96814100000006 CPU seconds ---
iter=91 : Reward: 0.900000
iter=92 : Reward: 1.000000
iter=93 : Reward: 0.700000
iter=94 : Reward: 0.800000
iter=95 : Reward: 0.800000
iter=96 : Reward: 0.800000
iter=97 : Reward: 0.800000
iter=98 : Reward: 0.900000
iter=99 : Reward: 1.000000
iter=100 : Reward: 1.000000
batches_in_epoch:  900
ACCURACY: 0.885777774917
Model saved in file: model_runs/how_infant_grows/classifymodel_100.ckpt
--- 7.599573000000049 CPU seconds ---
iter=101 : Reward: 1.000000
iter=102 : Reward: 1.000000
iter=103 : Reward: 1.000000
iter=104 : Reward: 0.800000
iter=105 : Reward: 1.000000
iter=106 : Reward: 0.900000
iter=107 : Reward: 1.000000
iter=108 : Reward: 0.700000
iter=109 : Reward: 0.800000
iter=110 : Reward: 0.900000
batches_in_epoch:  900
ACCURACY: 0.888444441292
Model saved in file: model_runs/how_infant_grows/classifymodel_110.ckpt
--- 8.208624000000015 CPU seconds ---
iter=111 : Reward: 0.900000
iter=112 : Reward: 0.900000
iter=113 : Reward: 0.900000
iter=114 : Reward: 0.800000
iter=115 : Reward: 1.000000
iter=116 : Reward: 0.800000
iter=117 : Reward: 0.800000
iter=118 : Reward: 1.000000
iter=119 : Reward: 0.900000
iter=120 : Reward: 1.000000
batches_in_epoch:  900
ACCURACY: 0.889111106661
Model saved in file: model_runs/how_infant_grows/classifymodel_120.ckpt
--- 8.817193000000032 CPU seconds ---
iter=121 : Reward: 0.900000
iter=122 : Reward: 1.000000
iter=123 : Reward: 0.900000
iter=124 : Reward: 0.800000
iter=125 : Reward: 1.000000
iter=126 : Reward: 1.000000
iter=127 : Reward: 1.000000
iter=128 : Reward: 1.000000
iter=129 : Reward: 0.900000
iter=130 : Reward: 0.900000
batches_in_epoch:  900
ACCURACY: 0.883666663633
Model saved in file: model_runs/how_infant_grows/classifymodel_130.ckpt
--- 9.40549500000003 CPU seconds ---
iter=131 : Reward: 1.000000
iter=132 : Reward: 1.000000
iter=133 : Reward: 1.000000
iter=134 : Reward: 0.800000
iter=135 : Reward: 0.900000
iter=136 : Reward: 1.000000
iter=137 : Reward: 1.000000
iter=138 : Reward: 0.900000
iter=139 : Reward: 1.000000
iter=140 : Reward: 1.000000
batches_in_epoch:  900
ACCURACY: 0.887333329386
Model saved in file: model_runs/how_infant_grows/classifymodel_140.ckpt
--- 10.013233999999983 CPU seconds ---
iter=141 : Reward: 0.900000
iter=142 : Reward: 0.700000
iter=143 : Reward: 0.900000
iter=144 : Reward: 0.800000
iter=145 : Reward: 0.800000
iter=146 : Reward: 1.000000
iter=147 : Reward: 0.700000
iter=148 : Reward: 1.000000
iter=149 : Reward: 0.900000
iter=150 : Reward: 1.000000
batches_in_epoch:  900
ACCURACY: 0.882666662931
Model saved in file: model_runs/how_infant_grows/classifymodel_150.ckpt
--- 10.621124999999978 CPU seconds ---
iter=151 : Reward: 1.000000
iter=152 : Reward: 0.800000
iter=153 : Reward: 0.900000
iter=154 : Reward: 1.000000
iter=155 : Reward: 0.800000
iter=156 : Reward: 0.900000
iter=157 : Reward: 1.000000
iter=158 : Reward: 0.800000
iter=159 : Reward: 1.000000
iter=160 : Reward: 1.000000
batches_in_epoch:  900
ACCURACY: 0.880777775016
Model saved in file: model_runs/how_infant_grows/classifymodel_160.ckpt
--- 11.237437 CPU seconds ---
iter=161 : Reward: 1.000000
iter=162 : Reward: 1.000000
iter=163 : Reward: 0.800000
iter=164 : Reward: 0.800000
iter=165 : Reward: 0.900000
iter=166 : Reward: 0.800000
iter=167 : Reward: 0.900000
iter=168 : Reward: 0.900000
iter=169 : Reward: 1.000000
iter=170 : Reward: 0.900000
batches_in_epoch:  900
ACCURACY: 0.888444439934
Model saved in file: model_runs/how_infant_grows/classifymodel_170.ckpt
--- 11.853505999999982 CPU seconds ---
iter=171 : Reward: 0.800000
iter=172 : Reward: 1.000000
iter=173 : Reward: 1.000000
iter=174 : Reward: 1.000000
iter=175 : Reward: 0.700000
iter=176 : Reward: 1.000000
iter=177 : Reward: 1.000000
iter=178 : Reward: 0.900000
iter=179 : Reward: 0.900000
iter=180 : Reward: 1.000000
batches_in_epoch:  900
ACCURACY: 0.885777775976
Model saved in file: model_runs/how_infant_grows/classifymodel_180.ckpt
--- 12.467168999999956 CPU seconds ---
iter=181 : Reward: 0.900000
iter=182 : Reward: 0.800000
iter=183 : Reward: 0.800000
iter=184 : Reward: 0.800000
iter=185 : Reward: 1.000000
iter=186 : Reward: 0.900000
iter=187 : Reward: 1.000000
iter=188 : Reward: 0.900000
iter=189 : Reward: 0.800000
iter=190 : Reward: 0.900000
batches_in_epoch:  900
ACCURACY: 0.881777775288
Model saved in file: model_runs/how_infant_grows/classifymodel_190.ckpt
--- 13.116922999999872 CPU seconds ---
iter=191 : Reward: 0.800000
iter=192 : Reward: 1.000000
iter=193 : Reward: 0.700000
iter=194 : Reward: 0.900000
iter=195 : Reward: 1.000000
iter=196 : Reward: 0.700000
iter=197 : Reward: 1.000000
iter=198 : Reward: 0.800000
iter=199 : Reward: 0.900000
iter=200 : Reward: 0.900000
batches_in_epoch:  900
ACCURACY: 0.889111108383
Model saved in file: model_runs/how_infant_grows/classifymodel_200.ckpt
--- 13.752091999999891 CPU seconds ---
iter=201 : Reward: 1.000000
iter=202 : Reward: 1.000000
iter=203 : Reward: 0.900000
iter=204 : Reward: 1.000000
iter=205 : Reward: 0.800000
iter=206 : Reward: 1.000000
iter=207 : Reward: 0.900000
iter=208 : Reward: 0.900000
iter=209 : Reward: 1.000000
iter=210 : Reward: 0.800000
batches_in_epoch:  900
ACCURACY: 0.87822222054
Model saved in file: model_runs/how_infant_grows/classifymodel_210.ckpt
--- 14.378511999999887 CPU seconds ---
iter=211 : Reward: 0.900000
iter=212 : Reward: 0.900000
iter=213 : Reward: 1.000000
iter=214 : Reward: 1.000000
iter=215 : Reward: 0.900000
iter=216 : Reward: 1.000000
iter=217 : Reward: 0.800000
iter=218 : Reward: 0.900000
iter=219 : Reward: 1.000000
iter=220 : Reward: 1.000000
batches_in_epoch:  900
ACCURACY: 0.880666662852
Model saved in file: model_runs/how_infant_grows/classifymodel_220.ckpt
--- 15.015163999999857 CPU seconds ---
iter=221 : Reward: 1.000000
iter=222 : Reward: 0.900000
iter=223 : Reward: 1.000000
iter=224 : Reward: 1.000000
iter=225 : Reward: 1.000000
iter=226 : Reward: 1.000000
iter=227 : Reward: 0.800000
iter=228 : Reward: 0.900000
iter=229 : Reward: 0.800000
iter=230 : Reward: 0.800000
batches_in_epoch:  900
ACCURACY: 0.880888887114
Model saved in file: model_runs/how_infant_grows/classifymodel_230.ckpt
--- 15.641636999999832 CPU seconds ---
iter=231 : Reward: 0.800000
iter=232 : Reward: 0.900000
iter=233 : Reward: 0.800000
iter=234 : Reward: 0.700000
iter=235 : Reward: 1.000000
iter=236 : Reward: 1.000000
iter=237 : Reward: 0.900000
iter=238 : Reward: 0.800000
iter=239 : Reward: 1.000000
iter=240 : Reward: 0.900000
batches_in_epoch:  900
ACCURACY: 0.881222219202
Model saved in file: model_runs/how_infant_grows/classifymodel_240.ckpt
--- 16.25369999999981 CPU seconds ---
iter=241 : Reward: 0.900000
iter=242 : Reward: 0.900000
iter=243 : Reward: 1.000000
iter=244 : Reward: 1.000000
iter=245 : Reward: 0.900000
iter=246 : Reward: 0.900000
iter=247 : Reward: 1.000000
iter=248 : Reward: 0.800000
iter=249 : Reward: 1.000000
iter=250 : Reward: 0.900000
batches_in_epoch:  900
ACCURACY: 0.891222218474
Model saved in file: model_runs/how_infant_grows/classifymodel_250.ckpt
--- 16.860513999999853 CPU seconds ---
iter=251 : Reward: 0.900000
iter=252 : Reward: 0.900000
iter=253 : Reward: 0.800000
iter=254 : Reward: 1.000000
iter=255 : Reward: 1.000000
iter=256 : Reward: 1.000000
iter=257 : Reward: 0.800000
iter=258 : Reward: 0.900000
iter=259 : Reward: 0.700000
iter=260 : Reward: 1.000000
batches_in_epoch:  900
ACCURACY: 0.887777774135
Model saved in file: model_runs/how_infant_grows/classifymodel_260.ckpt
--- 17.52326799999986 CPU seconds ---
iter=261 : Reward: 0.600000
iter=262 : Reward: 0.900000
iter=263 : Reward: 1.000000
iter=264 : Reward: 1.000000
iter=265 : Reward: 0.900000
iter=266 : Reward: 1.000000
iter=267 : Reward: 0.800000
iter=268 : Reward: 0.800000
iter=269 : Reward: 0.900000
iter=270 : Reward: 0.900000
batches_in_epoch:  900
ACCURACY: 0.884333330856
Model saved in file: model_runs/how_infant_grows/classifymodel_270.ckpt
--- 18.151231999999766 CPU seconds ---
iter=271 : Reward: 0.900000
iter=272 : Reward: 1.000000
iter=273 : Reward: 1.000000
iter=274 : Reward: 1.000000
iter=275 : Reward: 0.800000
iter=276 : Reward: 0.800000
iter=277 : Reward: 0.800000
iter=278 : Reward: 0.900000
iter=279 : Reward: 0.700000
iter=280 : Reward: 0.800000
batches_in_epoch:  900
ACCURACY: 0.889999996159
Model saved in file: model_runs/how_infant_grows/classifymodel_280.ckpt
--- 18.782435999999848 CPU seconds ---
iter=281 : Reward: 1.000000
iter=282 : Reward: 1.000000
iter=283 : Reward: 0.800000
iter=284 : Reward: 1.000000
iter=285 : Reward: 0.900000
iter=286 : Reward: 1.000000
iter=287 : Reward: 0.800000
iter=288 : Reward: 1.000000
iter=289 : Reward: 0.900000
iter=290 : Reward: 0.900000
batches_in_epoch:  900
ACCURACY: 0.885333331029
Model saved in file: model_runs/how_infant_grows/classifymodel_290.ckpt
--- 19.39097599999974 CPU seconds ---
iter=291 : Reward: 0.900000
iter=292 : Reward: 0.900000
iter=293 : Reward: 0.900000
iter=294 : Reward: 0.900000
iter=295 : Reward: 0.800000
iter=296 : Reward: 1.000000
iter=297 : Reward: 0.900000
iter=298 : Reward: 0.700000
iter=299 : Reward: 0.700000
iter=300 : Reward: 0.900000
batches_in_epoch:  900
ACCURACY: 0.878555552959
Model saved in file: model_runs/how_infant_grows/classifymodel_300.ckpt
--- 20.016215999999815 CPU seconds ---
iter=301 : Reward: 0.900000
iter=302 : Reward: 1.000000
iter=303 : Reward: 0.800000
iter=304 : Reward: 1.000000
iter=305 : Reward: 0.800000
iter=306 : Reward: 0.600000
iter=307 : Reward: 0.500000
iter=308 : Reward: 0.800000
iter=309 : Reward: 0.900000
iter=310 : Reward: 0.900000
batches_in_epoch:  900
ACCURACY: 0.883444440365
Model saved in file: model_runs/how_infant_grows/classifymodel_310.ckpt
--- 20.646749999999827 CPU seconds ---
iter=311 : Reward: 0.600000
iter=312 : Reward: 0.800000
iter=313 : Reward: 0.900000
iter=314 : Reward: 0.900000
iter=315 : Reward: 0.900000
iter=316 : Reward: 0.600000
iter=317 : Reward: 1.000000
iter=318 : Reward: 1.000000
iter=319 : Reward: 0.900000
iter=320 : Reward: 0.800000
batches_in_epoch:  900
ACCURACY: 0.884333330525
Model saved in file: model_runs/how_infant_grows/classifymodel_320.ckpt
--- 21.273198999999863 CPU seconds ---
iter=321 : Reward: 1.000000
iter=322 : Reward: 0.800000
iter=323 : Reward: 0.900000
iter=324 : Reward: 0.800000
iter=325 : Reward: 0.900000
iter=326 : Reward: 0.900000
iter=327 : Reward: 0.900000
iter=328 : Reward: 1.000000
iter=329 : Reward: 0.900000
iter=330 : Reward: 0.900000
batches_in_epoch:  900
ACCURACY: 0.890444441107
Model saved in file: model_runs/how_infant_grows/classifymodel_330.ckpt
--- 21.924836999999968 CPU seconds ---
iter=331 : Reward: 0.900000
iter=332 : Reward: 0.900000
iter=333 : Reward: 0.800000
iter=334 : Reward: 1.000000
iter=335 : Reward: 1.000000
iter=336 : Reward: 0.900000
iter=337 : Reward: 0.900000
iter=338 : Reward: 0.900000
iter=339 : Reward: 0.900000
iter=340 : Reward: 0.900000
batches_in_epoch:  900
ACCURACY: 0.884333330459
Model saved in file: model_runs/how_infant_grows/classifymodel_340.ckpt
--- 22.57167099999998 CPU seconds ---
iter=341 : Reward: 0.900000
iter=342 : Reward: 0.800000
iter=343 : Reward: 0.900000
iter=344 : Reward: 1.000000
iter=345 : Reward: 0.900000
iter=346 : Reward: 1.000000
iter=347 : Reward: 1.000000
iter=348 : Reward: 0.800000
iter=349 : Reward: 1.000000
iter=350 : Reward: 0.800000
batches_in_epoch:  900
ACCURACY: 0.889444441199
Model saved in file: model_runs/how_infant_grows/classifymodel_350.ckpt
--- 23.171186999999975 CPU seconds ---
iter=351 : Reward: 0.800000
iter=352 : Reward: 0.800000
iter=353 : Reward: 1.000000
iter=354 : Reward: 0.800000
iter=355 : Reward: 1.000000
iter=356 : Reward: 1.000000
iter=357 : Reward: 0.800000
iter=358 : Reward: 0.900000
iter=359 : Reward: 0.800000
iter=360 : Reward: 0.900000
batches_in_epoch:  900
ACCURACY: 0.885111108091
Model saved in file: model_runs/how_infant_grows/classifymodel_360.ckpt
--- 23.818150000000003 CPU seconds ---
iter=361 : Reward: 0.800000
iter=362 : Reward: 1.000000
iter=363 : Reward: 0.800000
iter=364 : Reward: 1.000000
iter=365 : Reward: 1.000000
iter=366 : Reward: 0.900000
iter=367 : Reward: 0.900000
iter=368 : Reward: 0.800000
iter=369 : Reward: 0.900000
iter=370 : Reward: 1.000000
batches_in_epoch:  900
ACCURACY: 0.890555551582
Model saved in file: model_runs/how_infant_grows/classifymodel_370.ckpt
--- 24.505648000000065 CPU seconds ---
iter=371 : Reward: 0.900000
iter=372 : Reward: 0.800000
iter=373 : Reward: 0.900000
iter=374 : Reward: 0.900000
iter=375 : Reward: 0.600000
iter=376 : Reward: 0.900000
iter=377 : Reward: 0.900000
iter=378 : Reward: 0.900000
iter=379 : Reward: 0.900000
iter=380 : Reward: 0.900000
batches_in_epoch:  900
ACCURACY: 0.886111107402
Model saved in file: model_runs/how_infant_grows/classifymodel_380.ckpt
--- 25.131398999999874 CPU seconds ---
iter=381 : Reward: 0.800000
iter=382 : Reward: 1.000000
iter=383 : Reward: 0.900000
iter=384 : Reward: 0.800000
iter=385 : Reward: 1.000000
iter=386 : Reward: 1.000000
iter=387 : Reward: 0.700000
iter=388 : Reward: 0.900000
iter=389 : Reward: 0.800000
iter=390 : Reward: 0.900000
batches_in_epoch:  900
ACCURACY: 0.890888884697
Model saved in file: model_runs/how_infant_grows/classifymodel_390.ckpt
--- 25.77810199999999 CPU seconds ---
iter=391 : Reward: 1.000000
iter=392 : Reward: 0.900000
iter=393 : Reward: 0.900000
iter=394 : Reward: 0.700000
iter=395 : Reward: 0.900000
iter=396 : Reward: 1.000000
iter=397 : Reward: 1.000000
iter=398 : Reward: 0.800000
iter=399 : Reward: 0.700000
iter=400 : Reward: 0.900000
batches_in_epoch:  900
ACCURACY: 0.88066666464
Model saved in file: model_runs/how_infant_grows/classifymodel_400.ckpt
--- 26.38743800000009 CPU seconds ---
iter=401 : Reward: 0.900000
iter=402 : Reward: 0.900000
iter=403 : Reward: 1.000000
iter=404 : Reward: 0.900000
iter=405 : Reward: 1.000000
iter=406 : Reward: 0.900000
iter=407 : Reward: 0.900000
iter=408 : Reward: 0.900000
iter=409 : Reward: 0.900000
iter=410 : Reward: 1.000000
batches_in_epoch:  900
ACCURACY: 0.888888884981
Model saved in file: model_runs/how_infant_grows/classifymodel_410.ckpt
--- 27.00277200000005 CPU seconds ---
iter=411 : Reward: 0.900000
iter=412 : Reward: 1.000000
iter=413 : Reward: 0.900000
iter=414 : Reward: 0.900000
iter=415 : Reward: 0.900000
iter=416 : Reward: 0.900000
iter=417 : Reward: 0.600000
iter=418 : Reward: 0.900000
iter=419 : Reward: 1.000000
iter=420 : Reward: 0.900000
batches_in_epoch:  900
ACCURACY: 0.89655555139
Model saved in file: model_runs/how_infant_grows/classifymodel_420.ckpt
--- 27.674276000000077 CPU seconds ---
iter=421 : Reward: 0.900000
iter=422 : Reward: 1.000000
iter=423 : Reward: 1.000000
iter=424 : Reward: 0.900000
iter=425 : Reward: 0.900000
iter=426 : Reward: 0.700000
iter=427 : Reward: 0.900000
iter=428 : Reward: 1.000000
iter=429 : Reward: 0.900000
iter=430 : Reward: 0.800000
batches_in_epoch:  900
ACCURACY: 0.883555553456
Model saved in file: model_runs/how_infant_grows/classifymodel_430.ckpt
--- 28.34562300000016 CPU seconds ---
iter=431 : Reward: 0.800000
iter=432 : Reward: 0.800000
iter=433 : Reward: 0.800000
iter=434 : Reward: 1.000000
iter=435 : Reward: 0.700000
iter=436 : Reward: 0.800000
iter=437 : Reward: 0.700000
iter=438 : Reward: 0.800000
iter=439 : Reward: 0.900000
iter=440 : Reward: 0.900000
batches_in_epoch:  900
ACCURACY: 0.889222218262
Model saved in file: model_runs/how_infant_grows/classifymodel_440.ckpt
--- 29.029478000000154 CPU seconds ---
iter=441 : Reward: 0.800000
iter=442 : Reward: 0.900000
iter=443 : Reward: 1.000000
iter=444 : Reward: 1.000000
iter=445 : Reward: 1.000000
iter=446 : Reward: 0.900000
iter=447 : Reward: 1.000000
iter=448 : Reward: 0.900000
iter=449 : Reward: 0.900000
iter=450 : Reward: 0.900000
batches_in_epoch:  900
ACCURACY: 0.881777775023
Model saved in file: model_runs/how_infant_grows/classifymodel_450.ckpt
--- 29.697518999999943 CPU seconds ---
iter=451 : Reward: 0.900000
iter=452 : Reward: 0.800000
iter=453 : Reward: 0.900000
iter=454 : Reward: 0.900000
iter=455 : Reward: 1.000000
iter=456 : Reward: 0.900000
iter=457 : Reward: 0.900000
iter=458 : Reward: 0.800000
iter=459 : Reward: 0.800000
iter=460 : Reward: 1.000000
batches_in_epoch:  900
ACCURACY: 0.882222218447
Model saved in file: model_runs/how_infant_grows/classifymodel_460.ckpt
--- 30.335148999999888 CPU seconds ---
iter=461 : Reward: 0.900000
iter=462 : Reward: 0.700000
iter=463 : Reward: 1.000000
iter=464 : Reward: 1.000000
iter=465 : Reward: 0.900000
iter=466 : Reward: 0.900000
iter=467 : Reward: 0.800000
iter=468 : Reward: 1.000000
iter=469 : Reward: 0.800000
iter=470 : Reward: 0.900000
batches_in_epoch:  900
ACCURACY: 0.883999997212
Model saved in file: model_runs/how_infant_grows/classifymodel_470.ckpt
--- 31.004043999999794 CPU seconds ---
iter=471 : Reward: 1.000000
iter=472 : Reward: 1.000000
iter=473 : Reward: 0.900000
iter=474 : Reward: 1.000000
iter=475 : Reward: 0.600000
iter=476 : Reward: 0.800000
iter=477 : Reward: 0.900000
iter=478 : Reward: 1.000000
iter=479 : Reward: 0.700000
iter=480 : Reward: 1.000000
batches_in_epoch:  900
ACCURACY: 0.884444441001
Model saved in file: model_runs/how_infant_grows/classifymodel_480.ckpt
--- 31.644623000000024 CPU seconds ---
iter=481 : Reward: 0.900000
iter=482 : Reward: 0.900000
iter=483 : Reward: 0.800000
iter=484 : Reward: 0.800000
iter=485 : Reward: 1.000000
iter=486 : Reward: 0.900000
iter=487 : Reward: 0.800000
iter=488 : Reward: 0.900000
iter=489 : Reward: 0.900000
iter=490 : Reward: 0.800000
batches_in_epoch:  900
ACCURACY: 0.888111107217
Model saved in file: model_runs/how_infant_grows/classifymodel_490.ckpt
--- 32.29992399999992 CPU seconds ---
iter=491 : Reward: 0.800000
iter=492 : Reward: 0.800000
iter=493 : Reward: 0.800000
iter=494 : Reward: 1.000000
iter=495 : Reward: 1.000000
iter=496 : Reward: 1.000000
iter=497 : Reward: 0.700000
iter=498 : Reward: 1.000000
iter=499 : Reward: 0.800000
iter=500 : Reward: 0.900000
batches_in_epoch:  900
ACCURACY: 0.885777774122
Model saved in file: model_runs/how_infant_grows/classifymodel_500.ckpt
--- 32.95686699999999 CPU seconds ---
iter=501 : Reward: 0.900000
iter=502 : Reward: 1.000000
iter=503 : Reward: 0.900000
iter=504 : Reward: 0.800000
iter=505 : Reward: 0.900000
iter=506 : Reward: 0.900000
iter=507 : Reward: 1.000000
iter=508 : Reward: 0.900000
iter=509 : Reward: 1.000000
iter=510 : Reward: 1.000000
batches_in_epoch:  900
ACCURACY: 0.886777775354
Model saved in file: model_runs/how_infant_grows/classifymodel_510.ckpt
--- 33.64198500000009 CPU seconds ---
iter=511 : Reward: 0.900000
iter=512 : Reward: 0.800000
iter=513 : Reward: 0.800000
iter=514 : Reward: 0.900000
iter=515 : Reward: 1.000000
iter=516 : Reward: 1.000000
iter=517 : Reward: 0.900000
iter=518 : Reward: 0.800000
iter=519 : Reward: 0.900000
iter=520 : Reward: 0.900000
batches_in_epoch:  900
ACCURACY: 0.883111107912
Model saved in file: model_runs/how_infant_grows/classifymodel_520.ckpt
--- 34.352495999999974 CPU seconds ---
iter=521 : Reward: 0.900000
iter=522 : Reward: 0.900000
iter=523 : Reward: 0.900000
iter=524 : Reward: 0.800000
iter=525 : Reward: 1.000000
iter=526 : Reward: 0.900000
iter=527 : Reward: 0.800000
iter=528 : Reward: 0.900000
iter=529 : Reward: 0.800000
iter=530 : Reward: 1.000000
batches_in_epoch:  900
ACCURACY: 0.883666663865
Model saved in file: model_runs/how_infant_grows/classifymodel_530.ckpt
--- 35.0515180000001 CPU seconds ---
iter=531 : Reward: 0.900000
iter=532 : Reward: 0.800000
iter=533 : Reward: 0.800000
iter=534 : Reward: 0.900000
iter=535 : Reward: 0.800000
iter=536 : Reward: 1.000000
iter=537 : Reward: 0.800000
iter=538 : Reward: 0.800000
iter=539 : Reward: 0.800000
iter=540 : Reward: 0.900000
batches_in_epoch:  900
ACCURACY: 0.887444440789
Model saved in file: model_runs/how_infant_grows/classifymodel_540.ckpt
--- 35.724936999999954 CPU seconds ---
iter=541 : Reward: 0.800000
iter=542 : Reward: 0.900000
iter=543 : Reward: 0.700000
iter=544 : Reward: 1.000000
iter=545 : Reward: 0.900000
iter=546 : Reward: 0.900000
iter=547 : Reward: 0.800000
iter=548 : Reward: 0.900000
iter=549 : Reward: 1.000000
iter=550 : Reward: 0.800000
batches_in_epoch:  900
ACCURACY: 0.885888884995
Model saved in file: model_runs/how_infant_grows/classifymodel_550.ckpt
--- 36.41120499999977 CPU seconds ---
iter=551 : Reward: 0.900000
iter=552 : Reward: 1.000000
iter=553 : Reward: 1.000000
iter=554 : Reward: 0.900000
iter=555 : Reward: 0.900000
iter=556 : Reward: 0.900000
iter=557 : Reward: 0.900000
iter=558 : Reward: 0.900000
iter=559 : Reward: 1.000000
iter=560 : Reward: 1.000000
batches_in_epoch:  900
ACCURACY: 0.883666662839
Model saved in file: model_runs/how_infant_grows/classifymodel_560.ckpt
--- 37.087397999999894 CPU seconds ---
iter=561 : Reward: 1.000000
iter=562 : Reward: 0.900000
iter=563 : Reward: 0.900000
iter=564 : Reward: 0.900000
iter=565 : Reward: 0.700000
iter=566 : Reward: 0.900000
iter=567 : Reward: 0.900000
iter=568 : Reward: 1.000000
iter=569 : Reward: 0.900000
iter=570 : Reward: 0.900000
batches_in_epoch:  900
ACCURACY: 0.885777775645
Model saved in file: model_runs/how_infant_grows/classifymodel_570.ckpt
--- 37.774715999999785 CPU seconds ---
iter=571 : Reward: 1.000000
iter=572 : Reward: 0.900000
iter=573 : Reward: 1.000000
iter=574 : Reward: 1.000000
iter=575 : Reward: 0.900000
iter=576 : Reward: 0.800000
iter=577 : Reward: 0.800000
iter=578 : Reward: 0.800000
iter=579 : Reward: 0.700000
iter=580 : Reward: 0.800000
batches_in_epoch:  900
ACCURACY: 0.888777774109
Model saved in file: model_runs/how_infant_grows/classifymodel_580.ckpt
--- 38.48443699999996 CPU seconds ---
iter=581 : Reward: 0.800000
iter=582 : Reward: 1.000000
iter=583 : Reward: 0.900000
iter=584 : Reward: 0.800000
iter=585 : Reward: 1.000000
iter=586 : Reward: 1.000000
iter=587 : Reward: 0.800000
iter=588 : Reward: 1.000000
iter=589 : Reward: 0.800000
iter=590 : Reward: 0.700000
batches_in_epoch:  900
ACCURACY: 0.884222219918
Model saved in file: model_runs/how_infant_grows/classifymodel_590.ckpt
--- 39.18124299999988 CPU seconds ---
iter=591 : Reward: 0.800000
iter=592 : Reward: 0.800000
iter=593 : Reward: 1.000000
iter=594 : Reward: 0.800000
iter=595 : Reward: 0.900000
iter=596 : Reward: 0.900000
iter=597 : Reward: 0.700000
iter=598 : Reward: 1.000000
iter=599 : Reward: 0.700000
iter=600 : Reward: 1.000000
batches_in_epoch:  900
ACCURACY: 0.88777777387
Model saved in file: model_runs/how_infant_grows/classifymodel_600.ckpt
--- 39.88476599999967 CPU seconds ---
iter=601 : Reward: 0.700000
iter=602 : Reward: 0.800000
iter=603 : Reward: 0.800000
iter=604 : Reward: 0.700000
iter=605 : Reward: 1.000000
iter=606 : Reward: 1.000000
iter=607 : Reward: 0.800000
iter=608 : Reward: 1.000000
iter=609 : Reward: 1.000000
iter=610 : Reward: 1.000000
batches_in_epoch:  900
ACCURACY: 0.889777774281
Model saved in file: model_runs/how_infant_grows/classifymodel_610.ckpt
--- 40.596572999999694 CPU seconds ---
iter=611 : Reward: 0.900000
iter=612 : Reward: 0.800000
iter=613 : Reward: 0.900000
iter=614 : Reward: 0.800000
iter=615 : Reward: 0.800000
iter=616 : Reward: 0.800000
iter=617 : Reward: 0.700000
iter=618 : Reward: 0.800000
iter=619 : Reward: 1.000000
iter=620 : Reward: 0.900000
batches_in_epoch:  900
ACCURACY: 0.888666662971
Model saved in file: model_runs/how_infant_grows/classifymodel_620.ckpt
--- 41.289991999999756 CPU seconds ---
iter=621 : Reward: 0.900000
iter=622 : Reward: 0.900000
iter=623 : Reward: 0.900000
iter=624 : Reward: 0.900000
iter=625 : Reward: 0.900000
iter=626 : Reward: 0.900000
iter=627 : Reward: 1.000000
iter=628 : Reward: 0.900000
iter=629 : Reward: 0.900000
iter=630 : Reward: 0.700000
batches_in_epoch:  900
ACCURACY: 0.894777773354
Model saved in file: model_runs/how_infant_grows/classifymodel_630.ckpt
--- 42.03606999999988 CPU seconds ---
iter=631 : Reward: 0.800000
iter=632 : Reward: 0.800000
iter=633 : Reward: 1.000000
iter=634 : Reward: 0.900000
iter=635 : Reward: 1.000000
iter=636 : Reward: 0.800000
iter=637 : Reward: 0.800000
iter=638 : Reward: 1.000000
iter=639 : Reward: 0.800000
iter=640 : Reward: 0.900000
batches_in_epoch:  900
ACCURACY: 0.883999996881
Model saved in file: model_runs/how_infant_grows/classifymodel_640.ckpt
--- 42.74397399999975 CPU seconds ---
iter=641 : Reward: 0.900000
iter=642 : Reward: 0.900000
iter=643 : Reward: 0.900000
iter=644 : Reward: 1.000000
iter=645 : Reward: 0.900000
iter=646 : Reward: 0.800000
iter=647 : Reward: 1.000000
iter=648 : Reward: 0.800000
iter=649 : Reward: 1.000000
iter=650 : Reward: 1.000000
batches_in_epoch:  900
ACCURACY: 0.884666663408
Model saved in file: model_runs/how_infant_grows/classifymodel_650.ckpt
--- 43.412403999999924 CPU seconds ---
iter=651 : Reward: 0.900000
iter=652 : Reward: 0.900000
iter=653 : Reward: 1.000000
iter=654 : Reward: 0.800000
iter=655 : Reward: 1.000000
iter=656 : Reward: 1.000000
iter=657 : Reward: 0.800000
iter=658 : Reward: 1.000000
iter=659 : Reward: 0.800000
iter=660 : Reward: 1.000000
batches_in_epoch:  900
ACCURACY: 0.889888885452
Model saved in file: model_runs/how_infant_grows/classifymodel_660.ckpt
--- 44.07327699999996 CPU seconds ---
iter=661 : Reward: 1.000000
iter=662 : Reward: 0.900000
iter=663 : Reward: 1.000000
iter=664 : Reward: 0.800000
iter=665 : Reward: 0.900000
iter=666 : Reward: 1.000000
iter=667 : Reward: 0.800000
iter=668 : Reward: 0.800000
iter=669 : Reward: 0.900000
iter=670 : Reward: 0.900000
batches_in_epoch:  900
ACCURACY: 0.894555551509
Model saved in file: model_runs/how_infant_grows/classifymodel_670.ckpt
--- 44.73771499999998 CPU seconds ---
iter=671 : Reward: 0.900000
iter=672 : Reward: 0.900000
iter=673 : Reward: 0.900000
iter=674 : Reward: 0.800000
iter=675 : Reward: 0.700000
iter=676 : Reward: 1.000000
iter=677 : Reward: 0.800000
iter=678 : Reward: 0.900000
iter=679 : Reward: 0.900000
iter=680 : Reward: 0.800000
batches_in_epoch:  900
ACCURACY: 0.89499999649
Model saved in file: model_runs/how_infant_grows/classifymodel_680.ckpt
--- 45.45126200000004 CPU seconds ---
iter=681 : Reward: 0.800000
iter=682 : Reward: 0.700000
iter=683 : Reward: 0.900000
iter=684 : Reward: 1.000000
iter=685 : Reward: 1.000000
iter=686 : Reward: 0.900000
iter=687 : Reward: 0.900000
iter=688 : Reward: 0.900000
iter=689 : Reward: 0.900000
iter=690 : Reward: 0.700000
batches_in_epoch:  900
ACCURACY: 0.887555552853
Model saved in file: model_runs/how_infant_grows/classifymodel_690.ckpt
--- 46.144153999999844 CPU seconds ---
iter=691 : Reward: 0.900000
iter=692 : Reward: 1.000000
iter=693 : Reward: 0.900000
iter=694 : Reward: 0.800000
iter=695 : Reward: 0.800000
iter=696 : Reward: 1.000000
iter=697 : Reward: 0.900000
iter=698 : Reward: 0.800000
iter=699 : Reward: 1.000000
iter=700 : Reward: 1.000000
batches_in_epoch:  900
ACCURACY: 0.881777775718
Model saved in file: model_runs/how_infant_grows/classifymodel_700.ckpt
--- 46.82912999999962 CPU seconds ---
iter=701 : Reward: 0.800000
iter=702 : Reward: 0.900000
iter=703 : Reward: 1.000000
iter=704 : Reward: 0.900000
iter=705 : Reward: 0.900000
iter=706 : Reward: 0.800000
iter=707 : Reward: 0.900000
iter=708 : Reward: 0.900000
iter=709 : Reward: 1.000000
iter=710 : Reward: 1.000000
batches_in_epoch:  900
ACCURACY: 0.885888885525
Model saved in file: model_runs/how_infant_grows/classifymodel_710.ckpt
--- 47.567227999999886 CPU seconds ---
iter=711 : Reward: 0.900000
iter=712 : Reward: 1.000000
iter=713 : Reward: 0.900000
iter=714 : Reward: 1.000000
iter=715 : Reward: 0.800000
iter=716 : Reward: 1.000000
iter=717 : Reward: 1.000000
iter=718 : Reward: 0.900000
iter=719 : Reward: 0.800000
iter=720 : Reward: 1.000000
batches_in_epoch:  900
ACCURACY: 0.880111108489
Model saved in file: model_runs/how_infant_grows/classifymodel_720.ckpt
--- 48.24588099999983 CPU seconds ---
iter=721 : Reward: 0.800000
iter=722 : Reward: 0.900000
iter=723 : Reward: 1.000000
iter=724 : Reward: 0.900000
iter=725 : Reward: 1.000000
iter=726 : Reward: 1.000000
iter=727 : Reward: 0.800000
iter=728 : Reward: 0.900000
iter=729 : Reward: 0.900000
iter=730 : Reward: 1.000000
batches_in_epoch:  900
ACCURACY: 0.884777774612
Model saved in file: model_runs/how_infant_grows/classifymodel_730.ckpt
--- 48.9310889999997 CPU seconds ---
iter=731 : Reward: 1.000000
iter=732 : Reward: 0.800000
iter=733 : Reward: 1.000000
iter=734 : Reward: 0.900000
iter=735 : Reward: 1.000000
iter=736 : Reward: 0.900000
iter=737 : Reward: 0.900000
iter=738 : Reward: 0.900000
iter=739 : Reward: 0.700000
iter=740 : Reward: 0.900000
batches_in_epoch:  900
ACCURACY: 0.89222221805
Model saved in file: model_runs/how_infant_grows/classifymodel_740.ckpt
--- 49.589457999999695 CPU seconds ---
iter=741 : Reward: 0.900000
iter=742 : Reward: 0.800000
iter=743 : Reward: 1.000000
iter=744 : Reward: 0.800000
iter=745 : Reward: 0.900000
iter=746 : Reward: 0.900000
iter=747 : Reward: 0.900000
iter=748 : Reward: 0.900000
iter=749 : Reward: 0.800000
iter=750 : Reward: 0.900000
batches_in_epoch:  900
