['DRAM_move_attn_sigmoid.py', 'DRAM_move_attn_sigmoid/run_3', 'true', 'true', 'true', 'true', 'true', 'model_runs/DRAM_move_attn_sigmoid/run_3/classify_log.csv', 'model_runs/DRAM_move_attn_sigmoid/run_3/classifymodel_0.ckpt', 'model_runs/DRAM_move_attn_sigmoid/run_3/classifymodel_', 'model_runs/DRAM_move_attn_sigmoid/run_3/zzzdraw_data_5000.npy', 'false', 'true', 'false', 'false', 'true']
2017-08-21 18:05:29.682606: W tensorflow/core/platform/cpu_feature_guard.cc:45] The TensorFlow library wasn't compiled to use SSE4.1 instructions, but these are available on your machine and could speed up CPU computations.
2017-08-21 18:05:29.682630: W tensorflow/core/platform/cpu_feature_guard.cc:45] The TensorFlow library wasn't compiled to use SSE4.2 instructions, but these are available on your machine and could speed up CPU computations.
2017-08-21 18:05:29.682636: W tensorflow/core/platform/cpu_feature_guard.cc:45] The TensorFlow library wasn't compiled to use AVX instructions, but these are available on your machine and could speed up CPU computations.
2017-08-21 18:05:29.682640: W tensorflow/core/platform/cpu_feature_guard.cc:45] The TensorFlow library wasn't compiled to use AVX2 instructions, but these are available on your machine and could speed up CPU computations.
2017-08-21 18:05:29.682643: W tensorflow/core/platform/cpu_feature_guard.cc:45] The TensorFlow library wasn't compiled to use FMA instructions, but these are available on your machine and could speed up CPU computations.
2017-08-21 18:05:30.098636: I tensorflow/stream_executor/cuda/cuda_gpu_executor.cc:901] successful NUMA node read from SysFS had negative value (-1), but there must be at least one NUMA node, so returning NUMA node zero
2017-08-21 18:05:30.099701: I tensorflow/core/common_runtime/gpu/gpu_device.cc:887] Found device 0 with properties: 
name: GeForce GTX 1080
major: 6 minor: 1 memoryClockRate (GHz) 1.898
pciBusID 0000:01:00.0
Total memory: 7.92GiB
Free memory: 7.03GiB
2017-08-21 18:05:30.099788: W tensorflow/stream_executor/cuda/cuda_driver.cc:485] creating context when one is currently active; existing: 0xc0b97b0
2017-08-21 18:05:30.523819: I tensorflow/stream_executor/cuda/cuda_gpu_executor.cc:901] successful NUMA node read from SysFS had negative value (-1), but there must be at least one NUMA node, so returning NUMA node zero
2017-08-21 18:05:30.524193: I tensorflow/core/common_runtime/gpu/gpu_device.cc:887] Found device 1 with properties: 
name: GeForce GTX 1080
major: 6 minor: 1 memoryClockRate (GHz) 1.898
pciBusID 0000:02:00.0
Total memory: 7.92GiB
Free memory: 7.14GiB
2017-08-21 18:05:30.524374: I tensorflow/core/common_runtime/gpu/gpu_device.cc:908] DMA: 0 1 
2017-08-21 18:05:30.524383: I tensorflow/core/common_runtime/gpu/gpu_device.cc:918] 0:   Y Y 
2017-08-21 18:05:30.524388: I tensorflow/core/common_runtime/gpu/gpu_device.cc:918] 1:   Y Y 
2017-08-21 18:05:30.524396: I tensorflow/core/common_runtime/gpu/gpu_device.cc:977] Creating TensorFlow device (/gpu:0) -> (device: 0, name: GeForce GTX 1080, pci bus id: 0000:01:00.0)
2017-08-21 18:05:30.524402: I tensorflow/core/common_runtime/gpu/gpu_device.cc:977] Creating TensorFlow device (/gpu:1) -> (device: 1, name: GeForce GTX 1080, pci bus id: 0000:02:00.0)
iter=0 : Reward: -6316.348145
iter=0 : Reward: -54.166107
Predict x average: 137.969910
Target x average: 61.888889
POSITION ACCURACY: -5712.78988301
COUNT ACCURACY: 0.0767989169192
Model saved in file: model_runs/DRAM_move_attn_sigmoid/run_3/classifymodel_0.ckpt
--- 10.180530000000005 CPU seconds ---
iter=100 : Reward: -801.337097
iter=100 : Reward: -2.753186
Predict x average: 85.069466
Target x average: 86.000000
iter=200 : Reward: -650.633118
iter=200 : Reward: -2.640057
Predict x average: 80.009132
Target x average: 88.222221
iter=300 : Reward: -637.245605
iter=300 : Reward: -2.439298
Predict x average: 71.555832
Target x average: 53.777779
iter=400 : Reward: -775.858948
iter=400 : Reward: -2.538344
Predict x average: 84.164429
Target x average: 70.000000
iter=500 : Reward: -663.939697
iter=500 : Reward: -2.347273
Predict x average: 35.444771
Target x average: 48.000000
iter=600 : Reward: -546.853760
iter=600 : Reward: -2.143873
Predict x average: 78.825745
Target x average: 85.000000
iter=700 : Reward: -500.089722
iter=700 : Reward: -2.109811
Predict x average: 57.416256
Target x average: 64.888893
iter=800 : Reward: -573.704773
iter=800 : Reward: -1.979673
Predict x average: 89.751747
Target x average: 82.777779
iter=900 : Reward: -678.637512
iter=900 : Reward: -2.226941
Predict x average: 86.542038
Target x average: 78.555557
iter=1000 : Reward: -507.796631
iter=1000 : Reward: -2.249797
Predict x average: 60.987125
Target x average: 66.000000
Traceback (most recent call last):
  File "DRAM_move_attn_sigmoid.py", line 477, in <module>
    train_data.get_train(even=1, shiny=True, done_vector="padding")
  File "/home/sychen23/DRAM/load_teacher.py", line 40, in get_train
    _, self.images, self.labels, self.traces, _ = trace_data.get_my_teacher()
  File "/home/sychen23/DRAM/trace_data_new.py", line 40, in get_my_teacher
    train = np.zeros([total, img_size])   #training imgs
MemoryError
