['BASIC_classify_blobs.py', 'BASIC_DRAM_run_8', 'true', 'true', 'true', 'true', 'true', 'model_runs/BASIC_DRAM_run_8/classify_log.csv', 'model_runs/BASIC_DRAM_run_8/classifymodel_0.ckpt', 'model_runs/BASIC_DRAM_run_8/classifymodel_', 'model_runs/BASIC_DRAM_run_8/zzzdraw_data_5000.npy', 'false', 'true', 'false', 'false', 'true']
2017-10-14 20:29:46.915084: W tensorflow/core/platform/cpu_feature_guard.cc:45] The TensorFlow library wasn't compiled to use SSE4.1 instructions, but these are available on your machine and could speed up CPU computations.
2017-10-14 20:29:46.915141: W tensorflow/core/platform/cpu_feature_guard.cc:45] The TensorFlow library wasn't compiled to use SSE4.2 instructions, but these are available on your machine and could speed up CPU computations.
2017-10-14 20:29:46.915153: W tensorflow/core/platform/cpu_feature_guard.cc:45] The TensorFlow library wasn't compiled to use AVX instructions, but these are available on your machine and could speed up CPU computations.
2017-10-14 20:29:46.915161: W tensorflow/core/platform/cpu_feature_guard.cc:45] The TensorFlow library wasn't compiled to use AVX2 instructions, but these are available on your machine and could speed up CPU computations.
2017-10-14 20:29:46.915170: W tensorflow/core/platform/cpu_feature_guard.cc:45] The TensorFlow library wasn't compiled to use FMA instructions, but these are available on your machine and could speed up CPU computations.
iter=0 : Reward: 0.000000 Predcost: 0.115129
ACCURACY: 0.449533331196
Model saved in file: model_runs/BASIC_DRAM_run_8/classifymodel_0.ckpt
--- 5.121374999999997 CPU seconds ---
iter=100 : Reward: 0.013100 Predcost: 11.348216
iter=200 : Reward: 0.016700 Predcost: 11.317032
ACCURACY: 0.0635333331799
Model saved in file: model_runs/BASIC_DRAM_run_8/classifymodel_250.ckpt
--- 96.31835500000003 CPU seconds ---
iter=300 : Reward: 0.016200 Predcost: 11.325575
iter=400 : Reward: 0.018000 Predcost: 11.305702
iter=500 : Reward: 0.018900 Predcost: 11.294372
ACCURACY: 0.0708000001311
Model saved in file: model_runs/BASIC_DRAM_run_8/classifymodel_500.ckpt
--- 183.731926 CPU seconds ---
iter=600 : Reward: 0.015800 Predcost: 11.331030
iter=700 : Reward: 0.017600 Predcost: 11.310311
iter=800 : Reward: 0.017600 Predcost: 11.310310
iter=900 : Reward: 0.016900 Predcost: 11.318367
iter=1000 : Reward: 0.016500 Predcost: 11.322972
ACCURACY: 0.064399999703
Model saved in file: model_runs/BASIC_DRAM_run_8/classifymodel_1000.ckpt
--- 364.897752 CPU seconds ---
iter=1100 : Reward: 0.014200 Predcost: 11.349451
iter=1200 : Reward: 0.014700 Predcost: 11.342813
iter=1300 : Reward: 0.017900 Predcost: 11.306853
iter=1400 : Reward: 0.016600 Predcost: 11.321820
iter=1500 : Reward: 0.016400 Predcost: 11.324122
iter=1600 : Reward: 0.016300 Predcost: 11.325274
iter=1700 : Reward: 0.020200 Predcost: 11.280373
iter=1800 : Reward: 0.015800 Predcost: 11.331030
iter=1900 : Reward: 0.017200 Predcost: 11.314912
iter=2000 : Reward: 0.017100 Predcost: 11.316063
ACCURACY: 0.0651333334297
Model saved in file: model_runs/BASIC_DRAM_run_8/classifymodel_2000.ckpt
--- 710.9589160000002 CPU seconds ---
iter=2100 : Reward: 0.021000 Predcost: 11.271163
iter=2200 : Reward: 0.017200 Predcost: 11.314912
iter=2300 : Reward: 0.017100 Predcost: 11.316063
iter=2400 : Reward: 0.017300 Predcost: 11.313761
iter=2500 : Reward: 0.018200 Predcost: 11.303399
iter=2600 : Reward: 0.019200 Predcost: 11.291886
iter=2700 : Reward: 0.018000 Predcost: 11.305702
iter=2800 : Reward: 0.017800 Predcost: 11.308004
iter=2900 : Reward: 0.019100 Predcost: 11.293037
iter=3000 : Reward: 0.017400 Predcost: 11.312609
iter=3100 : Reward: 0.015700 Predcost: 11.332181
iter=3200 : Reward: 0.016800 Predcost: 11.318783
iter=3300 : Reward: 0.015700 Predcost: 11.332181
iter=3400 : Reward: 0.016700 Predcost: 11.320668
iter=3500 : Reward: 0.017600 Predcost: 11.310307
iter=3600 : Reward: 0.018900 Predcost: 11.295340
iter=3700 : Reward: 0.018300 Predcost: 11.302248
iter=3800 : Reward: 0.017300 Predcost: 11.313761
iter=3900 : Reward: 0.016000 Predcost: 11.328728
iter=4000 : Reward: 0.017500 Predcost: 11.311458
ACCURACY: 0.065199999772
Model saved in file: model_runs/BASIC_DRAM_run_8/classifymodel_4000.ckpt
--- 1395.823739 CPU seconds ---
iter=4100 : Reward: 0.016100 Predcost: 11.327576
iter=4200 : Reward: 0.017200 Predcost: 11.314912
iter=4300 : Reward: 0.018000 Predcost: 11.305702
iter=4400 : Reward: 0.016600 Predcost: 11.321820
iter=4500 : Reward: 0.017600 Predcost: 11.310307
iter=4600 : Reward: 0.016400 Predcost: 11.324122
iter=4700 : Reward: 0.019200 Predcost: 11.291886
iter=4800 : Reward: 0.019400 Predcost: 11.289584
iter=4900 : Reward: 0.015200 Predcost: 11.337938
iter=5000 : Reward: 0.015700 Predcost: 11.332181
iter=5100 : Reward: 0.018500 Predcost: 11.299945
iter=5200 : Reward: 0.015600 Predcost: 11.333333
iter=5300 : Reward: 0.017500 Predcost: 11.311458
iter=5400 : Reward: 0.017800 Predcost: 11.308004
iter=5500 : Reward: 0.016000 Predcost: 11.328728
iter=5600 : Reward: 0.015700 Predcost: 11.332181
iter=5700 : Reward: 0.015200 Predcost: 11.337938
iter=5800 : Reward: 0.015000 Predcost: 11.340240
iter=5900 : Reward: 0.016400 Predcost: 11.324122
iter=6000 : Reward: 0.019500 Predcost: 11.288432
iter=6100 : Reward: 0.015200 Predcost: 11.337938
iter=6200 : Reward: 0.018800 Predcost: 11.296491
iter=6300 : Reward: 0.016800 Predcost: 11.319517
iter=6400 : Reward: 0.017300 Predcost: 11.313761
iter=6500 : Reward: 0.017700 Predcost: 11.309156
iter=6600 : Reward: 0.019300 Predcost: 11.290735
iter=6700 : Reward: 0.016900 Predcost: 11.318366
iter=6800 : Reward: 0.018300 Predcost: 11.302248
iter=6900 : Reward: 0.019300 Predcost: 11.290735
iter=7000 : Reward: 0.018300 Predcost: 11.302248
iter=7100 : Reward: 0.017600 Predcost: 11.310307
iter=7200 : Reward: 0.018000 Predcost: 11.305702
iter=7300 : Reward: 0.017900 Predcost: 11.306853
iter=7400 : Reward: 0.016800 Predcost: 11.319517
iter=7500 : Reward: 0.017300 Predcost: 11.313761
iter=7600 : Reward: 0.016400 Predcost: 11.324122
iter=7700 : Reward: 0.015400 Predcost: 11.335635
iter=7800 : Reward: 0.015600 Predcost: 11.333333
iter=7900 : Reward: 0.017900 Predcost: 11.306853
iter=8000 : Reward: 0.014700 Predcost: 11.343694
ACCURACY: 0.0664666664849
Model saved in file: model_runs/BASIC_DRAM_run_8/classifymodel_8000.ckpt
--- 2767.5337840000007 CPU seconds ---
iter=8100 : Reward: 0.019100 Predcost: 11.293037
iter=8200 : Reward: 0.018200 Predcost: 11.303399
iter=8300 : Reward: 0.019000 Predcost: 11.294189
iter=8400 : Reward: 0.020100 Predcost: 11.281524
iter=8500 : Reward: 0.015900 Predcost: 11.329879
iter=8600 : Reward: 0.018300 Predcost: 11.302248
iter=8700 : Reward: 0.018000 Predcost: 11.305702
iter=8800 : Reward: 0.019700 Predcost: 11.286130
iter=8900 : Reward: 0.017400 Predcost: 11.312609
iter=9000 : Reward: 0.018300 Predcost: 11.302248
iter=9100 : Reward: 0.020100 Predcost: 11.281524
iter=9200 : Reward: 0.017500 Predcost: 11.311458
iter=9300 : Reward: 0.016700 Predcost: 11.320668
iter=9400 : Reward: 0.016400 Predcost: 11.324122
iter=9500 : Reward: 0.015600 Predcost: 11.333333
iter=9600 : Reward: 0.018100 Predcost: 11.304550
iter=9700 : Reward: 0.019700 Predcost: 11.286130
iter=9800 : Reward: 0.022200 Predcost: 11.257347
iter=9900 : Reward: 0.018700 Predcost: 11.297643
iter=10000 : Reward: 0.020300 Predcost: 11.279222
iter=10100 : Reward: 0.018700 Predcost: 11.297643
iter=10200 : Reward: 0.019600 Predcost: 11.287281
iter=10300 : Reward: 0.016400 Predcost: 11.324122
iter=10400 : Reward: 0.018200 Predcost: 11.303399
iter=10500 : Reward: 0.017500 Predcost: 11.311458
iter=10600 : Reward: 0.016400 Predcost: 11.324122
iter=10700 : Reward: 0.019800 Predcost: 11.284978
iter=10800 : Reward: 0.021600 Predcost: 11.264255
iter=10900 : Reward: 0.016500 Predcost: 11.322971
iter=11000 : Reward: 0.017000 Predcost: 11.317215
iter=11100 : Reward: 0.017600 Predcost: 11.310307
iter=11200 : Reward: 0.016500 Predcost: 11.322971
iter=11300 : Reward: 0.018600 Predcost: 11.298794
iter=11400 : Reward: 0.018500 Predcost: 11.299945
iter=11500 : Reward: 0.015700 Predcost: 11.332181
iter=11600 : Reward: 0.016300 Predcost: 11.325274
iter=11700 : Reward: 0.015100 Predcost: 11.339089
iter=11800 : Reward: 0.016800 Predcost: 11.319517
iter=11900 : Reward: 0.018100 Predcost: 11.304550
iter=12000 : Reward: 0.017100 Predcost: 11.316063
iter=12100 : Reward: 0.016300 Predcost: 11.325274
iter=12200 : Reward: 0.020100 Predcost: 11.281524
iter=12300 : Reward: 0.017500 Predcost: 11.311458
iter=12400 : Reward: 0.019400 Predcost: 11.289584
iter=12500 : Reward: 0.015900 Predcost: 11.329879
iter=12600 : Reward: 0.016200 Predcost: 11.326425
iter=12700 : Reward: 0.016700 Predcost: 11.320668
iter=12800 : Reward: 0.017000 Predcost: 11.317215
iter=12900 : Reward: 0.018800 Predcost: 11.296491
iter=13000 : Reward: 0.018200 Predcost: 11.303399
iter=13100 : Reward: 0.017600 Predcost: 11.310307
iter=13200 : Reward: 0.018900 Predcost: 11.295340
iter=13300 : Reward: 0.015500 Predcost: 11.334484
iter=13400 : Reward: 0.017300 Predcost: 11.313761
iter=13500 : Reward: 0.019300 Predcost: 11.290735
iter=13600 : Reward: 0.018600 Predcost: 11.298794
iter=13700 : Reward: 0.018400 Predcost: 11.301096
iter=13800 : Reward: 0.016600 Predcost: 11.321820
iter=13900 : Reward: 0.017200 Predcost: 11.314912
iter=14000 : Reward: 0.017100 Predcost: 11.316063
iter=14100 : Reward: 0.018000 Predcost: 11.305702
iter=14200 : Reward: 0.015700 Predcost: 11.332181
iter=14300 : Reward: 0.015900 Predcost: 11.329879
iter=14400 : Reward: 0.017600 Predcost: 11.310307
iter=14500 : Reward: 0.015900 Predcost: 11.329879
iter=14600 : Reward: 0.016100 Predcost: 11.327576
iter=14700 : Reward: 0.018100 Predcost: 11.304550
iter=14800 : Reward: 0.016900 Predcost: 11.318366
iter=14900 : Reward: 0.019100 Predcost: 11.293037
iter=15000 : Reward: 0.019300 Predcost: 11.290735
iter=15100 : Reward: 0.017700 Predcost: 11.309156
iter=15200 : Reward: 0.017100 Predcost: 11.316063
iter=15300 : Reward: 0.017500 Predcost: 11.311458
iter=15400 : Reward: 0.016400 Predcost: 11.324122
iter=15500 : Reward: 0.020100 Predcost: 11.281524
iter=15600 : Reward: 0.018200 Predcost: 11.303399
iter=15700 : Reward: 0.018300 Predcost: 11.302248
iter=15800 : Reward: 0.016600 Predcost: 11.321820
iter=15900 : Reward: 0.017500 Predcost: 11.311458
iter=16000 : Reward: 0.016500 Predcost: 11.322971
ACCURACY: 0.0645333332072
Model saved in file: model_runs/BASIC_DRAM_run_8/classifymodel_16000.ckpt
--- 5505.412807999999 CPU seconds ---
iter=16100 : Reward: 0.016700 Predcost: 11.320668
iter=16200 : Reward: 0.018400 Predcost: 11.301096
iter=16300 : Reward: 0.017500 Predcost: 11.311458
iter=16400 : Reward: 0.017900 Predcost: 11.306853
iter=16500 : Reward: 0.018100 Predcost: 11.304550
iter=16600 : Reward: 0.017300 Predcost: 11.313761
iter=16700 : Reward: 0.016600 Predcost: 11.321820
iter=16800 : Reward: 0.017500 Predcost: 11.311458
iter=16900 : Reward: 0.016700 Predcost: 11.320668
iter=17000 : Reward: 0.018800 Predcost: 11.296491
iter=17100 : Reward: 0.016800 Predcost: 11.319517
iter=17200 : Reward: 0.020000 Predcost: 11.282676
iter=17300 : Reward: 0.017600 Predcost: 11.310307
iter=17400 : Reward: 0.015300 Predcost: 11.336787
iter=17500 : Reward: 0.017400 Predcost: 11.312609
iter=17600 : Reward: 0.019600 Predcost: 11.287281
iter=17700 : Reward: 0.016800 Predcost: 11.319517
iter=17800 : Reward: 0.018700 Predcost: 11.297643
iter=17900 : Reward: 0.016000 Predcost: 11.328728
iter=18000 : Reward: 0.017600 Predcost: 11.310307
iter=18100 : Reward: 0.017300 Predcost: 11.313761
iter=18200 : Reward: 0.017100 Predcost: 11.316063
iter=18300 : Reward: 0.018000 Predcost: 11.305702
iter=18400 : Reward: 0.017900 Predcost: 11.306853
iter=18500 : Reward: 0.017800 Predcost: 11.308004
iter=18600 : Reward: 0.017600 Predcost: 11.310307
iter=18700 : Reward: 0.018500 Predcost: 11.299945
iter=18800 : Reward: 0.017000 Predcost: 11.317215
iter=18900 : Reward: 0.017700 Predcost: 11.309156
iter=19000 : Reward: 0.016300 Predcost: 11.325274
iter=19100 : Reward: 0.018200 Predcost: 11.303399
iter=19200 : Reward: 0.015500 Predcost: 11.334484
iter=19300 : Reward: 0.017000 Predcost: 11.317215
iter=19400 : Reward: 0.017400 Predcost: 11.312609
iter=19500 : Reward: 0.017100 Predcost: 11.316063
iter=19600 : Reward: 0.018400 Predcost: 11.301096
iter=19700 : Reward: 0.016500 Predcost: 11.322971
iter=19800 : Reward: 0.019700 Predcost: 11.286130
iter=19900 : Reward: 0.016500 Predcost: 11.322971
iter=20000 : Reward: 0.017900 Predcost: 11.306853
iter=20100 : Reward: 0.018900 Predcost: 11.295340
iter=20200 : Reward: 0.016100 Predcost: 11.327576
iter=20300 : Reward: 0.017700 Predcost: 11.309156
iter=20400 : Reward: 0.015700 Predcost: 11.332181
iter=20500 : Reward: 0.015900 Predcost: 11.329879
iter=20600 : Reward: 0.017900 Predcost: 11.306853
iter=20700 : Reward: 0.017600 Predcost: 11.310307
iter=20800 : Reward: 0.018100 Predcost: 11.304550
iter=20900 : Reward: 0.016900 Predcost: 11.318366
iter=21000 : Reward: 0.018700 Predcost: 11.297643
iter=21100 : Reward: 0.017100 Predcost: 11.316063
iter=21200 : Reward: 0.016600 Predcost: 11.321820
iter=21300 : Reward: 0.019800 Predcost: 11.284978
iter=21400 : Reward: 0.018600 Predcost: 11.298794
iter=21500 : Reward: 0.019400 Predcost: 11.289584
iter=21600 : Reward: 0.018200 Predcost: 11.303399
iter=21700 : Reward: 0.016400 Predcost: 11.324122
iter=21800 : Reward: 0.016700 Predcost: 11.320668
iter=21900 : Reward: 0.016400 Predcost: 11.324122
iter=22000 : Reward: 0.015900 Predcost: 11.329879
iter=22100 : Reward: 0.017300 Predcost: 11.313761
iter=22200 : Reward: 0.017800 Predcost: 11.308004
iter=22300 : Reward: 0.019400 Predcost: 11.289584
iter=22400 : Reward: 0.016200 Predcost: 11.326425
iter=22500 : Reward: 0.016200 Predcost: 11.326425
iter=22600 : Reward: 0.017100 Predcost: 11.316063
iter=22700 : Reward: 0.018900 Predcost: 11.295340
iter=22800 : Reward: 0.017900 Predcost: 11.306853
iter=22900 : Reward: 0.019500 Predcost: 11.288432
iter=23000 : Reward: 0.016400 Predcost: 11.324122
iter=23100 : Reward: 0.018100 Predcost: 11.304550
iter=23200 : Reward: 0.019200 Predcost: 11.291886
iter=23300 : Reward: 0.018000 Predcost: 11.305702
iter=23400 : Reward: 0.018100 Predcost: 11.304550
iter=23500 : Reward: 0.018000 Predcost: 11.305702
iter=23600 : Reward: 0.018500 Predcost: 11.299945
iter=23700 : Reward: 0.018900 Predcost: 11.295340
iter=23800 : Reward: 0.019500 Predcost: 11.288432
iter=23900 : Reward: 0.016900 Predcost: 11.318366
iter=24000 : Reward: 0.017500 Predcost: 11.311458
iter=24100 : Reward: 0.016300 Predcost: 11.325274
iter=24200 : Reward: 0.019100 Predcost: 11.293037
iter=24300 : Reward: 0.018700 Predcost: 11.297643
iter=24400 : Reward: 0.018500 Predcost: 11.299945
iter=24500 : Reward: 0.017200 Predcost: 11.314912
iter=24600 : Reward: 0.017900 Predcost: 11.306853
iter=24700 : Reward: 0.017100 Predcost: 11.316063
iter=24800 : Reward: 0.018600 Predcost: 11.298794
iter=24900 : Reward: 0.016400 Predcost: 11.324122
iter=25000 : Reward: 0.017600 Predcost: 11.310307
iter=25100 : Reward: 0.017500 Predcost: 11.311458
iter=25200 : Reward: 0.018400 Predcost: 11.301096
iter=25300 : Reward: 0.017000 Predcost: 11.317215
iter=25400 : Reward: 0.019800 Predcost: 11.284978
iter=25500 : Reward: 0.018100 Predcost: 11.304550
iter=25600 : Reward: 0.017900 Predcost: 11.306853
iter=25700 : Reward: 0.018500 Predcost: 11.299945
iter=25800 : Reward: 0.018800 Predcost: 11.296491
iter=25900 : Reward: 0.016900 Predcost: 11.318366
iter=26000 : Reward: 0.017100 Predcost: 11.316063
iter=26100 : Reward: 0.018200 Predcost: 11.303399
iter=26200 : Reward: 0.018500 Predcost: 11.299945
iter=26300 : Reward: 0.017000 Predcost: 11.317215
iter=26400 : Reward: 0.016500 Predcost: 11.322971
iter=26500 : Reward: 0.017100 Predcost: 11.316063
iter=26600 : Reward: 0.017500 Predcost: 11.311458
iter=26700 : Reward: 0.018500 Predcost: 11.299945
iter=26800 : Reward: 0.017900 Predcost: 11.306853
iter=26900 : Reward: 0.015900 Predcost: 11.329879
iter=27000 : Reward: 0.018700 Predcost: 11.297643
iter=27100 : Reward: 0.018300 Predcost: 11.302248
iter=27200 : Reward: 0.016400 Predcost: 11.324122
iter=27300 : Reward: 0.017300 Predcost: 11.313761
iter=27400 : Reward: 0.018900 Predcost: 11.295340
iter=27500 : Reward: 0.018000 Predcost: 11.305702
iter=27600 : Reward: 0.017600 Predcost: 11.310307
iter=27700 : Reward: 0.015700 Predcost: 11.332181
iter=27800 : Reward: 0.018500 Predcost: 11.299945
iter=27900 : Reward: 0.017200 Predcost: 11.314912
iter=28000 : Reward: 0.018600 Predcost: 11.298794
iter=28100 : Reward: 0.015100 Predcost: 11.339089
iter=28200 : Reward: 0.017900 Predcost: 11.306853
iter=28300 : Reward: 0.016100 Predcost: 11.327576
iter=28400 : Reward: 0.019400 Predcost: 11.289584
iter=28500 : Reward: 0.017700 Predcost: 11.309156
iter=28600 : Reward: 0.015700 Predcost: 11.332181
iter=28700 : Reward: 0.017300 Predcost: 11.313761
iter=28800 : Reward: 0.016800 Predcost: 11.319517
iter=28900 : Reward: 0.020400 Predcost: 11.278071
iter=29000 : Reward: 0.018500 Predcost: 11.299945
iter=29100 : Reward: 0.016700 Predcost: 11.320668
iter=29200 : Reward: 0.016200 Predcost: 11.326425
iter=29300 : Reward: 0.016000 Predcost: 11.328728
iter=29400 : Reward: 0.017200 Predcost: 11.314912
iter=29500 : Reward: 0.016600 Predcost: 11.321820
iter=29600 : Reward: 0.017300 Predcost: 11.313761
iter=29700 : Reward: 0.018700 Predcost: 11.297643
iter=29800 : Reward: 0.015800 Predcost: 11.331030
iter=29900 : Reward: 0.018100 Predcost: 11.304550
iter=30000 : Reward: 0.016800 Predcost: 11.319517
iter=30100 : Reward: 0.016600 Predcost: 11.321820
iter=30200 : Reward: 0.017300 Predcost: 11.313761
iter=30300 : Reward: 0.018100 Predcost: 11.304550
iter=30400 : Reward: 0.017500 Predcost: 11.311458
iter=30500 : Reward: 0.016800 Predcost: 11.319517
iter=30600 : Reward: 0.018000 Predcost: 11.305702
iter=30700 : Reward: 0.016700 Predcost: 11.320668
iter=30800 : Reward: 0.015800 Predcost: 11.331030
iter=30900 : Reward: 0.019700 Predcost: 11.286130
iter=31000 : Reward: 0.016100 Predcost: 11.327576
iter=31100 : Reward: 0.018300 Predcost: 11.302248
iter=31200 : Reward: 0.015900 Predcost: 11.329879
iter=31300 : Reward: 0.016700 Predcost: 11.320668
iter=31400 : Reward: 0.016600 Predcost: 11.321820
iter=31500 : Reward: 0.016700 Predcost: 11.320668
iter=31600 : Reward: 0.017900 Predcost: 11.306853
iter=31700 : Reward: 0.016000 Predcost: 11.328728
iter=31800 : Reward: 0.018000 Predcost: 11.305702
iter=31900 : Reward: 0.018100 Predcost: 11.304550
iter=32000 : Reward: 0.017200 Predcost: 11.314912
ACCURACY: 0.0689999996747
Model saved in file: model_runs/BASIC_DRAM_run_8/classifymodel_32000.ckpt
--- 10996.397119 CPU seconds ---
iter=32100 : Reward: 0.017100 Predcost: 11.316063
iter=32200 : Reward: 0.016700 Predcost: 11.320668
iter=32300 : Reward: 0.017800 Predcost: 11.308004
iter=32400 : Reward: 0.017100 Predcost: 11.316063
iter=32500 : Reward: 0.018400 Predcost: 11.301096
iter=32600 : Reward: 0.016700 Predcost: 11.320668
iter=32700 : Reward: 0.017500 Predcost: 11.311458
iter=32800 : Reward: 0.018900 Predcost: 11.295340
iter=32900 : Reward: 0.018000 Predcost: 11.305702
iter=33000 : Reward: 0.015300 Predcost: 11.336787
iter=33100 : Reward: 0.019100 Predcost: 11.293037
iter=33200 : Reward: 0.019400 Predcost: 11.289584
iter=33300 : Reward: 0.016600 Predcost: 11.321820
iter=33400 : Reward: 0.017500 Predcost: 11.311458
iter=33500 : Reward: 0.018000 Predcost: 11.305702
iter=33600 : Reward: 0.016500 Predcost: 11.322971
iter=33700 : Reward: 0.018100 Predcost: 11.304550
iter=33800 : Reward: 0.015100 Predcost: 11.339089
iter=33900 : Reward: 0.016900 Predcost: 11.318366
iter=34000 : Reward: 0.018800 Predcost: 11.296491
iter=34100 : Reward: 0.017900 Predcost: 11.306853
iter=34200 : Reward: 0.017100 Predcost: 11.316063
iter=34300 : Reward: 0.018200 Predcost: 11.303399
iter=34400 : Reward: 0.018900 Predcost: 11.295340
iter=34500 : Reward: 0.019000 Predcost: 11.294189
iter=34600 : Reward: 0.020100 Predcost: 11.281524
iter=34700 : Reward: 0.016300 Predcost: 11.325274
iter=34800 : Reward: 0.016600 Predcost: 11.321820
iter=34900 : Reward: 0.016900 Predcost: 11.318366
iter=35000 : Reward: 0.017800 Predcost: 11.308004
iter=35100 : Reward: 0.017200 Predcost: 11.314912
iter=35200 : Reward: 0.018200 Predcost: 11.303399
iter=35300 : Reward: 0.016200 Predcost: 11.326425
iter=35400 : Reward: 0.017100 Predcost: 11.316063
iter=35500 : Reward: 0.018000 Predcost: 11.305702
iter=35600 : Reward: 0.017200 Predcost: 11.314912
iter=35700 : Reward: 0.018400 Predcost: 11.301096
iter=35800 : Reward: 0.019400 Predcost: 11.289584
iter=35900 : Reward: 0.016900 Predcost: 11.318366
iter=36000 : Reward: 0.014900 Predcost: 11.341392
iter=36100 : Reward: 0.016600 Predcost: 11.321820
iter=36200 : Reward: 0.016700 Predcost: 11.320668
iter=36300 : Reward: 0.018000 Predcost: 11.305702
iter=36400 : Reward: 0.016500 Predcost: 11.322971
