['DRAM_move_attn_sigmoid.py', 'DRAM_move_attn_sigmoid/run_2', 'true', 'true', 'true', 'true', 'true', 'model_runs/DRAM_move_attn_sigmoid/run_2/classify_log.csv', 'model_runs/DRAM_move_attn_sigmoid/run_2/classifymodel_0.ckpt', 'model_runs/DRAM_move_attn_sigmoid/run_2/classifymodel_', 'model_runs/DRAM_move_attn_sigmoid/run_2/zzzdraw_data_5000.npy', 'false', 'true', 'false', 'false', 'true']
2017-08-21 18:05:29.696726: W tensorflow/core/platform/cpu_feature_guard.cc:45] The TensorFlow library wasn't compiled to use SSE4.1 instructions, but these are available on your machine and could speed up CPU computations.
2017-08-21 18:05:29.696763: W tensorflow/core/platform/cpu_feature_guard.cc:45] The TensorFlow library wasn't compiled to use SSE4.2 instructions, but these are available on your machine and could speed up CPU computations.
2017-08-21 18:05:29.696769: W tensorflow/core/platform/cpu_feature_guard.cc:45] The TensorFlow library wasn't compiled to use AVX instructions, but these are available on your machine and could speed up CPU computations.
2017-08-21 18:05:29.696774: W tensorflow/core/platform/cpu_feature_guard.cc:45] The TensorFlow library wasn't compiled to use AVX2 instructions, but these are available on your machine and could speed up CPU computations.
2017-08-21 18:05:29.696778: W tensorflow/core/platform/cpu_feature_guard.cc:45] The TensorFlow library wasn't compiled to use FMA instructions, but these are available on your machine and could speed up CPU computations.
2017-08-21 18:05:30.146065: I tensorflow/stream_executor/cuda/cuda_gpu_executor.cc:901] successful NUMA node read from SysFS had negative value (-1), but there must be at least one NUMA node, so returning NUMA node zero
2017-08-21 18:05:30.149398: I tensorflow/core/common_runtime/gpu/gpu_device.cc:887] Found device 0 with properties: 
name: GeForce GTX 1080
major: 6 minor: 1 memoryClockRate (GHz) 1.898
pciBusID 0000:01:00.0
Total memory: 7.92GiB
Free memory: 6.93GiB
2017-08-21 18:05:30.149490: W tensorflow/stream_executor/cuda/cuda_driver.cc:485] creating context when one is currently active; existing: 0xb5eadb0
2017-08-21 18:05:30.512224: I tensorflow/stream_executor/cuda/cuda_gpu_executor.cc:901] successful NUMA node read from SysFS had negative value (-1), but there must be at least one NUMA node, so returning NUMA node zero
2017-08-21 18:05:30.512584: I tensorflow/core/common_runtime/gpu/gpu_device.cc:887] Found device 1 with properties: 
name: GeForce GTX 1080
major: 6 minor: 1 memoryClockRate (GHz) 1.898
pciBusID 0000:02:00.0
Total memory: 7.92GiB
Free memory: 7.22GiB
2017-08-21 18:05:30.512775: I tensorflow/core/common_runtime/gpu/gpu_device.cc:908] DMA: 0 1 
2017-08-21 18:05:30.512787: I tensorflow/core/common_runtime/gpu/gpu_device.cc:918] 0:   Y Y 
2017-08-21 18:05:30.512793: I tensorflow/core/common_runtime/gpu/gpu_device.cc:918] 1:   Y Y 
2017-08-21 18:05:30.512801: I tensorflow/core/common_runtime/gpu/gpu_device.cc:977] Creating TensorFlow device (/gpu:0) -> (device: 0, name: GeForce GTX 1080, pci bus id: 0000:01:00.0)
2017-08-21 18:05:30.512808: I tensorflow/core/common_runtime/gpu/gpu_device.cc:977] Creating TensorFlow device (/gpu:1) -> (device: 1, name: GeForce GTX 1080, pci bus id: 0000:02:00.0)
iter=0 : Reward: -2057.252686
iter=0 : Reward: -35.272785
Predict x average: 87.029030
Target x average: 54.444443
POSITION ACCURACY: -2242.58685177
COUNT ACCURACY: 0.247660699656
Model saved in file: model_runs/DRAM_move_attn_sigmoid/run_2/classifymodel_0.ckpt
--- 8.890087000000001 CPU seconds ---
iter=100 : Reward: -761.572632
iter=100 : Reward: -2.536362
Predict x average: 74.399033
Target x average: 71.555557
iter=200 : Reward: -945.509155
iter=200 : Reward: -2.609385
Predict x average: 71.614670
Target x average: 68.111115
iter=300 : Reward: -1164.165771
iter=300 : Reward: -2.100039
Predict x average: 94.053841
Target x average: 67.333328
