['BASIC_classify_blobs.py', 'BASIC_DRAM_run_4', 'true', 'true', 'true', 'true', 'true', 'model_runs/BASIC_DRAM_run_4/classify_log.csv', 'model_runs/BASIC_DRAM_run_4/classifymodel_0.ckpt', 'model_runs/BASIC_DRAM_run_4/classifymodel_', 'model_runs/BASIC_DRAM_run_4/zzzdraw_data_5000.npy', 'false', 'true', 'false', 'false', 'true']
2017-10-14 20:29:47.002906: W tensorflow/core/platform/cpu_feature_guard.cc:45] The TensorFlow library wasn't compiled to use SSE4.1 instructions, but these are available on your machine and could speed up CPU computations.
2017-10-14 20:29:47.002971: W tensorflow/core/platform/cpu_feature_guard.cc:45] The TensorFlow library wasn't compiled to use SSE4.2 instructions, but these are available on your machine and could speed up CPU computations.
2017-10-14 20:29:47.002982: W tensorflow/core/platform/cpu_feature_guard.cc:45] The TensorFlow library wasn't compiled to use AVX instructions, but these are available on your machine and could speed up CPU computations.
2017-10-14 20:29:47.002991: W tensorflow/core/platform/cpu_feature_guard.cc:45] The TensorFlow library wasn't compiled to use AVX2 instructions, but these are available on your machine and could speed up CPU computations.
2017-10-14 20:29:47.002999: W tensorflow/core/platform/cpu_feature_guard.cc:45] The TensorFlow library wasn't compiled to use FMA instructions, but these are available on your machine and could speed up CPU computations.
iter=0 : Reward: 0.001100 Predcost: 0.102468
ACCURACY: 0.0700666662802
Model saved in file: model_runs/BASIC_DRAM_run_4/classifymodel_0.ckpt
--- 5.573578999999999 CPU seconds ---
iter=100 : Reward: 0.046800 Predcost: 10.916673
iter=200 : Reward: 0.078400 Predcost: 10.542601
ACCURACY: 0.0674666663756
Model saved in file: model_runs/BASIC_DRAM_run_4/classifymodel_250.ckpt
--- 91.81503399999998 CPU seconds ---
iter=300 : Reward: 0.156000 Predcost: 9.697922
iter=400 : Reward: 0.150400 Predcost: 9.780311
iter=500 : Reward: 0.152800 Predcost: 9.753775
ACCURACY: 0.062466666537
Model saved in file: model_runs/BASIC_DRAM_run_4/classifymodel_500.ckpt
--- 177.072676 CPU seconds ---
iter=600 : Reward: 0.164000 Predcost: 9.624812
iter=700 : Reward: 0.158700 Predcost: 9.685845
iter=800 : Reward: 0.163700 Predcost: 9.628269
iter=900 : Reward: 0.156800 Predcost: 9.707707
iter=1000 : Reward: 0.161300 Predcost: 9.655909
ACCURACY: 0.0661999999111
Model saved in file: model_runs/BASIC_DRAM_run_4/classifymodel_1000.ckpt
--- 350.602176 CPU seconds ---
iter=1100 : Reward: 0.160600 Predcost: 9.663972
iter=1200 : Reward: 0.158100 Predcost: 9.692744
iter=1300 : Reward: 0.158100 Predcost: 9.692783
iter=1400 : Reward: 0.153500 Predcost: 9.745698
iter=1500 : Reward: 0.153400 Predcost: 9.746850
iter=1600 : Reward: 0.157800 Predcost: 9.696193
iter=1700 : Reward: 0.152700 Predcost: 9.754911
iter=1800 : Reward: 0.159700 Predcost: 9.674323
iter=1900 : Reward: 0.160500 Predcost: 9.665113
iter=2000 : Reward: 0.150000 Predcost: 9.785995
ACCURACY: 0.0670000001043
Model saved in file: model_runs/BASIC_DRAM_run_4/classifymodel_2000.ckpt
--- 696.382559 CPU seconds ---
iter=2100 : Reward: 0.155700 Predcost: 9.720370
iter=2200 : Reward: 0.159200 Predcost: 9.680077
iter=2300 : Reward: 0.162400 Predcost: 9.643235
iter=2400 : Reward: 0.155700 Predcost: 9.720375
iter=2500 : Reward: 0.159100 Predcost: 9.681229
iter=2600 : Reward: 0.159600 Predcost: 9.675469
iter=2700 : Reward: 0.166100 Predcost: 9.600636
iter=2800 : Reward: 0.161400 Predcost: 9.654746
iter=2900 : Reward: 0.158600 Predcost: 9.686983
iter=3000 : Reward: 0.159000 Predcost: 9.682384
iter=3100 : Reward: 0.151200 Predcost: 9.772179
iter=3200 : Reward: 0.158500 Predcost: 9.688135
iter=3300 : Reward: 0.163100 Predcost: 9.635176
iter=3400 : Reward: 0.153600 Predcost: 9.744548
iter=3500 : Reward: 0.152900 Predcost: 9.752609
iter=3600 : Reward: 0.157200 Predcost: 9.703103
iter=3700 : Reward: 0.150500 Predcost: 9.780238
iter=3800 : Reward: 0.158000 Predcost: 9.693891
iter=3900 : Reward: 0.160400 Predcost: 9.666260
iter=4000 : Reward: 0.164200 Predcost: 9.622511
ACCURACY: 0.0713333332414
Model saved in file: model_runs/BASIC_DRAM_run_4/classifymodel_4000.ckpt
--- 1384.2251110000002 CPU seconds ---
iter=4100 : Reward: 0.156000 Predcost: 9.716916
iter=4200 : Reward: 0.160400 Predcost: 9.666259
iter=4300 : Reward: 0.163400 Predcost: 9.631721
iter=4400 : Reward: 0.161000 Predcost: 9.659351
iter=4500 : Reward: 0.156900 Predcost: 9.706555
iter=4600 : Reward: 0.155200 Predcost: 9.726126
iter=4700 : Reward: 0.161800 Predcost: 9.650141
iter=4800 : Reward: 0.152900 Predcost: 9.752606
iter=4900 : Reward: 0.154500 Predcost: 9.734186
iter=5000 : Reward: 0.158900 Predcost: 9.683529
iter=5100 : Reward: 0.156700 Predcost: 9.708859
iter=5200 : Reward: 0.160200 Predcost: 9.668562
iter=5300 : Reward: 0.154400 Predcost: 9.735338
iter=5400 : Reward: 0.157100 Predcost: 9.704252
iter=5500 : Reward: 0.159000 Predcost: 9.682378
iter=5600 : Reward: 0.153700 Predcost: 9.743397
iter=5700 : Reward: 0.152000 Predcost: 9.762969
iter=5800 : Reward: 0.160200 Predcost: 9.668561
iter=5900 : Reward: 0.154300 Predcost: 9.736489
iter=6000 : Reward: 0.157800 Predcost: 9.696194
iter=6100 : Reward: 0.156100 Predcost: 9.715765
iter=6200 : Reward: 0.162900 Predcost: 9.637478
iter=6300 : Reward: 0.162800 Predcost: 9.638628
iter=6400 : Reward: 0.158100 Predcost: 9.692739
iter=6500 : Reward: 0.163200 Predcost: 9.634022
iter=6600 : Reward: 0.154000 Predcost: 9.739943
iter=6700 : Reward: 0.163600 Predcost: 9.629417
iter=6800 : Reward: 0.156400 Predcost: 9.712311
iter=6900 : Reward: 0.156500 Predcost: 9.711160
iter=7000 : Reward: 0.155800 Predcost: 9.719219
iter=7100 : Reward: 0.159100 Predcost: 9.681226
iter=7200 : Reward: 0.153900 Predcost: 9.741093
iter=7300 : Reward: 0.158900 Predcost: 9.683529
iter=7400 : Reward: 0.157600 Predcost: 9.698495
iter=7500 : Reward: 0.153800 Predcost: 9.742244
iter=7600 : Reward: 0.160300 Predcost: 9.667411
iter=7700 : Reward: 0.164600 Predcost: 9.617905
iter=7800 : Reward: 0.161400 Predcost: 9.654747
iter=7900 : Reward: 0.163700 Predcost: 9.628266
iter=8000 : Reward: 0.153900 Predcost: 9.741093
ACCURACY: 0.0644666665047
Model saved in file: model_runs/BASIC_DRAM_run_4/classifymodel_8000.ckpt
--- 2766.230306 CPU seconds ---
iter=8100 : Reward: 0.156300 Predcost: 9.713464
iter=8200 : Reward: 0.159400 Predcost: 9.677773
iter=8300 : Reward: 0.159400 Predcost: 9.677773
iter=8400 : Reward: 0.157700 Predcost: 9.697347
iter=8500 : Reward: 0.158300 Predcost: 9.690438
iter=8600 : Reward: 0.160700 Predcost: 9.662807
iter=8700 : Reward: 0.157900 Predcost: 9.695042
iter=8800 : Reward: 0.153100 Predcost: 9.750307
iter=8900 : Reward: 0.160500 Predcost: 9.665108
iter=9000 : Reward: 0.160900 Predcost: 9.660505
iter=9100 : Reward: 0.155600 Predcost: 9.721521
iter=9200 : Reward: 0.161100 Predcost: 9.658200
iter=9300 : Reward: 0.159100 Predcost: 9.681226
iter=9400 : Reward: 0.159600 Predcost: 9.675469
iter=9500 : Reward: 0.156400 Predcost: 9.712311
iter=9600 : Reward: 0.154600 Predcost: 9.733034
iter=9700 : Reward: 0.160000 Predcost: 9.670864
iter=9800 : Reward: 0.150200 Predcost: 9.783691
iter=9900 : Reward: 0.163900 Predcost: 9.625964
iter=10000 : Reward: 0.157600 Predcost: 9.698495
iter=10100 : Reward: 0.158100 Predcost: 9.692742
iter=10200 : Reward: 0.152100 Predcost: 9.761816
iter=10300 : Reward: 0.154200 Predcost: 9.737639
iter=10400 : Reward: 0.163800 Predcost: 9.627115
iter=10500 : Reward: 0.164200 Predcost: 9.622512
iter=10600 : Reward: 0.152000 Predcost: 9.762968
iter=10700 : Reward: 0.159900 Predcost: 9.672022
iter=10800 : Reward: 0.151900 Predcost: 9.764119
iter=10900 : Reward: 0.155200 Predcost: 9.726126
iter=11000 : Reward: 0.158000 Predcost: 9.693896
iter=11100 : Reward: 0.155800 Predcost: 9.719222
iter=11200 : Reward: 0.159400 Predcost: 9.677776
iter=11300 : Reward: 0.153300 Predcost: 9.748001
iter=11400 : Reward: 0.151700 Predcost: 9.766423
iter=11500 : Reward: 0.160400 Predcost: 9.666263
iter=11600 : Reward: 0.157900 Predcost: 9.695043
iter=11700 : Reward: 0.156400 Predcost: 9.712310
iter=11800 : Reward: 0.154400 Predcost: 9.735338
iter=11900 : Reward: 0.160000 Predcost: 9.670864
iter=12000 : Reward: 0.160200 Predcost: 9.668562
iter=12100 : Reward: 0.156400 Predcost: 9.712311
iter=12200 : Reward: 0.165300 Predcost: 9.609846
iter=12300 : Reward: 0.169900 Predcost: 9.556886
iter=12400 : Reward: 0.161800 Predcost: 9.650141
iter=12500 : Reward: 0.156700 Predcost: 9.708857
iter=12600 : Reward: 0.157800 Predcost: 9.696193
iter=12700 : Reward: 0.157200 Predcost: 9.703101
iter=12800 : Reward: 0.157200 Predcost: 9.703101
iter=12900 : Reward: 0.154800 Predcost: 9.730731
iter=13000 : Reward: 0.159000 Predcost: 9.682377
iter=13100 : Reward: 0.165600 Predcost: 9.606392
iter=13200 : Reward: 0.160800 Predcost: 9.661654
iter=13300 : Reward: 0.152600 Predcost: 9.756060
iter=13400 : Reward: 0.157600 Predcost: 9.698495
iter=13500 : Reward: 0.159200 Predcost: 9.680074
iter=13600 : Reward: 0.157700 Predcost: 9.697344
iter=13700 : Reward: 0.152700 Predcost: 9.754909
iter=13800 : Reward: 0.161000 Predcost: 9.659351
iter=13900 : Reward: 0.156900 Predcost: 9.706554
iter=14000 : Reward: 0.154800 Predcost: 9.730731
iter=14100 : Reward: 0.159500 Predcost: 9.676621
iter=14200 : Reward: 0.161700 Predcost: 9.651292
iter=14300 : Reward: 0.162500 Predcost: 9.642082
iter=14400 : Reward: 0.160100 Predcost: 9.669713
iter=14500 : Reward: 0.161200 Predcost: 9.657049
iter=14600 : Reward: 0.155600 Predcost: 9.721521
iter=14700 : Reward: 0.157000 Predcost: 9.705403
iter=14800 : Reward: 0.156600 Predcost: 9.710008
iter=14900 : Reward: 0.154800 Predcost: 9.730732
iter=15000 : Reward: 0.159100 Predcost: 9.681226
iter=15100 : Reward: 0.155600 Predcost: 9.721521
iter=15200 : Reward: 0.161800 Predcost: 9.650141
iter=15300 : Reward: 0.159100 Predcost: 9.681227
iter=15400 : Reward: 0.158300 Predcost: 9.690436
iter=15500 : Reward: 0.156000 Predcost: 9.716916
iter=15600 : Reward: 0.165000 Predcost: 9.613299
iter=15700 : Reward: 0.158600 Predcost: 9.686983
iter=15800 : Reward: 0.157500 Predcost: 9.699648
iter=15900 : Reward: 0.160500 Predcost: 9.665107
iter=16000 : Reward: 0.159700 Predcost: 9.674319
ACCURACY: 0.0663333331918
Model saved in file: model_runs/BASIC_DRAM_run_4/classifymodel_16000.ckpt
--- 5529.098011 CPU seconds ---
iter=16100 : Reward: 0.160800 Predcost: 9.661655
iter=16200 : Reward: 0.154400 Predcost: 9.735338
iter=16300 : Reward: 0.156800 Predcost: 9.707708
iter=16400 : Reward: 0.161700 Predcost: 9.651295
iter=16500 : Reward: 0.154200 Predcost: 9.737648
iter=16600 : Reward: 0.161900 Predcost: 9.648991
iter=16700 : Reward: 0.155700 Predcost: 9.720370
iter=16800 : Reward: 0.160500 Predcost: 9.665110
iter=16900 : Reward: 0.157700 Predcost: 9.697347
iter=17000 : Reward: 0.160300 Predcost: 9.667411
iter=17100 : Reward: 0.154100 Predcost: 9.738790
iter=17200 : Reward: 0.158300 Predcost: 9.690436
iter=17300 : Reward: 0.153800 Predcost: 9.742244
iter=17400 : Reward: 0.159600 Predcost: 9.675469
iter=17500 : Reward: 0.154100 Predcost: 9.738790
iter=17600 : Reward: 0.158300 Predcost: 9.690436
iter=17700 : Reward: 0.163800 Predcost: 9.627115
iter=17800 : Reward: 0.159100 Predcost: 9.681226
iter=17900 : Reward: 0.154800 Predcost: 9.730731
iter=18000 : Reward: 0.158300 Predcost: 9.690436
iter=18100 : Reward: 0.161100 Predcost: 9.658200
iter=18200 : Reward: 0.159400 Predcost: 9.677772
iter=18300 : Reward: 0.156500 Predcost: 9.711159
iter=18400 : Reward: 0.159500 Predcost: 9.676620
iter=18500 : Reward: 0.151000 Predcost: 9.774480
iter=18600 : Reward: 0.161300 Predcost: 9.655897
iter=18700 : Reward: 0.157700 Predcost: 9.697344
iter=18800 : Reward: 0.160300 Predcost: 9.667410
iter=18900 : Reward: 0.165000 Predcost: 9.613299
iter=19000 : Reward: 0.158700 Predcost: 9.685831
iter=19100 : Reward: 0.167600 Predcost: 9.583366
iter=19200 : Reward: 0.160700 Predcost: 9.662805
iter=19300 : Reward: 0.155500 Predcost: 9.722672
iter=19400 : Reward: 0.162100 Predcost: 9.646687
iter=19500 : Reward: 0.163100 Predcost: 9.635174
iter=19600 : Reward: 0.162200 Predcost: 9.645535
iter=19700 : Reward: 0.161100 Predcost: 9.658200
iter=19800 : Reward: 0.158800 Predcost: 9.684679
iter=19900 : Reward: 0.163400 Predcost: 9.631720
iter=20000 : Reward: 0.153800 Predcost: 9.742244
iter=20100 : Reward: 0.162600 Predcost: 9.640930
iter=20200 : Reward: 0.155700 Predcost: 9.720370
iter=20300 : Reward: 0.162000 Predcost: 9.647838
iter=20400 : Reward: 0.161100 Predcost: 9.658200
iter=20500 : Reward: 0.151900 Predcost: 9.764119
iter=20600 : Reward: 0.158800 Predcost: 9.684679
iter=20700 : Reward: 0.156300 Predcost: 9.713462
iter=20800 : Reward: 0.158300 Predcost: 9.690436
iter=20900 : Reward: 0.157200 Predcost: 9.703100
iter=21000 : Reward: 0.156600 Predcost: 9.710008
iter=21100 : Reward: 0.160000 Predcost: 9.670864
iter=21200 : Reward: 0.158300 Predcost: 9.690436
iter=21300 : Reward: 0.155400 Predcost: 9.723823
iter=21400 : Reward: 0.154900 Predcost: 9.729580
iter=21500 : Reward: 0.152400 Predcost: 9.758362
iter=21600 : Reward: 0.153900 Predcost: 9.741093
iter=21700 : Reward: 0.159900 Predcost: 9.672015
iter=21800 : Reward: 0.164700 Predcost: 9.616753
iter=21900 : Reward: 0.166100 Predcost: 9.600635
iter=22000 : Reward: 0.157900 Predcost: 9.695041
iter=22100 : Reward: 0.161200 Predcost: 9.657048
iter=22200 : Reward: 0.160200 Predcost: 9.668561
iter=22300 : Reward: 0.159400 Predcost: 9.677772
iter=22400 : Reward: 0.152100 Predcost: 9.761816
iter=22500 : Reward: 0.155600 Predcost: 9.721521
iter=22600 : Reward: 0.158100 Predcost: 9.692739
iter=22700 : Reward: 0.159600 Predcost: 9.675469
iter=22800 : Reward: 0.155500 Predcost: 9.722672
iter=22900 : Reward: 0.161100 Predcost: 9.658200
iter=23000 : Reward: 0.160500 Predcost: 9.665107
iter=23100 : Reward: 0.149500 Predcost: 9.791750
iter=23200 : Reward: 0.158000 Predcost: 9.693890
iter=23300 : Reward: 0.161700 Predcost: 9.651292
iter=23400 : Reward: 0.158200 Predcost: 9.691587
iter=23500 : Reward: 0.156800 Predcost: 9.707705
iter=23600 : Reward: 0.157800 Predcost: 9.696192
iter=23700 : Reward: 0.158100 Predcost: 9.692739
iter=23800 : Reward: 0.163300 Predcost: 9.632871
iter=23900 : Reward: 0.151800 Predcost: 9.765270
iter=24000 : Reward: 0.159500 Predcost: 9.676620
iter=24100 : Reward: 0.156600 Predcost: 9.710008
iter=24200 : Reward: 0.156700 Predcost: 9.708857
iter=24300 : Reward: 0.156800 Predcost: 9.707705
iter=24400 : Reward: 0.158700 Predcost: 9.685831
iter=24500 : Reward: 0.158900 Predcost: 9.683528
iter=24600 : Reward: 0.153300 Predcost: 9.748001
iter=24700 : Reward: 0.153200 Predcost: 9.749152
iter=24800 : Reward: 0.153400 Predcost: 9.746849
iter=24900 : Reward: 0.156900 Predcost: 9.706554
iter=25000 : Reward: 0.160500 Predcost: 9.665108
iter=25100 : Reward: 0.159900 Predcost: 9.672015
iter=25200 : Reward: 0.162100 Predcost: 9.646687
iter=25300 : Reward: 0.155800 Predcost: 9.719218
iter=25400 : Reward: 0.163100 Predcost: 9.635174
iter=25500 : Reward: 0.158800 Predcost: 9.684679
iter=25600 : Reward: 0.158500 Predcost: 9.688133
iter=25700 : Reward: 0.156900 Predcost: 9.706554
iter=25800 : Reward: 0.157100 Predcost: 9.704251
iter=25900 : Reward: 0.154500 Predcost: 9.734185
iter=26000 : Reward: 0.170000 Predcost: 9.555735
iter=26100 : Reward: 0.158600 Predcost: 9.686983
iter=26200 : Reward: 0.154700 Predcost: 9.731884
iter=26300 : Reward: 0.159000 Predcost: 9.682378
iter=26400 : Reward: 0.158200 Predcost: 9.691588
iter=26500 : Reward: 0.164800 Predcost: 9.615602
iter=26600 : Reward: 0.164600 Predcost: 9.617905
iter=26700 : Reward: 0.161100 Predcost: 9.658200
iter=26800 : Reward: 0.151200 Predcost: 9.772179
iter=26900 : Reward: 0.157600 Predcost: 9.698495
iter=27000 : Reward: 0.155400 Predcost: 9.723825
iter=27100 : Reward: 0.160700 Predcost: 9.662805
iter=27200 : Reward: 0.156900 Predcost: 9.706554
iter=27300 : Reward: 0.158600 Predcost: 9.686982
iter=27400 : Reward: 0.152500 Predcost: 9.757211
iter=27500 : Reward: 0.157100 Predcost: 9.704252
iter=27600 : Reward: 0.158700 Predcost: 9.685831
iter=27700 : Reward: 0.149200 Predcost: 9.795204
iter=27800 : Reward: 0.160800 Predcost: 9.661654
iter=27900 : Reward: 0.161700 Predcost: 9.651292
iter=28000 : Reward: 0.155400 Predcost: 9.723824
iter=28100 : Reward: 0.160400 Predcost: 9.666259
iter=28200 : Reward: 0.154100 Predcost: 9.738790
iter=28300 : Reward: 0.158200 Predcost: 9.691587
iter=28400 : Reward: 0.159800 Predcost: 9.673166
iter=28500 : Reward: 0.157800 Predcost: 9.696192
iter=28600 : Reward: 0.160300 Predcost: 9.667410
iter=28700 : Reward: 0.153900 Predcost: 9.741093
iter=28800 : Reward: 0.154900 Predcost: 9.729580
iter=28900 : Reward: 0.164000 Predcost: 9.624812
iter=29000 : Reward: 0.160900 Predcost: 9.660502
iter=29100 : Reward: 0.157500 Predcost: 9.699646
iter=29200 : Reward: 0.156600 Predcost: 9.710008
iter=29300 : Reward: 0.154300 Predcost: 9.736488
iter=29400 : Reward: 0.156300 Predcost: 9.713462
iter=29500 : Reward: 0.157300 Predcost: 9.701949
iter=29600 : Reward: 0.167500 Predcost: 9.584517
iter=29700 : Reward: 0.157300 Predcost: 9.701949
iter=29800 : Reward: 0.152400 Predcost: 9.758362
iter=29900 : Reward: 0.158400 Predcost: 9.689285
iter=30000 : Reward: 0.160400 Predcost: 9.666259
iter=30100 : Reward: 0.154400 Predcost: 9.735336
iter=30200 : Reward: 0.156600 Predcost: 9.710008
iter=30300 : Reward: 0.161700 Predcost: 9.651292
iter=30400 : Reward: 0.159100 Predcost: 9.681226
iter=30500 : Reward: 0.164700 Predcost: 9.616753
iter=30600 : Reward: 0.161900 Predcost: 9.648989
iter=30700 : Reward: 0.165800 Predcost: 9.604089
iter=30800 : Reward: 0.152500 Predcost: 9.757211
iter=30900 : Reward: 0.162900 Predcost: 9.637476
iter=31000 : Reward: 0.158700 Predcost: 9.685831
iter=31100 : Reward: 0.156500 Predcost: 9.711160
iter=31200 : Reward: 0.160700 Predcost: 9.662806
iter=31300 : Reward: 0.163800 Predcost: 9.627115
iter=31400 : Reward: 0.158900 Predcost: 9.683529
iter=31500 : Reward: 0.151600 Predcost: 9.767574
iter=31600 : Reward: 0.156500 Predcost: 9.711160
iter=31700 : Reward: 0.165600 Predcost: 9.606391
iter=31800 : Reward: 0.163900 Predcost: 9.625963
iter=31900 : Reward: 0.158200 Predcost: 9.691587
iter=32000 : Reward: 0.155000 Predcost: 9.728430
ACCURACY: 0.0687333331009
Model saved in file: model_runs/BASIC_DRAM_run_4/classifymodel_32000.ckpt
--- 11065.702584 CPU seconds ---
iter=32100 : Reward: 0.157300 Predcost: 9.701949
iter=32200 : Reward: 0.158500 Predcost: 9.688134
iter=32300 : Reward: 0.159100 Predcost: 9.681226
iter=32400 : Reward: 0.156900 Predcost: 9.706554
iter=32500 : Reward: 0.153400 Predcost: 9.746850
iter=32600 : Reward: 0.153200 Predcost: 9.749152
iter=32700 : Reward: 0.164300 Predcost: 9.621358
iter=32800 : Reward: 0.155600 Predcost: 9.721521
iter=32900 : Reward: 0.154400 Predcost: 9.735337
iter=33000 : Reward: 0.163500 Predcost: 9.630569
