['BASIC_classify_blobs.py', 'BASIC_DRAM_run_5', 'true', 'true', 'true', 'true', 'true', 'model_runs/BASIC_DRAM_run_5/classify_log.csv', 'model_runs/BASIC_DRAM_run_5/classifymodel_0.ckpt', 'model_runs/BASIC_DRAM_run_5/classifymodel_', 'model_runs/BASIC_DRAM_run_5/zzzdraw_data_5000.npy', 'false', 'true', 'false', 'false', 'true']
2017-10-14 20:29:46.954479: W tensorflow/core/platform/cpu_feature_guard.cc:45] The TensorFlow library wasn't compiled to use SSE4.1 instructions, but these are available on your machine and could speed up CPU computations.
2017-10-14 20:29:46.954541: W tensorflow/core/platform/cpu_feature_guard.cc:45] The TensorFlow library wasn't compiled to use SSE4.2 instructions, but these are available on your machine and could speed up CPU computations.
2017-10-14 20:29:46.954552: W tensorflow/core/platform/cpu_feature_guard.cc:45] The TensorFlow library wasn't compiled to use AVX instructions, but these are available on your machine and could speed up CPU computations.
2017-10-14 20:29:46.954561: W tensorflow/core/platform/cpu_feature_guard.cc:45] The TensorFlow library wasn't compiled to use AVX2 instructions, but these are available on your machine and could speed up CPU computations.
2017-10-14 20:29:46.954570: W tensorflow/core/platform/cpu_feature_guard.cc:45] The TensorFlow library wasn't compiled to use FMA instructions, but these are available on your machine and could speed up CPU computations.
iter=0 : Reward: 0.001100 Predcost: 0.100379
ACCURACY: 0.483066663345
Model saved in file: model_runs/BASIC_DRAM_run_5/classifymodel_0.ckpt
--- 5.1446400000000025 CPU seconds ---
iter=100 : Reward: 0.207700 Predcost: 8.645790
iter=200 : Reward: 0.446200 Predcost: 6.161972
ACCURACY: 0.464066665173
Model saved in file: model_runs/BASIC_DRAM_run_5/classifymodel_250.ckpt
--- 94.95671300000001 CPU seconds ---
iter=300 : Reward: 0.622700 Predcost: 4.305123
iter=400 : Reward: 0.628200 Predcost: 4.280520
iter=500 : Reward: 0.635400 Predcost: 4.197623
ACCURACY: 0.469266664584
Model saved in file: model_runs/BASIC_DRAM_run_5/classifymodel_500.ckpt
--- 182.23536300000006 CPU seconds ---
iter=600 : Reward: 0.626900 Predcost: 4.295487
iter=700 : Reward: 0.627000 Predcost: 4.294338
iter=800 : Reward: 0.629500 Predcost: 4.265551
iter=900 : Reward: 0.640900 Predcost: 4.134303
iter=1000 : Reward: 0.630300 Predcost: 4.256338
ACCURACY: 0.469199995995
Model saved in file: model_runs/BASIC_DRAM_run_5/classifymodel_1000.ckpt
--- 359.29795800000005 CPU seconds ---
iter=1100 : Reward: 0.640900 Predcost: 4.134304
iter=1200 : Reward: 0.635400 Predcost: 4.197621
iter=1300 : Reward: 0.629400 Predcost: 4.266699
iter=1400 : Reward: 0.638900 Predcost: 4.157328
iter=1500 : Reward: 0.628100 Predcost: 4.281667
iter=1600 : Reward: 0.637000 Predcost: 4.179203
iter=1700 : Reward: 0.638300 Predcost: 4.164236
iter=1800 : Reward: 0.628100 Predcost: 4.281663
iter=1900 : Reward: 0.626700 Predcost: 4.297783
iter=2000 : Reward: 0.632800 Predcost: 4.227554
ACCURACY: 0.471133330663
Model saved in file: model_runs/BASIC_DRAM_run_5/classifymodel_2000.ckpt
--- 712.768343 CPU seconds ---
iter=2100 : Reward: 0.642200 Predcost: 4.119332
iter=2200 : Reward: 0.626400 Predcost: 4.301238
iter=2300 : Reward: 0.628200 Predcost: 4.280514
iter=2400 : Reward: 0.634800 Predcost: 4.204525
iter=2500 : Reward: 0.626400 Predcost: 4.301236
iter=2600 : Reward: 0.631300 Predcost: 4.244822
iter=2700 : Reward: 0.632500 Predcost: 4.231007
iter=2800 : Reward: 0.627600 Predcost: 4.287419
iter=2900 : Reward: 0.631700 Predcost: 4.240217
iter=3000 : Reward: 0.634700 Predcost: 4.205678
iter=3100 : Reward: 0.636200 Predcost: 4.188404
iter=3200 : Reward: 0.630800 Predcost: 4.250575
iter=3300 : Reward: 0.625700 Predcost: 4.309289
iter=3400 : Reward: 0.638100 Predcost: 4.166533
iter=3500 : Reward: 0.635000 Predcost: 4.202221
iter=3600 : Reward: 0.633100 Predcost: 4.224096
iter=3700 : Reward: 0.633600 Predcost: 4.218339
iter=3800 : Reward: 0.632100 Predcost: 4.235608
iter=3900 : Reward: 0.634500 Predcost: 4.207977
iter=4000 : Reward: 0.628500 Predcost: 4.277054
ACCURACY: 0.464199997981
Model saved in file: model_runs/BASIC_DRAM_run_5/classifymodel_4000.ckpt
--- 1416.864555 CPU seconds ---
iter=4100 : Reward: 0.623200 Predcost: 4.338074
iter=4200 : Reward: 0.630000 Predcost: 4.259784
iter=4300 : Reward: 0.636200 Predcost: 4.188407
iter=4400 : Reward: 0.636000 Predcost: 4.190710
iter=4500 : Reward: 0.630300 Predcost: 4.256333
iter=4600 : Reward: 0.637100 Predcost: 4.178044
iter=4700 : Reward: 0.635600 Predcost: 4.195315
iter=4800 : Reward: 0.630200 Predcost: 4.257484
iter=4900 : Reward: 0.636600 Predcost: 4.183799
iter=5000 : Reward: 0.624500 Predcost: 4.323109
iter=5100 : Reward: 0.631600 Predcost: 4.241366
iter=5200 : Reward: 0.633400 Predcost: 4.220644
iter=5300 : Reward: 0.635200 Predcost: 4.199918
iter=5400 : Reward: 0.646900 Predcost: 4.065217
iter=5500 : Reward: 0.633600 Predcost: 4.218340
iter=5600 : Reward: 0.629500 Predcost: 4.265541
iter=5700 : Reward: 0.632400 Predcost: 4.232157
iter=5800 : Reward: 0.635900 Predcost: 4.191861
iter=5900 : Reward: 0.635000 Predcost: 4.202222
iter=6000 : Reward: 0.634600 Predcost: 4.206828
iter=6100 : Reward: 0.629800 Predcost: 4.262088
iter=6200 : Reward: 0.623400 Predcost: 4.335772
iter=6300 : Reward: 0.632100 Predcost: 4.235609
iter=6400 : Reward: 0.633000 Predcost: 4.225246
iter=6500 : Reward: 0.630800 Predcost: 4.250575
iter=6600 : Reward: 0.633700 Predcost: 4.217187
iter=6700 : Reward: 0.636600 Predcost: 4.183799
iter=6800 : Reward: 0.638900 Predcost: 4.157324
iter=6900 : Reward: 0.633700 Predcost: 4.217188
iter=7000 : Reward: 0.631800 Predcost: 4.239062
iter=7100 : Reward: 0.631800 Predcost: 4.239060
iter=7200 : Reward: 0.633400 Predcost: 4.220639
iter=7300 : Reward: 0.634800 Predcost: 4.204522
iter=7400 : Reward: 0.635600 Predcost: 4.195313
iter=7500 : Reward: 0.635600 Predcost: 4.195312
iter=7600 : Reward: 0.635600 Predcost: 4.195311
iter=7700 : Reward: 0.642200 Predcost: 4.119325
iter=7800 : Reward: 0.629100 Predcost: 4.270146
iter=7900 : Reward: 0.638500 Predcost: 4.161924
iter=8000 : Reward: 0.631600 Predcost: 4.241362
ACCURACY: 0.465933329662
Model saved in file: model_runs/BASIC_DRAM_run_5/classifymodel_8000.ckpt
--- 2797.597136 CPU seconds ---
iter=8100 : Reward: 0.623100 Predcost: 4.339223
iter=8200 : Reward: 0.640900 Predcost: 4.134293
iter=8300 : Reward: 0.635500 Predcost: 4.196463
iter=8400 : Reward: 0.636000 Predcost: 4.190706
iter=8500 : Reward: 0.632900 Predcost: 4.226395
iter=8600 : Reward: 0.629200 Predcost: 4.268995
iter=8700 : Reward: 0.626000 Predcost: 4.305836
iter=8800 : Reward: 0.630200 Predcost: 4.257481
iter=8900 : Reward: 0.634700 Predcost: 4.205673
iter=9000 : Reward: 0.635600 Predcost: 4.195312
iter=9100 : Reward: 0.636000 Predcost: 4.190705
iter=9200 : Reward: 0.631500 Predcost: 4.242515
iter=9300 : Reward: 0.627400 Predcost: 4.289718
iter=9400 : Reward: 0.631600 Predcost: 4.241364
iter=9500 : Reward: 0.627000 Predcost: 4.294322
iter=9600 : Reward: 0.625100 Predcost: 4.316196
iter=9700 : Reward: 0.629100 Predcost: 4.270145
iter=9800 : Reward: 0.633400 Predcost: 4.220640
iter=9900 : Reward: 0.634800 Predcost: 4.204521
iter=10000 : Reward: 0.627900 Predcost: 4.283960
iter=10100 : Reward: 0.635700 Predcost: 4.194160
iter=10200 : Reward: 0.637200 Predcost: 4.176890
iter=10300 : Reward: 0.635400 Predcost: 4.197613
iter=10400 : Reward: 0.633500 Predcost: 4.219488
iter=10500 : Reward: 0.633100 Predcost: 4.224094
iter=10600 : Reward: 0.635100 Predcost: 4.201067
iter=10700 : Reward: 0.635800 Predcost: 4.193010
iter=10800 : Reward: 0.629500 Predcost: 4.265540
iter=10900 : Reward: 0.636600 Predcost: 4.183798
iter=11000 : Reward: 0.634400 Predcost: 4.209126
iter=11100 : Reward: 0.618300 Predcost: 4.394486
iter=11200 : Reward: 0.632100 Predcost: 4.235607
iter=11300 : Reward: 0.646600 Predcost: 4.068669
iter=11400 : Reward: 0.629800 Predcost: 4.262087
iter=11500 : Reward: 0.638000 Predcost: 4.167679
iter=11600 : Reward: 0.632100 Predcost: 4.235606
iter=11700 : Reward: 0.637800 Predcost: 4.169983
iter=11800 : Reward: 0.631900 Predcost: 4.237910
iter=11900 : Reward: 0.619100 Predcost: 4.385276
iter=12000 : Reward: 0.634500 Predcost: 4.207975
iter=12100 : Reward: 0.637900 Predcost: 4.168831
iter=12200 : Reward: 0.632900 Predcost: 4.226396
iter=12300 : Reward: 0.627900 Predcost: 4.283960
iter=12400 : Reward: 0.640100 Predcost: 4.143503
iter=12500 : Reward: 0.630500 Predcost: 4.254027
iter=12600 : Reward: 0.639900 Predcost: 4.145805
iter=12700 : Reward: 0.637100 Predcost: 4.178042
iter=12800 : Reward: 0.637300 Predcost: 4.175739
iter=12900 : Reward: 0.635700 Predcost: 4.194158
iter=13000 : Reward: 0.629700 Predcost: 4.263237
iter=13100 : Reward: 0.642500 Predcost: 4.115871
iter=13200 : Reward: 0.631400 Predcost: 4.243664
iter=13300 : Reward: 0.635100 Predcost: 4.201067
iter=13400 : Reward: 0.631700 Predcost: 4.240210
iter=13500 : Reward: 0.632700 Predcost: 4.228697
iter=13600 : Reward: 0.626300 Predcost: 4.302381
iter=13700 : Reward: 0.632500 Predcost: 4.231001
iter=13800 : Reward: 0.626100 Predcost: 4.304683
iter=13900 : Reward: 0.632000 Predcost: 4.236758
iter=14000 : Reward: 0.629400 Predcost: 4.266691
iter=14100 : Reward: 0.642500 Predcost: 4.115870
iter=14200 : Reward: 0.632000 Predcost: 4.236756
iter=14300 : Reward: 0.633700 Predcost: 4.217184
iter=14400 : Reward: 0.633200 Predcost: 4.222940
iter=14500 : Reward: 0.636600 Predcost: 4.183796
iter=14600 : Reward: 0.627500 Predcost: 4.288564
iter=14700 : Reward: 0.631700 Predcost: 4.240210
iter=14800 : Reward: 0.639100 Predcost: 4.155014
iter=14900 : Reward: 0.631800 Predcost: 4.239058
iter=15000 : Reward: 0.639300 Predcost: 4.152712
iter=15100 : Reward: 0.635300 Predcost: 4.198763
iter=15200 : Reward: 0.636200 Predcost: 4.188401
iter=15300 : Reward: 0.632300 Predcost: 4.233303
iter=15400 : Reward: 0.632600 Predcost: 4.229849
iter=15500 : Reward: 0.635200 Predcost: 4.199915
iter=15600 : Reward: 0.631200 Predcost: 4.245966
iter=15700 : Reward: 0.632400 Predcost: 4.232150
iter=15800 : Reward: 0.628300 Predcost: 4.279354
iter=15900 : Reward: 0.634400 Predcost: 4.209125
iter=16000 : Reward: 0.634600 Predcost: 4.206823
ACCURACY: 0.464466664592
Model saved in file: model_runs/BASIC_DRAM_run_5/classifymodel_16000.ckpt
--- 5551.460066 CPU seconds ---
iter=16100 : Reward: 0.642800 Predcost: 4.112418
iter=16200 : Reward: 0.628000 Predcost: 4.282808
iter=16300 : Reward: 0.627200 Predcost: 4.292018
iter=16400 : Reward: 0.634500 Predcost: 4.207974
iter=16500 : Reward: 0.635000 Predcost: 4.202219
iter=16600 : Reward: 0.634600 Predcost: 4.206822
iter=16700 : Reward: 0.634000 Predcost: 4.213731
iter=16800 : Reward: 0.629600 Predcost: 4.264387
iter=16900 : Reward: 0.625000 Predcost: 4.317347
iter=17000 : Reward: 0.635000 Predcost: 4.202218
iter=17100 : Reward: 0.620600 Predcost: 4.368003
iter=17200 : Reward: 0.634000 Predcost: 4.213729
iter=17300 : Reward: 0.635700 Predcost: 4.194157
iter=17400 : Reward: 0.636300 Predcost: 4.187250
iter=17500 : Reward: 0.639800 Predcost: 4.146955
iter=17600 : Reward: 0.628700 Predcost: 4.274748
iter=17700 : Reward: 0.632300 Predcost: 4.233302
iter=17800 : Reward: 0.629300 Predcost: 4.267841
iter=17900 : Reward: 0.636800 Predcost: 4.181494
iter=18000 : Reward: 0.625400 Predcost: 4.312741
iter=18100 : Reward: 0.640100 Predcost: 4.143501
iter=18200 : Reward: 0.632500 Predcost: 4.230999
iter=18300 : Reward: 0.631100 Predcost: 4.247117
iter=18400 : Reward: 0.629500 Predcost: 4.265537
iter=18500 : Reward: 0.630500 Predcost: 4.254025
iter=18600 : Reward: 0.631900 Predcost: 4.237908
iter=18700 : Reward: 0.636500 Predcost: 4.184947
iter=18800 : Reward: 0.630700 Predcost: 4.251723
iter=18900 : Reward: 0.635700 Predcost: 4.194158
iter=19000 : Reward: 0.634600 Predcost: 4.206822
iter=19100 : Reward: 0.628400 Predcost: 4.278203
iter=19200 : Reward: 0.628500 Predcost: 4.277051
iter=19300 : Reward: 0.635600 Predcost: 4.195309
iter=19400 : Reward: 0.636300 Predcost: 4.187250
iter=19500 : Reward: 0.628400 Predcost: 4.278202
iter=19600 : Reward: 0.632600 Predcost: 4.229848
iter=19700 : Reward: 0.638500 Predcost: 4.161922
iter=19800 : Reward: 0.632600 Predcost: 4.229848
iter=19900 : Reward: 0.640500 Predcost: 4.138896
iter=20000 : Reward: 0.630100 Predcost: 4.258630
iter=20100 : Reward: 0.643300 Predcost: 4.106659
iter=20200 : Reward: 0.630200 Predcost: 4.257479
iter=20300 : Reward: 0.632100 Predcost: 4.235605
iter=20400 : Reward: 0.631200 Predcost: 4.245966
iter=20500 : Reward: 0.629000 Predcost: 4.271294
iter=20600 : Reward: 0.634500 Predcost: 4.207973
iter=20700 : Reward: 0.629700 Predcost: 4.263235
iter=20800 : Reward: 0.635200 Predcost: 4.199914
iter=20900 : Reward: 0.629700 Predcost: 4.263236
iter=21000 : Reward: 0.629900 Predcost: 4.260933
iter=21100 : Reward: 0.638700 Predcost: 4.159619
iter=21200 : Reward: 0.637300 Predcost: 4.175736
iter=21300 : Reward: 0.637500 Predcost: 4.173434
iter=21400 : Reward: 0.633900 Predcost: 4.214880
iter=21500 : Reward: 0.631500 Predcost: 4.242512
iter=21600 : Reward: 0.640600 Predcost: 4.137744
iter=21700 : Reward: 0.642400 Predcost: 4.117020
iter=21800 : Reward: 0.626500 Predcost: 4.300076
iter=21900 : Reward: 0.627300 Predcost: 4.290866
iter=22000 : Reward: 0.626300 Predcost: 4.302378
iter=22100 : Reward: 0.631200 Predcost: 4.245966
iter=22200 : Reward: 0.639700 Predcost: 4.148106
iter=22300 : Reward: 0.637000 Predcost: 4.179191
iter=22400 : Reward: 0.629600 Predcost: 4.264386
iter=22500 : Reward: 0.635100 Predcost: 4.201065
iter=22600 : Reward: 0.628200 Predcost: 4.280505
iter=22700 : Reward: 0.629100 Predcost: 4.270143
iter=22800 : Reward: 0.627300 Predcost: 4.290866
iter=22900 : Reward: 0.632600 Predcost: 4.229847
iter=23000 : Reward: 0.634900 Predcost: 4.203368
iter=23100 : Reward: 0.622500 Predcost: 4.346129
iter=23200 : Reward: 0.630800 Predcost: 4.250571
iter=23300 : Reward: 0.630200 Predcost: 4.257479
iter=23400 : Reward: 0.635400 Predcost: 4.197612
iter=23500 : Reward: 0.637500 Predcost: 4.173434
iter=23600 : Reward: 0.628300 Predcost: 4.279353
iter=23700 : Reward: 0.634100 Predcost: 4.212578
iter=23800 : Reward: 0.629800 Predcost: 4.262084
iter=23900 : Reward: 0.646200 Predcost: 4.073271
iter=24000 : Reward: 0.629300 Predcost: 4.267841
iter=24100 : Reward: 0.632400 Predcost: 4.232150
iter=24200 : Reward: 0.632000 Predcost: 4.236755
iter=24300 : Reward: 0.633200 Predcost: 4.222940
iter=24400 : Reward: 0.637300 Predcost: 4.175737
iter=24500 : Reward: 0.626500 Predcost: 4.300077
iter=24600 : Reward: 0.628700 Predcost: 4.274748
iter=24700 : Reward: 0.633100 Predcost: 4.224091
iter=24800 : Reward: 0.638500 Predcost: 4.161921
iter=24900 : Reward: 0.631600 Predcost: 4.241360
iter=25000 : Reward: 0.629900 Predcost: 4.260933
iter=25100 : Reward: 0.637300 Predcost: 4.175736
iter=25200 : Reward: 0.623400 Predcost: 4.335766
iter=25300 : Reward: 0.638200 Predcost: 4.165375
iter=25400 : Reward: 0.636500 Predcost: 4.184947
iter=25500 : Reward: 0.635200 Predcost: 4.199914
iter=25600 : Reward: 0.631900 Predcost: 4.237906
iter=25700 : Reward: 0.633500 Predcost: 4.219486
iter=25800 : Reward: 0.632600 Predcost: 4.229847
iter=25900 : Reward: 0.635000 Predcost: 4.202216
iter=26000 : Reward: 0.631300 Predcost: 4.244814
iter=26100 : Reward: 0.643200 Predcost: 4.107810
iter=26200 : Reward: 0.636400 Predcost: 4.186098
iter=26300 : Reward: 0.637100 Predcost: 4.178040
iter=26400 : Reward: 0.632900 Predcost: 4.226393
iter=26500 : Reward: 0.626900 Predcost: 4.295471
iter=26600 : Reward: 0.634100 Predcost: 4.212578
iter=26700 : Reward: 0.630800 Predcost: 4.250571
iter=26800 : Reward: 0.627600 Predcost: 4.287412
iter=26900 : Reward: 0.636800 Predcost: 4.181493
iter=27000 : Reward: 0.638800 Predcost: 4.158467
iter=27100 : Reward: 0.631100 Predcost: 4.247118
iter=27200 : Reward: 0.635500 Predcost: 4.196460
iter=27300 : Reward: 0.637100 Predcost: 4.178039
iter=27400 : Reward: 0.627700 Predcost: 4.286261
iter=27500 : Reward: 0.635100 Predcost: 4.201065
iter=27600 : Reward: 0.639400 Predcost: 4.151560
iter=27700 : Reward: 0.635800 Predcost: 4.193007
iter=27800 : Reward: 0.639800 Predcost: 4.146954
iter=27900 : Reward: 0.627700 Predcost: 4.286262
iter=28000 : Reward: 0.634900 Predcost: 4.203368
iter=28100 : Reward: 0.635400 Predcost: 4.197611
iter=28200 : Reward: 0.634900 Predcost: 4.203367
iter=28300 : Reward: 0.626400 Predcost: 4.301228
iter=28400 : Reward: 0.633100 Predcost: 4.224090
iter=28500 : Reward: 0.635000 Predcost: 4.202216
iter=28600 : Reward: 0.639500 Predcost: 4.150407
iter=28700 : Reward: 0.634700 Predcost: 4.205670
iter=28800 : Reward: 0.630300 Predcost: 4.256327
iter=28900 : Reward: 0.635500 Predcost: 4.196459
iter=29000 : Reward: 0.628600 Predcost: 4.275899
iter=29100 : Reward: 0.628500 Predcost: 4.277050
iter=29200 : Reward: 0.628200 Predcost: 4.280504
iter=29300 : Reward: 0.629600 Predcost: 4.264386
iter=29400 : Reward: 0.629500 Predcost: 4.265537
iter=29500 : Reward: 0.635100 Predcost: 4.201065
iter=29600 : Reward: 0.627800 Predcost: 4.285109
iter=29700 : Reward: 0.634800 Predcost: 4.204518
iter=29800 : Reward: 0.639200 Predcost: 4.153862
iter=29900 : Reward: 0.621000 Predcost: 4.363397
iter=30000 : Reward: 0.631600 Predcost: 4.241360
iter=30100 : Reward: 0.629900 Predcost: 4.260933
iter=30200 : Reward: 0.633700 Predcost: 4.217183
iter=30300 : Reward: 0.645600 Predcost: 4.080179
iter=30400 : Reward: 0.627300 Predcost: 4.290865
iter=30500 : Reward: 0.639400 Predcost: 4.151559
iter=30600 : Reward: 0.627600 Predcost: 4.287411
iter=30700 : Reward: 0.636400 Predcost: 4.186098
iter=30800 : Reward: 0.635500 Predcost: 4.196460
iter=30900 : Reward: 0.630300 Predcost: 4.256327
iter=31000 : Reward: 0.630800 Predcost: 4.250571
iter=31100 : Reward: 0.627400 Predcost: 4.289714
iter=31200 : Reward: 0.631300 Predcost: 4.244813
iter=31300 : Reward: 0.631600 Predcost: 4.241360
iter=31400 : Reward: 0.629400 Predcost: 4.266688
iter=31500 : Reward: 0.631900 Predcost: 4.237906
iter=31600 : Reward: 0.633600 Predcost: 4.218334
iter=31700 : Reward: 0.631600 Predcost: 4.241360
iter=31800 : Reward: 0.638700 Predcost: 4.159618
iter=31900 : Reward: 0.632100 Predcost: 4.235603
iter=32000 : Reward: 0.637000 Predcost: 4.179190
ACCURACY: 0.469533331196
Model saved in file: model_runs/BASIC_DRAM_run_5/classifymodel_32000.ckpt
--- 11065.270794 CPU seconds ---
iter=32100 : Reward: 0.632200 Predcost: 4.234452
iter=32200 : Reward: 0.630800 Predcost: 4.250571
iter=32300 : Reward: 0.633700 Predcost: 4.217183
iter=32400 : Reward: 0.629800 Predcost: 4.262084
iter=32500 : Reward: 0.636400 Predcost: 4.186098
iter=32600 : Reward: 0.624500 Predcost: 4.323102
iter=32700 : Reward: 0.631200 Predcost: 4.245965
iter=32800 : Reward: 0.631100 Predcost: 4.247117
iter=32900 : Reward: 0.637800 Predcost: 4.169980
iter=33000 : Reward: 0.625200 Predcost: 4.315043
iter=33100 : Reward: 0.640100 Predcost: 4.143499
iter=33200 : Reward: 0.623900 Predcost: 4.330009
iter=33300 : Reward: 0.632100 Predcost: 4.235603
