['DRAM_classify_blobs.py', 'DRAM_classify_blobs_4_run_6', 'true', 'true', 'true', 'true', 'true', 'model_runs/DRAM_classify_blobs_4_run_6/classify_log.csv', 'model_runs/DRAM_classify_blobs_4_run_6/classifymodel_0.ckpt', 'model_runs/DRAM_classify_blobs_4_run_6/classifymodel_', 'model_runs/DRAM_classify_blobs_4_run_6/zzzdraw_data_5000.npy', 'false', 'true', 'false', 'false', 'true']
2017-12-30 23:25:24.879091: W tensorflow/core/platform/cpu_feature_guard.cc:45] The TensorFlow library wasn't compiled to use SSE4.1 instructions, but these are available on your machine and could speed up CPU computations.
2017-12-30 23:25:24.879134: W tensorflow/core/platform/cpu_feature_guard.cc:45] The TensorFlow library wasn't compiled to use SSE4.2 instructions, but these are available on your machine and could speed up CPU computations.
2017-12-30 23:25:24.879141: W tensorflow/core/platform/cpu_feature_guard.cc:45] The TensorFlow library wasn't compiled to use AVX instructions, but these are available on your machine and could speed up CPU computations.
2017-12-30 23:25:24.879147: W tensorflow/core/platform/cpu_feature_guard.cc:45] The TensorFlow library wasn't compiled to use AVX2 instructions, but these are available on your machine and could speed up CPU computations.
2017-12-30 23:25:24.879152: W tensorflow/core/platform/cpu_feature_guard.cc:45] The TensorFlow library wasn't compiled to use FMA instructions, but these are available on your machine and could speed up CPU computations.
iter=0 : Reward: 0.040000
ACCURACY: 0.0275333329414
Model saved in file: model_runs/DRAM_classify_blobs_4_run_6/classifymodel_0.ckpt
--- 9.561482000000012 CPU seconds ---
iter=100 : Reward: 0.180000
iter=200 : Reward: 0.240000
ACCURACY: 0.46006666402
Model saved in file: model_runs/DRAM_classify_blobs_4_run_6/classifymodel_250.ckpt
--- 1276.1911069999999 CPU seconds ---
iter=300 : Reward: 0.340000
iter=400 : Reward: 0.570000
iter=500 : Reward: 0.670000
ACCURACY: 0.472799997528
Model saved in file: model_runs/DRAM_classify_blobs_4_run_6/classifymodel_500.ckpt
--- 2533.5232559999995 CPU seconds ---
iter=600 : Reward: 0.690000
iter=700 : Reward: 0.630000
