['DRAMcopy12.py', 'true', 'true', 'true', 'true', 'true', 'true', 'model_runs/bitty_blobs/classify_log.csv', 'model_runs/bitty_blobs/classifymodel_0.ckpt', 'model_runs/bitty_blobs/classifymodel_', 'model_runs/bitty_blobs/zzzdraw_data_5000.npy', 'false', 'true', 'false', 'false', 'true']
WARNING:tensorflow:<tensorflow.contrib.rnn.python.ops.core_rnn_cell_impl.LSTMCell object at 0x7f2b6cb6d128>: The input_size parameter is deprecated.
WARNING:tensorflow:<tensorflow.contrib.rnn.python.ops.core_rnn_cell_impl.LSTMCell object at 0x7f2b2e923c18>: The input_size parameter is deprecated.
2017-07-06 15:04:03.899453: W tensorflow/core/platform/cpu_feature_guard.cc:45] The TensorFlow library wasn't compiled to use SSE4.1 instructions, but these are available on your machine and could speed up CPU computations.
2017-07-06 15:04:03.899485: W tensorflow/core/platform/cpu_feature_guard.cc:45] The TensorFlow library wasn't compiled to use SSE4.2 instructions, but these are available on your machine and could speed up CPU computations.
2017-07-06 15:04:03.899493: W tensorflow/core/platform/cpu_feature_guard.cc:45] The TensorFlow library wasn't compiled to use AVX instructions, but these are available on your machine and could speed up CPU computations.
2017-07-06 15:04:03.899498: W tensorflow/core/platform/cpu_feature_guard.cc:45] The TensorFlow library wasn't compiled to use AVX2 instructions, but these are available on your machine and could speed up CPU computations.
2017-07-06 15:04:03.899503: W tensorflow/core/platform/cpu_feature_guard.cc:45] The TensorFlow library wasn't compiled to use FMA instructions, but these are available on your machine and could speed up CPU computations.
2017-07-06 15:04:04.009852: I tensorflow/stream_executor/cuda/cuda_gpu_executor.cc:901] successful NUMA node read from SysFS had negative value (-1), but there must be at least one NUMA node, so returning NUMA node zero
2017-07-06 15:04:04.010230: I tensorflow/core/common_runtime/gpu/gpu_device.cc:887] Found device 0 with properties: 
name: GeForce GTX 1080
major: 6 minor: 1 memoryClockRate (GHz) 1.898
pciBusID 0000:01:00.0
Total memory: 7.92GiB
Free memory: 7.03GiB
2017-07-06 15:04:04.010288: W tensorflow/stream_executor/cuda/cuda_driver.cc:485] creating context when one is currently active; existing: 0x6278b40
2017-07-06 15:04:04.105561: I tensorflow/stream_executor/cuda/cuda_gpu_executor.cc:901] successful NUMA node read from SysFS had negative value (-1), but there must be at least one NUMA node, so returning NUMA node zero
2017-07-06 15:04:04.105914: I tensorflow/core/common_runtime/gpu/gpu_device.cc:887] Found device 1 with properties: 
name: GeForce GTX 1080
major: 6 minor: 1 memoryClockRate (GHz) 1.898
pciBusID 0000:02:00.0
Total memory: 7.92GiB
Free memory: 7.59GiB
2017-07-06 15:04:04.106067: I tensorflow/core/common_runtime/gpu/gpu_device.cc:908] DMA: 0 1 
2017-07-06 15:04:04.106074: I tensorflow/core/common_runtime/gpu/gpu_device.cc:918] 0:   Y Y 
2017-07-06 15:04:04.106079: I tensorflow/core/common_runtime/gpu/gpu_device.cc:918] 1:   Y Y 
2017-07-06 15:04:04.106085: I tensorflow/core/common_runtime/gpu/gpu_device.cc:977] Creating TensorFlow device (/gpu:0) -> (device: 0, name: GeForce GTX 1080, pci bus id: 0000:01:00.0)
2017-07-06 15:04:04.106090: I tensorflow/core/common_runtime/gpu/gpu_device.cc:977] Creating TensorFlow device (/gpu:1) -> (device: 1, name: GeForce GTX 1080, pci bus id: 0000:02:00.0)
iter=0 : Reward: 0.270000

ACCURACY: 0.260749993846
Model saved in file: model_runs/bitty_blobs/classifymodel_0.ckpt
--- 1.0566980000000008 CPU seconds ---
iter=100 : Reward: 0.220000

iter=200 : Reward: 0.260000

iter=300 : Reward: 0.150000

iter=400 : Reward: 0.320000

iter=500 : Reward: 0.210000

iter=600 : Reward: 0.240000

iter=700 : Reward: 0.240000

iter=800 : Reward: 0.310000

iter=900 : Reward: 0.320000

iter=1000 : Reward: 0.260000

ACCURACY: 0.262499991432
Model saved in file: model_runs/bitty_blobs/classifymodel_1000.ckpt
--- 59.681749999999994 CPU seconds ---
iter=1100 : Reward: 0.240000

iter=1200 : Reward: 0.200000

iter=1300 : Reward: 0.180000

iter=1400 : Reward: 0.240000

iter=1500 : Reward: 0.280000

iter=1600 : Reward: 0.290000

iter=1700 : Reward: 0.220000

iter=1800 : Reward: 0.220000

iter=1900 : Reward: 0.280000

iter=2000 : Reward: 0.220000

ACCURACY: 0.25524999015
Model saved in file: model_runs/bitty_blobs/classifymodel_2000.ckpt
--- 143.022394 CPU seconds ---
iter=2100 : Reward: 0.200000

iter=2200 : Reward: 0.240000

iter=2300 : Reward: 0.250000

iter=2400 : Reward: 0.230000

iter=2500 : Reward: 0.260000

iter=2600 : Reward: 0.270000

iter=2700 : Reward: 0.300000

iter=2800 : Reward: 0.270000

iter=2900 : Reward: 0.230000

iter=3000 : Reward: 0.190000

ACCURACY: 0.249499996006
Model saved in file: model_runs/bitty_blobs/classifymodel_3000.ckpt
--- 236.82365899999996 CPU seconds ---
iter=3100 : Reward: 0.240000

iter=3200 : Reward: 0.300000

iter=3300 : Reward: 0.260000

iter=3400 : Reward: 0.270000

iter=3500 : Reward: 0.270000

iter=3600 : Reward: 0.280000

iter=3700 : Reward: 0.260000

iter=3800 : Reward: 0.240000

iter=3900 : Reward: 0.280000

iter=4000 : Reward: 0.290000

ACCURACY: 0.246249992028
Model saved in file: model_runs/bitty_blobs/classifymodel_4000.ckpt
--- 330.7281070000001 CPU seconds ---
iter=4100 : Reward: 0.240000

iter=4200 : Reward: 0.270000

iter=4300 : Reward: 0.250000

iter=4400 : Reward: 0.220000

iter=4500 : Reward: 0.290000

iter=4600 : Reward: 0.180000

iter=4700 : Reward: 0.290000

iter=4800 : Reward: 0.280000

iter=4900 : Reward: 0.290000

iter=5000 : Reward: 0.190000

ACCURACY: 0.24274998866
Model saved in file: model_runs/bitty_blobs/classifymodel_5000.ckpt
--- 426.47663500000004 CPU seconds ---
iter=5100 : Reward: 0.200000

iter=5200 : Reward: 0.270000

iter=5300 : Reward: 0.310000

iter=5400 : Reward: 0.200000

iter=5500 : Reward: 0.300000

iter=5600 : Reward: 0.300000

iter=5700 : Reward: 0.260000

iter=5800 : Reward: 0.230000

iter=5900 : Reward: 0.270000

iter=6000 : Reward: 0.320000

ACCURACY: 0.248749987036
Model saved in file: model_runs/bitty_blobs/classifymodel_6000.ckpt
--- 522.086387 CPU seconds ---
iter=6100 : Reward: 0.180000

iter=6200 : Reward: 0.270000

iter=6300 : Reward: 0.270000

iter=6400 : Reward: 0.310000

iter=6500 : Reward: 0.220000

iter=6600 : Reward: 0.250000

iter=6700 : Reward: 0.320000

iter=6800 : Reward: 0.280000

iter=6900 : Reward: 0.320000

iter=7000 : Reward: 0.240000

ACCURACY: 0.252249992266
Model saved in file: model_runs/bitty_blobs/classifymodel_7000.ckpt
--- 616.7342329999999 CPU seconds ---
iter=7100 : Reward: 0.290000

iter=7200 : Reward: 0.200000

iter=7300 : Reward: 0.260000

iter=7400 : Reward: 0.310000

iter=7500 : Reward: 0.310000

iter=7600 : Reward: 0.270000

iter=7700 : Reward: 0.250000

iter=7800 : Reward: 0.220000

iter=7900 : Reward: 0.210000

iter=8000 : Reward: 0.230000

ACCURACY: 0.254249994084
Model saved in file: model_runs/bitty_blobs/classifymodel_8000.ckpt
--- 713.4216279999998 CPU seconds ---
iter=8100 : Reward: 0.240000

iter=8200 : Reward: 0.270000

iter=8300 : Reward: 0.220000

iter=8400 : Reward: 0.190000

iter=8500 : Reward: 0.260000

iter=8600 : Reward: 0.290000

iter=8700 : Reward: 0.190000

iter=8800 : Reward: 0.240000

iter=8900 : Reward: 0.180000

iter=9000 : Reward: 0.330000

ACCURACY: 0.2462499924
Model saved in file: model_runs/bitty_blobs/classifymodel_9000.ckpt
--- 808.1411589999998 CPU seconds ---
iter=9100 : Reward: 0.210000

iter=9200 : Reward: 0.260000

iter=9300 : Reward: 0.290000

iter=9400 : Reward: 0.220000

iter=9500 : Reward: 0.240000

iter=9600 : Reward: 0.290000

iter=9700 : Reward: 0.250000

iter=9800 : Reward: 0.260000

iter=9900 : Reward: 0.190000

iter=10000 : Reward: 0.250000

ACCURACY: 0.250749992952
Model saved in file: model_runs/bitty_blobs/classifymodel_10000.ckpt
--- 902.6197939999997 CPU seconds ---
iter=10100 : Reward: 0.260000

iter=10200 : Reward: 0.310000

iter=10300 : Reward: 0.270000

iter=10400 : Reward: 0.290000

iter=10500 : Reward: 0.200000

iter=10600 : Reward: 0.200000

iter=10700 : Reward: 0.300000

iter=10800 : Reward: 0.250000

iter=10900 : Reward: 0.160000

iter=11000 : Reward: 0.260000

ACCURACY: 0.260999992117
Model saved in file: model_runs/bitty_blobs/classifymodel_11000.ckpt
--- 997.6295099999998 CPU seconds ---
iter=11100 : Reward: 0.170000

iter=11200 : Reward: 0.270000

iter=11300 : Reward: 0.210000

iter=11400 : Reward: 0.160000

iter=11500 : Reward: 0.240000

iter=11600 : Reward: 0.260000

iter=11700 : Reward: 0.190000

iter=11800 : Reward: 0.210000

iter=11900 : Reward: 0.280000

iter=12000 : Reward: 0.270000

ACCURACY: 0.241999995336
Model saved in file: model_runs/bitty_blobs/classifymodel_12000.ckpt
--- 1092.4387759999997 CPU seconds ---
iter=12100 : Reward: 0.260000

iter=12200 : Reward: 0.220000

iter=12300 : Reward: 0.210000

iter=12400 : Reward: 0.220000

iter=12500 : Reward: 0.310000

iter=12600 : Reward: 0.260000

iter=12700 : Reward: 0.270000

iter=12800 : Reward: 0.260000

iter=12900 : Reward: 0.140000

iter=13000 : Reward: 0.210000

ACCURACY: 0.244249989837
Model saved in file: model_runs/bitty_blobs/classifymodel_13000.ckpt
--- 1187.2103529999997 CPU seconds ---
iter=13100 : Reward: 0.210000

iter=13200 : Reward: 0.230000

iter=13300 : Reward: 0.250000

iter=13400 : Reward: 0.220000

iter=13500 : Reward: 0.190000

iter=13600 : Reward: 0.250000

iter=13700 : Reward: 0.160000

iter=13800 : Reward: 0.190000

iter=13900 : Reward: 0.260000

iter=14000 : Reward: 0.200000

ACCURACY: 0.255499988422
Model saved in file: model_runs/bitty_blobs/classifymodel_14000.ckpt
--- 1282.1342309999998 CPU seconds ---
iter=14100 : Reward: 0.310000

iter=14200 : Reward: 0.230000

iter=14300 : Reward: 0.300000

iter=14400 : Reward: 0.250000

iter=14500 : Reward: 0.250000

iter=14600 : Reward: 0.250000

iter=14700 : Reward: 0.240000

iter=14800 : Reward: 0.250000

iter=14900 : Reward: 0.220000

iter=15000 : Reward: 0.220000

ACCURACY: 0.260499992222
Model saved in file: model_runs/bitty_blobs/classifymodel_15000.ckpt
--- 1377.0170849999997 CPU seconds ---
iter=15100 : Reward: 0.230000

iter=15200 : Reward: 0.190000

iter=15300 : Reward: 0.250000

iter=15400 : Reward: 0.270000

iter=15500 : Reward: 0.260000

iter=15600 : Reward: 0.350000

iter=15700 : Reward: 0.180000

iter=15800 : Reward: 0.260000

iter=15900 : Reward: 0.270000

iter=16000 : Reward: 0.340000

ACCURACY: 0.252999994159
Model saved in file: model_runs/bitty_blobs/classifymodel_16000.ckpt
--- 1473.078251 CPU seconds ---
iter=16100 : Reward: 0.310000

iter=16200 : Reward: 0.320000

iter=16300 : Reward: 0.240000

iter=16400 : Reward: 0.270000

iter=16500 : Reward: 0.260000

iter=16600 : Reward: 0.270000

iter=16700 : Reward: 0.270000

iter=16800 : Reward: 0.240000

iter=16900 : Reward: 0.210000

iter=17000 : Reward: 0.260000

ACCURACY: 0.245499991998
Model saved in file: model_runs/bitty_blobs/classifymodel_17000.ckpt
--- 1568.1659699999998 CPU seconds ---
iter=17100 : Reward: 0.200000

iter=17200 : Reward: 0.260000

iter=17300 : Reward: 0.220000

iter=17400 : Reward: 0.280000

iter=17500 : Reward: 0.200000

iter=17600 : Reward: 0.200000

iter=17700 : Reward: 0.290000

iter=17800 : Reward: 0.290000

iter=17900 : Reward: 0.260000

iter=18000 : Reward: 0.220000

ACCURACY: 0.23924998939
Model saved in file: model_runs/bitty_blobs/classifymodel_18000.ckpt
--- 1663.3201459999998 CPU seconds ---
iter=18100 : Reward: 0.250000

iter=18200 : Reward: 0.190000

iter=18300 : Reward: 0.260000

iter=18400 : Reward: 0.240000

iter=18500 : Reward: 0.250000

iter=18600 : Reward: 0.310000

iter=18700 : Reward: 0.300000

iter=18800 : Reward: 0.250000

iter=18900 : Reward: 0.260000

iter=19000 : Reward: 0.190000

ACCURACY: 0.265249990672
Model saved in file: model_runs/bitty_blobs/classifymodel_19000.ckpt
--- 1756.5592009999996 CPU seconds ---
iter=19100 : Reward: 0.240000

iter=19200 : Reward: 0.230000

iter=19300 : Reward: 0.310000

iter=19400 : Reward: 0.330000

iter=19500 : Reward: 0.280000

iter=19600 : Reward: 0.190000

iter=19700 : Reward: 0.240000

iter=19800 : Reward: 0.240000

iter=19900 : Reward: 0.180000

iter=20000 : Reward: 0.220000

ACCURACY: 0.23924998939
Model saved in file: model_runs/bitty_blobs/classifymodel_20000.ckpt
--- 1850.2668259999996 CPU seconds ---
iter=20100 : Reward: 0.240000

iter=20200 : Reward: 0.280000

iter=20300 : Reward: 0.200000

iter=20400 : Reward: 0.180000

iter=20500 : Reward: 0.310000

iter=20600 : Reward: 0.270000

iter=20700 : Reward: 0.290000

iter=20800 : Reward: 0.220000

iter=20900 : Reward: 0.250000

iter=21000 : Reward: 0.310000

ACCURACY: 0.260749991983
Model saved in file: model_runs/bitty_blobs/classifymodel_21000.ckpt
--- 1945.4462859999996 CPU seconds ---
iter=21100 : Reward: 0.190000

iter=21200 : Reward: 0.250000

iter=21300 : Reward: 0.280000

iter=21400 : Reward: 0.260000

iter=21500 : Reward: 0.220000

iter=21600 : Reward: 0.150000

iter=21700 : Reward: 0.230000

iter=21800 : Reward: 0.290000

iter=21900 : Reward: 0.220000

iter=22000 : Reward: 0.220000

ACCURACY: 0.255499994382
Model saved in file: model_runs/bitty_blobs/classifymodel_22000.ckpt
--- 2040.6296779999993 CPU seconds ---
iter=22100 : Reward: 0.170000

iter=22200 : Reward: 0.250000

iter=22300 : Reward: 0.350000

iter=22400 : Reward: 0.260000

iter=22500 : Reward: 0.290000

iter=22600 : Reward: 0.330000

iter=22700 : Reward: 0.190000

iter=22800 : Reward: 0.260000

iter=22900 : Reward: 0.270000

iter=23000 : Reward: 0.260000

ACCURACY: 0.244749992713
Model saved in file: model_runs/bitty_blobs/classifymodel_23000.ckpt
--- 2135.7318089999994 CPU seconds ---
iter=23100 : Reward: 0.250000

iter=23200 : Reward: 0.300000

iter=23300 : Reward: 0.300000

iter=23400 : Reward: 0.270000

iter=23500 : Reward: 0.260000

iter=23600 : Reward: 0.290000

iter=23700 : Reward: 0.330000

iter=23800 : Reward: 0.290000

iter=23900 : Reward: 0.290000

iter=24000 : Reward: 0.270000

ACCURACY: 0.240999989957
Model saved in file: model_runs/bitty_blobs/classifymodel_24000.ckpt
--- 2231.4622239999994 CPU seconds ---
iter=24100 : Reward: 0.260000

iter=24200 : Reward: 0.200000

iter=24300 : Reward: 0.210000

iter=24400 : Reward: 0.260000

iter=24500 : Reward: 0.270000

iter=24600 : Reward: 0.190000

iter=24700 : Reward: 0.260000

iter=24800 : Reward: 0.250000

iter=24900 : Reward: 0.250000

iter=25000 : Reward: 0.270000

ACCURACY: 0.251749987528
Model saved in file: model_runs/bitty_blobs/classifymodel_25000.ckpt
--- 2325.150465999999 CPU seconds ---
iter=25100 : Reward: 0.260000

iter=25200 : Reward: 0.320000

iter=25300 : Reward: 0.220000

iter=25400 : Reward: 0.230000

iter=25500 : Reward: 0.250000

iter=25600 : Reward: 0.170000

iter=25700 : Reward: 0.310000

iter=25800 : Reward: 0.260000

iter=25900 : Reward: 0.310000

iter=26000 : Reward: 0.290000

ACCURACY: 0.249999994412
Model saved in file: model_runs/bitty_blobs/classifymodel_26000.ckpt
--- 2420.173001999999 CPU seconds ---
iter=26100 : Reward: 0.150000

iter=26200 : Reward: 0.330000

iter=26300 : Reward: 0.290000

iter=26400 : Reward: 0.260000

iter=26500 : Reward: 0.230000

iter=26600 : Reward: 0.230000

iter=26700 : Reward: 0.290000

iter=26800 : Reward: 0.290000

iter=26900 : Reward: 0.250000

iter=27000 : Reward: 0.260000

ACCURACY: 0.255499992147
Model saved in file: model_runs/bitty_blobs/classifymodel_27000.ckpt
--- 2515.2809209999996 CPU seconds ---
iter=27100 : Reward: 0.260000

iter=27200 : Reward: 0.270000

iter=27300 : Reward: 0.250000

iter=27400 : Reward: 0.280000

iter=27500 : Reward: 0.230000

iter=27600 : Reward: 0.250000

iter=27700 : Reward: 0.220000

iter=27800 : Reward: 0.320000

iter=27900 : Reward: 0.260000

iter=28000 : Reward: 0.260000

ACCURACY: 0.244749991968
Model saved in file: model_runs/bitty_blobs/classifymodel_28000.ckpt
--- 2611.277487 CPU seconds ---
iter=28100 : Reward: 0.270000

iter=28200 : Reward: 0.250000

iter=28300 : Reward: 0.300000

iter=28400 : Reward: 0.300000

iter=28500 : Reward: 0.310000

iter=28600 : Reward: 0.220000

iter=28700 : Reward: 0.260000

iter=28800 : Reward: 0.230000

iter=28900 : Reward: 0.130000

iter=29000 : Reward: 0.210000

ACCURACY: 0.247999989986
Model saved in file: model_runs/bitty_blobs/classifymodel_29000.ckpt
--- 2707.4679599999995 CPU seconds ---
iter=29100 : Reward: 0.300000

iter=29200 : Reward: 0.330000

iter=29300 : Reward: 0.260000

iter=29400 : Reward: 0.240000

iter=29500 : Reward: 0.260000

iter=29600 : Reward: 0.280000

iter=29700 : Reward: 0.250000

iter=29800 : Reward: 0.230000

iter=29900 : Reward: 0.270000

iter=30000 : Reward: 0.240000

ACCURACY: 0.253749992698
Model saved in file: model_runs/bitty_blobs/classifymodel_30000.ckpt
--- 2803.15607 CPU seconds ---
iter=30100 : Reward: 0.210000

iter=30200 : Reward: 0.190000

iter=30300 : Reward: 0.230000

iter=30400 : Reward: 0.280000

iter=30500 : Reward: 0.260000

iter=30600 : Reward: 0.260000

iter=30700 : Reward: 0.160000

iter=30800 : Reward: 0.260000

iter=30900 : Reward: 0.250000

iter=31000 : Reward: 0.260000

ACCURACY: 0.249999989197
Model saved in file: model_runs/bitty_blobs/classifymodel_31000.ckpt
--- 2897.5184489999997 CPU seconds ---
iter=31100 : Reward: 0.220000

iter=31200 : Reward: 0.210000

iter=31300 : Reward: 0.270000

iter=31400 : Reward: 0.250000

iter=31500 : Reward: 0.260000

iter=31600 : Reward: 0.280000

iter=31700 : Reward: 0.260000

iter=31800 : Reward: 0.290000

iter=31900 : Reward: 0.280000

iter=32000 : Reward: 0.260000

ACCURACY: 0.235749990307
Model saved in file: model_runs/bitty_blobs/classifymodel_32000.ckpt
--- 2992.77851 CPU seconds ---
iter=32100 : Reward: 0.290000

iter=32200 : Reward: 0.330000

iter=32300 : Reward: 0.250000

iter=32400 : Reward: 0.220000

iter=32500 : Reward: 0.260000

iter=32600 : Reward: 0.290000

iter=32700 : Reward: 0.310000

iter=32800 : Reward: 0.310000

iter=32900 : Reward: 0.240000

iter=33000 : Reward: 0.190000

ACCURACY: 0.257499991357
Model saved in file: model_runs/bitty_blobs/classifymodel_33000.ckpt
--- 3087.678852 CPU seconds ---
iter=33100 : Reward: 0.280000

iter=33200 : Reward: 0.280000

iter=33300 : Reward: 0.240000

iter=33400 : Reward: 0.200000

iter=33500 : Reward: 0.280000

iter=33600 : Reward: 0.250000

iter=33700 : Reward: 0.280000

iter=33800 : Reward: 0.290000

iter=33900 : Reward: 0.320000

iter=34000 : Reward: 0.280000

ACCURACY: 0.246999988705
Model saved in file: model_runs/bitty_blobs/classifymodel_34000.ckpt
--- 3182.1191059999996 CPU seconds ---
iter=34100 : Reward: 0.310000

iter=34200 : Reward: 0.230000

iter=34300 : Reward: 0.250000

iter=34400 : Reward: 0.240000

iter=34500 : Reward: 0.190000

iter=34600 : Reward: 0.250000

iter=34700 : Reward: 0.200000

iter=34800 : Reward: 0.240000

iter=34900 : Reward: 0.150000

iter=35000 : Reward: 0.250000

ACCURACY: 0.253749992326
Model saved in file: model_runs/bitty_blobs/classifymodel_35000.ckpt
--- 3277.1406789999996 CPU seconds ---
iter=35100 : Reward: 0.240000

iter=35200 : Reward: 0.250000

iter=35300 : Reward: 0.210000

iter=35400 : Reward: 0.250000

iter=35500 : Reward: 0.200000

iter=35600 : Reward: 0.250000

iter=35700 : Reward: 0.300000

iter=35800 : Reward: 0.260000

iter=35900 : Reward: 0.240000

iter=36000 : Reward: 0.260000

ACCURACY: 0.255249994248
Model saved in file: model_runs/bitty_blobs/classifymodel_36000.ckpt
--- 3372.2219919999993 CPU seconds ---
iter=36100 : Reward: 0.290000

iter=36200 : Reward: 0.190000

iter=36300 : Reward: 0.290000

iter=36400 : Reward: 0.210000

iter=36500 : Reward: 0.160000

iter=36600 : Reward: 0.240000

iter=36700 : Reward: 0.240000

iter=36800 : Reward: 0.220000

iter=36900 : Reward: 0.210000

iter=37000 : Reward: 0.310000

ACCURACY: 0.252999990433
Model saved in file: model_runs/bitty_blobs/classifymodel_37000.ckpt
--- 3469.595423999999 CPU seconds ---
iter=37100 : Reward: 0.340000

iter=37200 : Reward: 0.210000

iter=37300 : Reward: 0.240000

iter=37400 : Reward: 0.260000

iter=37500 : Reward: 0.240000

iter=37600 : Reward: 0.240000

iter=37700 : Reward: 0.190000

iter=37800 : Reward: 0.270000

iter=37900 : Reward: 0.250000

iter=38000 : Reward: 0.230000

ACCURACY: 0.254249994084
Model saved in file: model_runs/bitty_blobs/classifymodel_38000.ckpt
--- 3569.891773999999 CPU seconds ---
iter=38100 : Reward: 0.290000

iter=38200 : Reward: 0.240000

iter=38300 : Reward: 0.250000

iter=38400 : Reward: 0.210000

iter=38500 : Reward: 0.240000

iter=38600 : Reward: 0.240000

iter=38700 : Reward: 0.230000

iter=38800 : Reward: 0.160000

iter=38900 : Reward: 0.220000

iter=39000 : Reward: 0.330000

ACCURACY: 0.249249988794
Model saved in file: model_runs/bitty_blobs/classifymodel_39000.ckpt
--- 3664.1548169999987 CPU seconds ---
iter=39100 : Reward: 0.230000

iter=39200 : Reward: 0.250000

iter=39300 : Reward: 0.270000

iter=39400 : Reward: 0.170000

iter=39500 : Reward: 0.200000

iter=39600 : Reward: 0.360000

iter=39700 : Reward: 0.160000

iter=39800 : Reward: 0.340000

iter=39900 : Reward: 0.260000

iter=40000 : Reward: 0.200000

ACCURACY: 0.248749988899
Model saved in file: model_runs/bitty_blobs/classifymodel_40000.ckpt
--- 3766.118829999999 CPU seconds ---
iter=40100 : Reward: 0.280000

iter=40200 : Reward: 0.240000

iter=40300 : Reward: 0.320000

iter=40400 : Reward: 0.250000

iter=40500 : Reward: 0.260000

iter=40600 : Reward: 0.250000

iter=40700 : Reward: 0.330000

iter=40800 : Reward: 0.290000

iter=40900 : Reward: 0.220000

iter=41000 : Reward: 0.190000

ACCURACY: 0.255499991402
Model saved in file: model_runs/bitty_blobs/classifymodel_41000.ckpt
--- 3861.5472069999987 CPU seconds ---
iter=41100 : Reward: 0.230000

iter=41200 : Reward: 0.280000

iter=41300 : Reward: 0.250000

iter=41400 : Reward: 0.290000

iter=41500 : Reward: 0.230000

iter=41600 : Reward: 0.220000

iter=41700 : Reward: 0.260000

iter=41800 : Reward: 0.260000

iter=41900 : Reward: 0.320000

iter=42000 : Reward: 0.300000

ACCURACY: 0.252999990433
Model saved in file: model_runs/bitty_blobs/classifymodel_42000.ckpt
--- 3956.145383 CPU seconds ---
iter=42100 : Reward: 0.270000

iter=42200 : Reward: 0.200000

iter=42300 : Reward: 0.320000

iter=42400 : Reward: 0.310000

iter=42500 : Reward: 0.280000

iter=42600 : Reward: 0.270000

iter=42700 : Reward: 0.240000

iter=42800 : Reward: 0.340000

iter=42900 : Reward: 0.300000

iter=43000 : Reward: 0.200000

ACCURACY: 0.256749992073
Model saved in file: model_runs/bitty_blobs/classifymodel_43000.ckpt
--- 4051.3275619999995 CPU seconds ---
iter=43100 : Reward: 0.210000

iter=43200 : Reward: 0.220000

iter=43300 : Reward: 0.180000

iter=43400 : Reward: 0.320000

iter=43500 : Reward: 0.220000

iter=43600 : Reward: 0.220000

iter=43700 : Reward: 0.210000

iter=43800 : Reward: 0.180000

iter=43900 : Reward: 0.210000

iter=44000 : Reward: 0.230000

ACCURACY: 0.246749990806
Model saved in file: model_runs/bitty_blobs/classifymodel_44000.ckpt
--- 4147.710859999999 CPU seconds ---
iter=44100 : Reward: 0.250000

iter=44200 : Reward: 0.230000

iter=44300 : Reward: 0.210000

iter=44400 : Reward: 0.250000

iter=44500 : Reward: 0.230000

iter=44600 : Reward: 0.160000

iter=44700 : Reward: 0.210000

iter=44800 : Reward: 0.200000

iter=44900 : Reward: 0.260000

iter=45000 : Reward: 0.260000

ACCURACY: 0.25174999088
Model saved in file: model_runs/bitty_blobs/classifymodel_45000.ckpt
--- 4249.696827999999 CPU seconds ---
iter=45100 : Reward: 0.210000

iter=45200 : Reward: 0.270000

iter=45300 : Reward: 0.230000

iter=45400 : Reward: 0.310000

iter=45500 : Reward: 0.290000

iter=45600 : Reward: 0.240000

iter=45700 : Reward: 0.250000

iter=45800 : Reward: 0.250000

iter=45900 : Reward: 0.230000

iter=46000 : Reward: 0.260000

ACCURACY: 0.253999989107
Model saved in file: model_runs/bitty_blobs/classifymodel_46000.ckpt
--- 4344.569558999999 CPU seconds ---
iter=46100 : Reward: 0.310000

iter=46200 : Reward: 0.230000

iter=46300 : Reward: 0.250000

iter=46400 : Reward: 0.270000

iter=46500 : Reward: 0.290000

iter=46600 : Reward: 0.220000

iter=46700 : Reward: 0.220000

iter=46800 : Reward: 0.220000

iter=46900 : Reward: 0.320000

iter=47000 : Reward: 0.200000

ACCURACY: 0.247749990411
Model saved in file: model_runs/bitty_blobs/classifymodel_47000.ckpt
--- 4438.684520999998 CPU seconds ---
iter=47100 : Reward: 0.260000

iter=47200 : Reward: 0.260000

iter=47300 : Reward: 0.200000

iter=47400 : Reward: 0.280000

iter=47500 : Reward: 0.190000

iter=47600 : Reward: 0.280000

iter=47700 : Reward: 0.240000

iter=47800 : Reward: 0.220000

iter=47900 : Reward: 0.320000

iter=48000 : Reward: 0.310000

ACCURACY: 0.252249992639
Model saved in file: model_runs/bitty_blobs/classifymodel_48000.ckpt
--- 4534.302920999999 CPU seconds ---
iter=48100 : Reward: 0.270000

iter=48200 : Reward: 0.190000

iter=48300 : Reward: 0.160000

iter=48400 : Reward: 0.260000

iter=48500 : Reward: 0.240000

iter=48600 : Reward: 0.300000

iter=48700 : Reward: 0.290000

iter=48800 : Reward: 0.260000

iter=48900 : Reward: 0.260000

iter=49000 : Reward: 0.170000

ACCURACY: 0.250999993831
Model saved in file: model_runs/bitty_blobs/classifymodel_49000.ckpt
--- 4629.101787 CPU seconds ---
iter=49100 : Reward: 0.220000

iter=49200 : Reward: 0.200000

iter=49300 : Reward: 0.260000

iter=49400 : Reward: 0.220000

iter=49500 : Reward: 0.260000

iter=49600 : Reward: 0.200000

iter=49700 : Reward: 0.270000

iter=49800 : Reward: 0.240000

iter=49900 : Reward: 0.160000

iter=50000 : Reward: 0.280000

ACCURACY: 0.24899999164
Model saved in file: model_runs/bitty_blobs/classifymodel_50000.ckpt
--- 4723.027597999999 CPU seconds ---
iter=50100 : Reward: 0.290000

iter=50200 : Reward: 0.240000

iter=50300 : Reward: 0.200000

iter=50400 : Reward: 0.280000

iter=50500 : Reward: 0.270000

iter=50600 : Reward: 0.230000

iter=50700 : Reward: 0.200000

iter=50800 : Reward: 0.230000

iter=50900 : Reward: 0.250000

iter=51000 : Reward: 0.310000

ACCURACY: 0.252749991044
Model saved in file: model_runs/bitty_blobs/classifymodel_51000.ckpt
--- 4818.709588999999 CPU seconds ---
iter=51100 : Reward: 0.280000

iter=51200 : Reward: 0.320000

iter=51300 : Reward: 0.270000

iter=51400 : Reward: 0.270000

iter=51500 : Reward: 0.250000

iter=51600 : Reward: 0.190000

iter=51700 : Reward: 0.270000

iter=51800 : Reward: 0.280000

iter=51900 : Reward: 0.300000

iter=52000 : Reward: 0.260000

ACCURACY: 0.253749994934
Model saved in file: model_runs/bitty_blobs/classifymodel_52000.ckpt
--- 4910.225928999999 CPU seconds ---
iter=52100 : Reward: 0.260000

iter=52200 : Reward: 0.270000

iter=52300 : Reward: 0.230000

iter=52400 : Reward: 0.280000

iter=52500 : Reward: 0.240000

iter=52600 : Reward: 0.330000

iter=52700 : Reward: 0.280000

iter=52800 : Reward: 0.220000

iter=52900 : Reward: 0.240000

iter=53000 : Reward: 0.280000

ACCURACY: 0.245249991864
Model saved in file: model_runs/bitty_blobs/classifymodel_53000.ckpt
--- 4987.420023999999 CPU seconds ---
iter=53100 : Reward: 0.180000

iter=53200 : Reward: 0.240000

iter=53300 : Reward: 0.240000

iter=53400 : Reward: 0.240000

iter=53500 : Reward: 0.220000

iter=53600 : Reward: 0.320000

iter=53700 : Reward: 0.220000

iter=53800 : Reward: 0.210000

iter=53900 : Reward: 0.260000

iter=54000 : Reward: 0.240000

ACCURACY: 0.247749993205
Model saved in file: model_runs/bitty_blobs/classifymodel_54000.ckpt
--- 5056.600353999999 CPU seconds ---
iter=54100 : Reward: 0.260000

iter=54200 : Reward: 0.260000

iter=54300 : Reward: 0.290000

iter=54400 : Reward: 0.200000

iter=54500 : Reward: 0.240000

iter=54600 : Reward: 0.220000

iter=54700 : Reward: 0.310000

iter=54800 : Reward: 0.220000

iter=54900 : Reward: 0.310000

iter=55000 : Reward: 0.310000

ACCURACY: 0.237499991804
Model saved in file: model_runs/bitty_blobs/classifymodel_55000.ckpt
--- 5124.898563999999 CPU seconds ---
iter=55100 : Reward: 0.260000

iter=55200 : Reward: 0.200000

iter=55300 : Reward: 0.280000

iter=55400 : Reward: 0.260000

iter=55500 : Reward: 0.240000

iter=55600 : Reward: 0.300000

iter=55700 : Reward: 0.230000

iter=55800 : Reward: 0.290000

iter=55900 : Reward: 0.270000

iter=56000 : Reward: 0.280000

ACCURACY: 0.24974999018
Model saved in file: model_runs/bitty_blobs/classifymodel_56000.ckpt
--- 5192.399130999999 CPU seconds ---
iter=56100 : Reward: 0.170000

iter=56200 : Reward: 0.300000

iter=56300 : Reward: 0.210000

iter=56400 : Reward: 0.220000

iter=56500 : Reward: 0.260000

iter=56600 : Reward: 0.240000

iter=56700 : Reward: 0.230000

iter=56800 : Reward: 0.230000

iter=56900 : Reward: 0.250000

iter=57000 : Reward: 0.240000

ACCURACY: 0.244499992952
Model saved in file: model_runs/bitty_blobs/classifymodel_57000.ckpt
--- 5260.300276 CPU seconds ---
iter=57100 : Reward: 0.250000

iter=57200 : Reward: 0.230000

iter=57300 : Reward: 0.260000

iter=57400 : Reward: 0.270000

iter=57500 : Reward: 0.200000

iter=57600 : Reward: 0.250000

iter=57700 : Reward: 0.250000

iter=57800 : Reward: 0.270000

iter=57900 : Reward: 0.330000

iter=58000 : Reward: 0.280000

ACCURACY: 0.24224999249
Model saved in file: model_runs/bitty_blobs/classifymodel_58000.ckpt
--- 5328.519757 CPU seconds ---
iter=58100 : Reward: 0.320000

iter=58200 : Reward: 0.240000

iter=58300 : Reward: 0.150000

iter=58400 : Reward: 0.280000

iter=58500 : Reward: 0.220000

iter=58600 : Reward: 0.280000

iter=58700 : Reward: 0.220000

iter=58800 : Reward: 0.300000

iter=58900 : Reward: 0.280000

iter=59000 : Reward: 0.330000

ACCURACY: 0.254499995336
Model saved in file: model_runs/bitty_blobs/classifymodel_59000.ckpt
--- 5399.015494 CPU seconds ---
iter=59100 : Reward: 0.240000

iter=59200 : Reward: 0.230000

iter=59300 : Reward: 0.240000

iter=59400 : Reward: 0.240000

iter=59500 : Reward: 0.210000

iter=59600 : Reward: 0.270000

iter=59700 : Reward: 0.260000

iter=59800 : Reward: 0.260000

iter=59900 : Reward: 0.280000

iter=60000 : Reward: 0.200000

ACCURACY: 0.245999993011
Model saved in file: model_runs/bitty_blobs/classifymodel_60000.ckpt
--- 5468.8550399999995 CPU seconds ---
iter=60100 : Reward: 0.280000

iter=60200 : Reward: 0.250000

iter=60300 : Reward: 0.300000

iter=60400 : Reward: 0.230000

iter=60500 : Reward: 0.230000

iter=60600 : Reward: 0.310000

iter=60700 : Reward: 0.230000

iter=60800 : Reward: 0.250000

iter=60900 : Reward: 0.250000

iter=61000 : Reward: 0.290000

ACCURACY: 0.246499994397
Model saved in file: model_runs/bitty_blobs/classifymodel_61000.ckpt
--- 5535.342995 CPU seconds ---
iter=61100 : Reward: 0.230000

iter=61200 : Reward: 0.300000

iter=61300 : Reward: 0.260000

iter=61400 : Reward: 0.250000

iter=61500 : Reward: 0.240000

iter=61600 : Reward: 0.200000

iter=61700 : Reward: 0.280000

iter=61800 : Reward: 0.260000

iter=61900 : Reward: 0.190000

iter=62000 : Reward: 0.240000

ACCURACY: 0.254999990761
Model saved in file: model_runs/bitty_blobs/classifymodel_62000.ckpt
--- 5602.797726 CPU seconds ---
iter=62100 : Reward: 0.180000

iter=62200 : Reward: 0.230000

iter=62300 : Reward: 0.230000

iter=62400 : Reward: 0.220000

iter=62500 : Reward: 0.260000

iter=62600 : Reward: 0.240000

iter=62700 : Reward: 0.240000

iter=62800 : Reward: 0.230000

iter=62900 : Reward: 0.250000

iter=63000 : Reward: 0.230000

ACCURACY: 0.254249992222
Model saved in file: model_runs/bitty_blobs/classifymodel_63000.ckpt
--- 5676.110366 CPU seconds ---
iter=63100 : Reward: 0.280000

iter=63200 : Reward: 0.260000

iter=63300 : Reward: 0.240000

iter=63400 : Reward: 0.210000

iter=63500 : Reward: 0.210000

iter=63600 : Reward: 0.290000

iter=63700 : Reward: 0.220000

iter=63800 : Reward: 0.240000

iter=63900 : Reward: 0.260000

iter=64000 : Reward: 0.290000

ACCURACY: 0.239249992371
Model saved in file: model_runs/bitty_blobs/classifymodel_64000.ckpt
--- 5744.7892409999995 CPU seconds ---
iter=64100 : Reward: 0.180000

iter=64200 : Reward: 0.210000

iter=64300 : Reward: 0.270000

iter=64400 : Reward: 0.220000

iter=64500 : Reward: 0.170000

iter=64600 : Reward: 0.220000

iter=64700 : Reward: 0.250000

iter=64800 : Reward: 0.290000

iter=64900 : Reward: 0.290000

iter=65000 : Reward: 0.250000

ACCURACY: 0.245749987662
Model saved in file: model_runs/bitty_blobs/classifymodel_65000.ckpt
--- 5813.2483569999995 CPU seconds ---
iter=65100 : Reward: 0.200000

