['DRAMcopy10_nli_classification.py', 'true', 'false', 'true', 'false', 'true', 'true', 'model_runs/all_knower_last_glimpse/classify_log.csv', 'model_runs/all_knower_last_glimpse/classifymodel_0.ckpt', 'model_runs/all_knower_last_glimpse/classifymodel_', 'model_runs/all_knower_last_glimpse/zzzdraw_data_5000.npy', 'false', 'true', 'false', 'false', 'true']
WARNING:tensorflow:<tensorflow.contrib.rnn.python.ops.core_rnn_cell_impl.LSTMCell object at 0x7fbbe50a8e48>: The input_size parameter is deprecated.
WARNING:tensorflow:<tensorflow.contrib.rnn.python.ops.core_rnn_cell_impl.LSTMCell object at 0x7fbbe976e908>: The input_size parameter is deprecated.
classification.shape, the batch_size, z_size:  (10, 9)
classification.shape, the batch_size, z_size:  (10, 9)
classification.shape, the batch_size, z_size:  (10, 9)
classification.shape, the batch_size, z_size:  (10, 9)
classification.shape, the batch_size, z_size:  (10, 9)
classification.shape, the batch_size, z_size:  (10, 9)
classification.shape, the batch_size, z_size:  (10, 9)
classification.shape, the batch_size, z_size:  (10, 9)
classification.shape, the batch_size, z_size:  (10, 9)
classification.shape, the batch_size, z_size:  (10, 9)
classification.shape, the batch_size, z_size:  (10, 9)
classification.shape, the batch_size, z_size:  (10, 9)
classification.shape, the batch_size, z_size:  (10, 9)
classification.shape, the batch_size, z_size:  (10, 9)
classification.shape, the batch_size, z_size:  (10, 9)
classification.shape, the batch_size, z_size:  (10, 9)
classification.shape, the batch_size, z_size:  (10, 9)
classification.shape, the batch_size, z_size:  (10, 9)
classification.shape, the batch_size, z_size:  (10, 9)
classification.shape, the batch_size, z_size:  (10, 9)
classification.shape, the batch_size, z_size:  (10, 9)
classification.shape, the batch_size, z_size:  (10, 9)
classification.shape, the batch_size, z_size:  (10, 9)
classification.shape, the batch_size, z_size:  (10, 9)
classification.shape, the batch_size, z_size:  (10, 9)
classification.shape, the batch_size, z_size:  (10, 9)
classification.shape, the batch_size, z_size:  (10, 9)
classification.shape, the batch_size, z_size:  (10, 9)
classification.shape, the batch_size, z_size:  (10, 9)
classification.shape, the batch_size, z_size:  (10, 9)
classification.shape, the batch_size, z_size:  (10, 9)
classification.shape, the batch_size, z_size:  (10, 9)
classification.shape, the batch_size, z_size:  (10, 9)
classification.shape, the batch_size, z_size:  (10, 9)
classification.shape, the batch_size, z_size:  (10, 9)
classification.shape, the batch_size, z_size:  (10, 9)
classification.shape, the batch_size, z_size:  (10, 9)
classification.shape, the batch_size, z_size:  (10, 9)
classification.shape, the batch_size, z_size:  (10, 9)
classification.shape, the batch_size, z_size:  (10, 9)
classification.shape, the batch_size, z_size:  (10, 9)
classification.shape, the batch_size, z_size:  (10, 9)
classification.shape, the batch_size, z_size:  (10, 9)
classification.shape, the batch_size, z_size:  (10, 9)
classification.shape, the batch_size, z_size:  (10, 9)
classification.shape, the batch_size, z_size:  (10, 9)
classification.shape, the batch_size, z_size:  (10, 9)
classification.shape, the batch_size, z_size:  (10, 9)
classification.shape, the batch_size, z_size:  (10, 9)
classification.shape, the batch_size, z_size:  (10, 9)
classification.shape, the batch_size, z_size:  (10, 9)
classification.shape, the batch_size, z_size:  (10, 9)
classification.shape, the batch_size, z_size:  (10, 9)
classification.shape, the batch_size, z_size:  (10, 9)
classification.shape, the batch_size, z_size:  (10, 9)
classification.shape, the batch_size, z_size:  (10, 9)
classification.shape, the batch_size, z_size:  (10, 9)
classification.shape, the batch_size, z_size:  (10, 9)
classification.shape, the batch_size, z_size:  (10, 9)
classification.shape, the batch_size, z_size:  (10, 9)
classification.shape, the batch_size, z_size:  (10, 9)
classification.shape, the batch_size, z_size:  (10, 9)
classification.shape, the batch_size, z_size:  (10, 9)
classification.shape, the batch_size, z_size:  (10, 9)
classification.shape, the batch_size, z_size:  (10, 9)
classification.shape, the batch_size, z_size:  (10, 9)
classification.shape, the batch_size, z_size:  (10, 9)
classification.shape, the batch_size, z_size:  (10, 9)
classification.shape, the batch_size, z_size:  (10, 9)
classification.shape, the batch_size, z_size:  (10, 9)
classification.shape, the batch_size, z_size:  (10, 9)
classification.shape, the batch_size, z_size:  (10, 9)
classification.shape, the batch_size, z_size:  (10, 9)
classification.shape, the batch_size, z_size:  (10, 9)
classification.shape, the batch_size, z_size:  (10, 9)
classification.shape, the batch_size, z_size:  (10, 9)
classification.shape, the batch_size, z_size:  (10, 9)
classification.shape, the batch_size, z_size:  (10, 9)
classification.shape, the batch_size, z_size:  (10, 9)
classification.shape, the batch_size, z_size:  (10, 9)
classification.shape, the batch_size, z_size:  (10, 9)
classification.shape, the batch_size, z_size:  (10, 9)
classification.shape, the batch_size, z_size:  (10, 9)
classification.shape, the batch_size, z_size:  (10, 9)
classification.shape, the batch_size, z_size:  (10, 9)
classification.shape, the batch_size, z_size:  (10, 9)
classification.shape, the batch_size, z_size:  (10, 9)
classification.shape, the batch_size, z_size:  (10, 9)
classification.shape, the batch_size, z_size:  (10, 9)
classification.shape, the batch_size, z_size:  (10, 9)
classification.shape, the batch_size, z_size:  (10, 9)
classification.shape, the batch_size, z_size:  (10, 9)
classification.shape, the batch_size, z_size:  (10, 9)
classification.shape, the batch_size, z_size:  (10, 9)
classification.shape, the batch_size, z_size:  (10, 9)
classification.shape, the batch_size, z_size:  (10, 9)
classification.shape, the batch_size, z_size:  (10, 9)
classification.shape, the batch_size, z_size:  (10, 9)
classification.shape, the batch_size, z_size:  (10, 9)
classification.shape, the batch_size, z_size:  (10, 9)
read/w:0
read/b:0
z/w:0
z/b:0
hidden1/w:0
hidden1/b:0
hidden2/w:0
hidden2/b:0
2017-06-23 17:08:46.052879: W tensorflow/core/platform/cpu_feature_guard.cc:45] The TensorFlow library wasn't compiled to use SSE4.1 instructions, but these are available on your machine and could speed up CPU computations.
2017-06-23 17:08:46.054779: W tensorflow/core/platform/cpu_feature_guard.cc:45] The TensorFlow library wasn't compiled to use SSE4.2 instructions, but these are available on your machine and could speed up CPU computations.
2017-06-23 17:08:46.054789: W tensorflow/core/platform/cpu_feature_guard.cc:45] The TensorFlow library wasn't compiled to use AVX instructions, but these are available on your machine and could speed up CPU computations.
2017-06-23 17:08:46.054792: W tensorflow/core/platform/cpu_feature_guard.cc:45] The TensorFlow library wasn't compiled to use AVX2 instructions, but these are available on your machine and could speed up CPU computations.
2017-06-23 17:08:46.054796: W tensorflow/core/platform/cpu_feature_guard.cc:45] The TensorFlow library wasn't compiled to use FMA instructions, but these are available on your machine and could speed up CPU computations.
2017-06-23 17:08:46.261984: I tensorflow/stream_executor/cuda/cuda_gpu_executor.cc:901] successful NUMA node read from SysFS had negative value (-1), but there must be at least one NUMA node, so returning NUMA node zero
2017-06-23 17:08:46.262856: I tensorflow/core/common_runtime/gpu/gpu_device.cc:887] Found device 0 with properties: 
name: GeForce GTX 1080
major: 6 minor: 1 memoryClockRate (GHz) 1.898
pciBusID 0000:01:00.0
Total memory: 7.92GiB
Free memory: 5.53GiB
2017-06-23 17:08:46.263097: W tensorflow/stream_executor/cuda/cuda_driver.cc:485] creating context when one is currently active; existing: 0x1f8f2d80
2017-06-23 17:08:46.385077: I tensorflow/stream_executor/cuda/cuda_gpu_executor.cc:901] successful NUMA node read from SysFS had negative value (-1), but there must be at least one NUMA node, so returning NUMA node zero
2017-06-23 17:08:46.385445: I tensorflow/core/common_runtime/gpu/gpu_device.cc:887] Found device 1 with properties: 
name: GeForce GTX 1080
major: 6 minor: 1 memoryClockRate (GHz) 1.898
pciBusID 0000:02:00.0
Total memory: 7.92GiB
Free memory: 7.15GiB
2017-06-23 17:08:46.385927: I tensorflow/core/common_runtime/gpu/gpu_device.cc:908] DMA: 0 1 
2017-06-23 17:08:46.385948: I tensorflow/core/common_runtime/gpu/gpu_device.cc:918] 0:   Y Y 
2017-06-23 17:08:46.385956: I tensorflow/core/common_runtime/gpu/gpu_device.cc:918] 1:   Y Y 
2017-06-23 17:08:46.386536: I tensorflow/core/common_runtime/gpu/gpu_device.cc:977] Creating TensorFlow device (/gpu:0) -> (device: 0, name: GeForce GTX 1080, pci bus id: 0000:01:00.0)
2017-06-23 17:08:46.386553: I tensorflow/core/common_runtime/gpu/gpu_device.cc:977] Creating TensorFlow device (/gpu:1) -> (device: 1, name: GeForce GTX 1080, pci bus id: 0000:02:00.0)
iter=0 : Reward: 0.000000
batches_in_epoch:  900
ACCURACY: 0.112333335545
Model saved in file: model_runs/all_knower_last_glimpse/classifymodel_0.ckpt
--- 9.98947199999995 CPU seconds ---
iter=1000 : Reward: 0.000000
iter=2000 : Reward: 0.100000
iter=3000 : Reward: 0.200000
iter=4000 : Reward: 0.200000
iter=5000 : Reward: 0.000000
iter=6000 : Reward: 0.100000
iter=7000 : Reward: 0.000000
iter=8000 : Reward: 0.000000
iter=9000 : Reward: 0.400000
iter=10000 : Reward: 0.000000
batches_in_epoch:  900
ACCURACY: 0.109222224396
Model saved in file: model_runs/all_knower_last_glimpse/classifymodel_10000.ckpt
--- 4082.3608839999997 CPU seconds ---
iter=11000 : Reward: 0.000000
iter=12000 : Reward: 0.100000
iter=13000 : Reward: 0.000000
iter=14000 : Reward: 0.100000
iter=15000 : Reward: 0.000000
iter=16000 : Reward: 0.200000
iter=17000 : Reward: 0.100000
iter=18000 : Reward: 0.200000
iter=19000 : Reward: 0.000000
iter=20000 : Reward: 0.100000
batches_in_epoch:  900
ACCURACY: 0.106111113148
Model saved in file: model_runs/all_knower_last_glimpse/classifymodel_20000.ckpt
--- 8168.604936999998 CPU seconds ---
iter=21000 : Reward: 0.400000
iter=22000 : Reward: 0.100000
iter=23000 : Reward: 0.000000
iter=24000 : Reward: 0.100000
iter=25000 : Reward: 0.000000
iter=26000 : Reward: 0.000000
iter=27000 : Reward: 0.000000
iter=28000 : Reward: 0.200000
iter=29000 : Reward: 0.000000
iter=30000 : Reward: 0.100000
batches_in_epoch:  900
ACCURACY: 0.113333335626
Model saved in file: model_runs/all_knower_last_glimpse/classifymodel_30000.ckpt
--- 12253.045900999998 CPU seconds ---
iter=31000 : Reward: 0.000000
iter=32000 : Reward: 0.300000
iter=33000 : Reward: 0.000000
iter=34000 : Reward: 0.100000
iter=35000 : Reward: 0.100000
iter=36000 : Reward: 0.000000
iter=37000 : Reward: 0.200000
iter=38000 : Reward: 0.000000
iter=39000 : Reward: 0.000000
iter=40000 : Reward: 0.200000
batches_in_epoch:  900
ACCURACY: 0.105444446463
Model saved in file: model_runs/all_knower_last_glimpse/classifymodel_40000.ckpt
--- 16329.643339999999 CPU seconds ---
iter=41000 : Reward: 0.000000
iter=42000 : Reward: 0.100000
iter=43000 : Reward: 0.000000
iter=44000 : Reward: 0.100000
iter=45000 : Reward: 0.000000
iter=46000 : Reward: 0.100000
iter=47000 : Reward: 0.000000
iter=48000 : Reward: 0.100000
iter=49000 : Reward: 0.000000
iter=50000 : Reward: 0.100000
batches_in_epoch:  900
ACCURACY: 0.10977777996
Model saved in file: model_runs/all_knower_last_glimpse/classifymodel_50000.ckpt
--- 20400.689612 CPU seconds ---
iter=51000 : Reward: 0.000000
iter=52000 : Reward: 0.100000
iter=53000 : Reward: 0.000000
iter=54000 : Reward: 0.000000
iter=55000 : Reward: 0.000000
iter=56000 : Reward: 0.000000
iter=57000 : Reward: 0.000000
iter=58000 : Reward: 0.000000
iter=59000 : Reward: 0.000000
iter=60000 : Reward: 0.100000
batches_in_epoch:  900
ACCURACY: 0.108444446499
Model saved in file: model_runs/all_knower_last_glimpse/classifymodel_60000.ckpt
--- 24490.083455000004 CPU seconds ---
iter=61000 : Reward: 0.000000
iter=62000 : Reward: 0.200000
iter=63000 : Reward: 0.100000
iter=64000 : Reward: 0.100000
iter=65000 : Reward: 0.000000
iter=66000 : Reward: 0.100000
iter=67000 : Reward: 0.000000
iter=68000 : Reward: 0.000000
iter=69000 : Reward: 0.000000
iter=70000 : Reward: 0.000000
batches_in_epoch:  900
ACCURACY: 0.109666668822
Model saved in file: model_runs/all_knower_last_glimpse/classifymodel_70000.ckpt
--- 28564.535963000002 CPU seconds ---
iter=71000 : Reward: 0.000000
iter=72000 : Reward: 0.100000
iter=73000 : Reward: 0.000000
iter=74000 : Reward: 0.100000
iter=75000 : Reward: 0.000000
iter=76000 : Reward: 0.300000
iter=77000 : Reward: 0.000000
iter=78000 : Reward: 0.200000
iter=79000 : Reward: 0.000000
iter=80000 : Reward: 0.200000
batches_in_epoch:  900
ACCURACY: 0.114555557776
Model saved in file: model_runs/all_knower_last_glimpse/classifymodel_80000.ckpt
--- 32635.175629999998 CPU seconds ---
iter=81000 : Reward: 0.000000
iter=82000 : Reward: 0.000000
iter=83000 : Reward: 0.000000
iter=84000 : Reward: 0.000000
iter=85000 : Reward: 0.000000
iter=86000 : Reward: 0.400000
iter=87000 : Reward: 0.000000
iter=88000 : Reward: 0.400000
iter=89000 : Reward: 0.000000
iter=90000 : Reward: 0.000000
batches_in_epoch:  900
ACCURACY: 0.111555557814
Model saved in file: model_runs/all_knower_last_glimpse/classifymodel_90000.ckpt
--- 36723.116511 CPU seconds ---
iter=91000 : Reward: 0.100000
iter=92000 : Reward: 0.200000
iter=93000 : Reward: 0.000000
iter=94000 : Reward: 0.200000
iter=95000 : Reward: 0.000000
iter=96000 : Reward: 0.100000
iter=97000 : Reward: 0.000000
iter=98000 : Reward: 0.000000
iter=99000 : Reward: 0.000000
iter=100000 : Reward: 0.100000
batches_in_epoch:  900
ACCURACY: 0.119555557958
Model saved in file: model_runs/all_knower_last_glimpse/classifymodel_100000.ckpt
--- 40797.908500000005 CPU seconds ---
iter=101000 : Reward: 0.000000
iter=102000 : Reward: 0.200000
iter=103000 : Reward: 0.000000
iter=104000 : Reward: 0.100000
iter=105000 : Reward: 0.000000
iter=106000 : Reward: 0.000000
iter=107000 : Reward: 0.000000
iter=108000 : Reward: 0.000000
iter=109000 : Reward: 0.000000
iter=110000 : Reward: 0.100000
batches_in_epoch:  900
ACCURACY: 0.11533333554
Model saved in file: model_runs/all_knower_last_glimpse/classifymodel_110000.ckpt
--- 44861.822319000006 CPU seconds ---
iter=111000 : Reward: 0.000000
iter=112000 : Reward: 0.100000
iter=113000 : Reward: 0.000000
iter=114000 : Reward: 0.200000
iter=115000 : Reward: 0.100000
iter=116000 : Reward: 0.000000
iter=117000 : Reward: 0.000000
iter=118000 : Reward: 0.000000
iter=119000 : Reward: 0.000000
iter=120000 : Reward: 0.000000
batches_in_epoch:  900
ACCURACY: 0.110888891013
Model saved in file: model_runs/all_knower_last_glimpse/classifymodel_120000.ckpt
--- 48930.282144000004 CPU seconds ---
iter=121000 : Reward: 0.000000
iter=122000 : Reward: 0.200000
iter=123000 : Reward: 0.000000
iter=124000 : Reward: 0.000000
iter=125000 : Reward: 0.000000
iter=126000 : Reward: 0.100000
iter=127000 : Reward: 0.000000
iter=128000 : Reward: 0.100000
iter=129000 : Reward: 0.200000
iter=130000 : Reward: 0.000000
batches_in_epoch:  900
ACCURACY: 0.117555557829
Model saved in file: model_runs/all_knower_last_glimpse/classifymodel_130000.ckpt
--- 53015.257097 CPU seconds ---
iter=131000 : Reward: 0.000000
iter=132000 : Reward: 0.200000
iter=133000 : Reward: 0.000000
iter=134000 : Reward: 0.000000
iter=135000 : Reward: 0.000000
iter=136000 : Reward: 0.000000
iter=137000 : Reward: 0.000000
iter=138000 : Reward: 0.200000
iter=139000 : Reward: 0.200000
iter=140000 : Reward: 0.300000
batches_in_epoch:  900
ACCURACY: 0.106777779907
Model saved in file: model_runs/all_knower_last_glimpse/classifymodel_140000.ckpt
--- 57061.928352 CPU seconds ---
iter=141000 : Reward: 0.000000
iter=142000 : Reward: 0.300000
iter=143000 : Reward: 0.000000
iter=144000 : Reward: 0.100000
iter=145000 : Reward: 0.000000
iter=146000 : Reward: 0.000000
iter=147000 : Reward: 0.000000
iter=148000 : Reward: 0.200000
iter=149000 : Reward: 0.000000
iter=150000 : Reward: 0.100000
batches_in_epoch:  900
ACCURACY: 0.106555557582
Model saved in file: model_runs/all_knower_last_glimpse/classifymodel_150000.ckpt
--- 61112.34828699999 CPU seconds ---
iter=151000 : Reward: 0.000000
iter=152000 : Reward: 0.200000
iter=153000 : Reward: 0.000000
iter=154000 : Reward: 0.000000
iter=155000 : Reward: 0.000000
iter=156000 : Reward: 0.200000
iter=157000 : Reward: 0.000000
iter=158000 : Reward: 0.000000
iter=159000 : Reward: 0.000000
iter=160000 : Reward: 0.300000
batches_in_epoch:  900
ACCURACY: 0.111666668918
Model saved in file: model_runs/all_knower_last_glimpse/classifymodel_160000.ckpt
--- 65184.11099999999 CPU seconds ---
iter=161000 : Reward: 0.000000
iter=162000 : Reward: 0.000000
iter=163000 : Reward: 0.100000
iter=164000 : Reward: 0.100000
iter=165000 : Reward: 0.500000
iter=166000 : Reward: 0.200000
iter=167000 : Reward: 0.000000
iter=168000 : Reward: 0.100000
iter=169000 : Reward: 0.000000
iter=170000 : Reward: 0.000000
batches_in_epoch:  900
ACCURACY: 0.114000002179
Model saved in file: model_runs/all_knower_last_glimpse/classifymodel_170000.ckpt
--- 69243.27288599998 CPU seconds ---
iter=171000 : Reward: 0.000000
iter=172000 : Reward: 0.100000
iter=173000 : Reward: 0.000000
iter=174000 : Reward: 0.100000
iter=175000 : Reward: 0.000000
iter=176000 : Reward: 0.000000
iter=177000 : Reward: 0.000000
iter=178000 : Reward: 0.100000
iter=179000 : Reward: 0.000000
iter=180000 : Reward: 0.000000
batches_in_epoch:  900
ACCURACY: 0.112111113262
Model saved in file: model_runs/all_knower_last_glimpse/classifymodel_180000.ckpt
--- 73291.445522 CPU seconds ---
iter=181000 : Reward: 0.000000
iter=182000 : Reward: 0.200000
iter=183000 : Reward: 0.000000
iter=184000 : Reward: 0.100000
iter=185000 : Reward: 0.000000
iter=186000 : Reward: 0.200000
iter=187000 : Reward: 0.000000
iter=188000 : Reward: 0.100000
iter=189000 : Reward: 0.000000
iter=190000 : Reward: 0.200000
batches_in_epoch:  900
ACCURACY: 0.105222224262
Model saved in file: model_runs/all_knower_last_glimpse/classifymodel_190000.ckpt
--- 77363.00581899998 CPU seconds ---
iter=191000 : Reward: 0.000000
iter=192000 : Reward: 0.100000
iter=193000 : Reward: 0.000000
iter=194000 : Reward: 0.100000
iter=195000 : Reward: 0.000000
iter=196000 : Reward: 0.100000
iter=197000 : Reward: 0.000000
iter=198000 : Reward: 0.000000
iter=199000 : Reward: 0.000000
iter=200000 : Reward: 0.200000
batches_in_epoch:  900
ACCURACY: 0.115666668986
Model saved in file: model_runs/all_knower_last_glimpse/classifymodel_200000.ckpt
--- 81428.52907199999 CPU seconds ---
iter=201000 : Reward: 0.000000
iter=202000 : Reward: 0.000000
iter=203000 : Reward: 0.200000
iter=204000 : Reward: 0.000000
iter=205000 : Reward: 0.300000
iter=206000 : Reward: 0.000000
iter=207000 : Reward: 0.400000
iter=208000 : Reward: 0.300000
iter=209000 : Reward: 0.200000
iter=210000 : Reward: 0.100000
batches_in_epoch:  900
ACCURACY: 0.109000002129
Model saved in file: model_runs/all_knower_last_glimpse/classifymodel_210000.ckpt
--- 85471.013412 CPU seconds ---
iter=211000 : Reward: 0.500000
iter=212000 : Reward: 0.000000
iter=213000 : Reward: 0.300000
iter=214000 : Reward: 0.000000
iter=215000 : Reward: 0.100000
iter=216000 : Reward: 0.100000
iter=217000 : Reward: 0.200000
iter=218000 : Reward: 0.000000
iter=219000 : Reward: 0.300000
iter=220000 : Reward: 0.100000
batches_in_epoch:  900
ACCURACY: 0.109222224313
Model saved in file: model_runs/all_knower_last_glimpse/classifymodel_220000.ckpt
--- 89499.15616799999 CPU seconds ---
iter=221000 : Reward: 0.300000
iter=222000 : Reward: 0.300000
iter=223000 : Reward: 0.200000
iter=224000 : Reward: 0.000000
iter=225000 : Reward: 0.100000
iter=226000 : Reward: 0.100000
iter=227000 : Reward: 0.100000
iter=228000 : Reward: 0.000000
iter=229000 : Reward: 0.500000
iter=230000 : Reward: 0.200000
batches_in_epoch:  900
ACCURACY: 0.107888891018
Model saved in file: model_runs/all_knower_last_glimpse/classifymodel_230000.ckpt
--- 93552.059648 CPU seconds ---
iter=231000 : Reward: 0.400000
iter=232000 : Reward: 0.100000
iter=233000 : Reward: 0.300000
iter=234000 : Reward: 0.200000
iter=235000 : Reward: 0.500000
iter=236000 : Reward: 0.300000
iter=237000 : Reward: 0.200000
iter=238000 : Reward: 0.200000
iter=239000 : Reward: 0.200000
iter=240000 : Reward: 0.100000
batches_in_epoch:  900
ACCURACY: 0.114222224479
Model saved in file: model_runs/all_knower_last_glimpse/classifymodel_240000.ckpt
--- 97557.41909899999 CPU seconds ---
iter=241000 : Reward: 0.300000
iter=242000 : Reward: 0.100000
iter=243000 : Reward: 0.300000
iter=244000 : Reward: 0.200000
iter=245000 : Reward: 0.300000
iter=246000 : Reward: 0.100000
iter=247000 : Reward: 0.100000
iter=248000 : Reward: 0.100000
iter=249000 : Reward: 0.200000
iter=250000 : Reward: 0.000000
batches_in_epoch:  900
ACCURACY: 0.108333335419
Model saved in file: model_runs/all_knower_last_glimpse/classifymodel_250000.ckpt
--- 101534.99285599998 CPU seconds ---
iter=251000 : Reward: 0.400000
iter=252000 : Reward: 0.100000
iter=253000 : Reward: 0.500000
iter=254000 : Reward: 0.000000
iter=255000 : Reward: 0.200000
iter=256000 : Reward: 0.000000
iter=257000 : Reward: 0.600000
iter=258000 : Reward: 0.100000
iter=259000 : Reward: 0.300000
iter=260000 : Reward: 0.000000
batches_in_epoch:  900
ACCURACY: 0.107444446426
Model saved in file: model_runs/all_knower_last_glimpse/classifymodel_260000.ckpt
--- 105528.43063699998 CPU seconds ---
iter=261000 : Reward: 0.300000
iter=262000 : Reward: 0.100000
iter=263000 : Reward: 0.100000
iter=264000 : Reward: 0.200000
iter=265000 : Reward: 0.400000
iter=266000 : Reward: 0.000000
iter=267000 : Reward: 0.100000
iter=268000 : Reward: 0.100000
iter=269000 : Reward: 0.200000
iter=270000 : Reward: 0.200000
batches_in_epoch:  900
ACCURACY: 0.11533333564
Model saved in file: model_runs/all_knower_last_glimpse/classifymodel_270000.ckpt
--- 109476.71526499998 CPU seconds ---
iter=271000 : Reward: 0.300000
iter=272000 : Reward: 0.000000
iter=273000 : Reward: 0.300000
iter=274000 : Reward: 0.100000
iter=275000 : Reward: 0.500000
iter=276000 : Reward: 0.100000
iter=277000 : Reward: 0.300000
iter=278000 : Reward: 0.100000
iter=279000 : Reward: 0.300000
iter=280000 : Reward: 0.100000
batches_in_epoch:  900
ACCURACY: 0.113444446607
Model saved in file: model_runs/all_knower_last_glimpse/classifymodel_280000.ckpt
--- 113467.32092999999 CPU seconds ---
iter=281000 : Reward: 0.500000
iter=282000 : Reward: 0.100000
iter=283000 : Reward: 0.400000
iter=284000 : Reward: 0.000000
iter=285000 : Reward: 0.000000
iter=286000 : Reward: 0.000000
iter=287000 : Reward: 0.200000
iter=288000 : Reward: 0.100000
iter=289000 : Reward: 0.200000
iter=290000 : Reward: 0.100000
batches_in_epoch:  900
ACCURACY: 0.111444446577
Model saved in file: model_runs/all_knower_last_glimpse/classifymodel_290000.ckpt
--- 117476.36499199999 CPU seconds ---
iter=291000 : Reward: 0.100000
iter=292000 : Reward: 0.200000
iter=293000 : Reward: 0.200000
iter=294000 : Reward: 0.100000
iter=295000 : Reward: 0.100000
iter=296000 : Reward: 0.100000
iter=297000 : Reward: 0.100000
iter=298000 : Reward: 0.000000
iter=299000 : Reward: 0.200000
iter=300000 : Reward: 0.000000
batches_in_epoch:  900
ACCURACY: 0.113333335494
Model saved in file: model_runs/all_knower_last_glimpse/classifymodel_300000.ckpt
--- 121516.62375500001 CPU seconds ---
iter=301000 : Reward: 0.200000
iter=302000 : Reward: 0.100000
iter=303000 : Reward: 0.100000
iter=304000 : Reward: 0.200000
iter=305000 : Reward: 0.300000
iter=306000 : Reward: 0.100000
iter=307000 : Reward: 0.000000
iter=308000 : Reward: 0.000000
iter=309000 : Reward: 0.300000
iter=310000 : Reward: 0.200000
batches_in_epoch:  900
ACCURACY: 0.107111113146
Model saved in file: model_runs/all_knower_last_glimpse/classifymodel_310000.ckpt
--- 125518.57556699999 CPU seconds ---
iter=311000 : Reward: 0.200000
iter=312000 : Reward: 0.000000
iter=313000 : Reward: 0.200000
iter=314000 : Reward: 0.000000
iter=315000 : Reward: 0.300000
iter=316000 : Reward: 0.000000
iter=317000 : Reward: 0.100000
iter=318000 : Reward: 0.100000
iter=319000 : Reward: 0.200000
iter=320000 : Reward: 0.100000
batches_in_epoch:  900
ACCURACY: 0.112888891093
Model saved in file: model_runs/all_knower_last_glimpse/classifymodel_320000.ckpt
--- 129522.18194200002 CPU seconds ---
iter=321000 : Reward: 0.100000
iter=322000 : Reward: 0.100000
iter=323000 : Reward: 0.200000
iter=324000 : Reward: 0.000000
iter=325000 : Reward: 0.200000
iter=326000 : Reward: 0.000000
iter=327000 : Reward: 0.200000
iter=328000 : Reward: 0.100000
iter=329000 : Reward: 0.000000
iter=330000 : Reward: 0.100000
batches_in_epoch:  900
ACCURACY: 0.114444446721
Model saved in file: model_runs/all_knower_last_glimpse/classifymodel_330000.ckpt
--- 133557.43621000004 CPU seconds ---
iter=331000 : Reward: 0.200000
iter=332000 : Reward: 0.100000
iter=333000 : Reward: 0.200000
iter=334000 : Reward: 0.000000
iter=335000 : Reward: 0.100000
iter=336000 : Reward: 0.000000
iter=337000 : Reward: 0.200000
iter=338000 : Reward: 0.000000
iter=339000 : Reward: 0.300000
iter=340000 : Reward: 0.100000
batches_in_epoch:  900
ACCURACY: 0.111000002159
Model saved in file: model_runs/all_knower_last_glimpse/classifymodel_340000.ckpt
--- 137556.87039000003 CPU seconds ---
iter=341000 : Reward: 0.200000
iter=342000 : Reward: 0.200000
iter=343000 : Reward: 0.100000
iter=344000 : Reward: 0.100000
iter=345000 : Reward: 0.400000
iter=346000 : Reward: 0.000000
iter=347000 : Reward: 0.300000
iter=348000 : Reward: 0.200000
iter=349000 : Reward: 0.200000
iter=350000 : Reward: 0.100000
batches_in_epoch:  900
ACCURACY: 0.107777779856
Model saved in file: model_runs/all_knower_last_glimpse/classifymodel_350000.ckpt
--- 141560.50598600003 CPU seconds ---
iter=351000 : Reward: 0.600000
iter=352000 : Reward: 0.000000
iter=353000 : Reward: 0.200000
iter=354000 : Reward: 0.200000
iter=355000 : Reward: 0.100000
iter=356000 : Reward: 0.100000
iter=357000 : Reward: 0.000000
iter=358000 : Reward: 0.200000
iter=359000 : Reward: 0.500000
iter=360000 : Reward: 0.200000
batches_in_epoch:  900
ACCURACY: 0.112111113336
Model saved in file: model_runs/all_knower_last_glimpse/classifymodel_360000.ckpt
--- 145556.05283300002 CPU seconds ---
iter=361000 : Reward: 0.300000
iter=362000 : Reward: 0.200000
iter=363000 : Reward: 0.000000
iter=364000 : Reward: 0.000000
iter=365000 : Reward: 0.200000
iter=366000 : Reward: 0.100000
iter=367000 : Reward: 0.200000
iter=368000 : Reward: 0.000000
iter=369000 : Reward: 0.200000
iter=370000 : Reward: 0.100000
batches_in_epoch:  900
ACCURACY: 0.11533333564
Model saved in file: model_runs/all_knower_last_glimpse/classifymodel_370000.ckpt
--- 149543.29329500004 CPU seconds ---
iter=371000 : Reward: 0.100000
iter=372000 : Reward: 0.100000
iter=373000 : Reward: 0.200000
iter=374000 : Reward: 0.100000
iter=375000 : Reward: 0.300000
iter=376000 : Reward: 0.200000
iter=377000 : Reward: 0.200000
iter=378000 : Reward: 0.200000
iter=379000 : Reward: 0.100000
iter=380000 : Reward: 0.100000
batches_in_epoch:  900
ACCURACY: 0.11088889103
Model saved in file: model_runs/all_knower_last_glimpse/classifymodel_380000.ckpt
--- 153522.35088 CPU seconds ---
iter=381000 : Reward: 0.400000
iter=382000 : Reward: 0.100000
iter=383000 : Reward: 0.300000
iter=384000 : Reward: 0.100000
iter=385000 : Reward: 0.100000
iter=386000 : Reward: 0.100000
iter=387000 : Reward: 0.000000
iter=388000 : Reward: 0.300000
iter=389000 : Reward: 0.100000
iter=390000 : Reward: 0.100000
batches_in_epoch:  900
ACCURACY: 0.108000002164
Model saved in file: model_runs/all_knower_last_glimpse/classifymodel_390000.ckpt
--- 157500.631237 CPU seconds ---
iter=391000 : Reward: 0.500000
iter=392000 : Reward: 0.300000
iter=393000 : Reward: 0.300000
iter=394000 : Reward: 0.000000
iter=395000 : Reward: 0.100000
iter=396000 : Reward: 0.000000
iter=397000 : Reward: 0.300000
iter=398000 : Reward: 0.200000
iter=399000 : Reward: 0.300000
iter=400000 : Reward: 0.000000
batches_in_epoch:  900
ACCURACY: 0.111777779907
Model saved in file: model_runs/all_knower_last_glimpse/classifymodel_400000.ckpt
--- 161513.407026 CPU seconds ---
iter=401000 : Reward: 0.200000
iter=402000 : Reward: 0.000000
iter=403000 : Reward: 0.100000
iter=404000 : Reward: 0.000000
iter=405000 : Reward: 0.100000
iter=406000 : Reward: 0.200000
iter=407000 : Reward: 0.500000
iter=408000 : Reward: 0.100000
iter=409000 : Reward: 0.100000
iter=410000 : Reward: 0.200000
batches_in_epoch:  900
ACCURACY: 0.113111113417
Model saved in file: model_runs/all_knower_last_glimpse/classifymodel_410000.ckpt
--- 165483.065754 CPU seconds ---
iter=411000 : Reward: 0.100000
iter=412000 : Reward: 0.000000
iter=413000 : Reward: 0.100000
iter=414000 : Reward: 0.400000
iter=415000 : Reward: 0.100000
iter=416000 : Reward: 0.200000
iter=417000 : Reward: 0.200000
iter=418000 : Reward: 0.200000
iter=419000 : Reward: 0.300000
iter=420000 : Reward: 0.300000
batches_in_epoch:  900
ACCURACY: 0.111000002159
Model saved in file: model_runs/all_knower_last_glimpse/classifymodel_420000.ckpt
--- 169456.73391700003 CPU seconds ---
iter=421000 : Reward: 0.100000
iter=422000 : Reward: 0.000000
iter=423000 : Reward: 0.200000
iter=424000 : Reward: 0.200000
iter=425000 : Reward: 0.200000
iter=426000 : Reward: 0.100000
iter=427000 : Reward: 0.100000
iter=428000 : Reward: 0.400000
iter=429000 : Reward: 0.200000
iter=430000 : Reward: 0.200000
batches_in_epoch:  900
ACCURACY: 0.11277777998
Model saved in file: model_runs/all_knower_last_glimpse/classifymodel_430000.ckpt
--- 173464.87999600003 CPU seconds ---
iter=431000 : Reward: 0.100000
iter=432000 : Reward: 0.200000
iter=433000 : Reward: 0.300000
iter=434000 : Reward: 0.300000
iter=435000 : Reward: 0.000000
iter=436000 : Reward: 0.000000
iter=437000 : Reward: 0.100000
iter=438000 : Reward: 0.300000
iter=439000 : Reward: 0.000000
iter=440000 : Reward: 0.500000
batches_in_epoch:  900
ACCURACY: 0.116000002416
Model saved in file: model_runs/all_knower_last_glimpse/classifymodel_440000.ckpt
--- 177325.87702200003 CPU seconds ---
iter=441000 : Reward: 0.300000
iter=442000 : Reward: 0.200000
iter=443000 : Reward: 0.300000
iter=444000 : Reward: 0.300000
iter=445000 : Reward: 0.100000
iter=446000 : Reward: 0.300000
iter=447000 : Reward: 0.400000
iter=448000 : Reward: 0.200000
iter=449000 : Reward: 0.100000
iter=450000 : Reward: 0.200000
batches_in_epoch:  900
ACCURACY: 0.109111113424
Model saved in file: model_runs/all_knower_last_glimpse/classifymodel_450000.ckpt
--- 181266.72225000002 CPU seconds ---
iter=451000 : Reward: 0.200000
iter=452000 : Reward: 0.100000
iter=453000 : Reward: 0.100000
iter=454000 : Reward: 0.300000
iter=455000 : Reward: 0.200000
iter=456000 : Reward: 0.000000
iter=457000 : Reward: 0.600000
iter=458000 : Reward: 0.200000
iter=459000 : Reward: 0.200000
iter=460000 : Reward: 0.100000
batches_in_epoch:  900
ACCURACY: 0.108444446474
Model saved in file: model_runs/all_knower_last_glimpse/classifymodel_460000.ckpt
--- 185273.19556700005 CPU seconds ---
iter=461000 : Reward: 0.300000
iter=462000 : Reward: 0.100000
iter=463000 : Reward: 0.200000
iter=464000 : Reward: 0.200000
iter=465000 : Reward: 0.200000
iter=466000 : Reward: 0.300000
iter=467000 : Reward: 0.200000
iter=468000 : Reward: 0.400000
iter=469000 : Reward: 0.500000
iter=470000 : Reward: 0.200000
batches_in_epoch:  900
ACCURACY: 0.114444446746
Model saved in file: model_runs/all_knower_last_glimpse/classifymodel_470000.ckpt
--- 189234.52827500005 CPU seconds ---
iter=471000 : Reward: 0.100000
iter=472000 : Reward: 0.400000
iter=473000 : Reward: 0.200000
iter=474000 : Reward: 0.300000
iter=475000 : Reward: 0.100000
iter=476000 : Reward: 0.300000
iter=477000 : Reward: 0.000000
iter=478000 : Reward: 0.300000
iter=479000 : Reward: 0.200000
iter=480000 : Reward: 0.200000
batches_in_epoch:  900
ACCURACY: 0.109777779943
Model saved in file: model_runs/all_knower_last_glimpse/classifymodel_480000.ckpt
--- 193162.35917500005 CPU seconds ---
iter=481000 : Reward: 0.000000
iter=482000 : Reward: 0.300000
iter=483000 : Reward: 0.200000
iter=484000 : Reward: 0.200000
iter=485000 : Reward: 0.500000
iter=486000 : Reward: 0.100000
iter=487000 : Reward: 0.100000
iter=488000 : Reward: 0.000000
iter=489000 : Reward: 0.100000
iter=490000 : Reward: 0.400000
batches_in_epoch:  900
ACCURACY: 0.110111113116
Model saved in file: model_runs/all_knower_last_glimpse/classifymodel_490000.ckpt
--- 197003.90204900008 CPU seconds ---
iter=491000 : Reward: 0.200000
iter=492000 : Reward: 0.100000
iter=493000 : Reward: 0.000000
iter=494000 : Reward: 0.200000
iter=495000 : Reward: 0.100000
iter=496000 : Reward: 0.400000
iter=497000 : Reward: 0.200000
iter=498000 : Reward: 0.200000
iter=499000 : Reward: 0.100000
iter=500000 : Reward: 0.300000
batches_in_epoch:  900
ACCURACY: 0.114444446746
Model saved in file: model_runs/all_knower_last_glimpse/classifymodel_500000.ckpt
--- 200876.5976050001 CPU seconds ---
iter=501000 : Reward: 0.100000
iter=502000 : Reward: 0.100000
iter=503000 : Reward: 0.300000
iter=504000 : Reward: 0.200000
iter=505000 : Reward: 0.600000
iter=506000 : Reward: 0.400000
iter=507000 : Reward: 0.000000
iter=508000 : Reward: 0.400000
iter=509000 : Reward: 0.100000
iter=510000 : Reward: 0.100000
batches_in_epoch:  900
ACCURACY: 0.107555557647
Model saved in file: model_runs/all_knower_last_glimpse/classifymodel_510000.ckpt
--- 204729.54441000012 CPU seconds ---
iter=511000 : Reward: 0.300000
iter=512000 : Reward: 0.200000
iter=513000 : Reward: 0.200000
iter=514000 : Reward: 0.300000
iter=515000 : Reward: 0.100000
iter=516000 : Reward: 0.400000
iter=517000 : Reward: 0.200000
iter=518000 : Reward: 0.300000
iter=519000 : Reward: 0.300000
iter=520000 : Reward: 0.100000
batches_in_epoch:  900
ACCURACY: 0.11177777999
Model saved in file: model_runs/all_knower_last_glimpse/classifymodel_520000.ckpt
--- 208612.03811600013 CPU seconds ---
iter=521000 : Reward: 0.200000
iter=522000 : Reward: 0.100000
iter=523000 : Reward: 0.000000
iter=524000 : Reward: 0.100000
iter=525000 : Reward: 0.200000
iter=526000 : Reward: 0.200000
iter=527000 : Reward: 0.200000
iter=528000 : Reward: 0.100000
iter=529000 : Reward: 0.200000
iter=530000 : Reward: 0.400000
batches_in_epoch:  900
ACCURACY: 0.112222224391
Model saved in file: model_runs/all_knower_last_glimpse/classifymodel_530000.ckpt
--- 212497.2152100001 CPU seconds ---
iter=531000 : Reward: 0.100000
iter=532000 : Reward: 0.200000
iter=533000 : Reward: 0.200000
iter=534000 : Reward: 0.400000
iter=535000 : Reward: 0.200000
iter=536000 : Reward: 0.000000
iter=537000 : Reward: 0.300000
iter=538000 : Reward: 0.100000
iter=539000 : Reward: 0.200000
iter=540000 : Reward: 0.100000
batches_in_epoch:  900
ACCURACY: 0.116888891243
Model saved in file: model_runs/all_knower_last_glimpse/classifymodel_540000.ckpt
--- 216294.5282330001 CPU seconds ---
iter=541000 : Reward: 0.000000
iter=542000 : Reward: 0.300000
iter=543000 : Reward: 0.400000
iter=544000 : Reward: 0.300000
iter=545000 : Reward: 0.100000
iter=546000 : Reward: 0.100000
iter=547000 : Reward: 0.200000
iter=548000 : Reward: 0.100000
iter=549000 : Reward: 0.300000
iter=550000 : Reward: 0.100000
batches_in_epoch:  900
ACCURACY: 0.112777780071
Model saved in file: model_runs/all_knower_last_glimpse/classifymodel_550000.ckpt
--- 220072.0667760001 CPU seconds ---
iter=551000 : Reward: 0.100000
iter=552000 : Reward: 0.100000
iter=553000 : Reward: 0.400000
iter=554000 : Reward: 0.100000
iter=555000 : Reward: 0.300000
iter=556000 : Reward: 0.300000
iter=557000 : Reward: 0.500000
iter=558000 : Reward: 0.100000
iter=559000 : Reward: 0.300000
iter=560000 : Reward: 0.400000
batches_in_epoch:  900
ACCURACY: 0.113222224563
Model saved in file: model_runs/all_knower_last_glimpse/classifymodel_560000.ckpt
--- 223900.8447690001 CPU seconds ---
iter=561000 : Reward: 0.200000
iter=562000 : Reward: 0.100000
iter=563000 : Reward: 0.500000
iter=564000 : Reward: 0.000000
iter=565000 : Reward: 0.100000
iter=566000 : Reward: 0.300000
iter=567000 : Reward: 0.200000
iter=568000 : Reward: 0.100000
iter=569000 : Reward: 0.200000
iter=570000 : Reward: 0.300000
batches_in_epoch:  900
ACCURACY: 0.103666668658
Model saved in file: model_runs/all_knower_last_glimpse/classifymodel_570000.ckpt
--- 227712.6161320001 CPU seconds ---
iter=571000 : Reward: 0.000000
iter=572000 : Reward: 0.100000
iter=573000 : Reward: 0.200000
iter=574000 : Reward: 0.300000
iter=575000 : Reward: 0.100000
iter=576000 : Reward: 0.400000
iter=577000 : Reward: 0.200000
iter=578000 : Reward: 0.100000
iter=579000 : Reward: 0.200000
iter=580000 : Reward: 0.200000
batches_in_epoch:  900
ACCURACY: 0.109666668781
Model saved in file: model_runs/all_knower_last_glimpse/classifymodel_580000.ckpt
--- 232310.38110000012 CPU seconds ---
iter=581000 : Reward: 0.200000
iter=582000 : Reward: 0.100000
iter=583000 : Reward: 0.100000
iter=584000 : Reward: 0.200000
iter=585000 : Reward: 0.200000
iter=586000 : Reward: 0.300000
iter=587000 : Reward: 0.000000
iter=588000 : Reward: 0.100000
iter=589000 : Reward: 0.300000
iter=590000 : Reward: 0.000000
batches_in_epoch:  900
